--------------- Build Started: 07/31/2025 19:31:54 Project: PathController, Configuration: ARM GCC 5.4-2016-q2-update Debug ---------------
Initializing Build...
The code generation step is up to date.
Pre-build Steps...
Compiling...
arm-none-eabi-gcc.exe -mcpu=cortex-m0 -mthumb -I. -IGenerated_Source\PSoC4 -Wa,-alh=.\CortexM0\ARM_GCC_541\Debug/main.lst -g -D DEBUG -D CY_CORE_ID=0 -Wall -ffunction-sections -ffat-lto-objects -Og -c main.c -o .\CortexM0\ARM_GCC_541\Debug\main.o
main.c: In function 'processDbgCmd':
main.c:573:13: warning: passing argument 1 of 'parse_gps' discards 'volatile' qualifier from pointer target type [-Wdiscarded-qualifiers]
   parse_gps(rx_bytes_dbg, &gps_data);
             ^
In file included from main.c:20:0:
sanitize.h:25:5: note: expected 'char *' but argument is of type 'volatile unsigned char *'
 int parse_gps(char *gps_string, GpsData_t *gps_data);
     ^
main.c: In function 'processFC_Pckt':
main.c:694:10: warning: unused variable 'target_reached' [-Wunused-variable]
     bool target_reached = navigator_update(
          ^
main.c:620:11: warning: variable 'payload_bytes' set but not used [-Wunused-but-set-variable]
   uint8_t payload_bytes[4];
           ^
main.c: In function 'dequeue_task':
main.c:516:10: warning: 'highest_task' may be used uninitialized in this function [-Wmaybe-uninitialized]
   return (highest_task);
          ^
Linking...
arm-none-eabi-ar.exe -rs .\CortexM0\ARM_GCC_541\Debug\PathController.a .\CortexM0\ARM_GCC_541\Debug\LED4.o .\CortexM0\ARM_GCC_541\Debug\LED4_PM.o .\CortexM0\ARM_GCC_541\Debug\LED3.o .\CortexM0\ARM_GCC_541\Debug\LED3_PM.o .\CortexM0\ARM_GCC_541\Debug\LED2.o .\CortexM0\ARM_GCC_541\Debug\LED2_PM.o .\CortexM0\ARM_GCC_541\Debug\LED1.o .\CortexM0\ARM_GCC_541\Debug\LED1_PM.o .\CortexM0\ARM_GCC_541\Debug\LED0.o .\CortexM0\ARM_GCC_541\Debug\LED0_PM.o .\CortexM0\ARM_GCC_541\Debug\LED5.o .\CortexM0\ARM_GCC_541\Debug\LED5_PM.o .\CortexM0\ARM_GCC_541\Debug\cy_em_eeprom.o .\CortexM0\ARM_GCC_541\Debug\CyFlash.o .\CortexM0\ARM_GCC_541\Debug\CyLib.o .\CortexM0\ARM_GCC_541\Debug\cyPm.o .\CortexM0\ARM_GCC_541\Debug\cyutils.o .\CortexM0\ARM_GCC_541\Debug\CyDMA.o .\CortexM0\ARM_GCC_541\Debug\CyLFClk.o .\CortexM0\ARM_GCC_541\Debug\UART_DBG.o .\CortexM0\ARM_GCC_541\Debug\UART_DBG_SPI_UART.o .\CortexM0\ARM_GCC_541\Debug\UART_DBG_SPI_UART_INT.o .\CortexM0\ARM_GCC_541\Debug\UART_DBG_PM.o .\CortexM0\ARM_GCC_541\Debug\UART_DBG_UART.o .\CortexM0\ARM_GCC_541\Debug\UART_DBG_BOOT.o .\CortexM0\ARM_GCC_541\Debug\UART_DBG_UART_BOOT.o .\CortexM0\ARM_GCC_541\Debug\UART_DBG_SCBCLK.o .\CortexM0\ARM_GCC_541\Debug\UART_DBG_tx.o .\CortexM0\ARM_GCC_541\Debug\UART_DBG_tx_PM.o .\CortexM0\ARM_GCC_541\Debug\UART_DBG_SCB_IRQ.o .\CortexM0\ARM_GCC_541\Debug\UART_DBG_rx.o .\CortexM0\ARM_GCC_541\Debug\UART_DBG_rx_PM.o .\CortexM0\ARM_GCC_541\Debug\LED6.o .\CortexM0\ARM_GCC_541\Debug\LED6_PM.o .\CortexM0\ARM_GCC_541\Debug\WDT_ISR.o .\CortexM0\ARM_GCC_541\Debug\UART_GPS.o .\CortexM0\ARM_GCC_541\Debug\UART_GPS_SPI_UART.o .\CortexM0\ARM_GCC_541\Debug\UART_GPS_SPI_UART_INT.o .\CortexM0\ARM_GCC_541\Debug\UART_GPS_PM.o .\CortexM0\ARM_GCC_541\Debug\UART_GPS_UART.o .\CortexM0\ARM_GCC_541\Debug\UART_GPS_BOOT.o .\CortexM0\ARM_GCC_541\Debug\UART_GPS_UART_BOOT.o .\CortexM0\ARM_GCC_541\Debug\UART_FC.o .\CortexM0\ARM_GCC_541\Debug\UART_FC_SPI_UART.o .\CortexM0\ARM_GCC_541\Debug\UART_FC_SPI_UART_INT.o .\CortexM0\ARM_GCC_541\Debug\UART_FC_PM.o .\CortexM0\ARM_GCC_541\Debug\UART_FC_UART.o .\CortexM0\ARM_GCC_541\Debug\UART_FC_BOOT.o .\CortexM0\ARM_GCC_541\Debug\UART_FC_UART_BOOT.o .\CortexM0\ARM_GCC_541\Debug\UART_GPS_SCBCLK.o .\CortexM0\ARM_GCC_541\Debug\UART_GPS_tx.o .\CortexM0\ARM_GCC_541\Debug\UART_GPS_tx_PM.o .\CortexM0\ARM_GCC_541\Debug\UART_GPS_SCB_IRQ.o .\CortexM0\ARM_GCC_541\Debug\UART_GPS_rx.o .\CortexM0\ARM_GCC_541\Debug\UART_GPS_rx_PM.o .\CortexM0\ARM_GCC_541\Debug\UART_FC_SCBCLK.o .\CortexM0\ARM_GCC_541\Debug\UART_FC_tx.o .\CortexM0\ARM_GCC_541\Debug\UART_FC_tx_PM.o .\CortexM0\ARM_GCC_541\Debug\UART_FC_rx.o .\CortexM0\ARM_GCC_541\Debug\UART_FC_rx_PM.o .\CortexM0\ARM_GCC_541\Debug\UART_FC_SCB_IRQ.o .\CortexM0\ARM_GCC_541\Debug\CyBootAsmGnu.o
arm-none-eabi-ar.exe: creating .\CortexM0\ARM_GCC_541\Debug\PathController.a
arm-none-eabi-gcc.exe -Wl,--start-group -o "E:\Acads\UWM\Summer 25\PathController\PathController.cydsn\CortexM0\ARM_GCC_541\Debug\PathController.elf" .\CortexM0\ARM_GCC_541\Debug\main.o .\CortexM0\ARM_GCC_541\Debug\sanitize.o .\CortexM0\ARM_GCC_541\Debug\algorithm.o .\CortexM0\ARM_GCC_541\Debug\cordic.o .\CortexM0\ARM_GCC_541\Debug\cyfitter_cfg.o .\CortexM0\ARM_GCC_541\Debug\cymetadata.o .\CortexM0\ARM_GCC_541\Debug\Cm0Start.o .\CortexM0\ARM_GCC_541\Debug\PathController.a -mcpu=cortex-m0 -mthumb -L Generated_Source\PSoC4 -Wl,-Map,.\CortexM0\ARM_GCC_541\Debug/PathController.map -T Generated_Source\PSoC4\cm0gcc.ld -specs=nano.specs -Wl,--gc-sections -lm -g -ffunction-sections -Og -ffat-lto-objects -Wl,--end-group
Hex File Generation...
cyelftool.exe -C "E:\Acads\UWM\Summer 25\PathController\PathController.cydsn\CortexM0\ARM_GCC_541\Debug\PathController.elf" --flash_row_size 128 --flash_size 65536 --flash_offset 0x00000000
No ELF section .cychecksum found, creating one
Application checksum calculated and stored in ELF section .cychecksum
Checksum calculated and stored in ELF section .cymeta
cyelftool.exe -S "E:\Acads\UWM\Summer 25\PathController\PathController.cydsn\CortexM0\ARM_GCC_541\Debug\PathController.elf"
Flash used: 19332 of 65536 bytes (29.5%).
SRAM used: 3432 of 8192 bytes (41.9%). Stack: 2048 bytes. Heap: 128 bytes.
Post-build Steps...
IDE Library Creation...
Integration with third party IDEs...
--------------- Build Succeeded: 07/31/2025 19:31:56 ---------------
