--------------- Clean Started: 05/07/2025 18:03:48 Project: QuadCopter6_3, Configuration: ARM GCC 5.4-2016-q2-update Debug ---------------
Deleting file ".\CortexM0\ARM_GCC_541\Debug\main.o"
Deleting file ".\CortexM0\ARM_GCC_541\Debug\cyfitter_cfg.o"
Deleting file ".\CortexM0\ARM_GCC_541\Debug\cymetadata.o"
Deleting file ".\CortexM0\ARM_GCC_541\Debug\LED4.o"
Deleting file ".\CortexM0\ARM_GCC_541\Debug\LED4_PM.o"
Deleting file ".\CortexM0\ARM_GCC_541\Debug\LED3.o"
Deleting file ".\CortexM0\ARM_GCC_541\Debug\LED3_PM.o"
Deleting file ".\CortexM0\ARM_GCC_541\Debug\LED2.o"
Deleting file ".\CortexM0\ARM_GCC_541\Debug\LED2_PM.o"
Deleting file ".\CortexM0\ARM_GCC_541\Debug\LED1.o"
Deleting file ".\CortexM0\ARM_GCC_541\Debug\LED1_PM.o"
Deleting file ".\CortexM0\ARM_GCC_541\Debug\LED0.o"
Deleting file ".\CortexM0\ARM_GCC_541\Debug\LED0_PM.o"
Deleting file ".\CortexM0\ARM_GCC_541\Debug\InertINT.o"
Deleting file ".\CortexM0\ARM_GCC_541\Debug\InertINT_PM.o"
Deleting file ".\CortexM0\ARM_GCC_541\Debug\GyroISR.o"
Deleting file ".\CortexM0\ARM_GCC_541\Debug\GyroSS_n.o"
Deleting file ".\CortexM0\ARM_GCC_541\Debug\GyroSS_n_PM.o"
Deleting file ".\CortexM0\ARM_GCC_541\Debug\SCLK.o"
Deleting file ".\CortexM0\ARM_GCC_541\Debug\SCLK_PM.o"
Deleting file ".\CortexM0\ARM_GCC_541\Debug\MOSI.o"
Deleting file ".\CortexM0\ARM_GCC_541\Debug\MOSI_PM.o"
Deleting file ".\CortexM0\ARM_GCC_541\Debug\MISO.o"
Deleting file ".\CortexM0\ARM_GCC_541\Debug\MISO_PM.o"
Deleting file ".\CortexM0\ARM_GCC_541\Debug\UART_BLE.o"
Deleting file ".\CortexM0\ARM_GCC_541\Debug\UART_BLE_SPI_UART.o"
Deleting file ".\CortexM0\ARM_GCC_541\Debug\UART_BLE_SPI_UART_INT.o"
Deleting file ".\CortexM0\ARM_GCC_541\Debug\UART_BLE_PM.o"
Deleting file ".\CortexM0\ARM_GCC_541\Debug\UART_BLE_UART.o"
Deleting file ".\CortexM0\ARM_GCC_541\Debug\UART_BLE_BOOT.o"
Deleting file ".\CortexM0\ARM_GCC_541\Debug\UART_BLE_UART_BOOT.o"
Deleting file ".\CortexM0\ARM_GCC_541\Debug\MagSS_n.o"
Deleting file ".\CortexM0\ARM_GCC_541\Debug\MagSS_n_PM.o"
Deleting file ".\CortexM0\ARM_GCC_541\Debug\LED5.o"
Deleting file ".\CortexM0\ARM_GCC_541\Debug\LED5_PM.o"
Deleting file ".\CortexM0\ARM_GCC_541\Debug\UART_LiDAR.o"
Deleting file ".\CortexM0\ARM_GCC_541\Debug\UART_LiDAR_SPI_UART.o"
Deleting file ".\CortexM0\ARM_GCC_541\Debug\UART_LiDAR_SPI_UART_INT.o"
Deleting file ".\CortexM0\ARM_GCC_541\Debug\UART_LiDAR_PM.o"
Deleting file ".\CortexM0\ARM_GCC_541\Debug\UART_LiDAR_UART.o"
Deleting file ".\CortexM0\ARM_GCC_541\Debug\UART_LiDAR_BOOT.o"
Deleting file ".\CortexM0\ARM_GCC_541\Debug\UART_LiDAR_UART_BOOT.o"
Deleting file ".\CortexM0\ARM_GCC_541\Debug\UART_BLE_SCBCLK.o"
Deleting file ".\CortexM0\ARM_GCC_541\Debug\UART_BLE_tx.o"
Deleting file ".\CortexM0\ARM_GCC_541\Debug\UART_BLE_tx_PM.o"
Deleting file ".\CortexM0\ARM_GCC_541\Debug\UART_BLE_SCB_IRQ.o"
Deleting file ".\CortexM0\ARM_GCC_541\Debug\UART_BLE_rx.o"
Deleting file ".\CortexM0\ARM_GCC_541\Debug\UART_BLE_rx_PM.o"
Deleting file ".\CortexM0\ARM_GCC_541\Debug\UART_LiDAR_SCBCLK.o"
Deleting file ".\CortexM0\ARM_GCC_541\Debug\UART_LiDAR_tx.o"
Deleting file ".\CortexM0\ARM_GCC_541\Debug\UART_LiDAR_tx_PM.o"
Deleting file ".\CortexM0\ARM_GCC_541\Debug\UART_LiDAR_SCB_IRQ.o"
Deleting file ".\CortexM0\ARM_GCC_541\Debug\UART_LiDAR_rx.o"
Deleting file ".\CortexM0\ARM_GCC_541\Debug\UART_LiDAR_rx_PM.o"
Deleting file ".\CortexM0\ARM_GCC_541\Debug\cy_em_eeprom.o"
Deleting file ".\CortexM0\ARM_GCC_541\Debug\Cm0Start.o"
Deleting file ".\CortexM0\ARM_GCC_541\Debug\CyFlash.o"
Deleting file ".\CortexM0\ARM_GCC_541\Debug\CyLib.o"
Deleting file ".\CortexM0\ARM_GCC_541\Debug\cyPm.o"
Deleting file ".\CortexM0\ARM_GCC_541\Debug\cyutils.o"
Deleting file ".\CortexM0\ARM_GCC_541\Debug\CyBootAsmGnu.o"
Deleting file ".\CortexM0\ARM_GCC_541\Debug\CyDMA.o"
Deleting file ".\CortexM0\ARM_GCC_541\Debug\CyLFClk.o"
Deleting file ".\CortexM0\ARM_GCC_541\Debug\VBatt.o"
Deleting file ".\CortexM0\ARM_GCC_541\Debug\VBatt_PM.o"
Deleting file ".\CortexM0\ARM_GCC_541\Debug\A2D.o"
Deleting file ".\CortexM0\ARM_GCC_541\Debug\A2D_PM.o"
Deleting file ".\CortexM0\ARM_GCC_541\Debug\A2D_INT.o"
Deleting file ".\CortexM0\ARM_GCC_541\Debug\A2D_IRQ.o"
Deleting file ".\CortexM0\ARM_GCC_541\Debug\A2D_intClock.o"
Deleting file ".\CortexM0\ARM_GCC_541\Debug\magINT.o"
Deleting file ".\CortexM0\ARM_GCC_541\Debug\magINT_PM.o"
Deleting file ".\CortexM0\ARM_GCC_541\Debug\MagISR.o"
Deleting file ".\CortexM0\ARM_GCC_541\Debug\LED6.o"
Deleting file ".\CortexM0\ARM_GCC_541\Debug\LED6_PM.o"
Deleting file ".\CortexM0\ARM_GCC_541\Debug\Clock_2.o"
Deleting file ".\CortexM0\ARM_GCC_541\Debug\WDT_ISR.o"
Deleting file ".\CortexM0\ARM_GCC_541\Debug\LED7.o"
Deleting file ".\CortexM0\ARM_GCC_541\Debug\LED7_PM.o"
Deleting file ".\CortexM0\ARM_GCC_541\Debug\ESCurr.o"
Deleting file ".\CortexM0\ARM_GCC_541\Debug\ESCurr_PM.o"
Deleting file ".\CortexM0\ARM_GCC_541\Debug\Alt_SS_n.o"
Deleting file ".\CortexM0\ARM_GCC_541\Debug\Alt_SS_n_PM.o"
Deleting file ".\CortexM0\ARM_GCC_541\Debug\AltINT.o"
Deleting file ".\CortexM0\ARM_GCC_541\Debug\AltINT_PM.o"
Deleting file ".\CortexM0\ARM_GCC_541\Debug\FRNTLFT_ESC.o"
Deleting file ".\CortexM0\ARM_GCC_541\Debug\FRNTLFT_ESC_PM.o"
Deleting file ".\CortexM0\ARM_GCC_541\Debug\FRNTRGHT_ESC.o"
Deleting file ".\CortexM0\ARM_GCC_541\Debug\FRNTRGHT_ESC_PM.o"
Deleting file ".\CortexM0\ARM_GCC_541\Debug\BCKLFT_ESC.o"
Deleting file ".\CortexM0\ARM_GCC_541\Debug\BCKLFT_ESC_PM.o"
Deleting file ".\CortexM0\ARM_GCC_541\Debug\BCKRGHT_ESC.o"
Deleting file ".\CortexM0\ARM_GCC_541\Debug\BCKRGHT_ESC_PM.o"
Deleting file ".\CortexM0\ARM_GCC_541\Debug\A2D_rdy.o"
Deleting file ".\CortexM0\ARM_GCC_541\Debug\FrntRghtESC.o"
Deleting file ".\CortexM0\ARM_GCC_541\Debug\FrntRghtESC_PM.o"
Deleting file ".\CortexM0\ARM_GCC_541\Debug\BckLftESC.o"
Deleting file ".\CortexM0\ARM_GCC_541\Debug\BckLftESC_PM.o"
Deleting file ".\CortexM0\ARM_GCC_541\Debug\FrntLftESC.o"
Deleting file ".\CortexM0\ARM_GCC_541\Debug\FrntLftESC_PM.o"
Deleting file ".\CortexM0\ARM_GCC_541\Debug\BckRghtESC.o"
Deleting file ".\CortexM0\ARM_GCC_541\Debug\BckRghtESC_PM.o"
Deleting file ".\CortexM0\ARM_GCC_541\Debug\InitHeading.o"
Deleting file ".\CortexM0\ARM_GCC_541\Debug\InitHeading_PM.o"
Deleting file ".\CortexM0\ARM_GCC_541\Debug\MaxLidar.o"
Deleting file ".\CortexM0\ARM_GCC_541\Debug\MaxLidar_PM.o"
Deleting file ".\CortexM0\ARM_GCC_541\Debug\UART_CAM.o"
Deleting file ".\CortexM0\ARM_GCC_541\Debug\UART_CAM_SPI_UART.o"
Deleting file ".\CortexM0\ARM_GCC_541\Debug\UART_CAM_SPI_UART_INT.o"
Deleting file ".\CortexM0\ARM_GCC_541\Debug\UART_CAM_PM.o"
Deleting file ".\CortexM0\ARM_GCC_541\Debug\UART_CAM_UART.o"
Deleting file ".\CortexM0\ARM_GCC_541\Debug\UART_CAM_BOOT.o"
Deleting file ".\CortexM0\ARM_GCC_541\Debug\UART_CAM_UART_BOOT.o"
Deleting file ".\CortexM0\ARM_GCC_541\Debug\UART_CAM_SCBCLK.o"
Deleting file ".\CortexM0\ARM_GCC_541\Debug\UART_CAM_tx.o"
Deleting file ".\CortexM0\ARM_GCC_541\Debug\UART_CAM_tx_PM.o"
Deleting file ".\CortexM0\ARM_GCC_541\Debug\UART_CAM_rx.o"
Deleting file ".\CortexM0\ARM_GCC_541\Debug\UART_CAM_rx_PM.o"
Deleting file ".\CortexM0\ARM_GCC_541\Debug\QuadCopter6_3.hex"
Deleting file ".\CortexM0\ARM_GCC_541\Debug\QuadCopter6_3.elf"
Deleting file ".\CortexM0\ARM_GCC_541\Debug\QuadCopter6_3.map"
Deleting file ".\QuadCopter6_3.cycdx"
Deleting file ".\QuadCopter6_3.svd"
Deleting file ".\QuadCopter6_3.rpt"
Deleting file ".\QuadCopter6_3_timing.html"
Deleting file ".\CortexM0\ARM_GCC_541\Debug\.deps\SOURCE_C__ARM_GCC_GENERIC.P"
Deleting file ".\CortexM0\ARM_GCC_541\Debug\.deps\SOURCE_ASM__ARM_GCC_GENERIC.P"
--------------- Clean Succeeded: 05/07/2025 18:03:48 ---------------
