Loading plugins phase: Elapsed time ==> 0s.685ms
<CYPRESSTAG name="CyDsfit arguments...">
cydsfit arguments: -.fdsnotice -.fdswarpdepfile=warp_dependencies.txt -.fdselabdepfile=elab_dependencies.txt -.fdsbldfile=generated_files.txt -.fdsreffile=referenced_files.txt -p E:\Acads\UWM\Summer 25\PathController\PathController.cydsn\PathController.cyprj -d CY8C4246AZI-M443 -s E:\Acads\UWM\Summer 25\PathController\PathController.cydsn\Generated_Source\PSoC4 -- -yv2 -q10 -ygs -o2 -v3 -.fftcfgtype=LE
</CYPRESSTAG>
<CYPRESSTAG name="Design elaboration results...">
</CYPRESSTAG>
Elaboration phase: Elapsed time ==> 2s.464ms
<CYPRESSTAG name="HDL generation results...">
</CYPRESSTAG>
HDL generation phase: Elapsed time ==> 0s.058ms
<CYPRESSTAG name="Synthesis results...">

     | | | | | | |
   _________________
  -|               |-
  -|               |-
  -|               |-
  -|    CYPRESS    |-
  -|               |-
  -|               |-   Warp Verilog Synthesis Compiler: Version 6.3 IR 41
  -|               |-   Copyright (C) 1991-2001 Cypress Semiconductor
   |_______________|
     | | | | | | |

======================================================================
Compiling:  PathController.v
Program  :   E:\Acads\UWM\PSoC Creator\4.4\PSoC Creator\warp\bin\warp.exe
Options  :    -yv2 -q10 -ygs -o2 -v3 -.fftcfgtype=LE -ya -.fftprj=E:\Acads\UWM\Summer 25\PathController\PathController.cydsn\PathController.cyprj -dcpsoc3 PathController.v -verilog
======================================================================

======================================================================
Compiling:  PathController.v
Program  :   E:\Acads\UWM\PSoC Creator\4.4\PSoC Creator\warp\bin\warp.exe
Options  :    -yv2 -q10 -ygs -o2 -v3 -.fftcfgtype=LE -ya -.fftprj=E:\Acads\UWM\Summer 25\PathController\PathController.cydsn\PathController.cyprj -dcpsoc3 PathController.v -verilog
======================================================================

======================================================================
Compiling:  PathController.v
Program  :   vlogfe
Options  :    -yv2 -q10 -ygs -o2 -v3 -.fftcfgtype=LE -ya -.fftprj=E:\Acads\UWM\Summer 25\PathController\PathController.cydsn\PathController.cyprj -dcpsoc3 -verilog PathController.v
======================================================================

vlogfe V6.3 IR 41:  Verilog parser
Fri Jul 25 23:38:33 2025


======================================================================
Compiling:  PathController.v
Program  :   vpp
Options  :    -yv2 -q10 PathController.v
======================================================================

vpp V6.3 IR 41:  Verilog Pre-Processor
Fri Jul 25 23:38:33 2025

Flattening file 'E:\Acads\UWM\PSoC Creator\4.4\PSoC Creator\psoc\content\CyPrimitives\cyprimitives.cylib\cy_virtualmux_v1_0\cy_virtualmux_v1_0.v'
Flattening file 'E:\Acads\UWM\PSoC Creator\4.4\PSoC Creator\psoc\content\CyPrimitives\cyprimitives.cylib\ZeroTerminal\ZeroTerminal.v'
Flattening file 'E:\Acads\UWM\PSoC Creator\4.4\PSoC Creator\psoc\content\CyPrimitives\cyprimitives.cylib\or_v1_0\or_v1_0.v'

vpp:  No errors.

Library 'work' => directory 'lcpsoc3'
General_symbol_table
General_symbol_table
Linking 'E:\Acads\UWM\PSoC Creator\4.4\PSoC Creator\warp\lib\common\std.vhd'.
Linking 'E:\Acads\UWM\PSoC Creator\4.4\PSoC Creator\warp\lib\common\cypress.vhd'.
Linking 'E:\Acads\UWM\PSoC Creator\4.4\PSoC Creator\warp\lib\common\work\cypress.vif'.
Linking 'E:\Acads\UWM\PSoC Creator\4.4\PSoC Creator\warp\lib\ieee\work\stdlogic.vif'.
Linking 'E:\Acads\UWM\PSoC Creator\4.4\PSoC Creator\warp\lib\common\stdlogic\lpmpkg.vif'.
Linking 'E:\Acads\UWM\PSoC Creator\4.4\PSoC Creator\warp\lib\common\stdlogic\rtlpkg.vif'.
Linking 'E:\Acads\UWM\PSoC Creator\4.4\PSoC Creator\warp\lib\common\stdlogic\mod_cnst.vif'.
Linking 'E:\Acads\UWM\PSoC Creator\4.4\PSoC Creator\warp\lib\common\stdlogic\mod_mthv.vif'.
Linking 'E:\Acads\UWM\PSoC Creator\4.4\PSoC Creator\warp\lib\common\stdlogic\mod_genv.vif'.
Using control file 'PathController.ctl'.

vlogfe:  No errors.


======================================================================
Compiling:  PathController.v
Program  :   tovif
Options  :    -yv2 -q10 -ygs -o2 -v3 -.fftcfgtype=LE -ya -.fftprj=E:\Acads\UWM\Summer 25\PathController\PathController.cydsn\PathController.cyprj -dcpsoc3 -verilog PathController.v
======================================================================

tovif V6.3 IR 41:  High-level synthesis
Fri Jul 25 23:38:33 2025

Linking 'E:\Acads\UWM\PSoC Creator\4.4\PSoC Creator\warp\lib\common\std.vhd'.
Linking 'E:\Acads\UWM\PSoC Creator\4.4\PSoC Creator\warp\lib\common\cypress.vhd'.
Linking 'E:\Acads\UWM\PSoC Creator\4.4\PSoC Creator\warp\lib\common\work\cypress.vif'.
Linking 'E:\Acads\UWM\PSoC Creator\4.4\PSoC Creator\warp\lib\ieee\work\stdlogic.vif'.
Linking 'E:\Acads\UWM\PSoC Creator\4.4\PSoC Creator\warp\lib\common\stdlogic\lpmpkg.vif'.
Linking 'E:\Acads\UWM\PSoC Creator\4.4\PSoC Creator\warp\lib\common\stdlogic\rtlpkg.vif'.
Linking 'E:\Acads\UWM\PSoC Creator\4.4\PSoC Creator\warp\lib\common\stdlogic\mod_cnst.vif'.
Linking 'E:\Acads\UWM\PSoC Creator\4.4\PSoC Creator\warp\lib\common\stdlogic\mod_mthv.vif'.
Linking 'E:\Acads\UWM\PSoC Creator\4.4\PSoC Creator\warp\lib\common\stdlogic\mod_genv.vif'.
Linking 'E:\Acads\UWM\Summer 25\PathController\PathController.cydsn\codegentemp\PathController.ctl'.
Linking 'E:\Acads\UWM\PSoC Creator\4.4\PSoC Creator\psoc\content\CyPrimitives\cyprimitives.cylib\cy_virtualmux_v1_0\cy_virtualmux_v1_0.v'.
Linking 'E:\Acads\UWM\Summer 25\PathController\PathController.cydsn\codegentemp\PathController.v'.
Linking 'E:\Acads\UWM\PSoC Creator\4.4\PSoC Creator\psoc\content\CyPrimitives\cyprimitives.cylib\ZeroTerminal\ZeroTerminal.v'.
Linking 'E:\Acads\UWM\PSoC Creator\4.4\PSoC Creator\psoc\content\CyPrimitives\cyprimitives.cylib\or_v1_0\or_v1_0.v'.

tovif:  No errors.


======================================================================
Compiling:  PathController.v
Program  :   topld
Options  :    -yv2 -q10 -ygs -o2 -v3 -.fftcfgtype=LE -ya -.fftprj=E:\Acads\UWM\Summer 25\PathController\PathController.cydsn\PathController.cyprj -dcpsoc3 -verilog PathController.v
======================================================================

topld V6.3 IR 41:  Synthesis and optimization
Fri Jul 25 23:38:33 2025

Linking 'E:\Acads\UWM\PSoC Creator\4.4\PSoC Creator\warp\lib\common\std.vhd'.
Linking 'E:\Acads\UWM\PSoC Creator\4.4\PSoC Creator\warp\lib\common\cypress.vhd'.
Linking 'E:\Acads\UWM\PSoC Creator\4.4\PSoC Creator\warp\lib\common\work\cypress.vif'.
Linking 'E:\Acads\UWM\PSoC Creator\4.4\PSoC Creator\warp\lib\ieee\work\stdlogic.vif'.
Linking 'E:\Acads\UWM\PSoC Creator\4.4\PSoC Creator\warp\lib\common\stdlogic\lpmpkg.vif'.
Linking 'E:\Acads\UWM\PSoC Creator\4.4\PSoC Creator\warp\lib\common\stdlogic\rtlpkg.vif'.
Linking 'E:\Acads\UWM\PSoC Creator\4.4\PSoC Creator\warp\lib\common\stdlogic\mod_cnst.vif'.
Linking 'E:\Acads\UWM\PSoC Creator\4.4\PSoC Creator\warp\lib\common\stdlogic\mod_mthv.vif'.
Linking 'E:\Acads\UWM\PSoC Creator\4.4\PSoC Creator\warp\lib\common\stdlogic\mod_genv.vif'.
Linking 'E:\Acads\UWM\Summer 25\PathController\PathController.cydsn\codegentemp\PathController.ctl'.
Linking 'E:\Acads\UWM\PSoC Creator\4.4\PSoC Creator\psoc\content\CyPrimitives\cyprimitives.cylib\cy_virtualmux_v1_0\cy_virtualmux_v1_0.v'.
Linking 'E:\Acads\UWM\Summer 25\PathController\PathController.cydsn\codegentemp\PathController.v'.
Linking 'E:\Acads\UWM\PSoC Creator\4.4\PSoC Creator\psoc\content\CyPrimitives\cyprimitives.cylib\ZeroTerminal\ZeroTerminal.v'.
Linking 'E:\Acads\UWM\PSoC Creator\4.4\PSoC Creator\psoc\content\CyPrimitives\cyprimitives.cylib\or_v1_0\or_v1_0.v'.
Linking 'E:\Acads\UWM\PSoC Creator\4.4\PSoC Creator\warp\lib\lcpsoc3\stdlogic\cpsoc3.vif'.

----------------------------------------------------------
Detecting unused logic.
----------------------------------------------------------
    User names
	\UART_DBG:Net_1257\
	\UART_DBG:uncfg_rx_irq\
	\UART_DBG:Net_1099\
	\UART_DBG:Net_1258\
	Net_16
	Net_17
	Net_18
	Net_19
	Net_20
	Net_21
	Net_7
	Net_27
	Net_22
	Net_24
	\UART_GPS:Net_1257\
	\UART_GPS:uncfg_rx_irq\
	\UART_GPS:Net_1099\
	\UART_GPS:Net_1258\
	Net_39
	Net_40
	Net_41
	Net_42
	Net_43
	Net_44
	Net_30
	Net_50
	Net_45
	Net_47
	\UART_FC:Net_1257\
	\UART_FC:uncfg_rx_irq\
	\UART_FC:Net_1099\
	\UART_FC:Net_1258\
	Net_340
	Net_341
	Net_342
	Net_343
	Net_344
	Net_345
	Net_331
	Net_351
	Net_346
	Net_348


Deleted 42 User equations/components.
Deleted 0 Synthesized equations/components.

------------------------------------------------------
Alias Detection
------------------------------------------------------
Aliasing one to tmpOE__LED4_net_0
Aliasing tmpOE__LED3_net_0 to tmpOE__LED4_net_0
Aliasing tmpOE__LED2_net_0 to tmpOE__LED4_net_0
Aliasing tmpOE__LED1_net_0 to tmpOE__LED4_net_0
Aliasing tmpOE__LED0_net_0 to tmpOE__LED4_net_0
Aliasing \UART_DBG:select_s_wire\ to zero
Aliasing \UART_DBG:sclk_s_wire\ to zero
Aliasing \UART_DBG:mosi_s_wire\ to zero
Aliasing \UART_DBG:miso_m_wire\ to zero
Aliasing \UART_DBG:tmpOE__tx_net_0\ to tmpOE__LED4_net_0
Aliasing \UART_DBG:tmpOE__rx_net_0\ to tmpOE__LED4_net_0
Aliasing \UART_DBG:cts_wire\ to zero
Aliasing tmpOE__LED5_net_0 to tmpOE__LED4_net_0
Aliasing \UART_GPS:select_s_wire\ to zero
Aliasing \UART_GPS:sclk_s_wire\ to zero
Aliasing \UART_GPS:mosi_s_wire\ to zero
Aliasing \UART_GPS:miso_m_wire\ to zero
Aliasing \UART_GPS:tmpOE__tx_net_0\ to tmpOE__LED4_net_0
Aliasing \UART_GPS:tmpOE__rx_net_0\ to tmpOE__LED4_net_0
Aliasing \UART_GPS:cts_wire\ to zero
Aliasing tmpOE__LED6_net_0 to tmpOE__LED4_net_0
Aliasing \UART_FC:select_s_wire\ to zero
Aliasing \UART_FC:sclk_s_wire\ to zero
Aliasing \UART_FC:mosi_s_wire\ to zero
Aliasing \UART_FC:miso_m_wire\ to zero
Aliasing \UART_FC:tmpOE__tx_net_0\ to tmpOE__LED4_net_0
Aliasing \UART_FC:tmpOE__rx_net_0\ to tmpOE__LED4_net_0
Aliasing \UART_FC:cts_wire\ to zero
Removing Lhs of wire one[6] = tmpOE__LED4_net_0[1]
Removing Lhs of wire tmpOE__LED3_net_0[9] = tmpOE__LED4_net_0[1]
Removing Lhs of wire tmpOE__LED2_net_0[15] = tmpOE__LED4_net_0[1]
Removing Lhs of wire tmpOE__LED1_net_0[21] = tmpOE__LED4_net_0[1]
Removing Lhs of wire tmpOE__LED0_net_0[27] = tmpOE__LED4_net_0[1]
Removing Lhs of wire \UART_DBG:select_s_wire\[34] = zero[2]
Removing Rhs of wire \UART_DBG:rx_wire\[35] = \UART_DBG:Net_1268\[36]
Removing Lhs of wire \UART_DBG:Net_1170\[39] = \UART_DBG:Net_847\[33]
Removing Lhs of wire \UART_DBG:sclk_s_wire\[40] = zero[2]
Removing Lhs of wire \UART_DBG:mosi_s_wire\[41] = zero[2]
Removing Lhs of wire \UART_DBG:miso_m_wire\[42] = zero[2]
Removing Lhs of wire \UART_DBG:tmpOE__tx_net_0\[44] = tmpOE__LED4_net_0[1]
Removing Lhs of wire \UART_DBG:tmpOE__rx_net_0\[55] = tmpOE__LED4_net_0[1]
Removing Lhs of wire \UART_DBG:cts_wire\[59] = zero[2]
Removing Lhs of wire tmpOE__LED5_net_0[85] = tmpOE__LED4_net_0[1]
Removing Lhs of wire \UART_GPS:select_s_wire\[92] = zero[2]
Removing Rhs of wire \UART_GPS:rx_wire\[93] = \UART_GPS:Net_1268\[94]
Removing Lhs of wire \UART_GPS:Net_1170\[97] = \UART_GPS:Net_847\[91]
Removing Lhs of wire \UART_GPS:sclk_s_wire\[98] = zero[2]
Removing Lhs of wire \UART_GPS:mosi_s_wire\[99] = zero[2]
Removing Lhs of wire \UART_GPS:miso_m_wire\[100] = zero[2]
Removing Lhs of wire \UART_GPS:tmpOE__tx_net_0\[102] = tmpOE__LED4_net_0[1]
Removing Lhs of wire \UART_GPS:tmpOE__rx_net_0\[113] = tmpOE__LED4_net_0[1]
Removing Lhs of wire \UART_GPS:cts_wire\[117] = zero[2]
Removing Lhs of wire tmpOE__LED6_net_0[143] = tmpOE__LED4_net_0[1]
Removing Lhs of wire \UART_FC:select_s_wire\[153] = zero[2]
Removing Rhs of wire \UART_FC:rx_wire\[154] = \UART_FC:Net_1268\[155]
Removing Lhs of wire \UART_FC:Net_1170\[158] = \UART_FC:Net_847\[152]
Removing Lhs of wire \UART_FC:sclk_s_wire\[159] = zero[2]
Removing Lhs of wire \UART_FC:mosi_s_wire\[160] = zero[2]
Removing Lhs of wire \UART_FC:miso_m_wire\[161] = zero[2]
Removing Lhs of wire \UART_FC:tmpOE__tx_net_0\[163] = tmpOE__LED4_net_0[1]
Removing Lhs of wire \UART_FC:tmpOE__rx_net_0\[174] = tmpOE__LED4_net_0[1]
Removing Lhs of wire \UART_FC:cts_wire\[178] = zero[2]

------------------------------------------------------
Aliased 0 equations, 34 wires.
------------------------------------------------------

----------------------------------------------------------
Circuit simplification
----------------------------------------------------------

Substituting virtuals - pass 1:


----------------------------------------------------------
Circuit simplification results:

	Expanded 0 signals.
	Turned 0 signals into soft nodes.
	Maximum default expansion cost was set at 3.
----------------------------------------------------------

topld:  No errors.

CYPRESS_DIR    : E:\Acads\UWM\PSoC Creator\4.4\PSoC Creator\warp
Warp Program   : E:\Acads\UWM\PSoC Creator\4.4\PSoC Creator\warp\bin\warp.exe
Warp Arguments : -yv2 -q10 -ygs -o2 -v3 -.fftcfgtype=LE -ya "-.fftprj=E:\Acads\UWM\Summer 25\PathController\PathController.cydsn\PathController.cyprj" -dcpsoc3 PathController.v -verilog
</CYPRESSTAG>
Warp synthesis phase: Elapsed time ==> 0s.554ms
<CYPRESSTAG name="Fitter results...">
<CYPRESSTAG name="Fitter startup details...">
cyp3fit: V4.4.0.80, Family: PSoC3, Started at: Friday, 25 July 2025 23:38:34
Options: -yv2 -q10 -ygs -o2 -v3 -.fftcfgtype=LE -ya -.fftprj=E:\Acads\UWM\Summer 25\PathController\PathController.cydsn\PathController.cyprj -d CY8C4246AZI-M443 PathController.v -verilog
</CYPRESSTAG>
<CYPRESSTAG name="Design parsing">
Design parsing phase: Elapsed time ==> 0s.014ms
</CYPRESSTAG>
<CYPRESSTAG name="Tech Mapping">
<CYPRESSTAG name="Initial Mapping" icon="FILE_RPT_TECHM">
<CYPRESSTAG name="Global Clock Selection" icon="FILE_RPT_TECHM">
    Fixed Function Clock 2: Automatic-assigning  clock 'UART_DBG_SCBCLK'. Signal=\UART_DBG:Net_847_ff2\
    Fixed Function Clock 3: Automatic-assigning  clock 'UART_GPS_SCBCLK'. Signal=\UART_GPS:Net_847_ff3\
    Fixed Function Clock 4: Automatic-assigning  clock 'UART_FC_SCBCLK'. Signal=\UART_FC:Net_847_ff4\
<CYPRESSTAG name="UDB Clock/Enable Remapping Results">
</CYPRESSTAG>
</CYPRESSTAG>

Removing unused cells resulting from optimization
Done removing unused cells.
<CYPRESSTAG name="Duplicate Macrocell detection">
</CYPRESSTAG>
</CYPRESSTAG>
<CYPRESSTAG name="Duplicate Macrocell detection">
</CYPRESSTAG>
<CYPRESSTAG name="Design Equations" icon="FILE_RPT_EQUATION">

------------------------------------------------------------
Design Equations
------------------------------------------------------------
    <CYPRESSTAG name="Pin listing">

    ------------------------------------------------------------
    Pin listing
    ------------------------------------------------------------

    Pin : Name = LED4(0)
        Attributes:
            In Group/Port: True
            In Sync Option: AUTO
            Out Sync Option: NOSYNC
            Interrupt generated: False
            Interrupt mode: NONE
            Drive mode: CMOS_OUT
            VTrip: EITHER
            Slew: FAST
            Input Sync needed: False
            Output Sync needed: False
            SC shield enabled: False
            POR State: ANY
            LCD Mode: COMMON
            Register Mode: RegComb
            CaSense Mode: NEITHER
            Treat as pin: True
            Is OE Registered: False
            Uses Analog: False
            Can contain Digital: True
            Is SIO: False
            SIO Output Buf: NONREGULATED
            SIO Input Buf: SINGLE_ENDED
            SIO HiFreq: LOW
            SIO Hyst: DISABLED
            SIO Vtrip: MULTIPLIER_0_5
            SIO Multiplier Index: 0
            SIO RefSel: VCC_IO
            Required Capabilities: DIGITAL
            Initial Value: 0
            IO Voltage: 0
        PORT MAP (
            pa_out => LED4(0)__PA ,
            pad => LED4(0)_PAD );
        Properties:
        {
        }

    Pin : Name = LED3(0)
        Attributes:
            In Group/Port: True
            In Sync Option: AUTO
            Out Sync Option: NOSYNC
            Interrupt generated: False
            Interrupt mode: NONE
            Drive mode: CMOS_OUT
            VTrip: EITHER
            Slew: FAST
            Input Sync needed: False
            Output Sync needed: False
            SC shield enabled: False
            POR State: ANY
            LCD Mode: COMMON
            Register Mode: RegComb
            CaSense Mode: NEITHER
            Treat as pin: True
            Is OE Registered: False
            Uses Analog: False
            Can contain Digital: True
            Is SIO: False
            SIO Output Buf: NONREGULATED
            SIO Input Buf: SINGLE_ENDED
            SIO HiFreq: LOW
            SIO Hyst: DISABLED
            SIO Vtrip: MULTIPLIER_0_5
            SIO Multiplier Index: 0
            SIO RefSel: VCC_IO
            Required Capabilities: DIGITAL
            Initial Value: 0
            IO Voltage: 0
        PORT MAP (
            pa_out => LED3(0)__PA ,
            pad => LED3(0)_PAD );
        Properties:
        {
        }

    Pin : Name = LED2(0)
        Attributes:
            In Group/Port: True
            In Sync Option: AUTO
            Out Sync Option: NOSYNC
            Interrupt generated: False
            Interrupt mode: NONE
            Drive mode: CMOS_OUT
            VTrip: EITHER
            Slew: FAST
            Input Sync needed: False
            Output Sync needed: False
            SC shield enabled: False
            POR State: ANY
            LCD Mode: COMMON
            Register Mode: RegComb
            CaSense Mode: NEITHER
            Treat as pin: True
            Is OE Registered: False
            Uses Analog: False
            Can contain Digital: True
            Is SIO: False
            SIO Output Buf: NONREGULATED
            SIO Input Buf: SINGLE_ENDED
            SIO HiFreq: LOW
            SIO Hyst: DISABLED
            SIO Vtrip: MULTIPLIER_0_5
            SIO Multiplier Index: 0
            SIO RefSel: VCC_IO
            Required Capabilities: DIGITAL
            Initial Value: 0
            IO Voltage: 0
        PORT MAP (
            pa_out => LED2(0)__PA ,
            pad => LED2(0)_PAD );
        Properties:
        {
        }

    Pin : Name = LED1(0)
        Attributes:
            In Group/Port: True
            In Sync Option: AUTO
            Out Sync Option: NOSYNC
            Interrupt generated: False
            Interrupt mode: NONE
            Drive mode: CMOS_OUT
            VTrip: EITHER
            Slew: FAST
            Input Sync needed: False
            Output Sync needed: False
            SC shield enabled: False
            POR State: ANY
            LCD Mode: COMMON
            Register Mode: RegComb
            CaSense Mode: NEITHER
            Treat as pin: True
            Is OE Registered: False
            Uses Analog: False
            Can contain Digital: True
            Is SIO: False
            SIO Output Buf: NONREGULATED
            SIO Input Buf: SINGLE_ENDED
            SIO HiFreq: LOW
            SIO Hyst: DISABLED
            SIO Vtrip: MULTIPLIER_0_5
            SIO Multiplier Index: 0
            SIO RefSel: VCC_IO
            Required Capabilities: DIGITAL
            Initial Value: 0
            IO Voltage: 0
        PORT MAP (
            pa_out => LED1(0)__PA ,
            pad => LED1(0)_PAD );
        Properties:
        {
        }

    Pin : Name = LED0(0)
        Attributes:
            In Group/Port: True
            In Sync Option: AUTO
            Out Sync Option: NOSYNC
            Interrupt generated: False
            Interrupt mode: NONE
            Drive mode: CMOS_OUT
            VTrip: EITHER
            Slew: FAST
            Input Sync needed: False
            Output Sync needed: False
            SC shield enabled: False
            POR State: ANY
            LCD Mode: COMMON
            Register Mode: RegComb
            CaSense Mode: NEITHER
            Treat as pin: True
            Is OE Registered: False
            Uses Analog: False
            Can contain Digital: True
            Is SIO: False
            SIO Output Buf: NONREGULATED
            SIO Input Buf: SINGLE_ENDED
            SIO HiFreq: LOW
            SIO Hyst: DISABLED
            SIO Vtrip: MULTIPLIER_0_5
            SIO Multiplier Index: 0
            SIO RefSel: VCC_IO
            Required Capabilities: DIGITAL
            Initial Value: 0
            IO Voltage: 0
        PORT MAP (
            pa_out => LED0(0)__PA ,
            pad => LED0(0)_PAD );
        Properties:
        {
        }

    Pin : Name = \UART_DBG:tx(0)\
        Attributes:
            In Group/Port: True
            In Sync Option: NOSYNC
            Out Sync Option: NOSYNC
            Interrupt generated: False
            Interrupt mode: NONE
            Drive mode: CMOS_OUT
            VTrip: CMOS
            Slew: FAST
            Input Sync needed: False
            Output Sync needed: False
            SC shield enabled: False
            POR State: ANY
            LCD Mode: COMMON
            Register Mode: RegComb
            CaSense Mode: NEITHER
            Treat as pin: True
            Is OE Registered: False
            Uses Analog: False
            Can contain Digital: True
            Is SIO: False
            SIO Output Buf: NONREGULATED
            SIO Input Buf: SINGLE_ENDED
            SIO HiFreq: LOW
            SIO Hyst: DISABLED
            SIO Vtrip: MULTIPLIER_0_5
            SIO Multiplier Index: 0
            SIO RefSel: VCC_IO
            Required Capabilities: DIGITAL
            Initial Value: 1
            IO Voltage: 0
        PORT MAP (
            pa_out => \UART_DBG:tx(0)\__PA ,
            pin_input => \UART_DBG:tx_wire\ ,
            pad => \UART_DBG:tx(0)_PAD\ );
        Properties:
        {
        }

    Pin : Name = \UART_DBG:rx(0)\
        Attributes:
            In Group/Port: True
            In Sync Option: NOSYNC
            Out Sync Option: AUTO
            Interrupt generated: False
            Interrupt mode: NONE
            Drive mode: HI_Z_DIGITAL
            VTrip: CMOS
            Slew: FAST
            Input Sync needed: False
            Output Sync needed: False
            SC shield enabled: False
            POR State: ANY
            LCD Mode: COMMON
            Register Mode: RegComb
            CaSense Mode: NEITHER
            Treat as pin: True
            Is OE Registered: False
            Uses Analog: False
            Can contain Digital: True
            Is SIO: False
            SIO Output Buf: NONREGULATED
            SIO Input Buf: SINGLE_ENDED
            SIO HiFreq: LOW
            SIO Hyst: DISABLED
            SIO Vtrip: MULTIPLIER_0_5
            SIO Multiplier Index: 0
            SIO RefSel: VCC_IO
            Required Capabilities: DIGITAL
            Initial Value: 0
            IO Voltage: 0
        PORT MAP (
            pa_out => \UART_DBG:rx(0)\__PA ,
            fb => \UART_DBG:rx_wire\ ,
            pad => \UART_DBG:rx(0)_PAD\ );
        Properties:
        {
        }

    Pin : Name = LED5(0)
        Attributes:
            In Group/Port: True
            In Sync Option: AUTO
            Out Sync Option: NOSYNC
            Interrupt generated: False
            Interrupt mode: NONE
            Drive mode: CMOS_OUT
            VTrip: EITHER
            Slew: FAST
            Input Sync needed: False
            Output Sync needed: False
            SC shield enabled: False
            POR State: ANY
            LCD Mode: COMMON
            Register Mode: RegComb
            CaSense Mode: NEITHER
            Treat as pin: True
            Is OE Registered: False
            Uses Analog: False
            Can contain Digital: True
            Is SIO: False
            SIO Output Buf: NONREGULATED
            SIO Input Buf: SINGLE_ENDED
            SIO HiFreq: LOW
            SIO Hyst: DISABLED
            SIO Vtrip: MULTIPLIER_0_5
            SIO Multiplier Index: 0
            SIO RefSel: VCC_IO
            Required Capabilities: DIGITAL
            Initial Value: 0
            IO Voltage: 0
        PORT MAP (
            pa_out => LED5(0)__PA ,
            pad => LED5(0)_PAD );
        Properties:
        {
        }

    Pin : Name = \UART_GPS:tx(0)\
        Attributes:
            In Group/Port: True
            In Sync Option: NOSYNC
            Out Sync Option: NOSYNC
            Interrupt generated: False
            Interrupt mode: NONE
            Drive mode: CMOS_OUT
            VTrip: CMOS
            Slew: FAST
            Input Sync needed: False
            Output Sync needed: False
            SC shield enabled: False
            POR State: ANY
            LCD Mode: COMMON
            Register Mode: RegComb
            CaSense Mode: NEITHER
            Treat as pin: True
            Is OE Registered: False
            Uses Analog: False
            Can contain Digital: True
            Is SIO: False
            SIO Output Buf: NONREGULATED
            SIO Input Buf: SINGLE_ENDED
            SIO HiFreq: LOW
            SIO Hyst: DISABLED
            SIO Vtrip: MULTIPLIER_0_5
            SIO Multiplier Index: 0
            SIO RefSel: VCC_IO
            Required Capabilities: DIGITAL
            Initial Value: 1
            IO Voltage: 0
        PORT MAP (
            pa_out => \UART_GPS:tx(0)\__PA ,
            pin_input => \UART_GPS:tx_wire\ ,
            pad => \UART_GPS:tx(0)_PAD\ );
        Properties:
        {
        }

    Pin : Name = \UART_GPS:rx(0)\
        Attributes:
            In Group/Port: True
            In Sync Option: NOSYNC
            Out Sync Option: AUTO
            Interrupt generated: False
            Interrupt mode: NONE
            Drive mode: HI_Z_DIGITAL
            VTrip: CMOS
            Slew: FAST
            Input Sync needed: False
            Output Sync needed: False
            SC shield enabled: False
            POR State: ANY
            LCD Mode: COMMON
            Register Mode: RegComb
            CaSense Mode: NEITHER
            Treat as pin: True
            Is OE Registered: False
            Uses Analog: False
            Can contain Digital: True
            Is SIO: False
            SIO Output Buf: NONREGULATED
            SIO Input Buf: SINGLE_ENDED
            SIO HiFreq: LOW
            SIO Hyst: DISABLED
            SIO Vtrip: MULTIPLIER_0_5
            SIO Multiplier Index: 0
            SIO RefSel: VCC_IO
            Required Capabilities: DIGITAL
            Initial Value: 0
            IO Voltage: 0
        PORT MAP (
            pa_out => \UART_GPS:rx(0)\__PA ,
            fb => \UART_GPS:rx_wire\ ,
            pad => \UART_GPS:rx(0)_PAD\ );
        Properties:
        {
        }

    Pin : Name = LED6(0)
        Attributes:
            In Group/Port: True
            In Sync Option: AUTO
            Out Sync Option: NOSYNC
            Interrupt generated: False
            Interrupt mode: NONE
            Drive mode: CMOS_OUT
            VTrip: EITHER
            Slew: FAST
            Input Sync needed: False
            Output Sync needed: False
            SC shield enabled: False
            POR State: ANY
            LCD Mode: COMMON
            Register Mode: RegComb
            CaSense Mode: NEITHER
            Treat as pin: True
            Is OE Registered: False
            Uses Analog: False
            Can contain Digital: True
            Is SIO: False
            SIO Output Buf: NONREGULATED
            SIO Input Buf: SINGLE_ENDED
            SIO HiFreq: LOW
            SIO Hyst: DISABLED
            SIO Vtrip: MULTIPLIER_0_5
            SIO Multiplier Index: 0
            SIO RefSel: VCC_IO
            Required Capabilities: DIGITAL
            Initial Value: 0
            IO Voltage: 0
        PORT MAP (
            pa_out => LED6(0)__PA ,
            pad => LED6(0)_PAD );
        Properties:
        {
        }

    Pin : Name = \UART_FC:tx(0)\
        Attributes:
            In Group/Port: True
            In Sync Option: NOSYNC
            Out Sync Option: NOSYNC
            Interrupt generated: False
            Interrupt mode: NONE
            Drive mode: CMOS_OUT
            VTrip: CMOS
            Slew: FAST
            Input Sync needed: False
            Output Sync needed: False
            SC shield enabled: False
            POR State: ANY
            LCD Mode: COMMON
            Register Mode: RegComb
            CaSense Mode: NEITHER
            Treat as pin: True
            Is OE Registered: False
            Uses Analog: False
            Can contain Digital: True
            Is SIO: False
            SIO Output Buf: NONREGULATED
            SIO Input Buf: SINGLE_ENDED
            SIO HiFreq: LOW
            SIO Hyst: DISABLED
            SIO Vtrip: MULTIPLIER_0_5
            SIO Multiplier Index: 0
            SIO RefSel: VCC_IO
            Required Capabilities: DIGITAL
            Initial Value: 1
            IO Voltage: 0
        PORT MAP (
            pa_out => \UART_FC:tx(0)\__PA ,
            pin_input => \UART_FC:tx_wire\ ,
            pad => \UART_FC:tx(0)_PAD\ );
        Properties:
        {
        }

    Pin : Name = \UART_FC:rx(0)\
        Attributes:
            In Group/Port: True
            In Sync Option: NOSYNC
            Out Sync Option: AUTO
            Interrupt generated: False
            Interrupt mode: NONE
            Drive mode: HI_Z_DIGITAL
            VTrip: CMOS
            Slew: FAST
            Input Sync needed: False
            Output Sync needed: False
            SC shield enabled: False
            POR State: ANY
            LCD Mode: COMMON
            Register Mode: RegComb
            CaSense Mode: NEITHER
            Treat as pin: True
            Is OE Registered: False
            Uses Analog: False
            Can contain Digital: True
            Is SIO: False
            SIO Output Buf: NONREGULATED
            SIO Input Buf: SINGLE_ENDED
            SIO HiFreq: LOW
            SIO Hyst: DISABLED
            SIO Vtrip: MULTIPLIER_0_5
            SIO Multiplier Index: 0
            SIO RefSel: VCC_IO
            Required Capabilities: DIGITAL
            Initial Value: 0
            IO Voltage: 0
        PORT MAP (
            pa_out => \UART_FC:rx(0)\__PA ,
            fb => \UART_FC:rx_wire\ ,
            pad => \UART_FC:rx(0)_PAD\ );
        Properties:
        {
        }
    </CYPRESSTAG>
    <CYPRESSTAG name="Macrocell listing" icon="FILE_RPT_EQUATION">
    </CYPRESSTAG>
    <CYPRESSTAG name="Datapath listing">
    </CYPRESSTAG>
    <CYPRESSTAG name="Status register listing">
    </CYPRESSTAG>
    <CYPRESSTAG name="StatusI register listing">
    </CYPRESSTAG>
    <CYPRESSTAG name="Sync listing">
    </CYPRESSTAG>
    <CYPRESSTAG name="Control register listing">
    </CYPRESSTAG>
    <CYPRESSTAG name="Count7 listing">
    </CYPRESSTAG>
    <CYPRESSTAG name="DRQ listing">
    </CYPRESSTAG>
    <CYPRESSTAG name="Interrupt listing">

    ------------------------------------------------------------
    Interrupt listing
    ------------------------------------------------------------

    interrupt: Name =\UART_DBG:SCB_IRQ\
        PORT MAP (
            interrupt => Net_8 );
        Properties:
        {
            int_type = "10"
            is_nmi = 0
        }

    interrupt: Name =\UART_GPS:SCB_IRQ\
        PORT MAP (
            interrupt => Net_31 );
        Properties:
        {
            int_type = "10"
            is_nmi = 0
        }

    interrupt: Name =WDT_ISR
        PORT MAP (
            interrupt => WDT_INT_OUT );
        Properties:
        {
            int_type = "10"
            is_nmi = 0
        }

    interrupt: Name =\UART_FC:SCB_IRQ\
        PORT MAP (
            interrupt => Net_332 );
        Properties:
        {
            int_type = "10"
            is_nmi = 0
        }
    </CYPRESSTAG>
</CYPRESSTAG>
<CYPRESSTAG name="Technology mapping summary" expanded>

------------------------------------------------------------
Technology mapping summary
------------------------------------------------------------

Resource Type                 : Used : Free :  Max :  % Used
============================================================
Digital Clocks                :    0 :    4 :    4 :  0.00 %
Interrupts                    :    4 :   28 :   32 : 12.50 %
IO                            :   17 :   21 :   38 : 44.74 %
Segment LCD                   :    0 :    1 :    1 :  0.00 %
CapSense                      :    0 :    2 :    2 :  0.00 %
Die Temp                      :    0 :    1 :    1 :  0.00 %
Serial Communication (SCB)    :    3 :    0 :    3 : 100.00 %
DMA Channels                  :    0 :    8 :    8 :  0.00 %
Timer/Counter/PWM             :    0 :    8 :    8 :  0.00 %
UDB                           :      :      :      :        
  Macrocells                  :    0 :   32 :   32 :  0.00 %
  Unique P-terms              :    0 :   64 :   64 :  0.00 %
  Total P-terms               :    0 :      :      :        
  Datapath Cells              :    0 :    4 :    4 :  0.00 %
  Status Cells                :    0 :    4 :    4 :  0.00 %
  Control Cells               :    0 :    4 :    4 :  0.00 %
Comparator/Opamp              :    0 :    2 :    2 :  0.00 %
LP Comparator                 :    0 :    2 :    2 :  0.00 %
SAR ADC                       :    0 :    1 :    1 :  0.00 %
DAC                           :      :      :      :        
  7-bit IDAC                  :    0 :    1 :    1 :  0.00 %
  8-bit IDAC                  :    0 :    1 :    1 :  0.00 %
</CYPRESSTAG>
Technology Mapping: Elapsed time ==> 0s.033ms
Tech Mapping phase: Elapsed time ==> 0s.075ms
</CYPRESSTAG>
<CYPRESSTAG name="Analog Placement">
<CYPRESSTAG name="FFB & IO Pre Placement">
<CYPRESSTAG name="Placement" icon="FILE_RPT_PLACEMENT">

Cell                                : Block                              
=========================================================================
LED4(0)                             : [IOP=(0)][IoId=(1)]                
LED3(0)                             : [IOP=(0)][IoId=(2)]                
LED2(0)                             : [IOP=(0)][IoId=(3)]                
LED1(0)                             : [IOP=(0)][IoId=(6)]                
LED0(0)                             : [IOP=(0)][IoId=(7)]                
\UART_DBG:tx(0)\                    : [IOP=(1)][IoId=(1)]                
\UART_DBG:rx(0)\                    : [IOP=(1)][IoId=(0)]                
LED5(0)                             : [IOP=(0)][IoId=(0)]                
\UART_GPS:tx(0)\                    : [IOP=(3)][IoId=(1)]                
\UART_GPS:rx(0)\                    : [IOP=(3)][IoId=(0)]                
LED6(0)                             : [IOP=(4)][IoId=(3)]                
\UART_FC:tx(0)\                     : [IOP=(7)][IoId=(1)]                
\UART_FC:rx(0)\                     : [IOP=(7)][IoId=(0)]                
ClockGenBlock                       : CLK_GEN_[FFB(CLK_GEN,0)]           
\UART_DBG:SCB\                      : SCB_[FFB(SCB,0)]                   
\UART_GPS:SCB\                      : SCB_[FFB(SCB,1)]                   
\UART_FC:SCB\                       : SCB_[FFB(SCB,3)]                   
SRSS                                : SRSS_[FFB(SRSS,0)]                 

</CYPRESSTAG>
</CYPRESSTAG>
<CYPRESSTAG name="Real Analog Placement">
Elapsed time ==> 0.3140301s
</CYPRESSTAG>
Analog Placement phase: Elapsed time ==> 0s.539ms
</CYPRESSTAG>
<CYPRESSTAG name="Analog Routing">
<CYPRESSTAG name="Analog Routing">
Route success=True, Iterations=1 Elapsed=0.0008216 secs
</CYPRESSTAG>
Analog Routing phase: Elapsed time ==> 0s.001ms
</CYPRESSTAG>
<CYPRESSTAG name="Analog Code Generation">
============ Analog Final Answer Routes ============
Dump of CyAnalogRoutingResultsDB
Map of net to items {
}
Map of item to net {
}
Mux Info {
}
Analog Code Generation phase: Elapsed time ==> 0s.018ms
</CYPRESSTAG>
<CYPRESSTAG name="Digital Placement">
<CYPRESSTAG name="Detailed placement messages">
I2659: No Constrained paths were found. The placer will run in non-timing driven mode.
I2076: Total run-time: 0.3 sec.

</CYPRESSTAG>
<CYPRESSTAG name="PLD Packing">
<CYPRESSTAG name="PLD Packing Summary">
No PLDs were packed.
</CYPRESSTAG>
PLD Packing: Elapsed time ==> 0s.000ms
</CYPRESSTAG>
<CYPRESSTAG name="Partitioning">
<CYPRESSTAG name="Initial Partitioning Summary">
Initial Partitioning Summary not displayed at this verbose level.</CYPRESSTAG>
<CYPRESSTAG name="Final Partitioning Summary">
Final Partitioning Summary not displayed at this verbose level.</CYPRESSTAG>
Partitioning: Elapsed time ==> 0s.011ms
</CYPRESSTAG>
<CYPRESSTAG name="Final Placement Summary">

------------------------------------------------------------
Final Placement Summary
------------------------------------------------------------

       Resource Type :      Count : Avg Inputs : Avg Outputs
    ========================================================
                 UDB :          0 :       0.00 :       0.00
<CYPRESSTAG name="Final Placement Details">
<CYPRESSTAG name="Component Details">

------------------------------------------------------------
Component Placement Details
------------------------------------------------------------
UDB [UDB=(0,0)] is empty.
UDB [UDB=(0,1)] is empty.
UDB [UDB=(1,0)] is empty.
UDB [UDB=(1,1)] is empty.
Intr container @ [IntrContainer=(0)]: 
  Intr@ [IntrContainer=(0)][IntrId=(7)] 
    interrupt: Name =WDT_ISR
        PORT MAP (
            interrupt => WDT_INT_OUT );
        Properties:
        {
            int_type = "10"
            is_nmi = 0
        }
  Intr@ [IntrContainer=(0)][IntrId=(8)] 
    interrupt: Name =\UART_DBG:SCB_IRQ\
        PORT MAP (
            interrupt => Net_8 );
        Properties:
        {
            int_type = "10"
            is_nmi = 0
        }
  Intr@ [IntrContainer=(0)][IntrId=(9)] 
    interrupt: Name =\UART_GPS:SCB_IRQ\
        PORT MAP (
            interrupt => Net_31 );
        Properties:
        {
            int_type = "10"
            is_nmi = 0
        }
  Intr@ [IntrContainer=(0)][IntrId=(11)] 
    interrupt: Name =\UART_FC:SCB_IRQ\
        PORT MAP (
            interrupt => Net_332 );
        Properties:
        {
            int_type = "10"
            is_nmi = 0
        }
Drq container @ [DrqContainer=(0)]: empty
Port 0 contains the following IO cells:
[IoId=0]: 
Pin : Name = LED5(0)
    Attributes:
        In Group/Port: True
        In Sync Option: AUTO
        Out Sync Option: NOSYNC
        Interrupt generated: False
        Interrupt mode: NONE
        Drive mode: CMOS_OUT
        VTrip: EITHER
        Slew: FAST
        Input Sync needed: False
        Output Sync needed: False
        SC shield enabled: False
        POR State: ANY
        LCD Mode: COMMON
        Register Mode: RegComb
        CaSense Mode: NEITHER
        Treat as pin: True
        Is OE Registered: False
        Uses Analog: False
        Can contain Digital: True
        Is SIO: False
        SIO Output Buf: NONREGULATED
        SIO Input Buf: SINGLE_ENDED
        SIO HiFreq: LOW
        SIO Hyst: DISABLED
        SIO Vtrip: MULTIPLIER_0_5
        SIO Multiplier Index: 0
        SIO RefSel: VCC_IO
        Required Capabilities: DIGITAL
        Initial Value: 0
        IO Voltage: 0
    PORT MAP (
        pa_out => LED5(0)__PA ,
        pad => LED5(0)_PAD );
    Properties:
    {
    }

[IoId=1]: 
Pin : Name = LED4(0)
    Attributes:
        In Group/Port: True
        In Sync Option: AUTO
        Out Sync Option: NOSYNC
        Interrupt generated: False
        Interrupt mode: NONE
        Drive mode: CMOS_OUT
        VTrip: EITHER
        Slew: FAST
        Input Sync needed: False
        Output Sync needed: False
        SC shield enabled: False
        POR State: ANY
        LCD Mode: COMMON
        Register Mode: RegComb
        CaSense Mode: NEITHER
        Treat as pin: True
        Is OE Registered: False
        Uses Analog: False
        Can contain Digital: True
        Is SIO: False
        SIO Output Buf: NONREGULATED
        SIO Input Buf: SINGLE_ENDED
        SIO HiFreq: LOW
        SIO Hyst: DISABLED
        SIO Vtrip: MULTIPLIER_0_5
        SIO Multiplier Index: 0
        SIO RefSel: VCC_IO
        Required Capabilities: DIGITAL
        Initial Value: 0
        IO Voltage: 0
    PORT MAP (
        pa_out => LED4(0)__PA ,
        pad => LED4(0)_PAD );
    Properties:
    {
    }

[IoId=2]: 
Pin : Name = LED3(0)
    Attributes:
        In Group/Port: True
        In Sync Option: AUTO
        Out Sync Option: NOSYNC
        Interrupt generated: False
        Interrupt mode: NONE
        Drive mode: CMOS_OUT
        VTrip: EITHER
        Slew: FAST
        Input Sync needed: False
        Output Sync needed: False
        SC shield enabled: False
        POR State: ANY
        LCD Mode: COMMON
        Register Mode: RegComb
        CaSense Mode: NEITHER
        Treat as pin: True
        Is OE Registered: False
        Uses Analog: False
        Can contain Digital: True
        Is SIO: False
        SIO Output Buf: NONREGULATED
        SIO Input Buf: SINGLE_ENDED
        SIO HiFreq: LOW
        SIO Hyst: DISABLED
        SIO Vtrip: MULTIPLIER_0_5
        SIO Multiplier Index: 0
        SIO RefSel: VCC_IO
        Required Capabilities: DIGITAL
        Initial Value: 0
        IO Voltage: 0
    PORT MAP (
        pa_out => LED3(0)__PA ,
        pad => LED3(0)_PAD );
    Properties:
    {
    }

[IoId=3]: 
Pin : Name = LED2(0)
    Attributes:
        In Group/Port: True
        In Sync Option: AUTO
        Out Sync Option: NOSYNC
        Interrupt generated: False
        Interrupt mode: NONE
        Drive mode: CMOS_OUT
        VTrip: EITHER
        Slew: FAST
        Input Sync needed: False
        Output Sync needed: False
        SC shield enabled: False
        POR State: ANY
        LCD Mode: COMMON
        Register Mode: RegComb
        CaSense Mode: NEITHER
        Treat as pin: True
        Is OE Registered: False
        Uses Analog: False
        Can contain Digital: True
        Is SIO: False
        SIO Output Buf: NONREGULATED
        SIO Input Buf: SINGLE_ENDED
        SIO HiFreq: LOW
        SIO Hyst: DISABLED
        SIO Vtrip: MULTIPLIER_0_5
        SIO Multiplier Index: 0
        SIO RefSel: VCC_IO
        Required Capabilities: DIGITAL
        Initial Value: 0
        IO Voltage: 0
    PORT MAP (
        pa_out => LED2(0)__PA ,
        pad => LED2(0)_PAD );
    Properties:
    {
    }

[IoId=6]: 
Pin : Name = LED1(0)
    Attributes:
        In Group/Port: True
        In Sync Option: AUTO
        Out Sync Option: NOSYNC
        Interrupt generated: False
        Interrupt mode: NONE
        Drive mode: CMOS_OUT
        VTrip: EITHER
        Slew: FAST
        Input Sync needed: False
        Output Sync needed: False
        SC shield enabled: False
        POR State: ANY
        LCD Mode: COMMON
        Register Mode: RegComb
        CaSense Mode: NEITHER
        Treat as pin: True
        Is OE Registered: False
        Uses Analog: False
        Can contain Digital: True
        Is SIO: False
        SIO Output Buf: NONREGULATED
        SIO Input Buf: SINGLE_ENDED
        SIO HiFreq: LOW
        SIO Hyst: DISABLED
        SIO Vtrip: MULTIPLIER_0_5
        SIO Multiplier Index: 0
        SIO RefSel: VCC_IO
        Required Capabilities: DIGITAL
        Initial Value: 0
        IO Voltage: 0
    PORT MAP (
        pa_out => LED1(0)__PA ,
        pad => LED1(0)_PAD );
    Properties:
    {
    }

[IoId=7]: 
Pin : Name = LED0(0)
    Attributes:
        In Group/Port: True
        In Sync Option: AUTO
        Out Sync Option: NOSYNC
        Interrupt generated: False
        Interrupt mode: NONE
        Drive mode: CMOS_OUT
        VTrip: EITHER
        Slew: FAST
        Input Sync needed: False
        Output Sync needed: False
        SC shield enabled: False
        POR State: ANY
        LCD Mode: COMMON
        Register Mode: RegComb
        CaSense Mode: NEITHER
        Treat as pin: True
        Is OE Registered: False
        Uses Analog: False
        Can contain Digital: True
        Is SIO: False
        SIO Output Buf: NONREGULATED
        SIO Input Buf: SINGLE_ENDED
        SIO HiFreq: LOW
        SIO Hyst: DISABLED
        SIO Vtrip: MULTIPLIER_0_5
        SIO Multiplier Index: 0
        SIO RefSel: VCC_IO
        Required Capabilities: DIGITAL
        Initial Value: 0
        IO Voltage: 0
    PORT MAP (
        pa_out => LED0(0)__PA ,
        pad => LED0(0)_PAD );
    Properties:
    {
    }

Port 1 contains the following IO cells:
[IoId=0]: 
Pin : Name = \UART_DBG:rx(0)\
    Attributes:
        In Group/Port: True
        In Sync Option: NOSYNC
        Out Sync Option: AUTO
        Interrupt generated: False
        Interrupt mode: NONE
        Drive mode: HI_Z_DIGITAL
        VTrip: CMOS
        Slew: FAST
        Input Sync needed: False
        Output Sync needed: False
        SC shield enabled: False
        POR State: ANY
        LCD Mode: COMMON
        Register Mode: RegComb
        CaSense Mode: NEITHER
        Treat as pin: True
        Is OE Registered: False
        Uses Analog: False
        Can contain Digital: True
        Is SIO: False
        SIO Output Buf: NONREGULATED
        SIO Input Buf: SINGLE_ENDED
        SIO HiFreq: LOW
        SIO Hyst: DISABLED
        SIO Vtrip: MULTIPLIER_0_5
        SIO Multiplier Index: 0
        SIO RefSel: VCC_IO
        Required Capabilities: DIGITAL
        Initial Value: 0
        IO Voltage: 0
    PORT MAP (
        pa_out => \UART_DBG:rx(0)\__PA ,
        fb => \UART_DBG:rx_wire\ ,
        pad => \UART_DBG:rx(0)_PAD\ );
    Properties:
    {
    }

[IoId=1]: 
Pin : Name = \UART_DBG:tx(0)\
    Attributes:
        In Group/Port: True
        In Sync Option: NOSYNC
        Out Sync Option: NOSYNC
        Interrupt generated: False
        Interrupt mode: NONE
        Drive mode: CMOS_OUT
        VTrip: CMOS
        Slew: FAST
        Input Sync needed: False
        Output Sync needed: False
        SC shield enabled: False
        POR State: ANY
        LCD Mode: COMMON
        Register Mode: RegComb
        CaSense Mode: NEITHER
        Treat as pin: True
        Is OE Registered: False
        Uses Analog: False
        Can contain Digital: True
        Is SIO: False
        SIO Output Buf: NONREGULATED
        SIO Input Buf: SINGLE_ENDED
        SIO HiFreq: LOW
        SIO Hyst: DISABLED
        SIO Vtrip: MULTIPLIER_0_5
        SIO Multiplier Index: 0
        SIO RefSel: VCC_IO
        Required Capabilities: DIGITAL
        Initial Value: 1
        IO Voltage: 0
    PORT MAP (
        pa_out => \UART_DBG:tx(0)\__PA ,
        pin_input => \UART_DBG:tx_wire\ ,
        pad => \UART_DBG:tx(0)_PAD\ );
    Properties:
    {
    }

Port 2 contains the following IO cells:
Port 3 contains the following IO cells:
[IoId=0]: 
Pin : Name = \UART_GPS:rx(0)\
    Attributes:
        In Group/Port: True
        In Sync Option: NOSYNC
        Out Sync Option: AUTO
        Interrupt generated: False
        Interrupt mode: NONE
        Drive mode: HI_Z_DIGITAL
        VTrip: CMOS
        Slew: FAST
        Input Sync needed: False
        Output Sync needed: False
        SC shield enabled: False
        POR State: ANY
        LCD Mode: COMMON
        Register Mode: RegComb
        CaSense Mode: NEITHER
        Treat as pin: True
        Is OE Registered: False
        Uses Analog: False
        Can contain Digital: True
        Is SIO: False
        SIO Output Buf: NONREGULATED
        SIO Input Buf: SINGLE_ENDED
        SIO HiFreq: LOW
        SIO Hyst: DISABLED
        SIO Vtrip: MULTIPLIER_0_5
        SIO Multiplier Index: 0
        SIO RefSel: VCC_IO
        Required Capabilities: DIGITAL
        Initial Value: 0
        IO Voltage: 0
    PORT MAP (
        pa_out => \UART_GPS:rx(0)\__PA ,
        fb => \UART_GPS:rx_wire\ ,
        pad => \UART_GPS:rx(0)_PAD\ );
    Properties:
    {
    }

[IoId=1]: 
Pin : Name = \UART_GPS:tx(0)\
    Attributes:
        In Group/Port: True
        In Sync Option: NOSYNC
        Out Sync Option: NOSYNC
        Interrupt generated: False
        Interrupt mode: NONE
        Drive mode: CMOS_OUT
        VTrip: CMOS
        Slew: FAST
        Input Sync needed: False
        Output Sync needed: False
        SC shield enabled: False
        POR State: ANY
        LCD Mode: COMMON
        Register Mode: RegComb
        CaSense Mode: NEITHER
        Treat as pin: True
        Is OE Registered: False
        Uses Analog: False
        Can contain Digital: True
        Is SIO: False
        SIO Output Buf: NONREGULATED
        SIO Input Buf: SINGLE_ENDED
        SIO HiFreq: LOW
        SIO Hyst: DISABLED
        SIO Vtrip: MULTIPLIER_0_5
        SIO Multiplier Index: 0
        SIO RefSel: VCC_IO
        Required Capabilities: DIGITAL
        Initial Value: 1
        IO Voltage: 0
    PORT MAP (
        pa_out => \UART_GPS:tx(0)\__PA ,
        pin_input => \UART_GPS:tx_wire\ ,
        pad => \UART_GPS:tx(0)_PAD\ );
    Properties:
    {
    }

Port 4 contains the following IO cells:
[IoId=3]: 
Pin : Name = LED6(0)
    Attributes:
        In Group/Port: True
        In Sync Option: AUTO
        Out Sync Option: NOSYNC
        Interrupt generated: False
        Interrupt mode: NONE
        Drive mode: CMOS_OUT
        VTrip: EITHER
        Slew: FAST
        Input Sync needed: False
        Output Sync needed: False
        SC shield enabled: False
        POR State: ANY
        LCD Mode: COMMON
        Register Mode: RegComb
        CaSense Mode: NEITHER
        Treat as pin: True
        Is OE Registered: False
        Uses Analog: False
        Can contain Digital: True
        Is SIO: False
        SIO Output Buf: NONREGULATED
        SIO Input Buf: SINGLE_ENDED
        SIO HiFreq: LOW
        SIO Hyst: DISABLED
        SIO Vtrip: MULTIPLIER_0_5
        SIO Multiplier Index: 0
        SIO RefSel: VCC_IO
        Required Capabilities: DIGITAL
        Initial Value: 0
        IO Voltage: 0
    PORT MAP (
        pa_out => LED6(0)__PA ,
        pad => LED6(0)_PAD );
    Properties:
    {
    }

Port 7 contains the following IO cells:
[IoId=0]: 
Pin : Name = \UART_FC:rx(0)\
    Attributes:
        In Group/Port: True
        In Sync Option: NOSYNC
        Out Sync Option: AUTO
        Interrupt generated: False
        Interrupt mode: NONE
        Drive mode: HI_Z_DIGITAL
        VTrip: CMOS
        Slew: FAST
        Input Sync needed: False
        Output Sync needed: False
        SC shield enabled: False
        POR State: ANY
        LCD Mode: COMMON
        Register Mode: RegComb
        CaSense Mode: NEITHER
        Treat as pin: True
        Is OE Registered: False
        Uses Analog: False
        Can contain Digital: True
        Is SIO: False
        SIO Output Buf: NONREGULATED
        SIO Input Buf: SINGLE_ENDED
        SIO HiFreq: LOW
        SIO Hyst: DISABLED
        SIO Vtrip: MULTIPLIER_0_5
        SIO Multiplier Index: 0
        SIO RefSel: VCC_IO
        Required Capabilities: DIGITAL
        Initial Value: 0
        IO Voltage: 0
    PORT MAP (
        pa_out => \UART_FC:rx(0)\__PA ,
        fb => \UART_FC:rx_wire\ ,
        pad => \UART_FC:rx(0)_PAD\ );
    Properties:
    {
    }

[IoId=1]: 
Pin : Name = \UART_FC:tx(0)\
    Attributes:
        In Group/Port: True
        In Sync Option: NOSYNC
        Out Sync Option: NOSYNC
        Interrupt generated: False
        Interrupt mode: NONE
        Drive mode: CMOS_OUT
        VTrip: CMOS
        Slew: FAST
        Input Sync needed: False
        Output Sync needed: False
        SC shield enabled: False
        POR State: ANY
        LCD Mode: COMMON
        Register Mode: RegComb
        CaSense Mode: NEITHER
        Treat as pin: True
        Is OE Registered: False
        Uses Analog: False
        Can contain Digital: True
        Is SIO: False
        SIO Output Buf: NONREGULATED
        SIO Input Buf: SINGLE_ENDED
        SIO HiFreq: LOW
        SIO Hyst: DISABLED
        SIO Vtrip: MULTIPLIER_0_5
        SIO Multiplier Index: 0
        SIO RefSel: VCC_IO
        Required Capabilities: DIGITAL
        Initial Value: 1
        IO Voltage: 0
    PORT MAP (
        pa_out => \UART_FC:tx(0)\__PA ,
        pin_input => \UART_FC:tx_wire\ ,
        pad => \UART_FC:tx(0)_PAD\ );
    Properties:
    {
    }

ARM group 0: empty
Clock group 0: 
    Clock Block @ F(Clock,0): 
    m0s8clockblockcell: Name =ClockBlock
        PORT MAP (
            hfclk => ClockBlock_HFClk ,
            imo => ClockBlock_IMO ,
            ext => ClockBlock_ExtClk ,
            sysclk => ClockBlock_SysClk ,
            ilo => ClockBlock_ILO ,
            lfclk => ClockBlock_LFClk ,
            wco => ClockBlock_WCO ,
            dsi_in_0 => ClockBlock_Routed1 ,
            ff_div_2 => \UART_DBG:Net_847_ff2\ ,
            ff_div_3 => \UART_GPS:Net_847_ff3\ ,
            ff_div_4 => \UART_FC:Net_847_ff4\ );
        Properties:
        {
        }
LCD group 0: empty
PICU group 0: empty
LPCOMP group 0: empty
SCB group 0: 
    SCB Block @ F(SCB,0): 
    m0s8scbcell: Name =\UART_DBG:SCB\
        PORT MAP (
            clock => \UART_DBG:Net_847_ff2\ ,
            interrupt => Net_8 ,
            uart_rx => \UART_DBG:rx_wire\ ,
            uart_tx => \UART_DBG:tx_wire\ ,
            uart_rts => \UART_DBG:rts_wire\ ,
            mosi_m => \UART_DBG:mosi_m_wire\ ,
            select_m_3 => \UART_DBG:select_m_wire_3\ ,
            select_m_2 => \UART_DBG:select_m_wire_2\ ,
            select_m_1 => \UART_DBG:select_m_wire_1\ ,
            select_m_0 => \UART_DBG:select_m_wire_0\ ,
            sclk_m => \UART_DBG:sclk_m_wire\ ,
            miso_s => \UART_DBG:miso_s_wire\ ,
            tr_tx_req => Net_11 ,
            tr_rx_req => Net_10 );
        Properties:
        {
            cy_registers = ""
            scb_mode = 2
        }
    SCB Block @ F(SCB,1): 
    m0s8scbcell: Name =\UART_GPS:SCB\
        PORT MAP (
            clock => \UART_GPS:Net_847_ff3\ ,
            interrupt => Net_31 ,
            uart_rx => \UART_GPS:rx_wire\ ,
            uart_tx => \UART_GPS:tx_wire\ ,
            uart_rts => \UART_GPS:rts_wire\ ,
            mosi_m => \UART_GPS:mosi_m_wire\ ,
            select_m_3 => \UART_GPS:select_m_wire_3\ ,
            select_m_2 => \UART_GPS:select_m_wire_2\ ,
            select_m_1 => \UART_GPS:select_m_wire_1\ ,
            select_m_0 => \UART_GPS:select_m_wire_0\ ,
            sclk_m => \UART_GPS:sclk_m_wire\ ,
            miso_s => \UART_GPS:miso_s_wire\ ,
            tr_tx_req => Net_34 ,
            tr_rx_req => Net_33 );
        Properties:
        {
            cy_registers = ""
            scb_mode = 2
        }
    SCB Block @ F(SCB,3): 
    m0s8scbcell: Name =\UART_FC:SCB\
        PORT MAP (
            clock => \UART_FC:Net_847_ff4\ ,
            interrupt => Net_332 ,
            uart_rx => \UART_FC:rx_wire\ ,
            uart_tx => \UART_FC:tx_wire\ ,
            uart_rts => \UART_FC:rts_wire\ ,
            mosi_m => \UART_FC:mosi_m_wire\ ,
            select_m_3 => \UART_FC:select_m_wire_3\ ,
            select_m_2 => \UART_FC:select_m_wire_2\ ,
            select_m_1 => \UART_FC:select_m_wire_1\ ,
            select_m_0 => \UART_FC:select_m_wire_0\ ,
            sclk_m => \UART_FC:sclk_m_wire\ ,
            miso_s => \UART_FC:miso_s_wire\ ,
            tr_tx_req => Net_335 ,
            tr_rx_req => Net_334 );
        Properties:
        {
            cy_registers = ""
            scb_mode = 2
        }
CSD group 0: empty
CSIDAC8 group 0: empty
CSIDAC7 group 0: empty
TCPWM group 0: empty
OA group 0: empty
TEMP group 0: empty
SARADC group 0: empty
CLK_GEN group 0: 
    M0S8 Clock Gen Block @ F(CLK_GEN,0): 
    m0s8clockgenblockcell: Name =ClockGenBlock
        PORT MAP (
             );
        Properties:
        {
        }
LPCOMPBLOCK group 0: empty
PASSBLOCK group 0: empty
WCO group 0: empty
SRSS group 0: 
    SRSS Block @ F(SRSS,0): 
    m0s8srsscell: Name =SRSS
        PORT MAP (
            interrupt_wdt => WDT_INT_OUT );
        Properties:
        {
        }
CPUSS group 0: empty
IOSS group 0: empty
EXCO group 0: empty
</CYPRESSTAG>
<CYPRESSTAG name="Port Configuration Details">

------------------------------------------------------------
Port Configuration report
------------------------------------------------------------
     |     |       | Interrupt |                  |                  | 
Port | Pin | Fixed |      Type |       Drive Mode |             Name | Connections
-----+-----+-------+-----------+------------------+------------------+-----------------------
   0 |   0 |     * |      NONE |         CMOS_OUT |          LED5(0) | 
     |   1 |     * |      NONE |         CMOS_OUT |          LED4(0) | 
     |   2 |     * |      NONE |         CMOS_OUT |          LED3(0) | 
     |   3 |     * |      NONE |         CMOS_OUT |          LED2(0) | 
     |   6 |     * |      NONE |         CMOS_OUT |          LED1(0) | 
     |   7 |     * |      NONE |         CMOS_OUT |          LED0(0) | 
-----+-----+-------+-----------+------------------+------------------+-----------------------
   1 |   0 |     * |      NONE |     HI_Z_DIGITAL | \UART_DBG:rx(0)\ | FB(\UART_DBG:rx_wire\)
     |   1 |     * |      NONE |         CMOS_OUT | \UART_DBG:tx(0)\ | In(\UART_DBG:tx_wire\)
-----+-----+-------+-----------+------------------+------------------+-----------------------
   3 |   0 |     * |      NONE |     HI_Z_DIGITAL | \UART_GPS:rx(0)\ | FB(\UART_GPS:rx_wire\)
     |   1 |     * |      NONE |         CMOS_OUT | \UART_GPS:tx(0)\ | In(\UART_GPS:tx_wire\)
-----+-----+-------+-----------+------------------+------------------+-----------------------
   4 |   3 |     * |      NONE |         CMOS_OUT |          LED6(0) | 
-----+-----+-------+-----------+------------------+------------------+-----------------------
   7 |   0 |     * |      NONE |     HI_Z_DIGITAL |  \UART_FC:rx(0)\ | FB(\UART_FC:rx_wire\)
     |   1 |     * |      NONE |         CMOS_OUT |  \UART_FC:tx(0)\ | In(\UART_FC:tx_wire\)
---------------------------------------------------------------------------------------------
</CYPRESSTAG>
</CYPRESSTAG>
</CYPRESSTAG>
Digital component placer commit/Report: Elapsed time ==> 0s.017ms
Digital Placement phase: Elapsed time ==> 0s.503ms
</CYPRESSTAG>
<CYPRESSTAG name="Digital Routing">
"E:\Acads\UWM\PSoC Creator\4.4\PSoC Creator\bin/sjrouter.exe" --xml-path "E:\Acads\UWM\PSoC Creator\4.4\PSoC Creator\dev\psoc4/4/route_arch-rrg.cydata" --vh2-path "PathController_r.vh2" --pcf-path "PathController.pco" --des-name "PathController" --dsf-path "PathController.dsf" --sdc-path "PathController.sdc" --lib-path "PathController_r.lib"
Routing successful.
Digital Routing phase: Elapsed time ==> 0s.638ms
</CYPRESSTAG>
<CYPRESSTAG name="Bitstream Generation">
Bitstream Generation phase: Elapsed time ==> 0s.254ms
</CYPRESSTAG>
<CYPRESSTAG name="Bitstream Verification">
Bitstream Verification phase: Elapsed time ==> 0s.020ms
</CYPRESSTAG>
<CYPRESSTAG name="Static timing analysis">
Timing report is in PathController_timing.html.
Static timing analysis phase: Elapsed time ==> 0s.154ms
</CYPRESSTAG>
<CYPRESSTAG name="Data reporting">
Data reporting phase: Elapsed time ==> 0s.000ms
</CYPRESSTAG>
<CYPRESSTAG name="Database update...">
Design database save phase: Elapsed time ==> 0s.228ms
</CYPRESSTAG>
cydsfit: Elapsed time ==> 2s.560ms
</CYPRESSTAG>
Fitter phase: Elapsed time ==> 2s.562ms
API generation phase: Elapsed time ==> 2s.664ms
Dependency generation phase: Elapsed time ==> 0s.019ms
Cleanup phase: Elapsed time ==> 0s.001ms
