ARM GAS  C:\Users\SAIKAR~1\AppData\Local\Temp\ccHaLbQN.s 			page 1


   1              		.syntax unified
   2              		.cpu cortex-m0
   3              		.fpu softvfp
   4              		.eabi_attribute 20, 1
   5              		.eabi_attribute 21, 1
   6              		.eabi_attribute 23, 3
   7              		.eabi_attribute 24, 1
   8              		.eabi_attribute 25, 1
   9              		.eabi_attribute 26, 1
  10              		.eabi_attribute 30, 1
  11              		.eabi_attribute 34, 0
  12              		.eabi_attribute 18, 4
  13              		.thumb
  14              		.syntax unified
  15              		.file	"cordic.c"
  16              		.text
  17              	.Ltext0:
  18              		.cfi_sections	.debug_frame
  19              		.section	.text.cordic_atan2_core,"ax",%progbits
  20              		.align	2
  21              		.code	16
  22              		.thumb_func
  23              		.type	cordic_atan2_core, %function
  24              	cordic_atan2_core:
  25              	.LFB0:
  26              		.file 1 "cordic.c"
   1:cordic.c      **** #include "cordic.h"
   2:cordic.c      **** 
   3:cordic.c      **** #include <stdint.h>
   4:cordic.c      **** #include <math.h>
   5:cordic.c      **** 
   6:cordic.c      **** typedef int32_t fixed_t;
   7:cordic.c      **** 
   8:cordic.c      **** #define DOUBLE_TO_FIXED(d) ((fixed_t)(d) * (1 << 16))
   9:cordic.c      **** #define FIXED_TO_DOUBLE(f) ((double)(f) / (1 << 16))
  10:cordic.c      **** 
  11:cordic.c      **** #ifndef M_PI
  12:cordic.c      **** #define M_PI 3.14159265358979323846
  13:cordic.c      **** #endif
  14:cordic.c      **** 
  15:cordic.c      **** #ifndef M_PI_2
  16:cordic.c      **** #define M_PI_2 (M_PI / 2.0)
  17:cordic.c      **** #endif
  18:cordic.c      **** 
  19:cordic.c      **** #define CORDIC_ITERATIONS 16
  20:cordic.c      **** 
  21:cordic.c      **** static const fixed_t cordic_angle_table[CORDIC_ITERATIONS] = {
  22:cordic.c      ****     51472, 30386, 16054, 8150, 4091, 2047, 1024, 512,
  23:cordic.c      ****     256, 128, 64, 32, 16, 8, 4, 2};
  24:cordic.c      **** 
  25:cordic.c      **** #define CORDIC_K_INV 39734
  26:cordic.c      **** 
  27:cordic.c      **** static fixed_t cordic_atan2_core(fixed_t y, fixed_t x)
  28:cordic.c      **** {
  27              		.loc 1 28 0
  28              		.cfi_startproc
  29              		@ args = 0, pretend = 0, frame = 0
ARM GAS  C:\Users\SAIKAR~1\AppData\Local\Temp\ccHaLbQN.s 			page 2


  30              		@ frame_needed = 0, uses_anonymous_args = 0
  31              	.LVL0:
  32 0000 F0B5     		push	{r4, r5, r6, r7, lr}
  33              		.cfi_def_cfa_offset 20
  34              		.cfi_offset 4, -20
  35              		.cfi_offset 5, -16
  36              		.cfi_offset 6, -12
  37              		.cfi_offset 7, -8
  38              		.cfi_offset 14, -4
  39 0002 0200     		movs	r2, r0
  40              	.LVL1:
  29:cordic.c      ****     fixed_t z_angle = 0;
  30:cordic.c      ****     fixed_t x_new, y_new;
  31:cordic.c      ****     int i, sign;
  32:cordic.c      **** 
  33:cordic.c      ****     if (x < 0)
  41              		.loc 1 33 0
  42 0004 0029     		cmp	r1, #0
  43 0006 07DA     		bge	.L7
  34:cordic.c      ****     {
  35:cordic.c      ****         if (y >= 0)
  44              		.loc 1 35 0
  45 0008 0028     		cmp	r0, #0
  46 000a 08DB     		blt	.L3
  47              	.LVL2:
  36:cordic.c      ****         {
  37:cordic.c      ****             x_new = y;
  38:cordic.c      ****             y_new = -x;
  48              		.loc 1 38 0
  49 000c 4B42     		rsbs	r3, r1, #0
  50              	.LVL3:
  37:cordic.c      ****             y_new = -x;
  51              		.loc 1 37 0
  52 000e 0100     		movs	r1, r0
  53              	.LVL4:
  54              		.loc 1 38 0
  55 0010 1A00     		movs	r2, r3
  39:cordic.c      ****             z_angle = DOUBLE_TO_FIXED(M_PI_2);
  56              		.loc 1 39 0
  57 0012 8020     		movs	r0, #128
  58              	.LVL5:
  59 0014 4002     		lsls	r0, r0, #9
  60 0016 00E0     		b	.L2
  61              	.LVL6:
  62              	.L7:
  29:cordic.c      ****     fixed_t x_new, y_new;
  63              		.loc 1 29 0
  64 0018 0020     		movs	r0, #0
  65              	.LVL7:
  66              	.L2:
  40:cordic.c      ****         }
  41:cordic.c      ****         else
  42:cordic.c      ****         {
  43:cordic.c      ****             x_new = -y;
  44:cordic.c      ****             y_new = x;
  45:cordic.c      ****             z_angle = -DOUBLE_TO_FIXED(M_PI_2);
  46:cordic.c      ****         }
ARM GAS  C:\Users\SAIKAR~1\AppData\Local\Temp\ccHaLbQN.s 			page 3


  47:cordic.c      ****         x = x_new;
  48:cordic.c      ****         y = y_new;
  49:cordic.c      ****     }
  50:cordic.c      **** 
  51:cordic.c      ****     for (i = 0; i < CORDIC_ITERATIONS; ++i)
  52:cordic.c      ****     {
  53:cordic.c      ****         sign = (y < 0) ? -1 : 1;
  67              		.loc 1 53 0 discriminator 2
  68 001a 0023     		movs	r3, #0
  69 001c 18E0     		b	.L4
  70              	.LVL8:
  71              	.L3:
  43:cordic.c      ****             y_new = x;
  72              		.loc 1 43 0
  73 001e 4342     		rsbs	r3, r0, #0
  74              	.LVL9:
  44:cordic.c      ****             z_angle = -DOUBLE_TO_FIXED(M_PI_2);
  75              		.loc 1 44 0
  76 0020 0A00     		movs	r2, r1
  43:cordic.c      ****             y_new = x;
  77              		.loc 1 43 0
  78 0022 1900     		movs	r1, r3
  79              	.LVL10:
  45:cordic.c      ****         }
  80              		.loc 1 45 0
  81 0024 0C48     		ldr	r0, .L9
  82              	.LVL11:
  83 0026 F8E7     		b	.L2
  84              	.LVL12:
  85              	.L6:
  86              		.loc 1 53 0
  87 0028 002A     		cmp	r2, #0
  88 002a 02DA     		bge	.L8
  89 002c 0126     		movs	r6, #1
  90 002e 7642     		rsbs	r6, r6, #0
  91 0030 00E0     		b	.L5
  92              	.L8:
  93 0032 0126     		movs	r6, #1
  94              	.L5:
  95              	.LVL13:
  54:cordic.c      ****         x_new = x + (sign * (y >> i));
  96              		.loc 1 54 0 discriminator 4
  97 0034 1400     		movs	r4, r2
  98 0036 1C41     		asrs	r4, r4, r3
  99 0038 7443     		muls	r4, r6
 100              	.LVL14:
  55:cordic.c      ****         y_new = y - (sign * (x >> i));
 101              		.loc 1 55 0 discriminator 4
 102 003a 0D00     		movs	r5, r1
 103 003c 1D41     		asrs	r5, r5, r3
 104 003e 7543     		muls	r5, r6
 105 0040 521B     		subs	r2, r2, r5
 106              	.LVL15:
  56:cordic.c      ****         z_angle -= sign * cordic_angle_table[i];
 107              		.loc 1 56 0 discriminator 4
 108 0042 9F00     		lsls	r7, r3, #2
 109 0044 054D     		ldr	r5, .L9+4
ARM GAS  C:\Users\SAIKAR~1\AppData\Local\Temp\ccHaLbQN.s 			page 4


 110 0046 7D59     		ldr	r5, [r7, r5]
 111 0048 7543     		muls	r5, r6
 112 004a 401B     		subs	r0, r0, r5
 113              	.LVL16:
  51:cordic.c      ****     {
 114              		.loc 1 51 0 discriminator 4
 115 004c 0133     		adds	r3, r3, #1
 116              	.LVL17:
  57:cordic.c      ****         x = x_new;
 117              		.loc 1 57 0 discriminator 4
 118 004e 0919     		adds	r1, r1, r4
 119              	.LVL18:
 120              	.L4:
  51:cordic.c      ****     {
 121              		.loc 1 51 0 discriminator 2
 122 0050 0F2B     		cmp	r3, #15
 123 0052 E9DD     		ble	.L6
  58:cordic.c      ****         y = y_new;
  59:cordic.c      ****     }
  60:cordic.c      ****     return z_angle;
  61:cordic.c      **** }
 124              		.loc 1 61 0
 125              		@ sp needed
 126 0054 F0BD     		pop	{r4, r5, r6, r7, pc}
 127              	.L10:
 128 0056 C046     		.align	2
 129              	.L9:
 130 0058 0000FFFF 		.word	-65536
 131 005c 00000000 		.word	.LANCHOR0
 132              		.cfi_endproc
 133              	.LFE0:
 134              		.size	cordic_atan2_core, .-cordic_atan2_core
 135              		.section	.text.cordic_sincos_core,"ax",%progbits
 136              		.align	2
 137              		.code	16
 138              		.thumb_func
 139              		.type	cordic_sincos_core, %function
 140              	cordic_sincos_core:
 141              	.LFB1:
  62:cordic.c      **** 
  63:cordic.c      **** static void cordic_sincos_core(fixed_t angle, fixed_t *s, fixed_t *c)
  64:cordic.c      **** {
 142              		.loc 1 64 0
 143              		.cfi_startproc
 144              		@ args = 0, pretend = 0, frame = 0
 145              		@ frame_needed = 0, uses_anonymous_args = 0
 146              	.LVL19:
 147 0000 F0B5     		push	{r4, r5, r6, r7, lr}
 148              		.cfi_def_cfa_offset 20
 149              		.cfi_offset 4, -20
 150              		.cfi_offset 5, -16
 151              		.cfi_offset 6, -12
 152              		.cfi_offset 7, -8
 153              		.cfi_offset 14, -4
 154 0002 4746     		mov	r7, r8
 155 0004 80B4     		push	{r7}
 156              		.cfi_def_cfa_offset 24
ARM GAS  C:\Users\SAIKAR~1\AppData\Local\Temp\ccHaLbQN.s 			page 5


 157              		.cfi_offset 8, -24
 158 0006 8846     		mov	r8, r1
 159 0008 9446     		mov	ip, r2
 160              	.LVL20:
  65:cordic.c      ****     fixed_t x, y, z;
  66:cordic.c      ****     fixed_t x_new, y_new;
  67:cordic.c      ****     int i, sign;
  68:cordic.c      **** 
  69:cordic.c      ****     x = CORDIC_K_INV;
  70:cordic.c      ****     y = 0;
  71:cordic.c      ****     z = angle;
  72:cordic.c      **** 
  73:cordic.c      ****     for (i = 0; i < CORDIC_ITERATIONS; ++i)
 161              		.loc 1 73 0
 162 000a 0023     		movs	r3, #0
  70:cordic.c      ****     z = angle;
 163              		.loc 1 70 0
 164 000c 0027     		movs	r7, #0
  69:cordic.c      ****     y = 0;
 165              		.loc 1 69 0
 166 000e 0F4A     		ldr	r2, .L16
 167              	.LVL21:
 168              		.loc 1 73 0
 169 0010 13E0     		b	.L12
 170              	.LVL22:
 171              	.L14:
  74:cordic.c      ****     {
  75:cordic.c      ****         sign = (z < 0) ? -1 : 1;
 172              		.loc 1 75 0
 173 0012 0028     		cmp	r0, #0
 174 0014 02DA     		bge	.L15
 175 0016 0126     		movs	r6, #1
 176 0018 7642     		rsbs	r6, r6, #0
 177 001a 00E0     		b	.L13
 178              	.L15:
 179 001c 0126     		movs	r6, #1
 180              	.L13:
 181              	.LVL23:
  76:cordic.c      ****         x_new = x - (sign * (y >> i));
 182              		.loc 1 76 0 discriminator 4
 183 001e 3C00     		movs	r4, r7
 184 0020 1C41     		asrs	r4, r4, r3
 185 0022 7443     		muls	r4, r6
 186              	.LVL24:
  77:cordic.c      ****         y_new = y + (sign * (x >> i));
 187              		.loc 1 77 0 discriminator 4
 188 0024 1500     		movs	r5, r2
 189 0026 1D41     		asrs	r5, r5, r3
 190 0028 7543     		muls	r5, r6
 191 002a 7F19     		adds	r7, r7, r5
 192              	.LVL25:
  78:cordic.c      ****         z -= sign * cordic_angle_table[i];
 193              		.loc 1 78 0 discriminator 4
 194 002c 9900     		lsls	r1, r3, #2
 195 002e 084D     		ldr	r5, .L16+4
 196 0030 4D59     		ldr	r5, [r1, r5]
 197 0032 7543     		muls	r5, r6
ARM GAS  C:\Users\SAIKAR~1\AppData\Local\Temp\ccHaLbQN.s 			page 6


 198 0034 401B     		subs	r0, r0, r5
 199              	.LVL26:
  73:cordic.c      ****     {
 200              		.loc 1 73 0 discriminator 4
 201 0036 0133     		adds	r3, r3, #1
 202              	.LVL27:
  79:cordic.c      ****         x = x_new;
 203              		.loc 1 79 0 discriminator 4
 204 0038 121B     		subs	r2, r2, r4
 205              	.LVL28:
 206              	.L12:
  73:cordic.c      ****     {
 207              		.loc 1 73 0 discriminator 2
 208 003a 0F2B     		cmp	r3, #15
 209 003c E9DD     		ble	.L14
  80:cordic.c      ****         y = y_new;
  81:cordic.c      ****     }
  82:cordic.c      ****     *c = x;
 210              		.loc 1 82 0
 211 003e 6346     		mov	r3, ip
 212              	.LVL29:
 213 0040 1A60     		str	r2, [r3]
  83:cordic.c      ****     *s = y;
 214              		.loc 1 83 0
 215 0042 4346     		mov	r3, r8
 216 0044 1F60     		str	r7, [r3]
  84:cordic.c      **** }
 217              		.loc 1 84 0
 218              		@ sp needed
 219              	.LVL30:
 220              	.LVL31:
 221 0046 04BC     		pop	{r2}
 222 0048 9046     		mov	r8, r2
 223 004a F0BD     		pop	{r4, r5, r6, r7, pc}
 224              	.L17:
 225              		.align	2
 226              	.L16:
 227 004c 369B0000 		.word	39734
 228 0050 00000000 		.word	.LANCHOR0
 229              		.cfi_endproc
 230              	.LFE1:
 231              		.size	cordic_sincos_core, .-cordic_sincos_core
 232              		.global	__aeabi_d2iz
 233              		.global	__aeabi_i2d
 234              		.global	__aeabi_dmul
 235              		.section	.text.fast_atan2,"ax",%progbits
 236              		.align	2
 237              		.global	fast_atan2
 238              		.code	16
 239              		.thumb_func
 240              		.type	fast_atan2, %function
 241              	fast_atan2:
 242              	.LFB2:
  85:cordic.c      **** 
  86:cordic.c      **** double fast_atan2(double y, double x)
  87:cordic.c      **** {
 243              		.loc 1 87 0
ARM GAS  C:\Users\SAIKAR~1\AppData\Local\Temp\ccHaLbQN.s 			page 7


 244              		.cfi_startproc
 245              		@ args = 0, pretend = 0, frame = 0
 246              		@ frame_needed = 0, uses_anonymous_args = 0
 247              	.LVL32:
 248 0000 D0B5     		push	{r4, r6, r7, lr}
 249              		.cfi_def_cfa_offset 16
 250              		.cfi_offset 4, -16
 251              		.cfi_offset 6, -12
 252              		.cfi_offset 7, -8
 253              		.cfi_offset 14, -4
 254 0002 1600     		movs	r6, r2
 255 0004 1F00     		movs	r7, r3
  88:cordic.c      ****     fixed_t y_fixed = DOUBLE_TO_FIXED(y);
 256              		.loc 1 88 0
 257 0006 FFF7FEFF 		bl	__aeabi_d2iz
 258              	.LVL33:
 259 000a 0404     		lsls	r4, r0, #16
 260              	.LVL34:
  89:cordic.c      ****     fixed_t x_fixed = DOUBLE_TO_FIXED(x);
 261              		.loc 1 89 0
 262 000c 3000     		movs	r0, r6
 263 000e 3900     		movs	r1, r7
 264 0010 FFF7FEFF 		bl	__aeabi_d2iz
 265              	.LVL35:
 266 0014 0104     		lsls	r1, r0, #16
 267              	.LVL36:
  90:cordic.c      ****     fixed_t angle_fixed = cordic_atan2_core(y_fixed, x_fixed);
 268              		.loc 1 90 0
 269 0016 2000     		movs	r0, r4
 270 0018 FFF7FEFF 		bl	cordic_atan2_core
 271              	.LVL37:
  91:cordic.c      ****     return FIXED_TO_DOUBLE(angle_fixed);
 272              		.loc 1 91 0
 273 001c FFF7FEFF 		bl	__aeabi_i2d
 274              	.LVL38:
 275 0020 0022     		movs	r2, #0
 276 0022 024B     		ldr	r3, .L19
 277 0024 FFF7FEFF 		bl	__aeabi_dmul
 278              	.LVL39:
  92:cordic.c      **** }
 279              		.loc 1 92 0
 280              		@ sp needed
 281              	.LVL40:
 282 0028 D0BD     		pop	{r4, r6, r7, pc}
 283              	.L20:
 284 002a C046     		.align	2
 285              	.L19:
 286 002c 0000F03E 		.word	1055916032
 287              		.cfi_endproc
 288              	.LFE2:
 289              		.size	fast_atan2, .-fast_atan2
 290              		.global	__aeabi_dadd
 291              		.global	__aeabi_dsub
 292              		.section	.text.fast_sincos,"ax",%progbits
 293              		.align	2
 294              		.global	fast_sincos
 295              		.code	16
ARM GAS  C:\Users\SAIKAR~1\AppData\Local\Temp\ccHaLbQN.s 			page 8


 296              		.thumb_func
 297              		.type	fast_sincos, %function
 298              	fast_sincos:
 299              	.LFB3:
  93:cordic.c      **** 
  94:cordic.c      **** void fast_sincos(double angle, double *s, double *c)
  95:cordic.c      **** {
 300              		.loc 1 95 0
 301              		.cfi_startproc
 302              		@ args = 0, pretend = 0, frame = 8
 303              		@ frame_needed = 0, uses_anonymous_args = 0
 304              	.LVL41:
 305 0000 30B5     		push	{r4, r5, lr}
 306              		.cfi_def_cfa_offset 12
 307              		.cfi_offset 4, -12
 308              		.cfi_offset 5, -8
 309              		.cfi_offset 14, -4
 310 0002 83B0     		sub	sp, sp, #12
 311              		.cfi_def_cfa_offset 24
 312 0004 1500     		movs	r5, r2
 313 0006 1C00     		movs	r4, r3
  96:cordic.c      ****     angle = fmod(angle + M_PI, 2.0 * M_PI) - M_PI;
 314              		.loc 1 96 0
 315 0008 134A     		ldr	r2, .L22
 316              	.LVL42:
 317 000a 144B     		ldr	r3, .L22+4
 318              	.LVL43:
 319 000c FFF7FEFF 		bl	__aeabi_dadd
 320              	.LVL44:
 321 0010 114A     		ldr	r2, .L22
 322 0012 134B     		ldr	r3, .L22+8
 323 0014 FFF7FEFF 		bl	fmod
 324              	.LVL45:
 325 0018 0F4A     		ldr	r2, .L22
 326 001a 104B     		ldr	r3, .L22+4
 327 001c FFF7FEFF 		bl	__aeabi_dsub
 328              	.LVL46:
  97:cordic.c      ****     fixed_t angle_fixed = DOUBLE_TO_FIXED(angle);
 329              		.loc 1 97 0
 330 0020 FFF7FEFF 		bl	__aeabi_d2iz
 331              	.LVL47:
 332 0024 0004     		lsls	r0, r0, #16
 333              	.LVL48:
  98:cordic.c      ****     fixed_t s_fixed, c_fixed;
  99:cordic.c      ****     cordic_sincos_core(angle_fixed, &s_fixed, &c_fixed);
 334              		.loc 1 99 0
 335 0026 6A46     		mov	r2, sp
 336 0028 01A9     		add	r1, sp, #4
 337 002a FFF7FEFF 		bl	cordic_sincos_core
 338              	.LVL49:
 100:cordic.c      ****     *s = FIXED_TO_DOUBLE(s_fixed);
 339              		.loc 1 100 0
 340 002e 0198     		ldr	r0, [sp, #4]
 341 0030 FFF7FEFF 		bl	__aeabi_i2d
 342              	.LVL50:
 343 0034 0022     		movs	r2, #0
 344 0036 0B4B     		ldr	r3, .L22+12
ARM GAS  C:\Users\SAIKAR~1\AppData\Local\Temp\ccHaLbQN.s 			page 9


 345 0038 FFF7FEFF 		bl	__aeabi_dmul
 346              	.LVL51:
 347 003c 2860     		str	r0, [r5]
 348 003e 6960     		str	r1, [r5, #4]
 101:cordic.c      ****     *c = FIXED_TO_DOUBLE(c_fixed);
 349              		.loc 1 101 0
 350 0040 0098     		ldr	r0, [sp]
 351 0042 FFF7FEFF 		bl	__aeabi_i2d
 352              	.LVL52:
 353 0046 0022     		movs	r2, #0
 354 0048 064B     		ldr	r3, .L22+12
 355 004a FFF7FEFF 		bl	__aeabi_dmul
 356              	.LVL53:
 357 004e 2060     		str	r0, [r4]
 358 0050 6160     		str	r1, [r4, #4]
 102:cordic.c      **** }...
 359              		.loc 1 102 0
 360 0052 03B0     		add	sp, sp, #12
 361              		@ sp needed
 362              	.LVL54:
 363              	.LVL55:
 364 0054 30BD     		pop	{r4, r5, pc}
 365              	.L23:
 366 0056 C046     		.align	2
 367              	.L22:
 368 0058 182D4454 		.word	1413754136
 369 005c FB210940 		.word	1074340347
 370 0060 FB211940 		.word	1075388923
 371 0064 0000F03E 		.word	1055916032
 372              		.cfi_endproc
 373              	.LFE3:
 374              		.size	fast_sincos, .-fast_sincos
 375              		.section	.rodata
 376              		.align	2
 377              		.set	.LANCHOR0,. + 0
 378              		.type	cordic_angle_table, %object
 379              		.size	cordic_angle_table, 64
 380              	cordic_angle_table:
 381 0000 10C90000 		.word	51472
 382 0004 B2760000 		.word	30386
 383 0008 B63E0000 		.word	16054
 384 000c D61F0000 		.word	8150
 385 0010 FB0F0000 		.word	4091
 386 0014 FF070000 		.word	2047
 387 0018 00040000 		.word	1024
 388 001c 00020000 		.word	512
 389 0020 00010000 		.word	256
 390 0024 80000000 		.word	128
 391 0028 40000000 		.word	64
 392 002c 20000000 		.word	32
 393 0030 10000000 		.word	16
 394 0034 08000000 		.word	8
 395 0038 04000000 		.word	4
 396 003c 02000000 		.word	2
 397              		.text
 398              	.Letext0:
 399              		.file 2 "e:\\acads\\uwm\\psoc creator\\4.4\\psoc creator\\import\\gnu\\arm\\5.4.1\\arm-none-eabi\\
ARM GAS  C:\Users\SAIKAR~1\AppData\Local\Temp\ccHaLbQN.s 			page 10


 400              		.file 3 "e:\\acads\\uwm\\psoc creator\\4.4\\psoc creator\\import\\gnu\\arm\\5.4.1\\arm-none-eabi\\
 401              		.file 4 "e:\\acads\\uwm\\psoc creator\\4.4\\psoc creator\\import\\gnu\\arm\\5.4.1\\arm-none-eabi\\
 402              		.section	.debug_info,"",%progbits
 403              	.Ldebug_info0:
 404 0000 01030000 		.4byte	0x301
 405 0004 0400     		.2byte	0x4
 406 0006 00000000 		.4byte	.Ldebug_abbrev0
 407 000a 04       		.byte	0x4
 408 000b 01       		.uleb128 0x1
 409 000c D0000000 		.4byte	.LASF28
 410 0010 0C       		.byte	0xc
 411 0011 C7000000 		.4byte	.LASF29
 412 0015 5E010000 		.4byte	.LASF30
 413 0019 00000000 		.4byte	.Ldebug_ranges0+0
 414 001d 00000000 		.4byte	0
 415 0021 00000000 		.4byte	.Ldebug_line0
 416 0025 02       		.uleb128 0x2
 417 0026 08       		.byte	0x8
 418 0027 04       		.byte	0x4
 419 0028 74000000 		.4byte	.LASF0
 420 002c 02       		.uleb128 0x2
 421 002d 01       		.byte	0x1
 422 002e 06       		.byte	0x6
 423 002f 04020000 		.4byte	.LASF1
 424 0033 02       		.uleb128 0x2
 425 0034 01       		.byte	0x1
 426 0035 08       		.byte	0x8
 427 0036 2A000000 		.4byte	.LASF2
 428 003a 02       		.uleb128 0x2
 429 003b 02       		.byte	0x2
 430 003c 05       		.byte	0x5
 431 003d CB010000 		.4byte	.LASF3
 432 0041 02       		.uleb128 0x2
 433 0042 02       		.byte	0x2
 434 0043 07       		.byte	0x7
 435 0044 56000000 		.4byte	.LASF4
 436 0048 03       		.uleb128 0x3
 437 0049 05000000 		.4byte	.LASF10
 438 004d 02       		.byte	0x2
 439 004e 3F       		.byte	0x3f
 440 004f 53000000 		.4byte	0x53
 441 0053 02       		.uleb128 0x2
 442 0054 04       		.byte	0x4
 443 0055 05       		.byte	0x5
 444 0056 DD010000 		.4byte	.LASF5
 445 005a 02       		.uleb128 0x2
 446 005b 04       		.byte	0x4
 447 005c 07       		.byte	0x7
 448 005d 44000000 		.4byte	.LASF6
 449 0061 02       		.uleb128 0x2
 450 0062 08       		.byte	0x8
 451 0063 05       		.byte	0x5
 452 0064 A2010000 		.4byte	.LASF7
 453 0068 02       		.uleb128 0x2
 454 0069 08       		.byte	0x8
 455 006a 07       		.byte	0x7
 456 006b A8000000 		.4byte	.LASF8
ARM GAS  C:\Users\SAIKAR~1\AppData\Local\Temp\ccHaLbQN.s 			page 11


 457 006f 04       		.uleb128 0x4
 458 0070 04       		.byte	0x4
 459 0071 05       		.byte	0x5
 460 0072 696E7400 		.ascii	"int\000"
 461 0076 02       		.uleb128 0x2
 462 0077 04       		.byte	0x4
 463 0078 07       		.byte	0x7
 464 0079 9B000000 		.4byte	.LASF9
 465 007d 03       		.uleb128 0x3
 466 007e 17000000 		.4byte	.LASF11
 467 0082 03       		.byte	0x3
 468 0083 2C       		.byte	0x2c
 469 0084 48000000 		.4byte	0x48
 470 0088 02       		.uleb128 0x2
 471 0089 08       		.byte	0x8
 472 008a 04       		.byte	0x4
 473 008b F8010000 		.4byte	.LASF12
 474 008f 02       		.uleb128 0x2
 475 0090 04       		.byte	0x4
 476 0091 07       		.byte	0x7
 477 0092 99010000 		.4byte	.LASF13
 478 0096 02       		.uleb128 0x2
 479 0097 01       		.byte	0x1
 480 0098 08       		.byte	0x8
 481 0099 00000000 		.4byte	.LASF14
 482 009d 02       		.uleb128 0x2
 483 009e 04       		.byte	0x4
 484 009f 04       		.byte	0x4
 485 00a0 24000000 		.4byte	.LASF15
 486 00a4 03       		.uleb128 0x3
 487 00a5 D5010000 		.4byte	.LASF16
 488 00a9 01       		.byte	0x1
 489 00aa 06       		.byte	0x6
 490 00ab 7D000000 		.4byte	0x7d
 491 00af 05       		.uleb128 0x5
 492 00b0 E6010000 		.4byte	.LASF31
 493 00b4 01       		.byte	0x1
 494 00b5 1B       		.byte	0x1b
 495 00b6 A4000000 		.4byte	0xa4
 496 00ba 00000000 		.4byte	.LFB0
 497 00be 60000000 		.4byte	.LFE0-.LFB0
 498 00c2 01       		.uleb128 0x1
 499 00c3 9C       		.byte	0x9c
 500 00c4 2A010000 		.4byte	0x12a
 501 00c8 06       		.uleb128 0x6
 502 00c9 7900     		.ascii	"y\000"
 503 00cb 01       		.byte	0x1
 504 00cc 1B       		.byte	0x1b
 505 00cd A4000000 		.4byte	0xa4
 506 00d1 00000000 		.4byte	.LLST0
 507 00d5 06       		.uleb128 0x6
 508 00d6 7800     		.ascii	"x\000"
 509 00d8 01       		.byte	0x1
 510 00d9 1B       		.byte	0x1b
 511 00da A4000000 		.4byte	0xa4
 512 00de 66000000 		.4byte	.LLST1
 513 00e2 07       		.uleb128 0x7
ARM GAS  C:\Users\SAIKAR~1\AppData\Local\Temp\ccHaLbQN.s 			page 12


 514 00e3 7B000000 		.4byte	.LASF17
 515 00e7 01       		.byte	0x1
 516 00e8 1D       		.byte	0x1d
 517 00e9 A4000000 		.4byte	0xa4
 518 00ed DC000000 		.4byte	.LLST2
 519 00f1 07       		.uleb128 0x7
 520 00f2 95000000 		.4byte	.LASF18
 521 00f6 01       		.byte	0x1
 522 00f7 1E       		.byte	0x1e
 523 00f8 A4000000 		.4byte	0xa4
 524 00fc 30010000 		.4byte	.LLST3
 525 0100 07       		.uleb128 0x7
 526 0101 8F000000 		.4byte	.LASF19
 527 0105 01       		.byte	0x1
 528 0106 1E       		.byte	0x1e
 529 0107 A4000000 		.4byte	0xa4
 530 010b 69010000 		.4byte	.LLST4
 531 010f 08       		.uleb128 0x8
 532 0110 6900     		.ascii	"i\000"
 533 0112 01       		.byte	0x1
 534 0113 1F       		.byte	0x1f
 535 0114 6F000000 		.4byte	0x6f
 536 0118 01       		.uleb128 0x1
 537 0119 53       		.byte	0x53
 538 011a 07       		.uleb128 0x7
 539 011b 6F000000 		.4byte	.LASF20
 540 011f 01       		.byte	0x1
 541 0120 1F       		.byte	0x1f
 542 0121 6F000000 		.4byte	0x6f
 543 0125 9D010000 		.4byte	.LLST5
 544 0129 00       		.byte	0
 545 012a 09       		.uleb128 0x9
 546 012b 23020000 		.4byte	.LASF32
 547 012f 01       		.byte	0x1
 548 0130 3F       		.byte	0x3f
 549 0131 00000000 		.4byte	.LFB1
 550 0135 54000000 		.4byte	.LFE1-.LFB1
 551 0139 01       		.uleb128 0x1
 552 013a 9C       		.byte	0x9c
 553 013b C8010000 		.4byte	0x1c8
 554 013f 0A       		.uleb128 0xa
 555 0140 69000000 		.4byte	.LASF21
 556 0144 01       		.byte	0x1
 557 0145 3F       		.byte	0x3f
 558 0146 A4000000 		.4byte	0xa4
 559 014a B0010000 		.4byte	.LLST6
 560 014e 06       		.uleb128 0x6
 561 014f 7300     		.ascii	"s\000"
 562 0151 01       		.byte	0x1
 563 0152 3F       		.byte	0x3f
 564 0153 C8010000 		.4byte	0x1c8
 565 0157 D1010000 		.4byte	.LLST7
 566 015b 06       		.uleb128 0x6
 567 015c 6300     		.ascii	"c\000"
 568 015e 01       		.byte	0x1
 569 015f 3F       		.byte	0x3f
 570 0160 C8010000 		.4byte	0x1c8
ARM GAS  C:\Users\SAIKAR~1\AppData\Local\Temp\ccHaLbQN.s 			page 13


 571 0164 FA010000 		.4byte	.LLST8
 572 0168 0B       		.uleb128 0xb
 573 0169 7800     		.ascii	"x\000"
 574 016b 01       		.byte	0x1
 575 016c 41       		.byte	0x41
 576 016d A4000000 		.4byte	0xa4
 577 0171 18020000 		.4byte	.LLST9
 578 0175 0B       		.uleb128 0xb
 579 0176 7900     		.ascii	"y\000"
 580 0178 01       		.byte	0x1
 581 0179 41       		.byte	0x41
 582 017a A4000000 		.4byte	0xa4
 583 017e 54020000 		.4byte	.LLST10
 584 0182 08       		.uleb128 0x8
 585 0183 7A00     		.ascii	"z\000"
 586 0185 01       		.byte	0x1
 587 0186 41       		.byte	0x41
 588 0187 A4000000 		.4byte	0xa4
 589 018b 01       		.uleb128 0x1
 590 018c 50       		.byte	0x50
 591 018d 07       		.uleb128 0x7
 592 018e 95000000 		.4byte	.LASF18
 593 0192 01       		.byte	0x1
 594 0193 42       		.byte	0x42
 595 0194 A4000000 		.4byte	0xa4
 596 0198 8A020000 		.4byte	.LLST11
 597 019c 07       		.uleb128 0x7
 598 019d 8F000000 		.4byte	.LASF19
 599 01a1 01       		.byte	0x1
 600 01a2 42       		.byte	0x42
 601 01a3 A4000000 		.4byte	0xa4
 602 01a7 A2020000 		.4byte	.LLST12
 603 01ab 0B       		.uleb128 0xb
 604 01ac 6900     		.ascii	"i\000"
 605 01ae 01       		.byte	0x1
 606 01af 43       		.byte	0x43
 607 01b0 6F000000 		.4byte	0x6f
 608 01b4 B5020000 		.4byte	.LLST13
 609 01b8 07       		.uleb128 0x7
 610 01b9 6F000000 		.4byte	.LASF20
 611 01bd 01       		.byte	0x1
 612 01be 43       		.byte	0x43
 613 01bf 6F000000 		.4byte	0x6f
 614 01c3 D4020000 		.4byte	.LLST14
 615 01c7 00       		.byte	0
 616 01c8 0C       		.uleb128 0xc
 617 01c9 04       		.byte	0x4
 618 01ca A4000000 		.4byte	0xa4
 619 01ce 0D       		.uleb128 0xd
 620 01cf B8010000 		.4byte	.LASF33
 621 01d3 01       		.byte	0x1
 622 01d4 56       		.byte	0x56
 623 01d5 25000000 		.4byte	0x25
 624 01d9 00000000 		.4byte	.LFB2
 625 01dd 30000000 		.4byte	.LFE2-.LFB2
 626 01e1 01       		.uleb128 0x1
 627 01e2 9C       		.byte	0x9c
ARM GAS  C:\Users\SAIKAR~1\AppData\Local\Temp\ccHaLbQN.s 			page 14


 628 01e3 3F020000 		.4byte	0x23f
 629 01e7 06       		.uleb128 0x6
 630 01e8 7900     		.ascii	"y\000"
 631 01ea 01       		.byte	0x1
 632 01eb 56       		.byte	0x56
 633 01ec 25000000 		.4byte	0x25
 634 01f0 E7020000 		.4byte	.LLST15
 635 01f4 06       		.uleb128 0x6
 636 01f5 7800     		.ascii	"x\000"
 637 01f7 01       		.byte	0x1
 638 01f8 56       		.byte	0x56
 639 01f9 25000000 		.4byte	0x25
 640 01fd 0F030000 		.4byte	.LLST16
 641 0201 07       		.uleb128 0x7
 642 0202 B0010000 		.4byte	.LASF22
 643 0206 01       		.byte	0x1
 644 0207 58       		.byte	0x58
 645 0208 A4000000 		.4byte	0xa4
 646 020c 37030000 		.4byte	.LLST17
 647 0210 07       		.uleb128 0x7
 648 0211 BF000000 		.4byte	.LASF23
 649 0215 01       		.byte	0x1
 650 0216 59       		.byte	0x59
 651 0217 A4000000 		.4byte	0xa4
 652 021b 4A030000 		.4byte	.LLST18
 653 021f 07       		.uleb128 0x7
 654 0220 38000000 		.4byte	.LASF24
 655 0224 01       		.byte	0x1
 656 0225 5A       		.byte	0x5a
 657 0226 A4000000 		.4byte	0xa4
 658 022a 5D030000 		.4byte	.LLST19
 659 022e 0E       		.uleb128 0xe
 660 022f 1C000000 		.4byte	.LVL37
 661 0233 AF000000 		.4byte	0xaf
 662 0237 0F       		.uleb128 0xf
 663 0238 01       		.uleb128 0x1
 664 0239 50       		.byte	0x50
 665 023a 02       		.uleb128 0x2
 666 023b 74       		.byte	0x74
 667 023c 00       		.sleb128 0
 668 023d 00       		.byte	0
 669 023e 00       		.byte	0
 670 023f 10       		.uleb128 0x10
 671 0240 83000000 		.4byte	.LASF34
 672 0244 01       		.byte	0x1
 673 0245 5E       		.byte	0x5e
 674 0246 00000000 		.4byte	.LFB3
 675 024a 68000000 		.4byte	.LFE3-.LFB3
 676 024e 01       		.uleb128 0x1
 677 024f 9C       		.byte	0x9c
 678 0250 C8020000 		.4byte	0x2c8
 679 0254 0A       		.uleb128 0xa
 680 0255 69000000 		.4byte	.LASF21
 681 0259 01       		.byte	0x1
 682 025a 5E       		.byte	0x5e
 683 025b 25000000 		.4byte	0x25
 684 025f 70030000 		.4byte	.LLST20
ARM GAS  C:\Users\SAIKAR~1\AppData\Local\Temp\ccHaLbQN.s 			page 15


 685 0263 06       		.uleb128 0x6
 686 0264 7300     		.ascii	"s\000"
 687 0266 01       		.byte	0x1
 688 0267 5E       		.byte	0x5e
 689 0268 C8020000 		.4byte	0x2c8
 690 026c A8030000 		.4byte	.LLST21
 691 0270 06       		.uleb128 0x6
 692 0271 6300     		.ascii	"c\000"
 693 0273 01       		.byte	0x1
 694 0274 5E       		.byte	0x5e
 695 0275 C8020000 		.4byte	0x2c8
 696 0279 D4030000 		.4byte	.LLST22
 697 027d 07       		.uleb128 0x7
 698 027e 38000000 		.4byte	.LASF24
 699 0282 01       		.byte	0x1
 700 0283 61       		.byte	0x61
 701 0284 A4000000 		.4byte	0xa4
 702 0288 00040000 		.4byte	.LLST23
 703 028c 11       		.uleb128 0x11
 704 028d 0F000000 		.4byte	.LASF25
 705 0291 01       		.byte	0x1
 706 0292 62       		.byte	0x62
 707 0293 A4000000 		.4byte	0xa4
 708 0297 02       		.uleb128 0x2
 709 0298 91       		.byte	0x91
 710 0299 6C       		.sleb128 -20
 711 029a 11       		.uleb128 0x11
 712 029b C3010000 		.4byte	.LASF26
 713 029f 01       		.byte	0x1
 714 02a0 62       		.byte	0x62
 715 02a1 A4000000 		.4byte	0xa4
 716 02a5 02       		.uleb128 0x2
 717 02a6 91       		.byte	0x91
 718 02a7 68       		.sleb128 -24
 719 02a8 12       		.uleb128 0x12
 720 02a9 18000000 		.4byte	.LVL45
 721 02ad F9020000 		.4byte	0x2f9
 722 02b1 0E       		.uleb128 0xe
 723 02b2 2E000000 		.4byte	.LVL49
 724 02b6 2A010000 		.4byte	0x12a
 725 02ba 0F       		.uleb128 0xf
 726 02bb 01       		.uleb128 0x1
 727 02bc 51       		.byte	0x51
 728 02bd 02       		.uleb128 0x2
 729 02be 91       		.byte	0x91
 730 02bf 6C       		.sleb128 -20
 731 02c0 0F       		.uleb128 0xf
 732 02c1 01       		.uleb128 0x1
 733 02c2 52       		.byte	0x52
 734 02c3 02       		.uleb128 0x2
 735 02c4 7D       		.byte	0x7d
 736 02c5 00       		.sleb128 0
 737 02c6 00       		.byte	0
 738 02c7 00       		.byte	0
 739 02c8 0C       		.uleb128 0xc
 740 02c9 04       		.byte	0x4
 741 02ca 25000000 		.4byte	0x25
ARM GAS  C:\Users\SAIKAR~1\AppData\Local\Temp\ccHaLbQN.s 			page 16


 742 02ce 13       		.uleb128 0x13
 743 02cf DE020000 		.4byte	0x2de
 744 02d3 DE020000 		.4byte	0x2de
 745 02d7 14       		.uleb128 0x14
 746 02d8 8F000000 		.4byte	0x8f
 747 02dc 0F       		.byte	0xf
 748 02dd 00       		.byte	0
 749 02de 15       		.uleb128 0x15
 750 02df A4000000 		.4byte	0xa4
 751 02e3 11       		.uleb128 0x11
 752 02e4 10020000 		.4byte	.LASF27
 753 02e8 01       		.byte	0x1
 754 02e9 15       		.byte	0x15
 755 02ea F4020000 		.4byte	0x2f4
 756 02ee 05       		.uleb128 0x5
 757 02ef 03       		.byte	0x3
 758 02f0 00000000 		.4byte	cordic_angle_table
 759 02f4 15       		.uleb128 0x15
 760 02f5 CE020000 		.4byte	0x2ce
 761 02f9 16       		.uleb128 0x16
 762 02fa 1F000000 		.4byte	.LASF35
 763 02fe 1F000000 		.4byte	.LASF35
 764 0302 04       		.byte	0x4
 765 0303 88       		.byte	0x88
 766 0304 00       		.byte	0
 767              		.section	.debug_abbrev,"",%progbits
 768              	.Ldebug_abbrev0:
 769 0000 01       		.uleb128 0x1
 770 0001 11       		.uleb128 0x11
 771 0002 01       		.byte	0x1
 772 0003 25       		.uleb128 0x25
 773 0004 0E       		.uleb128 0xe
 774 0005 13       		.uleb128 0x13
 775 0006 0B       		.uleb128 0xb
 776 0007 03       		.uleb128 0x3
 777 0008 0E       		.uleb128 0xe
 778 0009 1B       		.uleb128 0x1b
 779 000a 0E       		.uleb128 0xe
 780 000b 55       		.uleb128 0x55
 781 000c 17       		.uleb128 0x17
 782 000d 11       		.uleb128 0x11
 783 000e 01       		.uleb128 0x1
 784 000f 10       		.uleb128 0x10
 785 0010 17       		.uleb128 0x17
 786 0011 00       		.byte	0
 787 0012 00       		.byte	0
 788 0013 02       		.uleb128 0x2
 789 0014 24       		.uleb128 0x24
 790 0015 00       		.byte	0
 791 0016 0B       		.uleb128 0xb
 792 0017 0B       		.uleb128 0xb
 793 0018 3E       		.uleb128 0x3e
 794 0019 0B       		.uleb128 0xb
 795 001a 03       		.uleb128 0x3
 796 001b 0E       		.uleb128 0xe
 797 001c 00       		.byte	0
 798 001d 00       		.byte	0
ARM GAS  C:\Users\SAIKAR~1\AppData\Local\Temp\ccHaLbQN.s 			page 17


 799 001e 03       		.uleb128 0x3
 800 001f 16       		.uleb128 0x16
 801 0020 00       		.byte	0
 802 0021 03       		.uleb128 0x3
 803 0022 0E       		.uleb128 0xe
 804 0023 3A       		.uleb128 0x3a
 805 0024 0B       		.uleb128 0xb
 806 0025 3B       		.uleb128 0x3b
 807 0026 0B       		.uleb128 0xb
 808 0027 49       		.uleb128 0x49
 809 0028 13       		.uleb128 0x13
 810 0029 00       		.byte	0
 811 002a 00       		.byte	0
 812 002b 04       		.uleb128 0x4
 813 002c 24       		.uleb128 0x24
 814 002d 00       		.byte	0
 815 002e 0B       		.uleb128 0xb
 816 002f 0B       		.uleb128 0xb
 817 0030 3E       		.uleb128 0x3e
 818 0031 0B       		.uleb128 0xb
 819 0032 03       		.uleb128 0x3
 820 0033 08       		.uleb128 0x8
 821 0034 00       		.byte	0
 822 0035 00       		.byte	0
 823 0036 05       		.uleb128 0x5
 824 0037 2E       		.uleb128 0x2e
 825 0038 01       		.byte	0x1
 826 0039 03       		.uleb128 0x3
 827 003a 0E       		.uleb128 0xe
 828 003b 3A       		.uleb128 0x3a
 829 003c 0B       		.uleb128 0xb
 830 003d 3B       		.uleb128 0x3b
 831 003e 0B       		.uleb128 0xb
 832 003f 27       		.uleb128 0x27
 833 0040 19       		.uleb128 0x19
 834 0041 49       		.uleb128 0x49
 835 0042 13       		.uleb128 0x13
 836 0043 11       		.uleb128 0x11
 837 0044 01       		.uleb128 0x1
 838 0045 12       		.uleb128 0x12
 839 0046 06       		.uleb128 0x6
 840 0047 40       		.uleb128 0x40
 841 0048 18       		.uleb128 0x18
 842 0049 9742     		.uleb128 0x2117
 843 004b 19       		.uleb128 0x19
 844 004c 01       		.uleb128 0x1
 845 004d 13       		.uleb128 0x13
 846 004e 00       		.byte	0
 847 004f 00       		.byte	0
 848 0050 06       		.uleb128 0x6
 849 0051 05       		.uleb128 0x5
 850 0052 00       		.byte	0
 851 0053 03       		.uleb128 0x3
 852 0054 08       		.uleb128 0x8
 853 0055 3A       		.uleb128 0x3a
 854 0056 0B       		.uleb128 0xb
 855 0057 3B       		.uleb128 0x3b
ARM GAS  C:\Users\SAIKAR~1\AppData\Local\Temp\ccHaLbQN.s 			page 18


 856 0058 0B       		.uleb128 0xb
 857 0059 49       		.uleb128 0x49
 858 005a 13       		.uleb128 0x13
 859 005b 02       		.uleb128 0x2
 860 005c 17       		.uleb128 0x17
 861 005d 00       		.byte	0
 862 005e 00       		.byte	0
 863 005f 07       		.uleb128 0x7
 864 0060 34       		.uleb128 0x34
 865 0061 00       		.byte	0
 866 0062 03       		.uleb128 0x3
 867 0063 0E       		.uleb128 0xe
 868 0064 3A       		.uleb128 0x3a
 869 0065 0B       		.uleb128 0xb
 870 0066 3B       		.uleb128 0x3b
 871 0067 0B       		.uleb128 0xb
 872 0068 49       		.uleb128 0x49
 873 0069 13       		.uleb128 0x13
 874 006a 02       		.uleb128 0x2
 875 006b 17       		.uleb128 0x17
 876 006c 00       		.byte	0
 877 006d 00       		.byte	0
 878 006e 08       		.uleb128 0x8
 879 006f 34       		.uleb128 0x34
 880 0070 00       		.byte	0
 881 0071 03       		.uleb128 0x3
 882 0072 08       		.uleb128 0x8
 883 0073 3A       		.uleb128 0x3a
 884 0074 0B       		.uleb128 0xb
 885 0075 3B       		.uleb128 0x3b
 886 0076 0B       		.uleb128 0xb
 887 0077 49       		.uleb128 0x49
 888 0078 13       		.uleb128 0x13
 889 0079 02       		.uleb128 0x2
 890 007a 18       		.uleb128 0x18
 891 007b 00       		.byte	0
 892 007c 00       		.byte	0
 893 007d 09       		.uleb128 0x9
 894 007e 2E       		.uleb128 0x2e
 895 007f 01       		.byte	0x1
 896 0080 03       		.uleb128 0x3
 897 0081 0E       		.uleb128 0xe
 898 0082 3A       		.uleb128 0x3a
 899 0083 0B       		.uleb128 0xb
 900 0084 3B       		.uleb128 0x3b
 901 0085 0B       		.uleb128 0xb
 902 0086 27       		.uleb128 0x27
 903 0087 19       		.uleb128 0x19
 904 0088 11       		.uleb128 0x11
 905 0089 01       		.uleb128 0x1
 906 008a 12       		.uleb128 0x12
 907 008b 06       		.uleb128 0x6
 908 008c 40       		.uleb128 0x40
 909 008d 18       		.uleb128 0x18
 910 008e 9742     		.uleb128 0x2117
 911 0090 19       		.uleb128 0x19
 912 0091 01       		.uleb128 0x1
ARM GAS  C:\Users\SAIKAR~1\AppData\Local\Temp\ccHaLbQN.s 			page 19


 913 0092 13       		.uleb128 0x13
 914 0093 00       		.byte	0
 915 0094 00       		.byte	0
 916 0095 0A       		.uleb128 0xa
 917 0096 05       		.uleb128 0x5
 918 0097 00       		.byte	0
 919 0098 03       		.uleb128 0x3
 920 0099 0E       		.uleb128 0xe
 921 009a 3A       		.uleb128 0x3a
 922 009b 0B       		.uleb128 0xb
 923 009c 3B       		.uleb128 0x3b
 924 009d 0B       		.uleb128 0xb
 925 009e 49       		.uleb128 0x49
 926 009f 13       		.uleb128 0x13
 927 00a0 02       		.uleb128 0x2
 928 00a1 17       		.uleb128 0x17
 929 00a2 00       		.byte	0
 930 00a3 00       		.byte	0
 931 00a4 0B       		.uleb128 0xb
 932 00a5 34       		.uleb128 0x34
 933 00a6 00       		.byte	0
 934 00a7 03       		.uleb128 0x3
 935 00a8 08       		.uleb128 0x8
 936 00a9 3A       		.uleb128 0x3a
 937 00aa 0B       		.uleb128 0xb
 938 00ab 3B       		.uleb128 0x3b
 939 00ac 0B       		.uleb128 0xb
 940 00ad 49       		.uleb128 0x49
 941 00ae 13       		.uleb128 0x13
 942 00af 02       		.uleb128 0x2
 943 00b0 17       		.uleb128 0x17
 944 00b1 00       		.byte	0
 945 00b2 00       		.byte	0
 946 00b3 0C       		.uleb128 0xc
 947 00b4 0F       		.uleb128 0xf
 948 00b5 00       		.byte	0
 949 00b6 0B       		.uleb128 0xb
 950 00b7 0B       		.uleb128 0xb
 951 00b8 49       		.uleb128 0x49
 952 00b9 13       		.uleb128 0x13
 953 00ba 00       		.byte	0
 954 00bb 00       		.byte	0
 955 00bc 0D       		.uleb128 0xd
 956 00bd 2E       		.uleb128 0x2e
 957 00be 01       		.byte	0x1
 958 00bf 3F       		.uleb128 0x3f
 959 00c0 19       		.uleb128 0x19
 960 00c1 03       		.uleb128 0x3
 961 00c2 0E       		.uleb128 0xe
 962 00c3 3A       		.uleb128 0x3a
 963 00c4 0B       		.uleb128 0xb
 964 00c5 3B       		.uleb128 0x3b
 965 00c6 0B       		.uleb128 0xb
 966 00c7 27       		.uleb128 0x27
 967 00c8 19       		.uleb128 0x19
 968 00c9 49       		.uleb128 0x49
 969 00ca 13       		.uleb128 0x13
ARM GAS  C:\Users\SAIKAR~1\AppData\Local\Temp\ccHaLbQN.s 			page 20


 970 00cb 11       		.uleb128 0x11
 971 00cc 01       		.uleb128 0x1
 972 00cd 12       		.uleb128 0x12
 973 00ce 06       		.uleb128 0x6
 974 00cf 40       		.uleb128 0x40
 975 00d0 18       		.uleb128 0x18
 976 00d1 9642     		.uleb128 0x2116
 977 00d3 19       		.uleb128 0x19
 978 00d4 01       		.uleb128 0x1
 979 00d5 13       		.uleb128 0x13
 980 00d6 00       		.byte	0
 981 00d7 00       		.byte	0
 982 00d8 0E       		.uleb128 0xe
 983 00d9 898201   		.uleb128 0x4109
 984 00dc 01       		.byte	0x1
 985 00dd 11       		.uleb128 0x11
 986 00de 01       		.uleb128 0x1
 987 00df 31       		.uleb128 0x31
 988 00e0 13       		.uleb128 0x13
 989 00e1 00       		.byte	0
 990 00e2 00       		.byte	0
 991 00e3 0F       		.uleb128 0xf
 992 00e4 8A8201   		.uleb128 0x410a
 993 00e7 00       		.byte	0
 994 00e8 02       		.uleb128 0x2
 995 00e9 18       		.uleb128 0x18
 996 00ea 9142     		.uleb128 0x2111
 997 00ec 18       		.uleb128 0x18
 998 00ed 00       		.byte	0
 999 00ee 00       		.byte	0
 1000 00ef 10       		.uleb128 0x10
 1001 00f0 2E       		.uleb128 0x2e
 1002 00f1 01       		.byte	0x1
 1003 00f2 3F       		.uleb128 0x3f
 1004 00f3 19       		.uleb128 0x19
 1005 00f4 03       		.uleb128 0x3
 1006 00f5 0E       		.uleb128 0xe
 1007 00f6 3A       		.uleb128 0x3a
 1008 00f7 0B       		.uleb128 0xb
 1009 00f8 3B       		.uleb128 0x3b
 1010 00f9 0B       		.uleb128 0xb
 1011 00fa 27       		.uleb128 0x27
 1012 00fb 19       		.uleb128 0x19
 1013 00fc 11       		.uleb128 0x11
 1014 00fd 01       		.uleb128 0x1
 1015 00fe 12       		.uleb128 0x12
 1016 00ff 06       		.uleb128 0x6
 1017 0100 40       		.uleb128 0x40
 1018 0101 18       		.uleb128 0x18
 1019 0102 9642     		.uleb128 0x2116
 1020 0104 19       		.uleb128 0x19
 1021 0105 01       		.uleb128 0x1
 1022 0106 13       		.uleb128 0x13
 1023 0107 00       		.byte	0
 1024 0108 00       		.byte	0
 1025 0109 11       		.uleb128 0x11
 1026 010a 34       		.uleb128 0x34
ARM GAS  C:\Users\SAIKAR~1\AppData\Local\Temp\ccHaLbQN.s 			page 21


 1027 010b 00       		.byte	0
 1028 010c 03       		.uleb128 0x3
 1029 010d 0E       		.uleb128 0xe
 1030 010e 3A       		.uleb128 0x3a
 1031 010f 0B       		.uleb128 0xb
 1032 0110 3B       		.uleb128 0x3b
 1033 0111 0B       		.uleb128 0xb
 1034 0112 49       		.uleb128 0x49
 1035 0113 13       		.uleb128 0x13
 1036 0114 02       		.uleb128 0x2
 1037 0115 18       		.uleb128 0x18
 1038 0116 00       		.byte	0
 1039 0117 00       		.byte	0
 1040 0118 12       		.uleb128 0x12
 1041 0119 898201   		.uleb128 0x4109
 1042 011c 00       		.byte	0
 1043 011d 11       		.uleb128 0x11
 1044 011e 01       		.uleb128 0x1
 1045 011f 31       		.uleb128 0x31
 1046 0120 13       		.uleb128 0x13
 1047 0121 00       		.byte	0
 1048 0122 00       		.byte	0
 1049 0123 13       		.uleb128 0x13
 1050 0124 01       		.uleb128 0x1
 1051 0125 01       		.byte	0x1
 1052 0126 49       		.uleb128 0x49
 1053 0127 13       		.uleb128 0x13
 1054 0128 01       		.uleb128 0x1
 1055 0129 13       		.uleb128 0x13
 1056 012a 00       		.byte	0
 1057 012b 00       		.byte	0
 1058 012c 14       		.uleb128 0x14
 1059 012d 21       		.uleb128 0x21
 1060 012e 00       		.byte	0
 1061 012f 49       		.uleb128 0x49
 1062 0130 13       		.uleb128 0x13
 1063 0131 2F       		.uleb128 0x2f
 1064 0132 0B       		.uleb128 0xb
 1065 0133 00       		.byte	0
 1066 0134 00       		.byte	0
 1067 0135 15       		.uleb128 0x15
 1068 0136 26       		.uleb128 0x26
 1069 0137 00       		.byte	0
 1070 0138 49       		.uleb128 0x49
 1071 0139 13       		.uleb128 0x13
 1072 013a 00       		.byte	0
 1073 013b 00       		.byte	0
 1074 013c 16       		.uleb128 0x16
 1075 013d 2E       		.uleb128 0x2e
 1076 013e 00       		.byte	0
 1077 013f 3F       		.uleb128 0x3f
 1078 0140 19       		.uleb128 0x19
 1079 0141 3C       		.uleb128 0x3c
 1080 0142 19       		.uleb128 0x19
 1081 0143 6E       		.uleb128 0x6e
 1082 0144 0E       		.uleb128 0xe
 1083 0145 03       		.uleb128 0x3
ARM GAS  C:\Users\SAIKAR~1\AppData\Local\Temp\ccHaLbQN.s 			page 22


 1084 0146 0E       		.uleb128 0xe
 1085 0147 3A       		.uleb128 0x3a
 1086 0148 0B       		.uleb128 0xb
 1087 0149 3B       		.uleb128 0x3b
 1088 014a 0B       		.uleb128 0xb
 1089 014b 00       		.byte	0
 1090 014c 00       		.byte	0
 1091 014d 00       		.byte	0
 1092              		.section	.debug_loc,"",%progbits
 1093              	.Ldebug_loc0:
 1094              	.LLST0:
 1095 0000 00000000 		.4byte	.LVL0
 1096 0004 14000000 		.4byte	.LVL5
 1097 0008 0100     		.2byte	0x1
 1098 000a 50       		.byte	0x50
 1099 000b 14000000 		.4byte	.LVL5
 1100 000f 18000000 		.4byte	.LVL6
 1101 0013 0100     		.2byte	0x1
 1102 0015 51       		.byte	0x51
 1103 0016 18000000 		.4byte	.LVL6
 1104 001a 1A000000 		.4byte	.LVL7
 1105 001e 0100     		.2byte	0x1
 1106 0020 50       		.byte	0x50
 1107 0021 1A000000 		.4byte	.LVL7
 1108 0025 1E000000 		.4byte	.LVL8
 1109 0029 0400     		.2byte	0x4
 1110 002b F3       		.byte	0xf3
 1111 002c 01       		.uleb128 0x1
 1112 002d 50       		.byte	0x50
 1113 002e 9F       		.byte	0x9f
 1114 002f 1E000000 		.4byte	.LVL8
 1115 0033 26000000 		.4byte	.LVL11
 1116 0037 0100     		.2byte	0x1
 1117 0039 50       		.byte	0x50
 1118 003a 26000000 		.4byte	.LVL11
 1119 003e 28000000 		.4byte	.LVL12
 1120 0042 0400     		.2byte	0x4
 1121 0044 73       		.byte	0x73
 1122 0045 00       		.sleb128 0
 1123 0046 1F       		.byte	0x1f
 1124 0047 9F       		.byte	0x9f
 1125 0048 28000000 		.4byte	.LVL12
 1126 004c 42000000 		.4byte	.LVL15
 1127 0050 0100     		.2byte	0x1
 1128 0052 52       		.byte	0x52
 1129 0053 4C000000 		.4byte	.LVL16
 1130 0057 60000000 		.4byte	.LFE0
 1131 005b 0100     		.2byte	0x1
 1132 005d 52       		.byte	0x52
 1133 005e 00000000 		.4byte	0
 1134 0062 00000000 		.4byte	0
 1135              	.LLST1:
 1136 0066 00000000 		.4byte	.LVL0
 1137 006a 10000000 		.4byte	.LVL4
 1138 006e 0100     		.2byte	0x1
 1139 0070 51       		.byte	0x51
 1140 0071 10000000 		.4byte	.LVL4
ARM GAS  C:\Users\SAIKAR~1\AppData\Local\Temp\ccHaLbQN.s 			page 23


 1141 0075 18000000 		.4byte	.LVL6
 1142 0079 0400     		.2byte	0x4
 1143 007b 73       		.byte	0x73
 1144 007c 00       		.sleb128 0
 1145 007d 1F       		.byte	0x1f
 1146 007e 9F       		.byte	0x9f
 1147 007f 18000000 		.4byte	.LVL6
 1148 0083 1A000000 		.4byte	.LVL7
 1149 0087 0100     		.2byte	0x1
 1150 0089 51       		.byte	0x51
 1151 008a 1A000000 		.4byte	.LVL7
 1152 008e 1E000000 		.4byte	.LVL8
 1153 0092 0400     		.2byte	0x4
 1154 0094 F3       		.byte	0xf3
 1155 0095 01       		.uleb128 0x1
 1156 0096 51       		.byte	0x51
 1157 0097 9F       		.byte	0x9f
 1158 0098 1E000000 		.4byte	.LVL8
 1159 009c 24000000 		.4byte	.LVL10
 1160 00a0 0100     		.2byte	0x1
 1161 00a2 51       		.byte	0x51
 1162 00a3 24000000 		.4byte	.LVL10
 1163 00a7 28000000 		.4byte	.LVL12
 1164 00ab 0100     		.2byte	0x1
 1165 00ad 52       		.byte	0x52
 1166 00ae 28000000 		.4byte	.LVL12
 1167 00b2 4C000000 		.4byte	.LVL16
 1168 00b6 0100     		.2byte	0x1
 1169 00b8 51       		.byte	0x51
 1170 00b9 4C000000 		.4byte	.LVL16
 1171 00bd 50000000 		.4byte	.LVL18
 1172 00c1 0600     		.2byte	0x6
 1173 00c3 71       		.byte	0x71
 1174 00c4 00       		.sleb128 0
 1175 00c5 74       		.byte	0x74
 1176 00c6 00       		.sleb128 0
 1177 00c7 22       		.byte	0x22
 1178 00c8 9F       		.byte	0x9f
 1179 00c9 50000000 		.4byte	.LVL18
 1180 00cd 60000000 		.4byte	.LFE0
 1181 00d1 0100     		.2byte	0x1
 1182 00d3 51       		.byte	0x51
 1183 00d4 00000000 		.4byte	0
 1184 00d8 00000000 		.4byte	0
 1185              	.LLST2:
 1186 00dc 04000000 		.4byte	.LVL1
 1187 00e0 0E000000 		.4byte	.LVL3
 1188 00e4 0200     		.2byte	0x2
 1189 00e6 30       		.byte	0x30
 1190 00e7 9F       		.byte	0x9f
 1191 00e8 0E000000 		.4byte	.LVL3
 1192 00ec 18000000 		.4byte	.LVL6
 1193 00f0 0400     		.2byte	0x4
 1194 00f2 40       		.byte	0x40
 1195 00f3 3C       		.byte	0x3c
 1196 00f4 24       		.byte	0x24
 1197 00f5 9F       		.byte	0x9f
ARM GAS  C:\Users\SAIKAR~1\AppData\Local\Temp\ccHaLbQN.s 			page 24


 1198 00f6 18000000 		.4byte	.LVL6
 1199 00fa 1A000000 		.4byte	.LVL7
 1200 00fe 0200     		.2byte	0x2
 1201 0100 30       		.byte	0x30
 1202 0101 9F       		.byte	0x9f
 1203 0102 1E000000 		.4byte	.LVL8
 1204 0106 20000000 		.4byte	.LVL9
 1205 010a 0200     		.2byte	0x2
 1206 010c 30       		.byte	0x30
 1207 010d 9F       		.byte	0x9f
 1208 010e 20000000 		.4byte	.LVL9
 1209 0112 28000000 		.4byte	.LVL12
 1210 0116 0500     		.2byte	0x5
 1211 0118 11       		.byte	0x11
 1212 0119 80807C   		.sleb128 -65536
 1213 011c 9F       		.byte	0x9f
 1214 011d 28000000 		.4byte	.LVL12
 1215 0121 60000000 		.4byte	.LFE0
 1216 0125 0100     		.2byte	0x1
 1217 0127 50       		.byte	0x50
 1218 0128 00000000 		.4byte	0
 1219 012c 00000000 		.4byte	0
 1220              	.LLST3:
 1221 0130 0C000000 		.4byte	.LVL2
 1222 0134 14000000 		.4byte	.LVL5
 1223 0138 0100     		.2byte	0x1
 1224 013a 50       		.byte	0x50
 1225 013b 14000000 		.4byte	.LVL5
 1226 013f 18000000 		.4byte	.LVL6
 1227 0143 0100     		.2byte	0x1
 1228 0145 51       		.byte	0x51
 1229 0146 20000000 		.4byte	.LVL9
 1230 014a 28000000 		.4byte	.LVL12
 1231 014e 0100     		.2byte	0x1
 1232 0150 53       		.byte	0x53
 1233 0151 3A000000 		.4byte	.LVL14
 1234 0155 50000000 		.4byte	.LVL18
 1235 0159 0600     		.2byte	0x6
 1236 015b 71       		.byte	0x71
 1237 015c 00       		.sleb128 0
 1238 015d 74       		.byte	0x74
 1239 015e 00       		.sleb128 0
 1240 015f 22       		.byte	0x22
 1241 0160 9F       		.byte	0x9f
 1242 0161 00000000 		.4byte	0
 1243 0165 00000000 		.4byte	0
 1244              	.LLST4:
 1245 0169 0E000000 		.4byte	.LVL3
 1246 016d 18000000 		.4byte	.LVL6
 1247 0171 0100     		.2byte	0x1
 1248 0173 53       		.byte	0x53
 1249 0174 20000000 		.4byte	.LVL9
 1250 0178 24000000 		.4byte	.LVL10
 1251 017c 0100     		.2byte	0x1
 1252 017e 51       		.byte	0x51
 1253 017f 24000000 		.4byte	.LVL10
 1254 0183 28000000 		.4byte	.LVL12
ARM GAS  C:\Users\SAIKAR~1\AppData\Local\Temp\ccHaLbQN.s 			page 25


 1255 0187 0100     		.2byte	0x1
 1256 0189 52       		.byte	0x52
 1257 018a 42000000 		.4byte	.LVL15
 1258 018e 50000000 		.4byte	.LVL18
 1259 0192 0100     		.2byte	0x1
 1260 0194 52       		.byte	0x52
 1261 0195 00000000 		.4byte	0
 1262 0199 00000000 		.4byte	0
 1263              	.LLST5:
 1264 019d 34000000 		.4byte	.LVL13
 1265 01a1 50000000 		.4byte	.LVL18
 1266 01a5 0100     		.2byte	0x1
 1267 01a7 56       		.byte	0x56
 1268 01a8 00000000 		.4byte	0
 1269 01ac 00000000 		.4byte	0
 1270              	.LLST6:
 1271 01b0 00000000 		.4byte	.LVL19
 1272 01b4 12000000 		.4byte	.LVL22
 1273 01b8 0100     		.2byte	0x1
 1274 01ba 50       		.byte	0x50
 1275 01bb 12000000 		.4byte	.LVL22
 1276 01bf 54000000 		.4byte	.LFE1
 1277 01c3 0400     		.2byte	0x4
 1278 01c5 F3       		.byte	0xf3
 1279 01c6 01       		.uleb128 0x1
 1280 01c7 50       		.byte	0x50
 1281 01c8 9F       		.byte	0x9f
 1282 01c9 00000000 		.4byte	0
 1283 01cd 00000000 		.4byte	0
 1284              	.LLST7:
 1285 01d1 00000000 		.4byte	.LVL19
 1286 01d5 12000000 		.4byte	.LVL22
 1287 01d9 0100     		.2byte	0x1
 1288 01db 51       		.byte	0x51
 1289 01dc 12000000 		.4byte	.LVL22
 1290 01e0 46000000 		.4byte	.LVL31
 1291 01e4 0100     		.2byte	0x1
 1292 01e6 58       		.byte	0x58
 1293 01e7 46000000 		.4byte	.LVL31
 1294 01eb 54000000 		.4byte	.LFE1
 1295 01ef 0100     		.2byte	0x1
 1296 01f1 53       		.byte	0x53
 1297 01f2 00000000 		.4byte	0
 1298 01f6 00000000 		.4byte	0
 1299              	.LLST8:
 1300 01fa 00000000 		.4byte	.LVL19
 1301 01fe 10000000 		.4byte	.LVL21
 1302 0202 0100     		.2byte	0x1
 1303 0204 52       		.byte	0x52
 1304 0205 10000000 		.4byte	.LVL21
 1305 0209 54000000 		.4byte	.LFE1
 1306 020d 0100     		.2byte	0x1
 1307 020f 5C       		.byte	0x5c
 1308 0210 00000000 		.4byte	0
 1309 0214 00000000 		.4byte	0
 1310              	.LLST9:
 1311 0218 0A000000 		.4byte	.LVL20
ARM GAS  C:\Users\SAIKAR~1\AppData\Local\Temp\ccHaLbQN.s 			page 26


 1312 021c 12000000 		.4byte	.LVL22
 1313 0220 0400     		.2byte	0x4
 1314 0222 0A       		.byte	0xa
 1315 0223 369B     		.2byte	0x9b36
 1316 0225 9F       		.byte	0x9f
 1317 0226 12000000 		.4byte	.LVL22
 1318 022a 36000000 		.4byte	.LVL26
 1319 022e 0100     		.2byte	0x1
 1320 0230 52       		.byte	0x52
 1321 0231 36000000 		.4byte	.LVL26
 1322 0235 3A000000 		.4byte	.LVL28
 1323 0239 0600     		.2byte	0x6
 1324 023b 72       		.byte	0x72
 1325 023c 00       		.sleb128 0
 1326 023d 74       		.byte	0x74
 1327 023e 00       		.sleb128 0
 1328 023f 1C       		.byte	0x1c
 1329 0240 9F       		.byte	0x9f
 1330 0241 3A000000 		.4byte	.LVL28
 1331 0245 54000000 		.4byte	.LFE1
 1332 0249 0100     		.2byte	0x1
 1333 024b 52       		.byte	0x52
 1334 024c 00000000 		.4byte	0
 1335 0250 00000000 		.4byte	0
 1336              	.LLST10:
 1337 0254 0A000000 		.4byte	.LVL20
 1338 0258 12000000 		.4byte	.LVL22
 1339 025c 0200     		.2byte	0x2
 1340 025e 30       		.byte	0x30
 1341 025f 9F       		.byte	0x9f
 1342 0260 12000000 		.4byte	.LVL22
 1343 0264 2C000000 		.4byte	.LVL25
 1344 0268 0100     		.2byte	0x1
 1345 026a 57       		.byte	0x57
 1346 026b 36000000 		.4byte	.LVL26
 1347 026f 46000000 		.4byte	.LVL30
 1348 0273 0100     		.2byte	0x1
 1349 0275 57       		.byte	0x57
 1350 0276 46000000 		.4byte	.LVL30
 1351 027a 54000000 		.4byte	.LFE1
 1352 027e 0200     		.2byte	0x2
 1353 0280 73       		.byte	0x73
 1354 0281 00       		.sleb128 0
 1355 0282 00000000 		.4byte	0
 1356 0286 00000000 		.4byte	0
 1357              	.LLST11:
 1358 028a 24000000 		.4byte	.LVL24
 1359 028e 3A000000 		.4byte	.LVL28
 1360 0292 0600     		.2byte	0x6
 1361 0294 72       		.byte	0x72
 1362 0295 00       		.sleb128 0
 1363 0296 74       		.byte	0x74
 1364 0297 00       		.sleb128 0
 1365 0298 1C       		.byte	0x1c
 1366 0299 9F       		.byte	0x9f
 1367 029a 00000000 		.4byte	0
 1368 029e 00000000 		.4byte	0
ARM GAS  C:\Users\SAIKAR~1\AppData\Local\Temp\ccHaLbQN.s 			page 27


 1369              	.LLST12:
 1370 02a2 2C000000 		.4byte	.LVL25
 1371 02a6 3A000000 		.4byte	.LVL28
 1372 02aa 0100     		.2byte	0x1
 1373 02ac 57       		.byte	0x57
 1374 02ad 00000000 		.4byte	0
 1375 02b1 00000000 		.4byte	0
 1376              	.LLST13:
 1377 02b5 0A000000 		.4byte	.LVL20
 1378 02b9 12000000 		.4byte	.LVL22
 1379 02bd 0200     		.2byte	0x2
 1380 02bf 30       		.byte	0x30
 1381 02c0 9F       		.byte	0x9f
 1382 02c1 12000000 		.4byte	.LVL22
 1383 02c5 40000000 		.4byte	.LVL29
 1384 02c9 0100     		.2byte	0x1
 1385 02cb 53       		.byte	0x53
 1386 02cc 00000000 		.4byte	0
 1387 02d0 00000000 		.4byte	0
 1388              	.LLST14:
 1389 02d4 1E000000 		.4byte	.LVL23
 1390 02d8 3A000000 		.4byte	.LVL28
 1391 02dc 0100     		.2byte	0x1
 1392 02de 56       		.byte	0x56
 1393 02df 00000000 		.4byte	0
 1394 02e3 00000000 		.4byte	0
 1395              	.LLST15:
 1396 02e7 00000000 		.4byte	.LVL32
 1397 02eb 09000000 		.4byte	.LVL33-1
 1398 02ef 0600     		.2byte	0x6
 1399 02f1 50       		.byte	0x50
 1400 02f2 93       		.byte	0x93
 1401 02f3 04       		.uleb128 0x4
 1402 02f4 51       		.byte	0x51
 1403 02f5 93       		.byte	0x93
 1404 02f6 04       		.uleb128 0x4
 1405 02f7 09000000 		.4byte	.LVL33-1
 1406 02fb 30000000 		.4byte	.LFE2
 1407 02ff 0600     		.2byte	0x6
 1408 0301 F3       		.byte	0xf3
 1409 0302 03       		.uleb128 0x3
 1410 0303 F5       		.byte	0xf5
 1411 0304 00       		.uleb128 0
 1412 0305 25       		.uleb128 0x25
 1413 0306 9F       		.byte	0x9f
 1414 0307 00000000 		.4byte	0
 1415 030b 00000000 		.4byte	0
 1416              	.LLST16:
 1417 030f 00000000 		.4byte	.LVL32
 1418 0313 09000000 		.4byte	.LVL33-1
 1419 0317 0600     		.2byte	0x6
 1420 0319 52       		.byte	0x52
 1421 031a 93       		.byte	0x93
 1422 031b 04       		.uleb128 0x4
 1423 031c 53       		.byte	0x53
 1424 031d 93       		.byte	0x93
 1425 031e 04       		.uleb128 0x4
ARM GAS  C:\Users\SAIKAR~1\AppData\Local\Temp\ccHaLbQN.s 			page 28


 1426 031f 09000000 		.4byte	.LVL33-1
 1427 0323 30000000 		.4byte	.LFE2
 1428 0327 0600     		.2byte	0x6
 1429 0329 F3       		.byte	0xf3
 1430 032a 03       		.uleb128 0x3
 1431 032b F5       		.byte	0xf5
 1432 032c 02       		.uleb128 0x2
 1433 032d 25       		.uleb128 0x25
 1434 032e 9F       		.byte	0x9f
 1435 032f 00000000 		.4byte	0
 1436 0333 00000000 		.4byte	0
 1437              	.LLST17:
 1438 0337 0C000000 		.4byte	.LVL34
 1439 033b 28000000 		.4byte	.LVL40
 1440 033f 0100     		.2byte	0x1
 1441 0341 54       		.byte	0x54
 1442 0342 00000000 		.4byte	0
 1443 0346 00000000 		.4byte	0
 1444              	.LLST18:
 1445 034a 16000000 		.4byte	.LVL36
 1446 034e 1B000000 		.4byte	.LVL37-1
 1447 0352 0100     		.2byte	0x1
 1448 0354 51       		.byte	0x51
 1449 0355 00000000 		.4byte	0
 1450 0359 00000000 		.4byte	0
 1451              	.LLST19:
 1452 035d 1C000000 		.4byte	.LVL37
 1453 0361 1F000000 		.4byte	.LVL38-1
 1454 0365 0100     		.2byte	0x1
 1455 0367 50       		.byte	0x50
 1456 0368 00000000 		.4byte	0
 1457 036c 00000000 		.4byte	0
 1458              	.LLST20:
 1459 0370 00000000 		.4byte	.LVL41
 1460 0374 0F000000 		.4byte	.LVL44-1
 1461 0378 0600     		.2byte	0x6
 1462 037a 50       		.byte	0x50
 1463 037b 93       		.byte	0x93
 1464 037c 04       		.uleb128 0x4
 1465 037d 51       		.byte	0x51
 1466 037e 93       		.byte	0x93
 1467 037f 04       		.uleb128 0x4
 1468 0380 0F000000 		.4byte	.LVL44-1
 1469 0384 20000000 		.4byte	.LVL46
 1470 0388 0600     		.2byte	0x6
 1471 038a F3       		.byte	0xf3
 1472 038b 03       		.uleb128 0x3
 1473 038c F5       		.byte	0xf5
 1474 038d 00       		.uleb128 0
 1475 038e 25       		.uleb128 0x25
 1476 038f 9F       		.byte	0x9f
 1477 0390 20000000 		.4byte	.LVL46
 1478 0394 23000000 		.4byte	.LVL47-1
 1479 0398 0600     		.2byte	0x6
 1480 039a 50       		.byte	0x50
 1481 039b 93       		.byte	0x93
 1482 039c 04       		.uleb128 0x4
ARM GAS  C:\Users\SAIKAR~1\AppData\Local\Temp\ccHaLbQN.s 			page 29


 1483 039d 51       		.byte	0x51
 1484 039e 93       		.byte	0x93
 1485 039f 04       		.uleb128 0x4
 1486 03a0 00000000 		.4byte	0
 1487 03a4 00000000 		.4byte	0
 1488              	.LLST21:
 1489 03a8 00000000 		.4byte	.LVL41
 1490 03ac 0A000000 		.4byte	.LVL42
 1491 03b0 0100     		.2byte	0x1
 1492 03b2 52       		.byte	0x52
 1493 03b3 0A000000 		.4byte	.LVL42
 1494 03b7 54000000 		.4byte	.LVL55
 1495 03bb 0100     		.2byte	0x1
 1496 03bd 55       		.byte	0x55
 1497 03be 54000000 		.4byte	.LVL55
 1498 03c2 68000000 		.4byte	.LFE3
 1499 03c6 0400     		.2byte	0x4
 1500 03c8 F3       		.byte	0xf3
 1501 03c9 01       		.uleb128 0x1
 1502 03ca 52       		.byte	0x52
 1503 03cb 9F       		.byte	0x9f
 1504 03cc 00000000 		.4byte	0
 1505 03d0 00000000 		.4byte	0
 1506              	.LLST22:
 1507 03d4 00000000 		.4byte	.LVL41
 1508 03d8 0C000000 		.4byte	.LVL43
 1509 03dc 0100     		.2byte	0x1
 1510 03de 53       		.byte	0x53
 1511 03df 0C000000 		.4byte	.LVL43
 1512 03e3 54000000 		.4byte	.LVL54
 1513 03e7 0100     		.2byte	0x1
 1514 03e9 54       		.byte	0x54
 1515 03ea 54000000 		.4byte	.LVL54
 1516 03ee 68000000 		.4byte	.LFE3
 1517 03f2 0400     		.2byte	0x4
 1518 03f4 F3       		.byte	0xf3
 1519 03f5 01       		.uleb128 0x1
 1520 03f6 53       		.byte	0x53
 1521 03f7 9F       		.byte	0x9f
 1522 03f8 00000000 		.4byte	0
 1523 03fc 00000000 		.4byte	0
 1524              	.LLST23:
 1525 0400 26000000 		.4byte	.LVL48
 1526 0404 2D000000 		.4byte	.LVL49-1
 1527 0408 0100     		.2byte	0x1
 1528 040a 50       		.byte	0x50
 1529 040b 00000000 		.4byte	0
 1530 040f 00000000 		.4byte	0
 1531              		.section	.debug_aranges,"",%progbits
 1532 0000 34000000 		.4byte	0x34
 1533 0004 0200     		.2byte	0x2
 1534 0006 00000000 		.4byte	.Ldebug_info0
 1535 000a 04       		.byte	0x4
 1536 000b 00       		.byte	0
 1537 000c 0000     		.2byte	0
 1538 000e 0000     		.2byte	0
 1539 0010 00000000 		.4byte	.LFB0
ARM GAS  C:\Users\SAIKAR~1\AppData\Local\Temp\ccHaLbQN.s 			page 30


 1540 0014 60000000 		.4byte	.LFE0-.LFB0
 1541 0018 00000000 		.4byte	.LFB1
 1542 001c 54000000 		.4byte	.LFE1-.LFB1
 1543 0020 00000000 		.4byte	.LFB2
 1544 0024 30000000 		.4byte	.LFE2-.LFB2
 1545 0028 00000000 		.4byte	.LFB3
 1546 002c 68000000 		.4byte	.LFE3-.LFB3
 1547 0030 00000000 		.4byte	0
 1548 0034 00000000 		.4byte	0
 1549              		.section	.debug_ranges,"",%progbits
 1550              	.Ldebug_ranges0:
 1551 0000 00000000 		.4byte	.LFB0
 1552 0004 60000000 		.4byte	.LFE0
 1553 0008 00000000 		.4byte	.LFB1
 1554 000c 54000000 		.4byte	.LFE1
 1555 0010 00000000 		.4byte	.LFB2
 1556 0014 30000000 		.4byte	.LFE2
 1557 0018 00000000 		.4byte	.LFB3
 1558 001c 68000000 		.4byte	.LFE3
 1559 0020 00000000 		.4byte	0
 1560 0024 00000000 		.4byte	0
 1561              		.section	.debug_line,"",%progbits
 1562              	.Ldebug_line0:
 1563 0000 0D020000 		.section	.debug_str,"MS",%progbits,1
 1563      02005801 
 1563      00000201 
 1563      FB0E0D00 
 1563      01010101 
 1564              	.LASF14:
 1565 0000 63686172 		.ascii	"char\000"
 1565      00
 1566              	.LASF10:
 1567 0005 5F5F696E 		.ascii	"__int32_t\000"
 1567      7433325F 
 1567      7400
 1568              	.LASF25:
 1569 000f 735F6669 		.ascii	"s_fixed\000"
 1569      78656400 
 1570              	.LASF11:
 1571 0017 696E7433 		.ascii	"int32_t\000"
 1571      325F7400 
 1572              	.LASF35:
 1573 001f 666D6F64 		.ascii	"fmod\000"
 1573      00
 1574              	.LASF15:
 1575 0024 666C6F61 		.ascii	"float\000"
 1575      7400
 1576              	.LASF2:
 1577 002a 756E7369 		.ascii	"unsigned char\000"
 1577      676E6564 
 1577      20636861 
 1577      7200
 1578              	.LASF24:
 1579 0038 616E676C 		.ascii	"angle_fixed\000"
 1579      655F6669 
 1579      78656400 
 1580              	.LASF6:
ARM GAS  C:\Users\SAIKAR~1\AppData\Local\Temp\ccHaLbQN.s 			page 31


 1581 0044 6C6F6E67 		.ascii	"long unsigned int\000"
 1581      20756E73 
 1581      69676E65 
 1581      6420696E 
 1581      7400
 1582              	.LASF4:
 1583 0056 73686F72 		.ascii	"short unsigned int\000"
 1583      7420756E 
 1583      7369676E 
 1583      65642069 
 1583      6E7400
 1584              	.LASF21:
 1585 0069 616E676C 		.ascii	"angle\000"
 1585      6500
 1586              	.LASF20:
 1587 006f 7369676E 		.ascii	"sign\000"
 1587      00
 1588              	.LASF0:
 1589 0074 646F7562 		.ascii	"double\000"
 1589      6C6500
 1590              	.LASF17:
 1591 007b 7A5F616E 		.ascii	"z_angle\000"
 1591      676C6500 
 1592              	.LASF34:
 1593 0083 66617374 		.ascii	"fast_sincos\000"
 1593      5F73696E 
 1593      636F7300 
 1594              	.LASF19:
 1595 008f 795F6E65 		.ascii	"y_new\000"
 1595      7700
 1596              	.LASF18:
 1597 0095 785F6E65 		.ascii	"x_new\000"
 1597      7700
 1598              	.LASF9:
 1599 009b 756E7369 		.ascii	"unsigned int\000"
 1599      676E6564 
 1599      20696E74 
 1599      00
 1600              	.LASF8:
 1601 00a8 6C6F6E67 		.ascii	"long long unsigned int\000"
 1601      206C6F6E 
 1601      6720756E 
 1601      7369676E 
 1601      65642069 
 1602              	.LASF23:
 1603 00bf 785F6669 		.ascii	"x_fixed\000"
 1603      78656400 
 1604              	.LASF29:
 1605 00c7 636F7264 		.ascii	"cordic.c\000"
 1605      69632E63 
 1605      00
 1606              	.LASF28:
 1607 00d0 474E5520 		.ascii	"GNU C11 5.4.1 20160609 (release) [ARM/embedded-5-br"
 1607      43313120 
 1607      352E342E 
 1607      31203230 
 1607      31363036 
ARM GAS  C:\Users\SAIKAR~1\AppData\Local\Temp\ccHaLbQN.s 			page 32


 1608 0103 616E6368 		.ascii	"anch revision 237715] -mcpu=cortex-m0 -mthumb -g -O"
 1608      20726576 
 1608      6973696F 
 1608      6E203233 
 1608      37373135 
 1609 0136 67202D66 		.ascii	"g -ffunction-sections -ffat-lto-objects\000"
 1609      66756E63 
 1609      74696F6E 
 1609      2D736563 
 1609      74696F6E 
 1610              	.LASF30:
 1611 015e 453A5C41 		.ascii	"E:\\Acads\\UWM\\Summer 25\\PathController\\PathCont"
 1611      63616473 
 1611      5C55574D 
 1611      5C53756D 
 1611      6D657220 
 1612 018c 726F6C6C 		.ascii	"roller.cydsn\000"
 1612      65722E63 
 1612      7964736E 
 1612      00
 1613              	.LASF13:
 1614 0199 73697A65 		.ascii	"sizetype\000"
 1614      74797065 
 1614      00
 1615              	.LASF7:
 1616 01a2 6C6F6E67 		.ascii	"long long int\000"
 1616      206C6F6E 
 1616      6720696E 
 1616      7400
 1617              	.LASF22:
 1618 01b0 795F6669 		.ascii	"y_fixed\000"
 1618      78656400 
 1619              	.LASF33:
 1620 01b8 66617374 		.ascii	"fast_atan2\000"
 1620      5F617461 
 1620      6E3200
 1621              	.LASF26:
 1622 01c3 635F6669 		.ascii	"c_fixed\000"
 1622      78656400 
 1623              	.LASF3:
 1624 01cb 73686F72 		.ascii	"short int\000"
 1624      7420696E 
 1624      7400
 1625              	.LASF16:
 1626 01d5 66697865 		.ascii	"fixed_t\000"
 1626      645F7400 
 1627              	.LASF5:
 1628 01dd 6C6F6E67 		.ascii	"long int\000"
 1628      20696E74 
 1628      00
 1629              	.LASF31:
 1630 01e6 636F7264 		.ascii	"cordic_atan2_core\000"
 1630      69635F61 
 1630      74616E32 
 1630      5F636F72 
 1630      6500
 1631              	.LASF12:
ARM GAS  C:\Users\SAIKAR~1\AppData\Local\Temp\ccHaLbQN.s 			page 33


 1632 01f8 6C6F6E67 		.ascii	"long double\000"
 1632      20646F75 
 1632      626C6500 
 1633              	.LASF1:
 1634 0204 7369676E 		.ascii	"signed char\000"
 1634      65642063 
 1634      68617200 
 1635              	.LASF27:
 1636 0210 636F7264 		.ascii	"cordic_angle_table\000"
 1636      69635F61 
 1636      6E676C65 
 1636      5F746162 
 1636      6C6500
 1637              	.LASF32:
 1638 0223 636F7264 		.ascii	"cordic_sincos_core\000"
 1638      69635F73 
 1638      696E636F 
 1638      735F636F 
 1638      726500
 1639              		.ident	"GCC: (GNU Tools for ARM Embedded Processors) 5.4.1 20160609 (release) [ARM/embedded-5-bran
