ARM GAS  C:\Users\SAIKAR~1\AppData\Local\Temp\ccPxRdgc.s 			page 1


   1              		.syntax unified
   2              		.cpu cortex-m0
   3              		.fpu softvfp
   4              		.eabi_attribute 20, 1
   5              		.eabi_attribute 21, 1
   6              		.eabi_attribute 23, 3
   7              		.eabi_attribute 24, 1
   8              		.eabi_attribute 25, 1
   9              		.eabi_attribute 26, 1
  10              		.eabi_attribute 30, 1
  11              		.eabi_attribute 34, 0
  12              		.eabi_attribute 18, 4
  13              		.thumb
  14              		.syntax unified
  15              		.file	"cyfitter_cfg.c"
  16              		.text
  17              	.Ltext0:
  18              		.cfi_sections	.debug_frame
  19              		.section	.text.AnalogSetDefault,"ax",%progbits
  20              		.align	2
  21              		.code	16
  22              		.thumb_func
  23              		.type	AnalogSetDefault, %function
  24              	AnalogSetDefault:
  25              	.LFB5:
  26              		.file 1 "Generated_Source\\PSoC4\\cyfitter_cfg.c"
   1:Generated_Source\PSoC4/cyfitter_cfg.c **** 
   2:Generated_Source\PSoC4/cyfitter_cfg.c **** /*******************************************************************************
   3:Generated_Source\PSoC4/cyfitter_cfg.c **** * File Name: cyfitter_cfg.c
   4:Generated_Source\PSoC4/cyfitter_cfg.c **** * 
   5:Generated_Source\PSoC4/cyfitter_cfg.c **** * PSoC Creator  4.4
   6:Generated_Source\PSoC4/cyfitter_cfg.c **** *
   7:Generated_Source\PSoC4/cyfitter_cfg.c **** * Description:
   8:Generated_Source\PSoC4/cyfitter_cfg.c **** * This file contains device initialization code.
   9:Generated_Source\PSoC4/cyfitter_cfg.c **** * Except for the user defined sections in CyClockStartupError(), this file should not be modified.
  10:Generated_Source\PSoC4/cyfitter_cfg.c **** * This file is automatically generated by PSoC Creator.
  11:Generated_Source\PSoC4/cyfitter_cfg.c **** *
  12:Generated_Source\PSoC4/cyfitter_cfg.c **** ********************************************************************************
  13:Generated_Source\PSoC4/cyfitter_cfg.c **** * Copyright (c) 2007-2020 Cypress Semiconductor.  All rights reserved.
  14:Generated_Source\PSoC4/cyfitter_cfg.c **** * You may use this file only in accordance with the license, terms, conditions, 
  15:Generated_Source\PSoC4/cyfitter_cfg.c **** * disclaimers, and limitations in the end user license agreement accompanying 
  16:Generated_Source\PSoC4/cyfitter_cfg.c **** * the software package with which this file was provided.
  17:Generated_Source\PSoC4/cyfitter_cfg.c **** ********************************************************************************/
  18:Generated_Source\PSoC4/cyfitter_cfg.c **** 
  19:Generated_Source\PSoC4/cyfitter_cfg.c **** #include <string.h>
  20:Generated_Source\PSoC4/cyfitter_cfg.c **** #include "cytypes.h"
  21:Generated_Source\PSoC4/cyfitter_cfg.c **** #include "cydevice_trm.h"
  22:Generated_Source\PSoC4/cyfitter_cfg.c **** #include "cyfitter.h"
  23:Generated_Source\PSoC4/cyfitter_cfg.c **** #include "CyLib.h"
  24:Generated_Source\PSoC4/cyfitter_cfg.c **** #include "cyfitter_cfg.h"
  25:Generated_Source\PSoC4/cyfitter_cfg.c **** #include "cyapicallbacks.h"
  26:Generated_Source\PSoC4/cyfitter_cfg.c **** 
  27:Generated_Source\PSoC4/cyfitter_cfg.c **** 
  28:Generated_Source\PSoC4/cyfitter_cfg.c **** #if defined(__GNUC__) || defined(__ARMCC_VERSION)
  29:Generated_Source\PSoC4/cyfitter_cfg.c ****     #define CYPACKED 
  30:Generated_Source\PSoC4/cyfitter_cfg.c ****     #define CYPACKED_ATTR __attribute__ ((packed))
  31:Generated_Source\PSoC4/cyfitter_cfg.c ****     #define CYALIGNED __attribute__ ((aligned))
ARM GAS  C:\Users\SAIKAR~1\AppData\Local\Temp\ccPxRdgc.s 			page 2


  32:Generated_Source\PSoC4/cyfitter_cfg.c ****     #define CY_CFG_UNUSED __attribute__ ((unused))
  33:Generated_Source\PSoC4/cyfitter_cfg.c ****     #ifndef CY_CFG_SECTION
  34:Generated_Source\PSoC4/cyfitter_cfg.c ****         #define CY_CFG_SECTION __attribute__ ((section(".psocinit")))
  35:Generated_Source\PSoC4/cyfitter_cfg.c ****     #endif
  36:Generated_Source\PSoC4/cyfitter_cfg.c ****     
  37:Generated_Source\PSoC4/cyfitter_cfg.c ****     #if defined(__ARMCC_VERSION)
  38:Generated_Source\PSoC4/cyfitter_cfg.c ****         #define CY_CFG_MEMORY_BARRIER() __memory_changed()
  39:Generated_Source\PSoC4/cyfitter_cfg.c ****     #else
  40:Generated_Source\PSoC4/cyfitter_cfg.c ****         #define CY_CFG_MEMORY_BARRIER() __sync_synchronize()
  41:Generated_Source\PSoC4/cyfitter_cfg.c ****     #endif
  42:Generated_Source\PSoC4/cyfitter_cfg.c ****     
  43:Generated_Source\PSoC4/cyfitter_cfg.c **** #elif defined(__ICCARM__)
  44:Generated_Source\PSoC4/cyfitter_cfg.c ****     #include <intrinsics.h>
  45:Generated_Source\PSoC4/cyfitter_cfg.c **** 
  46:Generated_Source\PSoC4/cyfitter_cfg.c ****     #define CYPACKED __packed
  47:Generated_Source\PSoC4/cyfitter_cfg.c ****     #define CYPACKED_ATTR 
  48:Generated_Source\PSoC4/cyfitter_cfg.c ****     #define CYALIGNED _Pragma("data_alignment=4")
  49:Generated_Source\PSoC4/cyfitter_cfg.c ****     #define CY_CFG_UNUSED _Pragma("diag_suppress=Pe177")
  50:Generated_Source\PSoC4/cyfitter_cfg.c ****     #define CY_CFG_SECTION _Pragma("location=\".psocinit\"")
  51:Generated_Source\PSoC4/cyfitter_cfg.c ****     
  52:Generated_Source\PSoC4/cyfitter_cfg.c ****     #define CY_CFG_MEMORY_BARRIER() __DMB()
  53:Generated_Source\PSoC4/cyfitter_cfg.c ****     
  54:Generated_Source\PSoC4/cyfitter_cfg.c **** #else
  55:Generated_Source\PSoC4/cyfitter_cfg.c ****     #error Unsupported toolchain
  56:Generated_Source\PSoC4/cyfitter_cfg.c **** #endif
  57:Generated_Source\PSoC4/cyfitter_cfg.c **** 
  58:Generated_Source\PSoC4/cyfitter_cfg.c **** #ifndef CYCODE
  59:Generated_Source\PSoC4/cyfitter_cfg.c ****     #define CYCODE
  60:Generated_Source\PSoC4/cyfitter_cfg.c **** #endif
  61:Generated_Source\PSoC4/cyfitter_cfg.c **** #ifndef CYDATA
  62:Generated_Source\PSoC4/cyfitter_cfg.c ****     #define CYDATA
  63:Generated_Source\PSoC4/cyfitter_cfg.c **** #endif
  64:Generated_Source\PSoC4/cyfitter_cfg.c **** #ifndef CYFAR
  65:Generated_Source\PSoC4/cyfitter_cfg.c ****     #define CYFAR
  66:Generated_Source\PSoC4/cyfitter_cfg.c **** #endif
  67:Generated_Source\PSoC4/cyfitter_cfg.c **** #ifndef CYXDATA
  68:Generated_Source\PSoC4/cyfitter_cfg.c ****     #define CYXDATA
  69:Generated_Source\PSoC4/cyfitter_cfg.c **** #endif
  70:Generated_Source\PSoC4/cyfitter_cfg.c **** 
  71:Generated_Source\PSoC4/cyfitter_cfg.c **** 
  72:Generated_Source\PSoC4/cyfitter_cfg.c **** CY_CFG_UNUSED
  73:Generated_Source\PSoC4/cyfitter_cfg.c **** static void CYMEMZERO(void *s, size_t n);
  74:Generated_Source\PSoC4/cyfitter_cfg.c **** CY_CFG_UNUSED
  75:Generated_Source\PSoC4/cyfitter_cfg.c **** static void CYMEMZERO(void *s, size_t n)
  76:Generated_Source\PSoC4/cyfitter_cfg.c **** {
  77:Generated_Source\PSoC4/cyfitter_cfg.c **** 	(void)memset(s, 0, n);
  78:Generated_Source\PSoC4/cyfitter_cfg.c **** }
  79:Generated_Source\PSoC4/cyfitter_cfg.c **** CY_CFG_UNUSED
  80:Generated_Source\PSoC4/cyfitter_cfg.c **** static void CYCONFIGCPY(void *dest, const void *src, size_t n);
  81:Generated_Source\PSoC4/cyfitter_cfg.c **** CY_CFG_UNUSED
  82:Generated_Source\PSoC4/cyfitter_cfg.c **** static void CYCONFIGCPY(void *dest, const void *src, size_t n)
  83:Generated_Source\PSoC4/cyfitter_cfg.c **** {
  84:Generated_Source\PSoC4/cyfitter_cfg.c **** 	(void)memcpy(dest, src, n);
  85:Generated_Source\PSoC4/cyfitter_cfg.c **** }
  86:Generated_Source\PSoC4/cyfitter_cfg.c **** CY_CFG_UNUSED
  87:Generated_Source\PSoC4/cyfitter_cfg.c **** static void CYCONFIGCPYCODE(void *dest, const void *src, size_t n);
  88:Generated_Source\PSoC4/cyfitter_cfg.c **** CY_CFG_UNUSED
ARM GAS  C:\Users\SAIKAR~1\AppData\Local\Temp\ccPxRdgc.s 			page 3


  89:Generated_Source\PSoC4/cyfitter_cfg.c **** static void CYCONFIGCPYCODE(void *dest, const void *src, size_t n)
  90:Generated_Source\PSoC4/cyfitter_cfg.c **** {
  91:Generated_Source\PSoC4/cyfitter_cfg.c **** 	(void)memcpy(dest, src, n);
  92:Generated_Source\PSoC4/cyfitter_cfg.c **** }
  93:Generated_Source\PSoC4/cyfitter_cfg.c **** 
  94:Generated_Source\PSoC4/cyfitter_cfg.c **** 
  95:Generated_Source\PSoC4/cyfitter_cfg.c **** 
  96:Generated_Source\PSoC4/cyfitter_cfg.c **** 
  97:Generated_Source\PSoC4/cyfitter_cfg.c **** /* Clock startup error codes                                                   */
  98:Generated_Source\PSoC4/cyfitter_cfg.c **** #define CYCLOCKSTART_NO_ERROR    0u
  99:Generated_Source\PSoC4/cyfitter_cfg.c **** #define CYCLOCKSTART_XTAL_ERROR  1u
 100:Generated_Source\PSoC4/cyfitter_cfg.c **** #define CYCLOCKSTART_32KHZ_ERROR 2u
 101:Generated_Source\PSoC4/cyfitter_cfg.c **** #define CYCLOCKSTART_PLL_ERROR   3u
 102:Generated_Source\PSoC4/cyfitter_cfg.c **** #define CYCLOCKSTART_FLL_ERROR   4u
 103:Generated_Source\PSoC4/cyfitter_cfg.c **** #define CYCLOCKSTART_WCO_ERROR   5u
 104:Generated_Source\PSoC4/cyfitter_cfg.c **** 
 105:Generated_Source\PSoC4/cyfitter_cfg.c **** 
 106:Generated_Source\PSoC4/cyfitter_cfg.c **** #ifdef CY_NEED_CYCLOCKSTARTUPERROR
 107:Generated_Source\PSoC4/cyfitter_cfg.c **** /*******************************************************************************
 108:Generated_Source\PSoC4/cyfitter_cfg.c **** * Function Name: CyClockStartupError
 109:Generated_Source\PSoC4/cyfitter_cfg.c **** ********************************************************************************
 110:Generated_Source\PSoC4/cyfitter_cfg.c **** * Summary:
 111:Generated_Source\PSoC4/cyfitter_cfg.c **** *  If an error is encountered during clock configuration (crystal startup error,
 112:Generated_Source\PSoC4/cyfitter_cfg.c **** *  PLL lock error, etc.), the system will end up here.  Unless reimplemented by
 113:Generated_Source\PSoC4/cyfitter_cfg.c **** *  the customer, this function will stop in an infinite loop.
 114:Generated_Source\PSoC4/cyfitter_cfg.c **** *
 115:Generated_Source\PSoC4/cyfitter_cfg.c **** * Parameters:
 116:Generated_Source\PSoC4/cyfitter_cfg.c **** *   void
 117:Generated_Source\PSoC4/cyfitter_cfg.c **** *
 118:Generated_Source\PSoC4/cyfitter_cfg.c **** * Return:
 119:Generated_Source\PSoC4/cyfitter_cfg.c **** *   void
 120:Generated_Source\PSoC4/cyfitter_cfg.c **** *
 121:Generated_Source\PSoC4/cyfitter_cfg.c **** *******************************************************************************/
 122:Generated_Source\PSoC4/cyfitter_cfg.c **** CY_CFG_UNUSED
 123:Generated_Source\PSoC4/cyfitter_cfg.c **** static void CyClockStartupError(uint8 errorCode);
 124:Generated_Source\PSoC4/cyfitter_cfg.c **** CY_CFG_UNUSED
 125:Generated_Source\PSoC4/cyfitter_cfg.c **** static void CyClockStartupError(uint8 errorCode)
 126:Generated_Source\PSoC4/cyfitter_cfg.c **** {
 127:Generated_Source\PSoC4/cyfitter_cfg.c ****     /* To remove the compiler warning if errorCode not used.                */
 128:Generated_Source\PSoC4/cyfitter_cfg.c ****     errorCode = errorCode;
 129:Generated_Source\PSoC4/cyfitter_cfg.c **** 
 130:Generated_Source\PSoC4/cyfitter_cfg.c ****     /* If we have a clock startup error (bad MHz crystal, PLL lock, etc.),  */
 131:Generated_Source\PSoC4/cyfitter_cfg.c ****     /* we will end up here to allow the customer to implement something to  */
 132:Generated_Source\PSoC4/cyfitter_cfg.c ****     /* deal with the clock condition.                                       */
 133:Generated_Source\PSoC4/cyfitter_cfg.c **** 
 134:Generated_Source\PSoC4/cyfitter_cfg.c **** #ifdef CY_CFG_CLOCK_STARTUP_ERROR_CALLBACK
 135:Generated_Source\PSoC4/cyfitter_cfg.c ****     CY_CFG_Clock_Startup_ErrorCallback();
 136:Generated_Source\PSoC4/cyfitter_cfg.c **** #else
 137:Generated_Source\PSoC4/cyfitter_cfg.c ****     /*  If not using CY_CFG_CLOCK_STARTUP_ERROR_CALLBACK, place your clock startup code here. */
 138:Generated_Source\PSoC4/cyfitter_cfg.c ****     /* `#START CyClockStartupError` */
 139:Generated_Source\PSoC4/cyfitter_cfg.c **** 
 140:Generated_Source\PSoC4/cyfitter_cfg.c **** 
 141:Generated_Source\PSoC4/cyfitter_cfg.c **** 
 142:Generated_Source\PSoC4/cyfitter_cfg.c ****     /* `#END` */
 143:Generated_Source\PSoC4/cyfitter_cfg.c **** 
 144:Generated_Source\PSoC4/cyfitter_cfg.c ****     while(1) {}
 145:Generated_Source\PSoC4/cyfitter_cfg.c **** #endif /* CY_CFG_CLOCK_STARTUP_ERROR_CALLBACK */
ARM GAS  C:\Users\SAIKAR~1\AppData\Local\Temp\ccPxRdgc.s 			page 4


 146:Generated_Source\PSoC4/cyfitter_cfg.c **** }
 147:Generated_Source\PSoC4/cyfitter_cfg.c **** #endif
 148:Generated_Source\PSoC4/cyfitter_cfg.c **** 
 149:Generated_Source\PSoC4/cyfitter_cfg.c **** 
 150:Generated_Source\PSoC4/cyfitter_cfg.c **** 
 151:Generated_Source\PSoC4/cyfitter_cfg.c **** /*******************************************************************************
 152:Generated_Source\PSoC4/cyfitter_cfg.c **** * Function Name: ClockSetup
 153:Generated_Source\PSoC4/cyfitter_cfg.c **** ********************************************************************************
 154:Generated_Source\PSoC4/cyfitter_cfg.c **** *
 155:Generated_Source\PSoC4/cyfitter_cfg.c **** * Summary:
 156:Generated_Source\PSoC4/cyfitter_cfg.c **** *   Performs the initialization of all of the clocks in the device based on the
 157:Generated_Source\PSoC4/cyfitter_cfg.c **** *   settings in the Clock tab of the DWR.  This includes enabling the requested
 158:Generated_Source\PSoC4/cyfitter_cfg.c **** *   clocks and setting the necessary dividers to produce the desired frequency. 
 159:Generated_Source\PSoC4/cyfitter_cfg.c **** *
 160:Generated_Source\PSoC4/cyfitter_cfg.c **** * Parameters:
 161:Generated_Source\PSoC4/cyfitter_cfg.c **** *   void
 162:Generated_Source\PSoC4/cyfitter_cfg.c **** *
 163:Generated_Source\PSoC4/cyfitter_cfg.c **** * Return:
 164:Generated_Source\PSoC4/cyfitter_cfg.c **** *   void
 165:Generated_Source\PSoC4/cyfitter_cfg.c **** *
 166:Generated_Source\PSoC4/cyfitter_cfg.c **** *******************************************************************************/
 167:Generated_Source\PSoC4/cyfitter_cfg.c **** static void ClockSetup(void);
 168:Generated_Source\PSoC4/cyfitter_cfg.c **** CY_CFG_SECTION
 169:Generated_Source\PSoC4/cyfitter_cfg.c **** static void ClockSetup(void)
 170:Generated_Source\PSoC4/cyfitter_cfg.c **** {
 171:Generated_Source\PSoC4/cyfitter_cfg.c **** 
 172:Generated_Source\PSoC4/cyfitter_cfg.c **** 	/* Set Flash Cycles based on max possible frequency in case a glitch occurs during ClockSetup(). *
 173:Generated_Source\PSoC4/cyfitter_cfg.c **** 	CY_SET_REG32((void CYXDATA *)(CYREG_CPUSS_FLASH_CTL), (0x0012u));
 174:Generated_Source\PSoC4/cyfitter_cfg.c **** 
 175:Generated_Source\PSoC4/cyfitter_cfg.c **** 	/* Start the WCO */
 176:Generated_Source\PSoC4/cyfitter_cfg.c **** 	CySysClkWcoStart();
 177:Generated_Source\PSoC4/cyfitter_cfg.c **** 	CyDelayCycles(12000000u); /* WCO may take up to 500ms to start */
 178:Generated_Source\PSoC4/cyfitter_cfg.c **** 
 179:Generated_Source\PSoC4/cyfitter_cfg.c **** 	/* Setup and trim IMO based on desired frequency. */
 180:Generated_Source\PSoC4/cyfitter_cfg.c **** 	CySysClkWriteImoFreq(32u);
 181:Generated_Source\PSoC4/cyfitter_cfg.c **** 	/* CYDEV_WDT_CONFIG Starting address: CYDEV_WDT_CONFIG */
 182:Generated_Source\PSoC4/cyfitter_cfg.c **** 	CY_SET_REG32((void *)(CYREG_WDT_CONFIG), 0x40000000u);
 183:Generated_Source\PSoC4/cyfitter_cfg.c **** 
 184:Generated_Source\PSoC4/cyfitter_cfg.c **** 
 185:Generated_Source\PSoC4/cyfitter_cfg.c **** 	/* Setup phase aligned clocks */
 186:Generated_Source\PSoC4/cyfitter_cfg.c **** 	CY_SET_REG32((void *)CYREG_PERI_DIV_16_CTL2, 0x00001600u);
 187:Generated_Source\PSoC4/cyfitter_cfg.c **** 	CY_SET_REG32((void *)CYREG_PERI_DIV_CMD, 0x8000FF42u);
 188:Generated_Source\PSoC4/cyfitter_cfg.c **** 	CY_SET_REG32((void *)CYREG_PERI_DIV_16_CTL1, 0x00001600u);
 189:Generated_Source\PSoC4/cyfitter_cfg.c **** 	CY_SET_REG32((void *)CYREG_PERI_DIV_CMD, 0x8000FF41u);
 190:Generated_Source\PSoC4/cyfitter_cfg.c **** 	CY_SET_REG32((void *)CYREG_PERI_DIV_16_CTL0, 0x00001600u);
 191:Generated_Source\PSoC4/cyfitter_cfg.c **** 	CY_SET_REG32((void *)CYREG_PERI_DIV_CMD, 0x8000FF40u);
 192:Generated_Source\PSoC4/cyfitter_cfg.c **** 
 193:Generated_Source\PSoC4/cyfitter_cfg.c **** 	/* CYDEV_CLK_IMO_CONFIG Starting address: CYDEV_CLK_IMO_CONFIG */
 194:Generated_Source\PSoC4/cyfitter_cfg.c **** 	CY_SET_REG32((void *)(CYREG_CLK_IMO_CONFIG), 0x80000000u);
 195:Generated_Source\PSoC4/cyfitter_cfg.c **** 
 196:Generated_Source\PSoC4/cyfitter_cfg.c **** 	/* CYDEV_CLK_SELECT Starting address: CYDEV_CLK_SELECT */
 197:Generated_Source\PSoC4/cyfitter_cfg.c **** 	CY_SET_REG32((void *)(CYREG_CLK_SELECT), 0x00040000u);
 198:Generated_Source\PSoC4/cyfitter_cfg.c **** 
 199:Generated_Source\PSoC4/cyfitter_cfg.c **** 	/* CYDEV_PERI_PCLK_CTL5 Starting address: CYDEV_PERI_PCLK_CTL5 */
 200:Generated_Source\PSoC4/cyfitter_cfg.c **** 	CY_SET_REG32((void *)(CYREG_PERI_PCLK_CTL5), 0x00000042u);
 201:Generated_Source\PSoC4/cyfitter_cfg.c **** 
 202:Generated_Source\PSoC4/cyfitter_cfg.c **** 	/* CYDEV_PERI_PCLK_CTL3 Starting address: CYDEV_PERI_PCLK_CTL3 */
ARM GAS  C:\Users\SAIKAR~1\AppData\Local\Temp\ccPxRdgc.s 			page 5


 203:Generated_Source\PSoC4/cyfitter_cfg.c **** 	CY_SET_REG32((void *)(CYREG_PERI_PCLK_CTL3), 0x00000041u);
 204:Generated_Source\PSoC4/cyfitter_cfg.c **** 
 205:Generated_Source\PSoC4/cyfitter_cfg.c **** 	/* CYDEV_PERI_PCLK_CTL2 Starting address: CYDEV_PERI_PCLK_CTL2 */
 206:Generated_Source\PSoC4/cyfitter_cfg.c **** 	CY_SET_REG32((void *)(CYREG_PERI_PCLK_CTL2), 0x00000040u);
 207:Generated_Source\PSoC4/cyfitter_cfg.c **** 
 208:Generated_Source\PSoC4/cyfitter_cfg.c **** 	CY_SET_REG32((void *)(CYREG_WDT_MATCH), 0x000000A3u);
 209:Generated_Source\PSoC4/cyfitter_cfg.c **** 	CY_SET_REG32((void *)(CYREG_WDT_CONFIG), 0x40000005u);
 210:Generated_Source\PSoC4/cyfitter_cfg.c **** 	CY_SET_REG32((void *)(CYREG_WDT_CONTROL), 0x00000008u);
 211:Generated_Source\PSoC4/cyfitter_cfg.c **** 	while ((CY_GET_XTND_REG32((void CYFAR *)(CYREG_WDT_CONTROL)) & 0x00000008u) != 0u) { }
 212:Generated_Source\PSoC4/cyfitter_cfg.c **** 	CY_SET_REG32((void *)(CYREG_WDT_CONTROL), 0x00000001u);
 213:Generated_Source\PSoC4/cyfitter_cfg.c **** 	/* Set Flash Cycles based on newly configured 32.00MHz HFCLK. */
 214:Generated_Source\PSoC4/cyfitter_cfg.c **** 	CY_SET_REG32((void CYXDATA *)(CYREG_CPUSS_FLASH_CTL), (0x0011u));
 215:Generated_Source\PSoC4/cyfitter_cfg.c **** }
 216:Generated_Source\PSoC4/cyfitter_cfg.c **** 
 217:Generated_Source\PSoC4/cyfitter_cfg.c **** 
 218:Generated_Source\PSoC4/cyfitter_cfg.c **** /* Analog API Functions */
 219:Generated_Source\PSoC4/cyfitter_cfg.c **** 
 220:Generated_Source\PSoC4/cyfitter_cfg.c **** 
 221:Generated_Source\PSoC4/cyfitter_cfg.c **** /*******************************************************************************
 222:Generated_Source\PSoC4/cyfitter_cfg.c **** * Function Name: AnalogSetDefault
 223:Generated_Source\PSoC4/cyfitter_cfg.c **** ********************************************************************************
 224:Generated_Source\PSoC4/cyfitter_cfg.c **** *
 225:Generated_Source\PSoC4/cyfitter_cfg.c **** * Summary:
 226:Generated_Source\PSoC4/cyfitter_cfg.c **** *  Sets up the analog portions of the chip to default values based on chip
 227:Generated_Source\PSoC4/cyfitter_cfg.c **** *  configuration options from the project.
 228:Generated_Source\PSoC4/cyfitter_cfg.c **** *
 229:Generated_Source\PSoC4/cyfitter_cfg.c **** * Parameters:
 230:Generated_Source\PSoC4/cyfitter_cfg.c **** *  void
 231:Generated_Source\PSoC4/cyfitter_cfg.c **** *
 232:Generated_Source\PSoC4/cyfitter_cfg.c **** * Return:
 233:Generated_Source\PSoC4/cyfitter_cfg.c **** *  void
 234:Generated_Source\PSoC4/cyfitter_cfg.c **** *
 235:Generated_Source\PSoC4/cyfitter_cfg.c **** *******************************************************************************/
 236:Generated_Source\PSoC4/cyfitter_cfg.c **** static void AnalogSetDefault(void);
 237:Generated_Source\PSoC4/cyfitter_cfg.c **** static void AnalogSetDefault(void)
 238:Generated_Source\PSoC4/cyfitter_cfg.c **** {
  27              		.loc 1 238 0
  28              		.cfi_startproc
  29              		@ args = 0, pretend = 0, frame = 0
  30              		@ frame_needed = 0, uses_anonymous_args = 0
  31              		@ link register save eliminated.
 239:Generated_Source\PSoC4/cyfitter_cfg.c **** 	CY_SET_XTND_REG32((void CYFAR *)CYREG_CTBM0_DFT_CTRL, 0x00000003u);
  32              		.loc 1 239 0
  33 0000 0323     		movs	r3, #3
  34 0002 044A     		ldr	r2, .L2
  35 0004 1360     		str	r3, [r2]
 240:Generated_Source\PSoC4/cyfitter_cfg.c **** 	CY_SET_XTND_REG32((void CYFAR *)CYREG_CTBM1_DFT_CTRL, 0x00000003u);
  36              		.loc 1 240 0
  37 0006 044A     		ldr	r2, .L2+4
  38 0008 1360     		str	r3, [r2]
 241:Generated_Source\PSoC4/cyfitter_cfg.c **** 	CY_SET_XTND_REG32((void CYFAR *)CYREG_PASS_DSAB_DSAB_CTRL, 0x00000000u);
  39              		.loc 1 241 0
  40 000a 0022     		movs	r2, #0
  41 000c 034B     		ldr	r3, .L2+8
  42 000e 1A60     		str	r2, [r3]
 242:Generated_Source\PSoC4/cyfitter_cfg.c **** }
  43              		.loc 1 242 0
ARM GAS  C:\Users\SAIKAR~1\AppData\Local\Temp\ccPxRdgc.s 			page 6


  44              		@ sp needed
  45 0010 7047     		bx	lr
  46              	.L3:
  47 0012 C046     		.align	2
  48              	.L2:
  49 0014 30003040 		.word	1076887600
  50 0018 30003140 		.word	1076953136
  51 001c 000E3F40 		.word	1077874176
  52              		.cfi_endproc
  53              	.LFE5:
  54              		.size	AnalogSetDefault, .-AnalogSetDefault
  55              		.section	.text.CYMEMZERO,"ax",%progbits
  56              		.align	2
  57              		.code	16
  58              		.thumb_func
  59              		.type	CYMEMZERO, %function
  60              	CYMEMZERO:
  61              	.LFB1:
  76:Generated_Source\PSoC4/cyfitter_cfg.c **** 	(void)memset(s, 0, n);
  62              		.loc 1 76 0
  63              		.cfi_startproc
  64              		@ args = 0, pretend = 0, frame = 0
  65              		@ frame_needed = 0, uses_anonymous_args = 0
  66              	.LVL0:
  67 0000 10B5     		push	{r4, lr}
  68              		.cfi_def_cfa_offset 8
  69              		.cfi_offset 4, -8
  70              		.cfi_offset 14, -4
  71 0002 0A00     		movs	r2, r1
  77:Generated_Source\PSoC4/cyfitter_cfg.c **** }
  72              		.loc 1 77 0
  73 0004 0021     		movs	r1, #0
  74              	.LVL1:
  75 0006 FFF7FEFF 		bl	memset
  76              	.LVL2:
  78:Generated_Source\PSoC4/cyfitter_cfg.c **** CY_CFG_UNUSED
  77              		.loc 1 78 0
  78              		@ sp needed
  79 000a 10BD     		pop	{r4, pc}
  80              		.cfi_endproc
  81              	.LFE1:
  82              		.size	CYMEMZERO, .-CYMEMZERO
  83              		.section	.psocinit,"ax",%progbits
  84              		.align	2
  85              		.code	16
  86              		.thumb_func
  87              		.type	ClockSetup, %function
  88              	ClockSetup:
  89              	.LFB4:
 170:Generated_Source\PSoC4/cyfitter_cfg.c **** 
  90              		.loc 1 170 0
  91              		.cfi_startproc
  92              		@ args = 0, pretend = 0, frame = 0
  93              		@ frame_needed = 0, uses_anonymous_args = 0
  94 0000 10B5     		push	{r4, lr}
  95              		.cfi_def_cfa_offset 8
  96              		.cfi_offset 4, -8
ARM GAS  C:\Users\SAIKAR~1\AppData\Local\Temp\ccPxRdgc.s 			page 7


  97              		.cfi_offset 14, -4
 173:Generated_Source\PSoC4/cyfitter_cfg.c **** 
  98              		.loc 1 173 0
  99 0002 1222     		movs	r2, #18
 100 0004 204B     		ldr	r3, .L7
 101 0006 1A60     		str	r2, [r3]
 176:Generated_Source\PSoC4/cyfitter_cfg.c **** 	CyDelayCycles(12000000u); /* WCO may take up to 500ms to start */
 102              		.loc 1 176 0
 103 0008 FFF7FEFF 		bl	CySysClkWcoStart
 104              	.LVL3:
 177:Generated_Source\PSoC4/cyfitter_cfg.c **** 
 105              		.loc 1 177 0
 106 000c 1F48     		ldr	r0, .L7+4
 107 000e FFF7FEFF 		bl	CyDelayCycles
 108              	.LVL4:
 180:Generated_Source\PSoC4/cyfitter_cfg.c **** 	/* CYDEV_WDT_CONFIG Starting address: CYDEV_WDT_CONFIG */
 109              		.loc 1 180 0
 110 0012 2020     		movs	r0, #32
 111 0014 FFF7FEFF 		bl	CySysClkWriteImoFreq
 112              	.LVL5:
 182:Generated_Source\PSoC4/cyfitter_cfg.c **** 
 113              		.loc 1 182 0
 114 0018 1D49     		ldr	r1, .L7+8
 115 001a 8023     		movs	r3, #128
 116 001c DB05     		lsls	r3, r3, #23
 117 001e 0B60     		str	r3, [r1]
 186:Generated_Source\PSoC4/cyfitter_cfg.c **** 	CY_SET_REG32((void *)CYREG_PERI_DIV_CMD, 0x8000FF42u);
 118              		.loc 1 186 0
 119 0020 B022     		movs	r2, #176
 120 0022 5201     		lsls	r2, r2, #5
 121 0024 1B4B     		ldr	r3, .L7+12
 122 0026 1A60     		str	r2, [r3]
 187:Generated_Source\PSoC4/cyfitter_cfg.c **** 	CY_SET_REG32((void *)CYREG_PERI_DIV_16_CTL1, 0x00001600u);
 123              		.loc 1 187 0
 124 0028 1B4B     		ldr	r3, .L7+16
 125 002a 1C48     		ldr	r0, .L7+20
 126 002c 1860     		str	r0, [r3]
 188:Generated_Source\PSoC4/cyfitter_cfg.c **** 	CY_SET_REG32((void *)CYREG_PERI_DIV_CMD, 0x8000FF41u);
 127              		.loc 1 188 0
 128 002e 1C48     		ldr	r0, .L7+24
 129 0030 0260     		str	r2, [r0]
 189:Generated_Source\PSoC4/cyfitter_cfg.c **** 	CY_SET_REG32((void *)CYREG_PERI_DIV_16_CTL0, 0x00001600u);
 130              		.loc 1 189 0
 131 0032 1C48     		ldr	r0, .L7+28
 132 0034 1860     		str	r0, [r3]
 190:Generated_Source\PSoC4/cyfitter_cfg.c **** 	CY_SET_REG32((void *)CYREG_PERI_DIV_CMD, 0x8000FF40u);
 133              		.loc 1 190 0
 134 0036 1C48     		ldr	r0, .L7+32
 135 0038 0260     		str	r2, [r0]
 191:Generated_Source\PSoC4/cyfitter_cfg.c **** 
 136              		.loc 1 191 0
 137 003a 1C4A     		ldr	r2, .L7+36
 138 003c 1A60     		str	r2, [r3]
 194:Generated_Source\PSoC4/cyfitter_cfg.c **** 
 139              		.loc 1 194 0
 140 003e 8022     		movs	r2, #128
 141 0040 1206     		lsls	r2, r2, #24
ARM GAS  C:\Users\SAIKAR~1\AppData\Local\Temp\ccPxRdgc.s 			page 8


 142 0042 1B4B     		ldr	r3, .L7+40
 143 0044 1A60     		str	r2, [r3]
 197:Generated_Source\PSoC4/cyfitter_cfg.c **** 
 144              		.loc 1 197 0
 145 0046 8022     		movs	r2, #128
 146 0048 D202     		lsls	r2, r2, #11
 147 004a 1A4B     		ldr	r3, .L7+44
 148 004c 1A60     		str	r2, [r3]
 200:Generated_Source\PSoC4/cyfitter_cfg.c **** 
 149              		.loc 1 200 0
 150 004e 4222     		movs	r2, #66
 151 0050 194B     		ldr	r3, .L7+48
 152 0052 1A60     		str	r2, [r3]
 203:Generated_Source\PSoC4/cyfitter_cfg.c **** 
 153              		.loc 1 203 0
 154 0054 013A     		subs	r2, r2, #1
 155 0056 194B     		ldr	r3, .L7+52
 156 0058 1A60     		str	r2, [r3]
 206:Generated_Source\PSoC4/cyfitter_cfg.c **** 
 157              		.loc 1 206 0
 158 005a 013A     		subs	r2, r2, #1
 159 005c 184B     		ldr	r3, .L7+56
 160 005e 1A60     		str	r2, [r3]
 208:Generated_Source\PSoC4/cyfitter_cfg.c **** 	CY_SET_REG32((void *)(CYREG_WDT_CONFIG), 0x40000005u);
 161              		.loc 1 208 0
 162 0060 6332     		adds	r2, r2, #99
 163 0062 184B     		ldr	r3, .L7+60
 164 0064 1A60     		str	r2, [r3]
 209:Generated_Source\PSoC4/cyfitter_cfg.c **** 	CY_SET_REG32((void *)(CYREG_WDT_CONTROL), 0x00000008u);
 165              		.loc 1 209 0
 166 0066 184B     		ldr	r3, .L7+64
 167 0068 0B60     		str	r3, [r1]
 210:Generated_Source\PSoC4/cyfitter_cfg.c **** 	while ((CY_GET_XTND_REG32((void CYFAR *)(CYREG_WDT_CONTROL)) & 0x00000008u) != 0u) { }
 168              		.loc 1 210 0
 169 006a 9B3A     		subs	r2, r2, #155
 170 006c 174B     		ldr	r3, .L7+68
 171 006e 1A60     		str	r2, [r3]
 172              	.L6:
 211:Generated_Source\PSoC4/cyfitter_cfg.c **** 	CY_SET_REG32((void *)(CYREG_WDT_CONTROL), 0x00000001u);
 173              		.loc 1 211 0 discriminator 1
 174 0070 164B     		ldr	r3, .L7+68
 175 0072 1B68     		ldr	r3, [r3]
 176 0074 1B07     		lsls	r3, r3, #28
 177 0076 FBD4     		bmi	.L6
 212:Generated_Source\PSoC4/cyfitter_cfg.c **** 	/* Set Flash Cycles based on newly configured 32.00MHz HFCLK. */
 178              		.loc 1 212 0
 179 0078 0122     		movs	r2, #1
 180 007a 144B     		ldr	r3, .L7+68
 181 007c 1A60     		str	r2, [r3]
 214:Generated_Source\PSoC4/cyfitter_cfg.c **** }
 182              		.loc 1 214 0
 183 007e 1032     		adds	r2, r2, #16
 184 0080 014B     		ldr	r3, .L7
 185 0082 1A60     		str	r2, [r3]
 215:Generated_Source\PSoC4/cyfitter_cfg.c **** 
 186              		.loc 1 215 0
 187              		@ sp needed
ARM GAS  C:\Users\SAIKAR~1\AppData\Local\Temp\ccPxRdgc.s 			page 9


 188 0084 10BD     		pop	{r4, pc}
 189              	.L8:
 190 0086 C046     		.align	2
 191              	.L7:
 192 0088 30001040 		.word	1074790448
 193 008c 001BB700 		.word	12000000
 194 0090 0C020B40 		.word	1074463244
 195 0094 08030140 		.word	1073808136
 196 0098 00000140 		.word	1073807360
 197 009c 42FF0080 		.word	-2147418302
 198 00a0 04030140 		.word	1073808132
 199 00a4 41FF0080 		.word	-2147418303
 200 00a8 00030140 		.word	1073808128
 201 00ac 40FF0080 		.word	-2147418304
 202 00b0 08010B40 		.word	1074462984
 203 00b4 00010B40 		.word	1074462976
 204 00b8 14010140 		.word	1073807636
 205 00bc 0C010140 		.word	1073807628
 206 00c0 08010140 		.word	1073807624
 207 00c4 08020B40 		.word	1074463240
 208 00c8 05000040 		.word	1073741829
 209 00cc 10020B40 		.word	1074463248
 210              		.cfi_endproc
 211              	.LFE4:
 212              		.size	ClockSetup, .-ClockSetup
 213              		.align	2
 214              		.global	cyfitter_cfg
 215              		.code	16
 216              		.thumb_func
 217              		.type	cyfitter_cfg, %function
 218              	cyfitter_cfg:
 219              	.LFB6:
 243:Generated_Source\PSoC4/cyfitter_cfg.c **** 
 244:Generated_Source\PSoC4/cyfitter_cfg.c **** 
 245:Generated_Source\PSoC4/cyfitter_cfg.c **** 
 246:Generated_Source\PSoC4/cyfitter_cfg.c **** 
 247:Generated_Source\PSoC4/cyfitter_cfg.c **** /*******************************************************************************
 248:Generated_Source\PSoC4/cyfitter_cfg.c **** * Function Name: cyfitter_cfg
 249:Generated_Source\PSoC4/cyfitter_cfg.c **** ********************************************************************************
 250:Generated_Source\PSoC4/cyfitter_cfg.c **** * Summary:
 251:Generated_Source\PSoC4/cyfitter_cfg.c **** *  This function is called by the start-up code for the selected device. It
 252:Generated_Source\PSoC4/cyfitter_cfg.c **** *  performs all of the necessary device configuration based on the design
 253:Generated_Source\PSoC4/cyfitter_cfg.c **** *  settings.  This includes settings from the Design Wide Resources (DWR) such
 254:Generated_Source\PSoC4/cyfitter_cfg.c **** *  as Clocks and Pins as well as any component configuration that is necessary.
 255:Generated_Source\PSoC4/cyfitter_cfg.c **** *
 256:Generated_Source\PSoC4/cyfitter_cfg.c **** * Parameters:
 257:Generated_Source\PSoC4/cyfitter_cfg.c **** *   void
 258:Generated_Source\PSoC4/cyfitter_cfg.c **** *
 259:Generated_Source\PSoC4/cyfitter_cfg.c **** * Return:
 260:Generated_Source\PSoC4/cyfitter_cfg.c **** *   void
 261:Generated_Source\PSoC4/cyfitter_cfg.c **** *
 262:Generated_Source\PSoC4/cyfitter_cfg.c **** *******************************************************************************/
 263:Generated_Source\PSoC4/cyfitter_cfg.c **** CY_CFG_SECTION
 264:Generated_Source\PSoC4/cyfitter_cfg.c **** void cyfitter_cfg(void)
 265:Generated_Source\PSoC4/cyfitter_cfg.c **** {
 220              		.loc 1 265 0
 221              		.cfi_startproc
ARM GAS  C:\Users\SAIKAR~1\AppData\Local\Temp\ccPxRdgc.s 			page 10


 222              		@ args = 0, pretend = 0, frame = 0
 223              		@ frame_needed = 0, uses_anonymous_args = 0
 224 00d0 10B5     		push	{r4, lr}
 225              		.cfi_def_cfa_offset 8
 226              		.cfi_offset 4, -8
 227              		.cfi_offset 14, -4
 266:Generated_Source\PSoC4/cyfitter_cfg.c **** 	/* Disable interrupts by default. Let user enable if/when they want. */
 267:Generated_Source\PSoC4/cyfitter_cfg.c **** 	CyGlobalIntDisable;
 228              		.loc 1 267 0
 229              		.syntax divided
 230              	@ 267 "Generated_Source\PSoC4\cyfitter_cfg.c" 1
 231 00d2 72B6     		CPSID   i
 232              	@ 0 "" 2
 233              	.LVL6:
 234              		.thumb
 235              		.syntax unified
 236              	.LBB2:
 268:Generated_Source\PSoC4/cyfitter_cfg.c **** 
 269:Generated_Source\PSoC4/cyfitter_cfg.c **** 	{
 270:Generated_Source\PSoC4/cyfitter_cfg.c **** 
 271:Generated_Source\PSoC4/cyfitter_cfg.c **** 		CYPACKED typedef struct {
 272:Generated_Source\PSoC4/cyfitter_cfg.c **** 			void CYFAR *address;
 273:Generated_Source\PSoC4/cyfitter_cfg.c **** 			uint16 size;
 274:Generated_Source\PSoC4/cyfitter_cfg.c **** 		} CYPACKED_ATTR cfg_memset_t;
 275:Generated_Source\PSoC4/cyfitter_cfg.c **** 
 276:Generated_Source\PSoC4/cyfitter_cfg.c **** 		static const cfg_memset_t CYCODE cfg_memset_list[] = {
 277:Generated_Source\PSoC4/cyfitter_cfg.c **** 			/* address, size */
 278:Generated_Source\PSoC4/cyfitter_cfg.c **** 			{(void CYFAR *)(CYDEV_UDB_P0_U0_BASE), 1024u},
 279:Generated_Source\PSoC4/cyfitter_cfg.c **** 			{(void CYFAR *)(CYDEV_UDB_DSI0_BASE), 1024u},
 280:Generated_Source\PSoC4/cyfitter_cfg.c **** 		};
 281:Generated_Source\PSoC4/cyfitter_cfg.c **** 
 282:Generated_Source\PSoC4/cyfitter_cfg.c **** 		uint8 CYDATA i;
 283:Generated_Source\PSoC4/cyfitter_cfg.c **** 
 284:Generated_Source\PSoC4/cyfitter_cfg.c **** 		/* Zero out critical memory blocks before beginning configuration */
 285:Generated_Source\PSoC4/cyfitter_cfg.c **** 		for (i = 0u; i < (sizeof(cfg_memset_list)/sizeof(cfg_memset_list[0])); i++)
 237              		.loc 1 285 0
 238 00d4 0024     		movs	r4, #0
 239 00d6 0FE0     		b	.L10
 240              	.LVL7:
 241              	.L11:
 242              	.LBB3:
 286:Generated_Source\PSoC4/cyfitter_cfg.c **** 		{
 287:Generated_Source\PSoC4/cyfitter_cfg.c **** 			const cfg_memset_t CYCODE * CYDATA ms = &cfg_memset_list[i];
 288:Generated_Source\PSoC4/cyfitter_cfg.c **** 			CYMEMZERO(ms->address, (size_t)(uint32)(ms->size));
 243              		.loc 1 288 0 discriminator 3
 244 00d8 2448     		ldr	r0, .L12
 245 00da 6200     		lsls	r2, r4, #1
 246 00dc 1319     		adds	r3, r2, r4
 247 00de 5900     		lsls	r1, r3, #1
 248 00e0 0B00     		movs	r3, r1
 249 00e2 4118     		adds	r1, r0, r1
 250 00e4 8988     		ldrh	r1, [r1, #4]
 251 00e6 1A5A     		ldrh	r2, [r3, r0]
 252 00e8 C318     		adds	r3, r0, r3
 253 00ea 5888     		ldrh	r0, [r3, #2]
 254 00ec 0004     		lsls	r0, r0, #16
 255 00ee 1043     		orrs	r0, r2
ARM GAS  C:\Users\SAIKAR~1\AppData\Local\Temp\ccPxRdgc.s 			page 11


 256 00f0 FFF7FEFF 		bl	CYMEMZERO
 257              	.LVL8:
 258              	.LBE3:
 285:Generated_Source\PSoC4/cyfitter_cfg.c **** 		{
 259              		.loc 1 285 0 discriminator 3
 260 00f4 0134     		adds	r4, r4, #1
 261              	.LVL9:
 262 00f6 E4B2     		uxtb	r4, r4
 263              	.LVL10:
 264              	.L10:
 285:Generated_Source\PSoC4/cyfitter_cfg.c **** 		{
 265              		.loc 1 285 0 is_stmt 0 discriminator 1
 266 00f8 012C     		cmp	r4, #1
 267 00fa EDD9     		bls	.L11
 289:Generated_Source\PSoC4/cyfitter_cfg.c **** 		}
 290:Generated_Source\PSoC4/cyfitter_cfg.c **** 
 291:Generated_Source\PSoC4/cyfitter_cfg.c **** 		/* HSIOM Starting address: CYDEV_HSIOM_BASE */
 292:Generated_Source\PSoC4/cyfitter_cfg.c **** 		CY_SET_REG32((void *)(CYREG_HSIOM_PORT_SEL1), 0x00000099u);
 268              		.loc 1 292 0 is_stmt 1
 269 00fc 9923     		movs	r3, #153
 270 00fe 1C4A     		ldr	r2, .L12+4
 271 0100 1360     		str	r3, [r2]
 293:Generated_Source\PSoC4/cyfitter_cfg.c **** 		CY_SET_REG32((void *)(CYREG_HSIOM_PORT_SEL3), 0x0000EE99u);
 272              		.loc 1 293 0
 273 0102 1C49     		ldr	r1, .L12+8
 274 0104 1C4A     		ldr	r2, .L12+12
 275 0106 1160     		str	r1, [r2]
 294:Generated_Source\PSoC4/cyfitter_cfg.c **** 		CY_SET_REG32((void *)(CYREG_HSIOM_PORT_SEL7), 0x00000099u);
 276              		.loc 1 294 0
 277 0108 1C4A     		ldr	r2, .L12+16
 278 010a 1360     		str	r3, [r2]
 295:Generated_Source\PSoC4/cyfitter_cfg.c **** 
 296:Generated_Source\PSoC4/cyfitter_cfg.c **** 		/* UDB_PA_0 Starting address: CYDEV_UDB_PA0_BASE */
 297:Generated_Source\PSoC4/cyfitter_cfg.c **** 		CY_SET_REG32((void *)(CYDEV_UDB_PA0_BASE), 0x00990000u);
 279              		.loc 1 297 0
 280 010c 9923     		movs	r3, #153
 281 010e 1B04     		lsls	r3, r3, #16
 282 0110 1B4A     		ldr	r2, .L12+20
 283 0112 1360     		str	r3, [r2]
 298:Generated_Source\PSoC4/cyfitter_cfg.c **** 
 299:Generated_Source\PSoC4/cyfitter_cfg.c **** 		/* UDB_PA_1 Starting address: CYDEV_UDB_PA1_BASE */
 300:Generated_Source\PSoC4/cyfitter_cfg.c **** 		CY_SET_REG32((void *)(CYDEV_UDB_PA1_BASE), 0x00990000u);
 284              		.loc 1 300 0
 285 0114 1B4A     		ldr	r2, .L12+24
 286 0116 1360     		str	r3, [r2]
 301:Generated_Source\PSoC4/cyfitter_cfg.c **** 
 302:Generated_Source\PSoC4/cyfitter_cfg.c **** 		/* UDB_PA_3 Starting address: CYDEV_UDB_PA3_BASE */
 303:Generated_Source\PSoC4/cyfitter_cfg.c **** 		CY_SET_REG32((void *)(CYDEV_UDB_PA3_BASE), 0x00990000u);
 287              		.loc 1 303 0
 288 0118 1B4A     		ldr	r2, .L12+28
 289 011a 1360     		str	r3, [r2]
 304:Generated_Source\PSoC4/cyfitter_cfg.c **** 
 305:Generated_Source\PSoC4/cyfitter_cfg.c **** 		/* Enable digital routing */
 306:Generated_Source\PSoC4/cyfitter_cfg.c **** 		CY_SET_XTND_REG8((void *)CYREG_UDB_UDBIF_BANK_CTL, (uint8)(CY_GET_XTND_REG8((void *)CYREG_UDB_UDB
 290              		.loc 1 306 0
 291 011c 1B4A     		ldr	r2, .L12+32
 292 011e 1178     		ldrb	r1, [r2]
ARM GAS  C:\Users\SAIKAR~1\AppData\Local\Temp\ccPxRdgc.s 			page 12


 293 0120 0623     		movs	r3, #6
 294 0122 0B43     		orrs	r3, r1
 295 0124 DBB2     		uxtb	r3, r3
 296 0126 1370     		strb	r3, [r2]
 297              	.LBE2:
 307:Generated_Source\PSoC4/cyfitter_cfg.c **** 	}
 308:Generated_Source\PSoC4/cyfitter_cfg.c **** 
 309:Generated_Source\PSoC4/cyfitter_cfg.c **** 	/* Perform second pass device configuration. These items must be configured in specific order afte
 310:Generated_Source\PSoC4/cyfitter_cfg.c **** 	/* IOPINS0_0 Starting address: CYDEV_GPIO_PRT0_BASE */
 311:Generated_Source\PSoC4/cyfitter_cfg.c **** 	CY_SET_REG32((void *)(CYREG_GPIO_PRT0_PC), 0x00D80DB6u);
 298              		.loc 1 311 0
 299 0128 194A     		ldr	r2, .L12+36
 300 012a 1A4B     		ldr	r3, .L12+40
 301 012c 1A60     		str	r2, [r3]
 312:Generated_Source\PSoC4/cyfitter_cfg.c **** 
 313:Generated_Source\PSoC4/cyfitter_cfg.c **** 	/* IOPINS0_1 Starting address: CYDEV_GPIO_PRT1_BASE */
 314:Generated_Source\PSoC4/cyfitter_cfg.c **** 	CY_SET_REG32((void *)(CYDEV_GPIO_PRT1_BASE), 0x00000002u);
 302              		.loc 1 314 0
 303 012e 0223     		movs	r3, #2
 304 0130 194A     		ldr	r2, .L12+44
 305 0132 1360     		str	r3, [r2]
 315:Generated_Source\PSoC4/cyfitter_cfg.c **** 	CY_SET_REG32((void *)(CYREG_GPIO_PRT1_PC), 0x00000031u);
 306              		.loc 1 315 0
 307 0134 3122     		movs	r2, #49
 308 0136 1949     		ldr	r1, .L12+48
 309 0138 0A60     		str	r2, [r1]
 316:Generated_Source\PSoC4/cyfitter_cfg.c **** 	CY_SET_REG32((void *)(CYREG_GPIO_PRT1_PC2), 0x00000002u);
 310              		.loc 1 316 0
 311 013a 1949     		ldr	r1, .L12+52
 312 013c 0B60     		str	r3, [r1]
 317:Generated_Source\PSoC4/cyfitter_cfg.c **** 
 318:Generated_Source\PSoC4/cyfitter_cfg.c **** 	/* IOPINS0_3 Starting address: CYDEV_GPIO_PRT3_BASE */
 319:Generated_Source\PSoC4/cyfitter_cfg.c **** 	CY_SET_REG32((void *)(CYDEV_GPIO_PRT3_BASE), 0x00000002u);
 313              		.loc 1 319 0
 314 013e 1949     		ldr	r1, .L12+56
 315 0140 0B60     		str	r3, [r1]
 320:Generated_Source\PSoC4/cyfitter_cfg.c **** 	CY_SET_REG32((void *)(CYREG_GPIO_PRT3_PC), 0x00000DB1u);
 316              		.loc 1 320 0
 317 0142 1948     		ldr	r0, .L12+60
 318 0144 1949     		ldr	r1, .L12+64
 319 0146 0860     		str	r0, [r1]
 321:Generated_Source\PSoC4/cyfitter_cfg.c **** 	CY_SET_REG32((void *)(CYREG_GPIO_PRT3_PC2), 0x00000002u);
 320              		.loc 1 321 0
 321 0148 1949     		ldr	r1, .L12+68
 322 014a 0B60     		str	r3, [r1]
 322:Generated_Source\PSoC4/cyfitter_cfg.c **** 
 323:Generated_Source\PSoC4/cyfitter_cfg.c **** 	/* IOPINS0_4 Starting address: CYDEV_GPIO_PRT4_BASE */
 324:Generated_Source\PSoC4/cyfitter_cfg.c **** 	CY_SET_REG32((void *)(CYREG_GPIO_PRT4_PC), 0x00000C00u);
 323              		.loc 1 324 0
 324 014c B238     		subs	r0, r0, #178
 325 014e FF38     		subs	r0, r0, #255
 326 0150 1849     		ldr	r1, .L12+72
 327 0152 0860     		str	r0, [r1]
 325:Generated_Source\PSoC4/cyfitter_cfg.c **** 
 326:Generated_Source\PSoC4/cyfitter_cfg.c **** 	/* IOPINS0_7 Starting address: CYDEV_GPIO_PRT7_BASE */
 327:Generated_Source\PSoC4/cyfitter_cfg.c **** 	CY_SET_REG32((void *)(CYDEV_GPIO_PRT7_BASE), 0x00000002u);
 328              		.loc 1 327 0
ARM GAS  C:\Users\SAIKAR~1\AppData\Local\Temp\ccPxRdgc.s 			page 13


 329 0154 1849     		ldr	r1, .L12+76
 330 0156 0B60     		str	r3, [r1]
 328:Generated_Source\PSoC4/cyfitter_cfg.c **** 	CY_SET_REG32((void *)(CYREG_GPIO_PRT7_PC), 0x00000031u);
 331              		.loc 1 328 0
 332 0158 1849     		ldr	r1, .L12+80
 333 015a 0A60     		str	r2, [r1]
 329:Generated_Source\PSoC4/cyfitter_cfg.c **** 	CY_SET_REG32((void *)(CYREG_GPIO_PRT7_PC2), 0x00000002u);
 334              		.loc 1 329 0
 335 015c 184A     		ldr	r2, .L12+84
 336 015e 1360     		str	r3, [r2]
 330:Generated_Source\PSoC4/cyfitter_cfg.c **** 
 331:Generated_Source\PSoC4/cyfitter_cfg.c **** 
 332:Generated_Source\PSoC4/cyfitter_cfg.c **** 	/* Setup clocks based on selections from Clock DWR */
 333:Generated_Source\PSoC4/cyfitter_cfg.c **** 	ClockSetup();
 337              		.loc 1 333 0
 338 0160 FFF74EFF 		bl	ClockSetup
 339              	.LVL11:
 334:Generated_Source\PSoC4/cyfitter_cfg.c **** 
 335:Generated_Source\PSoC4/cyfitter_cfg.c **** 	/* Perform basic analog initialization to defaults */
 336:Generated_Source\PSoC4/cyfitter_cfg.c **** 	AnalogSetDefault();
 340              		.loc 1 336 0
 341 0164 FFF7FEFF 		bl	AnalogSetDefault
 342              	.LVL12:
 337:Generated_Source\PSoC4/cyfitter_cfg.c **** 
 338:Generated_Source\PSoC4/cyfitter_cfg.c **** }
 343              		.loc 1 338 0
 344              		@ sp needed
 345              	.LVL13:
 346 0168 10BD     		pop	{r4, pc}
 347              	.L13:
 348 016a C046     		.align	2
 349              	.L12:
 350 016c 00000000 		.word	.LANCHOR0
 351 0170 00010240 		.word	1073873152
 352 0174 99EE0000 		.word	61081
 353 0178 00030240 		.word	1073873664
 354 017c 00070240 		.word	1073874688
 355 0180 00500F40 		.word	1074745344
 356 0184 10500F40 		.word	1074745360
 357 0188 30500F40 		.word	1074745392
 358 018c 00700F40 		.word	1074753536
 359 0190 B60DD800 		.word	14159286
 360 0194 08000440 		.word	1074003976
 361 0198 00010440 		.word	1074004224
 362 019c 08010440 		.word	1074004232
 363 01a0 18010440 		.word	1074004248
 364 01a4 00030440 		.word	1074004736
 365 01a8 B10D0000 		.word	3505
 366 01ac 08030440 		.word	1074004744
 367 01b0 18030440 		.word	1074004760
 368 01b4 08040440 		.word	1074005000
 369 01b8 00070440 		.word	1074005760
 370 01bc 08070440 		.word	1074005768
 371 01c0 18070440 		.word	1074005784
 372              		.cfi_endproc
 373              	.LFE6:
 374              		.size	cyfitter_cfg, .-cyfitter_cfg
ARM GAS  C:\Users\SAIKAR~1\AppData\Local\Temp\ccPxRdgc.s 			page 14


 375              		.section	.rodata
 376              		.align	2
 377              		.set	.LANCHOR0,. + 0
 378              		.type	cfg_memset_list.4891, %object
 379              		.size	cfg_memset_list.4891, 12
 380              	cfg_memset_list.4891:
 381 0000 00300F40 		.word	1074737152
 382 0004 0004     		.short	1024
 383 0006 00400F40 		.4byte	1074741248
 384 000a 0004     		.short	1024
 385              		.text
 386              	.Letext0:
 387              		.file 2 "e:\\acads\\uwm\\psoc creator\\4.4\\psoc creator\\import\\gnu\\arm\\5.4.1\\lib\\gcc\\arm-n
 388              		.file 3 "Generated_Source\\PSoC4\\cytypes.h"
 389              		.file 4 "Generated_Source\\PSoC4\\CyLFClk.h"
 390              		.file 5 "Generated_Source\\PSoC4\\CyLib.h"
 391              		.section	.debug_info,"",%progbits
 392              	.Ldebug_info0:
 393 0000 8F020000 		.4byte	0x28f
 394 0004 0400     		.2byte	0x4
 395 0006 00000000 		.4byte	.Ldebug_abbrev0
 396 000a 04       		.byte	0x4
 397 000b 01       		.uleb128 0x1
 398 000c 00010000 		.4byte	.LASF29
 399 0010 0C       		.byte	0xc
 400 0011 32020000 		.4byte	.LASF30
 401 0015 9B010000 		.4byte	.LASF31
 402 0019 00000000 		.4byte	.Ldebug_ranges0+0
 403 001d 00000000 		.4byte	0
 404 0021 00000000 		.4byte	.Ldebug_line0
 405 0025 02       		.uleb128 0x2
 406 0026 04       		.byte	0x4
 407 0027 05       		.byte	0x5
 408 0028 696E7400 		.ascii	"int\000"
 409 002c 03       		.uleb128 0x3
 410 002d 14000000 		.4byte	.LASF12
 411 0031 02       		.byte	0x2
 412 0032 D8       		.byte	0xd8
 413 0033 37000000 		.4byte	0x37
 414 0037 04       		.uleb128 0x4
 415 0038 04       		.byte	0x4
 416 0039 07       		.byte	0x7
 417 003a D4000000 		.4byte	.LASF0
 418 003e 04       		.uleb128 0x4
 419 003f 08       		.byte	0x8
 420 0040 05       		.byte	0x5
 421 0041 DF010000 		.4byte	.LASF1
 422 0045 04       		.uleb128 0x4
 423 0046 08       		.byte	0x8
 424 0047 04       		.byte	0x4
 425 0048 1A020000 		.4byte	.LASF2
 426 004c 04       		.uleb128 0x4
 427 004d 01       		.byte	0x1
 428 004e 06       		.byte	0x6
 429 004f 26020000 		.4byte	.LASF3
 430 0053 04       		.uleb128 0x4
 431 0054 01       		.byte	0x1
ARM GAS  C:\Users\SAIKAR~1\AppData\Local\Temp\ccPxRdgc.s 			page 15


 432 0055 08       		.byte	0x8
 433 0056 9D000000 		.4byte	.LASF4
 434 005a 04       		.uleb128 0x4
 435 005b 02       		.byte	0x2
 436 005c 05       		.byte	0x5
 437 005d F2010000 		.4byte	.LASF5
 438 0061 04       		.uleb128 0x4
 439 0062 02       		.byte	0x2
 440 0063 07       		.byte	0x7
 441 0064 47000000 		.4byte	.LASF6
 442 0068 04       		.uleb128 0x4
 443 0069 04       		.byte	0x4
 444 006a 05       		.byte	0x5
 445 006b 11020000 		.4byte	.LASF7
 446 006f 04       		.uleb128 0x4
 447 0070 04       		.byte	0x4
 448 0071 07       		.byte	0x7
 449 0072 6A000000 		.4byte	.LASF8
 450 0076 04       		.uleb128 0x4
 451 0077 08       		.byte	0x8
 452 0078 07       		.byte	0x7
 453 0079 E9000000 		.4byte	.LASF9
 454 007d 04       		.uleb128 0x4
 455 007e 04       		.byte	0x4
 456 007f 07       		.byte	0x7
 457 0080 D6010000 		.4byte	.LASF10
 458 0084 05       		.uleb128 0x5
 459 0085 04       		.byte	0x4
 460 0086 04       		.uleb128 0x4
 461 0087 01       		.byte	0x1
 462 0088 08       		.byte	0x8
 463 0089 ED010000 		.4byte	.LASF11
 464 008d 06       		.uleb128 0x6
 465 008e 7C000000 		.4byte	.LASF13
 466 0092 03       		.byte	0x3
 467 0093 FC01     		.2byte	0x1fc
 468 0095 53000000 		.4byte	0x53
 469 0099 06       		.uleb128 0x6
 470 009a C6000000 		.4byte	.LASF14
 471 009e 03       		.byte	0x3
 472 009f FD01     		.2byte	0x1fd
 473 00a1 61000000 		.4byte	0x61
 474 00a5 06       		.uleb128 0x6
 475 00a6 CD000000 		.4byte	.LASF15
 476 00aa 03       		.byte	0x3
 477 00ab FE01     		.2byte	0x1fe
 478 00ad 6F000000 		.4byte	0x6f
 479 00b1 04       		.uleb128 0x4
 480 00b2 04       		.byte	0x4
 481 00b3 04       		.byte	0x4
 482 00b4 5A000000 		.4byte	.LASF16
 483 00b8 04       		.uleb128 0x4
 484 00b9 08       		.byte	0x8
 485 00ba 04       		.byte	0x4
 486 00bb B2000000 		.4byte	.LASF17
 487 00bf 06       		.uleb128 0x6
 488 00c0 65000000 		.4byte	.LASF18
ARM GAS  C:\Users\SAIKAR~1\AppData\Local\Temp\ccPxRdgc.s 			page 16


 489 00c4 03       		.byte	0x3
 490 00c5 A602     		.2byte	0x2a6
 491 00c7 CB000000 		.4byte	0xcb
 492 00cb 07       		.uleb128 0x7
 493 00cc 8D000000 		.4byte	0x8d
 494 00d0 06       		.uleb128 0x6
 495 00d1 0E000000 		.4byte	.LASF19
 496 00d5 03       		.byte	0x3
 497 00d6 A802     		.2byte	0x2a8
 498 00d8 DC000000 		.4byte	0xdc
 499 00dc 07       		.uleb128 0x7
 500 00dd A5000000 		.4byte	0xa5
 501 00e1 08       		.uleb128 0x8
 502 00e2 1B000000 		.4byte	.LASF32
 503 00e6 01       		.byte	0x1
 504 00e7 ED       		.byte	0xed
 505 00e8 00000000 		.4byte	.LFB5
 506 00ec 20000000 		.4byte	.LFE5-.LFB5
 507 00f0 01       		.uleb128 0x1
 508 00f1 9C       		.byte	0x9c
 509 00f2 09       		.uleb128 0x9
 510 00f3 93000000 		.4byte	.LASF20
 511 00f7 01       		.byte	0x1
 512 00f8 4B       		.byte	0x4b
 513 00f9 00000000 		.4byte	.LFB1
 514 00fd 0C000000 		.4byte	.LFE1-.LFB1
 515 0101 01       		.uleb128 0x1
 516 0102 9C       		.byte	0x9c
 517 0103 3F010000 		.4byte	0x13f
 518 0107 0A       		.uleb128 0xa
 519 0108 7300     		.ascii	"s\000"
 520 010a 01       		.byte	0x1
 521 010b 4B       		.byte	0x4b
 522 010c 84000000 		.4byte	0x84
 523 0110 00000000 		.4byte	.LLST0
 524 0114 0A       		.uleb128 0xa
 525 0115 6E00     		.ascii	"n\000"
 526 0117 01       		.byte	0x1
 527 0118 4B       		.byte	0x4b
 528 0119 2C000000 		.4byte	0x2c
 529 011d 21000000 		.4byte	.LLST1
 530 0121 0B       		.uleb128 0xb
 531 0122 0A000000 		.4byte	.LVL2
 532 0126 68020000 		.4byte	0x268
 533 012a 0C       		.uleb128 0xc
 534 012b 01       		.uleb128 0x1
 535 012c 50       		.byte	0x50
 536 012d 03       		.uleb128 0x3
 537 012e F3       		.byte	0xf3
 538 012f 01       		.uleb128 0x1
 539 0130 50       		.byte	0x50
 540 0131 0C       		.uleb128 0xc
 541 0132 01       		.uleb128 0x1
 542 0133 51       		.byte	0x51
 543 0134 01       		.uleb128 0x1
 544 0135 30       		.byte	0x30
 545 0136 0C       		.uleb128 0xc
ARM GAS  C:\Users\SAIKAR~1\AppData\Local\Temp\ccPxRdgc.s 			page 17


 546 0137 01       		.uleb128 0x1
 547 0138 52       		.byte	0x52
 548 0139 03       		.uleb128 0x3
 549 013a F3       		.byte	0xf3
 550 013b 01       		.uleb128 0x1
 551 013c 51       		.byte	0x51
 552 013d 00       		.byte	0
 553 013e 00       		.byte	0
 554 013f 09       		.uleb128 0x9
 555 0140 3C000000 		.4byte	.LASF21
 556 0144 01       		.byte	0x1
 557 0145 A9       		.byte	0xa9
 558 0146 00000000 		.4byte	.LFB4
 559 014a D0000000 		.4byte	.LFE4-.LFB4
 560 014e 01       		.uleb128 0x1
 561 014f 9C       		.byte	0x9c
 562 0150 85010000 		.4byte	0x185
 563 0154 0D       		.uleb128 0xd
 564 0155 0C000000 		.4byte	.LVL3
 565 0159 71020000 		.4byte	0x271
 566 015d 0E       		.uleb128 0xe
 567 015e 12000000 		.4byte	.LVL4
 568 0162 7C020000 		.4byte	0x27c
 569 0166 74010000 		.4byte	0x174
 570 016a 0C       		.uleb128 0xc
 571 016b 01       		.uleb128 0x1
 572 016c 50       		.byte	0x50
 573 016d 05       		.uleb128 0x5
 574 016e 0C       		.byte	0xc
 575 016f 001BB700 		.4byte	0xb71b00
 576 0173 00       		.byte	0
 577 0174 0B       		.uleb128 0xb
 578 0175 18000000 		.4byte	.LVL5
 579 0179 87020000 		.4byte	0x287
 580 017d 0C       		.uleb128 0xc
 581 017e 01       		.uleb128 0x1
 582 017f 50       		.byte	0x50
 583 0180 02       		.uleb128 0x2
 584 0181 08       		.byte	0x8
 585 0182 20       		.byte	0x20
 586 0183 00       		.byte	0
 587 0184 00       		.byte	0
 588 0185 0F       		.uleb128 0xf
 589 0186 B9000000 		.4byte	.LASF33
 590 018a 01       		.byte	0x1
 591 018b 0801     		.2byte	0x108
 592 018d D0000000 		.4byte	.LFB6
 593 0191 F4000000 		.4byte	.LFE6-.LFB6
 594 0195 01       		.uleb128 0x1
 595 0196 9C       		.byte	0x9c
 596 0197 68020000 		.4byte	0x268
 597 019b 10       		.uleb128 0x10
 598 019c D4000000 		.4byte	.LBB2
 599 01a0 54000000 		.4byte	.LBE2-.LBB2
 600 01a4 55020000 		.4byte	0x255
 601 01a8 11       		.uleb128 0x11
 602 01a9 06       		.byte	0x6
ARM GAS  C:\Users\SAIKAR~1\AppData\Local\Temp\ccPxRdgc.s 			page 18


 603 01aa 01       		.byte	0x1
 604 01ab 0F01     		.2byte	0x10f
 605 01ad CC010000 		.4byte	0x1cc
 606 01b1 12       		.uleb128 0x12
 607 01b2 E1000000 		.4byte	.LASF22
 608 01b6 01       		.byte	0x1
 609 01b7 1001     		.2byte	0x110
 610 01b9 84000000 		.4byte	0x84
 611 01bd 00       		.byte	0
 612 01be 12       		.uleb128 0x12
 613 01bf 60000000 		.4byte	.LASF23
 614 01c3 01       		.byte	0x1
 615 01c4 1101     		.2byte	0x111
 616 01c6 99000000 		.4byte	0x99
 617 01ca 04       		.byte	0x4
 618 01cb 00       		.byte	0
 619 01cc 06       		.uleb128 0x6
 620 01cd 8E010000 		.4byte	.LASF24
 621 01d1 01       		.byte	0x1
 622 01d2 1201     		.2byte	0x112
 623 01d4 A8010000 		.4byte	0x1a8
 624 01d8 13       		.uleb128 0x13
 625 01d9 E8010000 		.4byte	0x1e8
 626 01dd E8010000 		.4byte	0x1e8
 627 01e1 14       		.uleb128 0x14
 628 01e2 7D000000 		.4byte	0x7d
 629 01e6 01       		.byte	0x1
 630 01e7 00       		.byte	0
 631 01e8 15       		.uleb128 0x15
 632 01e9 CC010000 		.4byte	0x1cc
 633 01ed 16       		.uleb128 0x16
 634 01ee 2C000000 		.4byte	.LASF25
 635 01f2 01       		.byte	0x1
 636 01f3 1401     		.2byte	0x114
 637 01f5 FF010000 		.4byte	0x1ff
 638 01f9 05       		.uleb128 0x5
 639 01fa 03       		.byte	0x3
 640 01fb 00000000 		.4byte	cfg_memset_list.4891
 641 01ff 15       		.uleb128 0x15
 642 0200 D8010000 		.4byte	0x1d8
 643 0204 17       		.uleb128 0x17
 644 0205 6900     		.ascii	"i\000"
 645 0207 01       		.byte	0x1
 646 0208 1A01     		.2byte	0x11a
 647 020a 8D000000 		.4byte	0x8d
 648 020e 4D000000 		.4byte	.LLST2
 649 0212 18       		.uleb128 0x18
 650 0213 D8000000 		.4byte	.LBB3
 651 0217 1C000000 		.4byte	.LBE3-.LBB3
 652 021b 17       		.uleb128 0x17
 653 021c 6D7300   		.ascii	"ms\000"
 654 021f 01       		.byte	0x1
 655 0220 1F01     		.2byte	0x11f
 656 0222 2A020000 		.4byte	0x22a
 657 0226 77000000 		.4byte	.LLST3
 658 022a 19       		.uleb128 0x19
 659 022b 04       		.byte	0x4
ARM GAS  C:\Users\SAIKAR~1\AppData\Local\Temp\ccPxRdgc.s 			page 19


 660 022c E8010000 		.4byte	0x1e8
 661 0230 0B       		.uleb128 0xb
 662 0231 F4000000 		.4byte	.LVL8
 663 0235 F2000000 		.4byte	0xf2
 664 0239 0C       		.uleb128 0xc
 665 023a 01       		.uleb128 0x1
 666 023b 51       		.byte	0x51
 667 023c 15       		.uleb128 0x15
 668 023d 74       		.byte	0x74
 669 023e 00       		.sleb128 0
 670 023f 31       		.byte	0x31
 671 0240 24       		.byte	0x24
 672 0241 74       		.byte	0x74
 673 0242 00       		.sleb128 0
 674 0243 22       		.byte	0x22
 675 0244 31       		.byte	0x31
 676 0245 24       		.byte	0x24
 677 0246 03       		.byte	0x3
 678 0247 04000000 		.4byte	.LANCHOR0+4
 679 024b 22       		.byte	0x22
 680 024c 94       		.byte	0x94
 681 024d 02       		.byte	0x2
 682 024e 0A       		.byte	0xa
 683 024f FFFF     		.2byte	0xffff
 684 0251 1A       		.byte	0x1a
 685 0252 00       		.byte	0
 686 0253 00       		.byte	0
 687 0254 00       		.byte	0
 688 0255 0D       		.uleb128 0xd
 689 0256 64010000 		.4byte	.LVL11
 690 025a 3F010000 		.4byte	0x13f
 691 025e 0D       		.uleb128 0xd
 692 025f 68010000 		.4byte	.LVL12
 693 0263 E1000000 		.4byte	0xe1
 694 0267 00       		.byte	0
 695 0268 1A       		.uleb128 0x1a
 696 0269 AB000000 		.4byte	.LASF34
 697 026d AB000000 		.4byte	.LASF34
 698 0271 1B       		.uleb128 0x1b
 699 0272 82000000 		.4byte	.LASF26
 700 0276 82000000 		.4byte	.LASF26
 701 027a 04       		.byte	0x4
 702 027b 4E       		.byte	0x4e
 703 027c 1B       		.uleb128 0x1b
 704 027d 00000000 		.4byte	.LASF27
 705 0281 00000000 		.4byte	.LASF27
 706 0285 05       		.byte	0x5
 707 0286 EF       		.byte	0xef
 708 0287 1B       		.uleb128 0x1b
 709 0288 FC010000 		.4byte	.LASF28
 710 028c FC010000 		.4byte	.LASF28
 711 0290 05       		.byte	0x5
 712 0291 6C       		.byte	0x6c
 713 0292 00       		.byte	0
 714              		.section	.debug_abbrev,"",%progbits
 715              	.Ldebug_abbrev0:
 716 0000 01       		.uleb128 0x1
ARM GAS  C:\Users\SAIKAR~1\AppData\Local\Temp\ccPxRdgc.s 			page 20


 717 0001 11       		.uleb128 0x11
 718 0002 01       		.byte	0x1
 719 0003 25       		.uleb128 0x25
 720 0004 0E       		.uleb128 0xe
 721 0005 13       		.uleb128 0x13
 722 0006 0B       		.uleb128 0xb
 723 0007 03       		.uleb128 0x3
 724 0008 0E       		.uleb128 0xe
 725 0009 1B       		.uleb128 0x1b
 726 000a 0E       		.uleb128 0xe
 727 000b 55       		.uleb128 0x55
 728 000c 17       		.uleb128 0x17
 729 000d 11       		.uleb128 0x11
 730 000e 01       		.uleb128 0x1
 731 000f 10       		.uleb128 0x10
 732 0010 17       		.uleb128 0x17
 733 0011 00       		.byte	0
 734 0012 00       		.byte	0
 735 0013 02       		.uleb128 0x2
 736 0014 24       		.uleb128 0x24
 737 0015 00       		.byte	0
 738 0016 0B       		.uleb128 0xb
 739 0017 0B       		.uleb128 0xb
 740 0018 3E       		.uleb128 0x3e
 741 0019 0B       		.uleb128 0xb
 742 001a 03       		.uleb128 0x3
 743 001b 08       		.uleb128 0x8
 744 001c 00       		.byte	0
 745 001d 00       		.byte	0
 746 001e 03       		.uleb128 0x3
 747 001f 16       		.uleb128 0x16
 748 0020 00       		.byte	0
 749 0021 03       		.uleb128 0x3
 750 0022 0E       		.uleb128 0xe
 751 0023 3A       		.uleb128 0x3a
 752 0024 0B       		.uleb128 0xb
 753 0025 3B       		.uleb128 0x3b
 754 0026 0B       		.uleb128 0xb
 755 0027 49       		.uleb128 0x49
 756 0028 13       		.uleb128 0x13
 757 0029 00       		.byte	0
 758 002a 00       		.byte	0
 759 002b 04       		.uleb128 0x4
 760 002c 24       		.uleb128 0x24
 761 002d 00       		.byte	0
 762 002e 0B       		.uleb128 0xb
 763 002f 0B       		.uleb128 0xb
 764 0030 3E       		.uleb128 0x3e
 765 0031 0B       		.uleb128 0xb
 766 0032 03       		.uleb128 0x3
 767 0033 0E       		.uleb128 0xe
 768 0034 00       		.byte	0
 769 0035 00       		.byte	0
 770 0036 05       		.uleb128 0x5
 771 0037 0F       		.uleb128 0xf
 772 0038 00       		.byte	0
 773 0039 0B       		.uleb128 0xb
ARM GAS  C:\Users\SAIKAR~1\AppData\Local\Temp\ccPxRdgc.s 			page 21


 774 003a 0B       		.uleb128 0xb
 775 003b 00       		.byte	0
 776 003c 00       		.byte	0
 777 003d 06       		.uleb128 0x6
 778 003e 16       		.uleb128 0x16
 779 003f 00       		.byte	0
 780 0040 03       		.uleb128 0x3
 781 0041 0E       		.uleb128 0xe
 782 0042 3A       		.uleb128 0x3a
 783 0043 0B       		.uleb128 0xb
 784 0044 3B       		.uleb128 0x3b
 785 0045 05       		.uleb128 0x5
 786 0046 49       		.uleb128 0x49
 787 0047 13       		.uleb128 0x13
 788 0048 00       		.byte	0
 789 0049 00       		.byte	0
 790 004a 07       		.uleb128 0x7
 791 004b 35       		.uleb128 0x35
 792 004c 00       		.byte	0
 793 004d 49       		.uleb128 0x49
 794 004e 13       		.uleb128 0x13
 795 004f 00       		.byte	0
 796 0050 00       		.byte	0
 797 0051 08       		.uleb128 0x8
 798 0052 2E       		.uleb128 0x2e
 799 0053 00       		.byte	0
 800 0054 03       		.uleb128 0x3
 801 0055 0E       		.uleb128 0xe
 802 0056 3A       		.uleb128 0x3a
 803 0057 0B       		.uleb128 0xb
 804 0058 3B       		.uleb128 0x3b
 805 0059 0B       		.uleb128 0xb
 806 005a 27       		.uleb128 0x27
 807 005b 19       		.uleb128 0x19
 808 005c 11       		.uleb128 0x11
 809 005d 01       		.uleb128 0x1
 810 005e 12       		.uleb128 0x12
 811 005f 06       		.uleb128 0x6
 812 0060 40       		.uleb128 0x40
 813 0061 18       		.uleb128 0x18
 814 0062 9742     		.uleb128 0x2117
 815 0064 19       		.uleb128 0x19
 816 0065 00       		.byte	0
 817 0066 00       		.byte	0
 818 0067 09       		.uleb128 0x9
 819 0068 2E       		.uleb128 0x2e
 820 0069 01       		.byte	0x1
 821 006a 03       		.uleb128 0x3
 822 006b 0E       		.uleb128 0xe
 823 006c 3A       		.uleb128 0x3a
 824 006d 0B       		.uleb128 0xb
 825 006e 3B       		.uleb128 0x3b
 826 006f 0B       		.uleb128 0xb
 827 0070 27       		.uleb128 0x27
 828 0071 19       		.uleb128 0x19
 829 0072 11       		.uleb128 0x11
 830 0073 01       		.uleb128 0x1
ARM GAS  C:\Users\SAIKAR~1\AppData\Local\Temp\ccPxRdgc.s 			page 22


 831 0074 12       		.uleb128 0x12
 832 0075 06       		.uleb128 0x6
 833 0076 40       		.uleb128 0x40
 834 0077 18       		.uleb128 0x18
 835 0078 9742     		.uleb128 0x2117
 836 007a 19       		.uleb128 0x19
 837 007b 01       		.uleb128 0x1
 838 007c 13       		.uleb128 0x13
 839 007d 00       		.byte	0
 840 007e 00       		.byte	0
 841 007f 0A       		.uleb128 0xa
 842 0080 05       		.uleb128 0x5
 843 0081 00       		.byte	0
 844 0082 03       		.uleb128 0x3
 845 0083 08       		.uleb128 0x8
 846 0084 3A       		.uleb128 0x3a
 847 0085 0B       		.uleb128 0xb
 848 0086 3B       		.uleb128 0x3b
 849 0087 0B       		.uleb128 0xb
 850 0088 49       		.uleb128 0x49
 851 0089 13       		.uleb128 0x13
 852 008a 02       		.uleb128 0x2
 853 008b 17       		.uleb128 0x17
 854 008c 00       		.byte	0
 855 008d 00       		.byte	0
 856 008e 0B       		.uleb128 0xb
 857 008f 898201   		.uleb128 0x4109
 858 0092 01       		.byte	0x1
 859 0093 11       		.uleb128 0x11
 860 0094 01       		.uleb128 0x1
 861 0095 31       		.uleb128 0x31
 862 0096 13       		.uleb128 0x13
 863 0097 00       		.byte	0
 864 0098 00       		.byte	0
 865 0099 0C       		.uleb128 0xc
 866 009a 8A8201   		.uleb128 0x410a
 867 009d 00       		.byte	0
 868 009e 02       		.uleb128 0x2
 869 009f 18       		.uleb128 0x18
 870 00a0 9142     		.uleb128 0x2111
 871 00a2 18       		.uleb128 0x18
 872 00a3 00       		.byte	0
 873 00a4 00       		.byte	0
 874 00a5 0D       		.uleb128 0xd
 875 00a6 898201   		.uleb128 0x4109
 876 00a9 00       		.byte	0
 877 00aa 11       		.uleb128 0x11
 878 00ab 01       		.uleb128 0x1
 879 00ac 31       		.uleb128 0x31
 880 00ad 13       		.uleb128 0x13
 881 00ae 00       		.byte	0
 882 00af 00       		.byte	0
 883 00b0 0E       		.uleb128 0xe
 884 00b1 898201   		.uleb128 0x4109
 885 00b4 01       		.byte	0x1
 886 00b5 11       		.uleb128 0x11
 887 00b6 01       		.uleb128 0x1
ARM GAS  C:\Users\SAIKAR~1\AppData\Local\Temp\ccPxRdgc.s 			page 23


 888 00b7 31       		.uleb128 0x31
 889 00b8 13       		.uleb128 0x13
 890 00b9 01       		.uleb128 0x1
 891 00ba 13       		.uleb128 0x13
 892 00bb 00       		.byte	0
 893 00bc 00       		.byte	0
 894 00bd 0F       		.uleb128 0xf
 895 00be 2E       		.uleb128 0x2e
 896 00bf 01       		.byte	0x1
 897 00c0 3F       		.uleb128 0x3f
 898 00c1 19       		.uleb128 0x19
 899 00c2 03       		.uleb128 0x3
 900 00c3 0E       		.uleb128 0xe
 901 00c4 3A       		.uleb128 0x3a
 902 00c5 0B       		.uleb128 0xb
 903 00c6 3B       		.uleb128 0x3b
 904 00c7 05       		.uleb128 0x5
 905 00c8 27       		.uleb128 0x27
 906 00c9 19       		.uleb128 0x19
 907 00ca 11       		.uleb128 0x11
 908 00cb 01       		.uleb128 0x1
 909 00cc 12       		.uleb128 0x12
 910 00cd 06       		.uleb128 0x6
 911 00ce 40       		.uleb128 0x40
 912 00cf 18       		.uleb128 0x18
 913 00d0 9742     		.uleb128 0x2117
 914 00d2 19       		.uleb128 0x19
 915 00d3 01       		.uleb128 0x1
 916 00d4 13       		.uleb128 0x13
 917 00d5 00       		.byte	0
 918 00d6 00       		.byte	0
 919 00d7 10       		.uleb128 0x10
 920 00d8 0B       		.uleb128 0xb
 921 00d9 01       		.byte	0x1
 922 00da 11       		.uleb128 0x11
 923 00db 01       		.uleb128 0x1
 924 00dc 12       		.uleb128 0x12
 925 00dd 06       		.uleb128 0x6
 926 00de 01       		.uleb128 0x1
 927 00df 13       		.uleb128 0x13
 928 00e0 00       		.byte	0
 929 00e1 00       		.byte	0
 930 00e2 11       		.uleb128 0x11
 931 00e3 13       		.uleb128 0x13
 932 00e4 01       		.byte	0x1
 933 00e5 0B       		.uleb128 0xb
 934 00e6 0B       		.uleb128 0xb
 935 00e7 3A       		.uleb128 0x3a
 936 00e8 0B       		.uleb128 0xb
 937 00e9 3B       		.uleb128 0x3b
 938 00ea 05       		.uleb128 0x5
 939 00eb 01       		.uleb128 0x1
 940 00ec 13       		.uleb128 0x13
 941 00ed 00       		.byte	0
 942 00ee 00       		.byte	0
 943 00ef 12       		.uleb128 0x12
 944 00f0 0D       		.uleb128 0xd
ARM GAS  C:\Users\SAIKAR~1\AppData\Local\Temp\ccPxRdgc.s 			page 24


 945 00f1 00       		.byte	0
 946 00f2 03       		.uleb128 0x3
 947 00f3 0E       		.uleb128 0xe
 948 00f4 3A       		.uleb128 0x3a
 949 00f5 0B       		.uleb128 0xb
 950 00f6 3B       		.uleb128 0x3b
 951 00f7 05       		.uleb128 0x5
 952 00f8 49       		.uleb128 0x49
 953 00f9 13       		.uleb128 0x13
 954 00fa 38       		.uleb128 0x38
 955 00fb 0B       		.uleb128 0xb
 956 00fc 00       		.byte	0
 957 00fd 00       		.byte	0
 958 00fe 13       		.uleb128 0x13
 959 00ff 01       		.uleb128 0x1
 960 0100 01       		.byte	0x1
 961 0101 49       		.uleb128 0x49
 962 0102 13       		.uleb128 0x13
 963 0103 01       		.uleb128 0x1
 964 0104 13       		.uleb128 0x13
 965 0105 00       		.byte	0
 966 0106 00       		.byte	0
 967 0107 14       		.uleb128 0x14
 968 0108 21       		.uleb128 0x21
 969 0109 00       		.byte	0
 970 010a 49       		.uleb128 0x49
 971 010b 13       		.uleb128 0x13
 972 010c 2F       		.uleb128 0x2f
 973 010d 0B       		.uleb128 0xb
 974 010e 00       		.byte	0
 975 010f 00       		.byte	0
 976 0110 15       		.uleb128 0x15
 977 0111 26       		.uleb128 0x26
 978 0112 00       		.byte	0
 979 0113 49       		.uleb128 0x49
 980 0114 13       		.uleb128 0x13
 981 0115 00       		.byte	0
 982 0116 00       		.byte	0
 983 0117 16       		.uleb128 0x16
 984 0118 34       		.uleb128 0x34
 985 0119 00       		.byte	0
 986 011a 03       		.uleb128 0x3
 987 011b 0E       		.uleb128 0xe
 988 011c 3A       		.uleb128 0x3a
 989 011d 0B       		.uleb128 0xb
 990 011e 3B       		.uleb128 0x3b
 991 011f 05       		.uleb128 0x5
 992 0120 49       		.uleb128 0x49
 993 0121 13       		.uleb128 0x13
 994 0122 02       		.uleb128 0x2
 995 0123 18       		.uleb128 0x18
 996 0124 00       		.byte	0
 997 0125 00       		.byte	0
 998 0126 17       		.uleb128 0x17
 999 0127 34       		.uleb128 0x34
 1000 0128 00       		.byte	0
 1001 0129 03       		.uleb128 0x3
ARM GAS  C:\Users\SAIKAR~1\AppData\Local\Temp\ccPxRdgc.s 			page 25


 1002 012a 08       		.uleb128 0x8
 1003 012b 3A       		.uleb128 0x3a
 1004 012c 0B       		.uleb128 0xb
 1005 012d 3B       		.uleb128 0x3b
 1006 012e 05       		.uleb128 0x5
 1007 012f 49       		.uleb128 0x49
 1008 0130 13       		.uleb128 0x13
 1009 0131 02       		.uleb128 0x2
 1010 0132 17       		.uleb128 0x17
 1011 0133 00       		.byte	0
 1012 0134 00       		.byte	0
 1013 0135 18       		.uleb128 0x18
 1014 0136 0B       		.uleb128 0xb
 1015 0137 01       		.byte	0x1
 1016 0138 11       		.uleb128 0x11
 1017 0139 01       		.uleb128 0x1
 1018 013a 12       		.uleb128 0x12
 1019 013b 06       		.uleb128 0x6
 1020 013c 00       		.byte	0
 1021 013d 00       		.byte	0
 1022 013e 19       		.uleb128 0x19
 1023 013f 0F       		.uleb128 0xf
 1024 0140 00       		.byte	0
 1025 0141 0B       		.uleb128 0xb
 1026 0142 0B       		.uleb128 0xb
 1027 0143 49       		.uleb128 0x49
 1028 0144 13       		.uleb128 0x13
 1029 0145 00       		.byte	0
 1030 0146 00       		.byte	0
 1031 0147 1A       		.uleb128 0x1a
 1032 0148 2E       		.uleb128 0x2e
 1033 0149 00       		.byte	0
 1034 014a 3F       		.uleb128 0x3f
 1035 014b 19       		.uleb128 0x19
 1036 014c 3C       		.uleb128 0x3c
 1037 014d 19       		.uleb128 0x19
 1038 014e 6E       		.uleb128 0x6e
 1039 014f 0E       		.uleb128 0xe
 1040 0150 03       		.uleb128 0x3
 1041 0151 0E       		.uleb128 0xe
 1042 0152 00       		.byte	0
 1043 0153 00       		.byte	0
 1044 0154 1B       		.uleb128 0x1b
 1045 0155 2E       		.uleb128 0x2e
 1046 0156 00       		.byte	0
 1047 0157 3F       		.uleb128 0x3f
 1048 0158 19       		.uleb128 0x19
 1049 0159 3C       		.uleb128 0x3c
 1050 015a 19       		.uleb128 0x19
 1051 015b 6E       		.uleb128 0x6e
 1052 015c 0E       		.uleb128 0xe
 1053 015d 03       		.uleb128 0x3
 1054 015e 0E       		.uleb128 0xe
 1055 015f 3A       		.uleb128 0x3a
 1056 0160 0B       		.uleb128 0xb
 1057 0161 3B       		.uleb128 0x3b
 1058 0162 0B       		.uleb128 0xb
ARM GAS  C:\Users\SAIKAR~1\AppData\Local\Temp\ccPxRdgc.s 			page 26


 1059 0163 00       		.byte	0
 1060 0164 00       		.byte	0
 1061 0165 00       		.byte	0
 1062              		.section	.debug_loc,"",%progbits
 1063              	.Ldebug_loc0:
 1064              	.LLST0:
 1065 0000 00000000 		.4byte	.LVL0
 1066 0004 09000000 		.4byte	.LVL2-1
 1067 0008 0100     		.2byte	0x1
 1068 000a 50       		.byte	0x50
 1069 000b 09000000 		.4byte	.LVL2-1
 1070 000f 0C000000 		.4byte	.LFE1
 1071 0013 0400     		.2byte	0x4
 1072 0015 F3       		.byte	0xf3
 1073 0016 01       		.uleb128 0x1
 1074 0017 50       		.byte	0x50
 1075 0018 9F       		.byte	0x9f
 1076 0019 00000000 		.4byte	0
 1077 001d 00000000 		.4byte	0
 1078              	.LLST1:
 1079 0021 00000000 		.4byte	.LVL0
 1080 0025 06000000 		.4byte	.LVL1
 1081 0029 0100     		.2byte	0x1
 1082 002b 51       		.byte	0x51
 1083 002c 06000000 		.4byte	.LVL1
 1084 0030 09000000 		.4byte	.LVL2-1
 1085 0034 0100     		.2byte	0x1
 1086 0036 52       		.byte	0x52
 1087 0037 09000000 		.4byte	.LVL2-1
 1088 003b 0C000000 		.4byte	.LFE1
 1089 003f 0400     		.2byte	0x4
 1090 0041 F3       		.byte	0xf3
 1091 0042 01       		.uleb128 0x1
 1092 0043 51       		.byte	0x51
 1093 0044 9F       		.byte	0x9f
 1094 0045 00000000 		.4byte	0
 1095 0049 00000000 		.4byte	0
 1096              	.LLST2:
 1097 004d D4000000 		.4byte	.LVL6
 1098 0051 D8000000 		.4byte	.LVL7
 1099 0055 0200     		.2byte	0x2
 1100 0057 30       		.byte	0x30
 1101 0058 9F       		.byte	0x9f
 1102 0059 D8000000 		.4byte	.LVL7
 1103 005d F6000000 		.4byte	.LVL9
 1104 0061 0100     		.2byte	0x1
 1105 0063 54       		.byte	0x54
 1106 0064 F8000000 		.4byte	.LVL10
 1107 0068 68010000 		.4byte	.LVL13
 1108 006c 0100     		.2byte	0x1
 1109 006e 54       		.byte	0x54
 1110 006f 00000000 		.4byte	0
 1111 0073 00000000 		.4byte	0
 1112              	.LLST3:
 1113 0077 D8000000 		.4byte	.LVL7
 1114 007b F6000000 		.4byte	.LVL9
 1115 007f 0B00     		.2byte	0xb
ARM GAS  C:\Users\SAIKAR~1\AppData\Local\Temp\ccPxRdgc.s 			page 27


 1116 0081 74       		.byte	0x74
 1117 0082 00       		.sleb128 0
 1118 0083 36       		.byte	0x36
 1119 0084 1E       		.byte	0x1e
 1120 0085 03       		.byte	0x3
 1121 0086 00000000 		.4byte	cfg_memset_list.4891
 1122 008a 22       		.byte	0x22
 1123 008b 9F       		.byte	0x9f
 1124 008c F6000000 		.4byte	.LVL9
 1125 0090 F8000000 		.4byte	.LVL10
 1126 0094 0B00     		.2byte	0xb
 1127 0096 74       		.byte	0x74
 1128 0097 7F       		.sleb128 -1
 1129 0098 36       		.byte	0x36
 1130 0099 1E       		.byte	0x1e
 1131 009a 03       		.byte	0x3
 1132 009b 00000000 		.4byte	cfg_memset_list.4891
 1133 009f 22       		.byte	0x22
 1134 00a0 9F       		.byte	0x9f
 1135 00a1 00000000 		.4byte	0
 1136 00a5 00000000 		.4byte	0
 1137              		.section	.debug_aranges,"",%progbits
 1138 0000 34000000 		.4byte	0x34
 1139 0004 0200     		.2byte	0x2
 1140 0006 00000000 		.4byte	.Ldebug_info0
 1141 000a 04       		.byte	0x4
 1142 000b 00       		.byte	0
 1143 000c 0000     		.2byte	0
 1144 000e 0000     		.2byte	0
 1145 0010 00000000 		.4byte	.LFB5
 1146 0014 20000000 		.4byte	.LFE5-.LFB5
 1147 0018 00000000 		.4byte	.LFB1
 1148 001c 0C000000 		.4byte	.LFE1-.LFB1
 1149 0020 00000000 		.4byte	.LFB4
 1150 0024 D0000000 		.4byte	.LFE4-.LFB4
 1151 0028 D0000000 		.4byte	.LFB6
 1152 002c F4000000 		.4byte	.LFE6-.LFB6
 1153 0030 00000000 		.4byte	0
 1154 0034 00000000 		.4byte	0
 1155              		.section	.debug_ranges,"",%progbits
 1156              	.Ldebug_ranges0:
 1157 0000 00000000 		.4byte	.LFB5
 1158 0004 20000000 		.4byte	.LFE5
 1159 0008 00000000 		.4byte	.LFB1
 1160 000c 0C000000 		.4byte	.LFE1
 1161 0010 00000000 		.4byte	.LFB4
 1162 0014 D0000000 		.4byte	.LFE4
 1163 0018 D0000000 		.4byte	.LFB6
 1164 001c C4010000 		.4byte	.LFE6
 1165 0020 00000000 		.4byte	0
 1166 0024 00000000 		.4byte	0
 1167              		.section	.debug_line,"",%progbits
 1168              	.Ldebug_line0:
 1169 0000 57010000 		.section	.debug_str,"MS",%progbits,1
 1169      0200D100 
 1169      00000201 
 1169      FB0E0D00 
ARM GAS  C:\Users\SAIKAR~1\AppData\Local\Temp\ccPxRdgc.s 			page 28


 1169      01010101 
 1170              	.LASF27:
 1171 0000 43794465 		.ascii	"CyDelayCycles\000"
 1171      6C617943 
 1171      79636C65 
 1171      7300
 1172              	.LASF19:
 1173 000e 72656733 		.ascii	"reg32\000"
 1173      3200
 1174              	.LASF12:
 1175 0014 73697A65 		.ascii	"size_t\000"
 1175      5F7400
 1176              	.LASF32:
 1177 001b 416E616C 		.ascii	"AnalogSetDefault\000"
 1177      6F675365 
 1177      74446566 
 1177      61756C74 
 1177      00
 1178              	.LASF25:
 1179 002c 6366675F 		.ascii	"cfg_memset_list\000"
 1179      6D656D73 
 1179      65745F6C 
 1179      69737400 
 1180              	.LASF21:
 1181 003c 436C6F63 		.ascii	"ClockSetup\000"
 1181      6B536574 
 1181      757000
 1182              	.LASF6:
 1183 0047 73686F72 		.ascii	"short unsigned int\000"
 1183      7420756E 
 1183      7369676E 
 1183      65642069 
 1183      6E7400
 1184              	.LASF16:
 1185 005a 666C6F61 		.ascii	"float\000"
 1185      7400
 1186              	.LASF23:
 1187 0060 73697A65 		.ascii	"size\000"
 1187      00
 1188              	.LASF18:
 1189 0065 72656738 		.ascii	"reg8\000"
 1189      00
 1190              	.LASF8:
 1191 006a 6C6F6E67 		.ascii	"long unsigned int\000"
 1191      20756E73 
 1191      69676E65 
 1191      6420696E 
 1191      7400
 1192              	.LASF13:
 1193 007c 75696E74 		.ascii	"uint8\000"
 1193      3800
 1194              	.LASF26:
 1195 0082 43795379 		.ascii	"CySysClkWcoStart\000"
 1195      73436C6B 
 1195      57636F53 
 1195      74617274 
 1195      00
ARM GAS  C:\Users\SAIKAR~1\AppData\Local\Temp\ccPxRdgc.s 			page 29


 1196              	.LASF20:
 1197 0093 43594D45 		.ascii	"CYMEMZERO\000"
 1197      4D5A4552 
 1197      4F00
 1198              	.LASF4:
 1199 009d 756E7369 		.ascii	"unsigned char\000"
 1199      676E6564 
 1199      20636861 
 1199      7200
 1200              	.LASF34:
 1201 00ab 6D656D73 		.ascii	"memset\000"
 1201      657400
 1202              	.LASF17:
 1203 00b2 646F7562 		.ascii	"double\000"
 1203      6C6500
 1204              	.LASF33:
 1205 00b9 63796669 		.ascii	"cyfitter_cfg\000"
 1205      74746572 
 1205      5F636667 
 1205      00
 1206              	.LASF14:
 1207 00c6 75696E74 		.ascii	"uint16\000"
 1207      313600
 1208              	.LASF15:
 1209 00cd 75696E74 		.ascii	"uint32\000"
 1209      333200
 1210              	.LASF0:
 1211 00d4 756E7369 		.ascii	"unsigned int\000"
 1211      676E6564 
 1211      20696E74 
 1211      00
 1212              	.LASF22:
 1213 00e1 61646472 		.ascii	"address\000"
 1213      65737300 
 1214              	.LASF9:
 1215 00e9 6C6F6E67 		.ascii	"long long unsigned int\000"
 1215      206C6F6E 
 1215      6720756E 
 1215      7369676E 
 1215      65642069 
 1216              	.LASF29:
 1217 0100 474E5520 		.ascii	"GNU C11 5.4.1 20160609 (release) [ARM/embedded-5-br"
 1217      43313120 
 1217      352E342E 
 1217      31203230 
 1217      31363036 
 1218 0133 616E6368 		.ascii	"anch revision 237715] -mcpu=cortex-m0 -mthumb -g -O"
 1218      20726576 
 1218      6973696F 
 1218      6E203233 
 1218      37373135 
 1219 0166 67202D66 		.ascii	"g -ffunction-sections -ffat-lto-objects\000"
 1219      66756E63 
 1219      74696F6E 
 1219      2D736563 
 1219      74696F6E 
 1220              	.LASF24:
ARM GAS  C:\Users\SAIKAR~1\AppData\Local\Temp\ccPxRdgc.s 			page 30


 1221 018e 6366675F 		.ascii	"cfg_memset_t\000"
 1221      6D656D73 
 1221      65745F74 
 1221      00
 1222              	.LASF31:
 1223 019b 453A5C41 		.ascii	"E:\\Acads\\UWM\\Summer 25\\PathController\\PathCont"
 1223      63616473 
 1223      5C55574D 
 1223      5C53756D 
 1223      6D657220 
 1224 01c9 726F6C6C 		.ascii	"roller.cydsn\000"
 1224      65722E63 
 1224      7964736E 
 1224      00
 1225              	.LASF10:
 1226 01d6 73697A65 		.ascii	"sizetype\000"
 1226      74797065 
 1226      00
 1227              	.LASF1:
 1228 01df 6C6F6E67 		.ascii	"long long int\000"
 1228      206C6F6E 
 1228      6720696E 
 1228      7400
 1229              	.LASF11:
 1230 01ed 63686172 		.ascii	"char\000"
 1230      00
 1231              	.LASF5:
 1232 01f2 73686F72 		.ascii	"short int\000"
 1232      7420696E 
 1232      7400
 1233              	.LASF28:
 1234 01fc 43795379 		.ascii	"CySysClkWriteImoFreq\000"
 1234      73436C6B 
 1234      57726974 
 1234      65496D6F 
 1234      46726571 
 1235              	.LASF7:
 1236 0211 6C6F6E67 		.ascii	"long int\000"
 1236      20696E74 
 1236      00
 1237              	.LASF2:
 1238 021a 6C6F6E67 		.ascii	"long double\000"
 1238      20646F75 
 1238      626C6500 
 1239              	.LASF3:
 1240 0226 7369676E 		.ascii	"signed char\000"
 1240      65642063 
 1240      68617200 
 1241              	.LASF30:
 1242 0232 47656E65 		.ascii	"Generated_Source\\PSoC4\\cyfitter_cfg.c\000"
 1242      72617465 
 1242      645F536F 
 1242      75726365 
 1242      5C50536F 
 1243              		.ident	"GCC: (GNU Tools for ARM Embedded Processors) 5.4.1 20160609 (release) [ARM/embedded-5-bran
