ARM GAS  C:\Users\SAIKAR~1\AppData\Local\Temp\cc39Bwqe.s 			page 1


   1              		.syntax unified
   2              		.cpu cortex-m0
   3              		.fpu softvfp
   4              		.eabi_attribute 20, 1
   5              		.eabi_attribute 21, 1
   6              		.eabi_attribute 23, 3
   7              		.eabi_attribute 24, 1
   8              		.eabi_attribute 25, 1
   9              		.eabi_attribute 26, 1
  10              		.eabi_attribute 30, 1
  11              		.eabi_attribute 34, 0
  12              		.eabi_attribute 18, 4
  13              		.thumb
  14              		.syntax unified
  15              		.file	"sanitize.c"
  16              		.text
  17              	.Ltext0:
  18              		.cfi_sections	.debug_frame
  19              		.global	__aeabi_idiv
  20              		.section	.text.convert_coord_dege6,"ax",%progbits
  21              		.align	2
  22              		.global	convert_coord_dege6
  23              		.code	16
  24              		.thumb_func
  25              		.type	convert_coord_dege6, %function
  26              	convert_coord_dege6:
  27              	.LFB0:
  28              		.file 1 "sanitize.c"
   1:sanitize.c    **** /* ========================================
   2:sanitize.c    ****  *
   3:sanitize.c    ****  * Copyright YOUR COMPANY, THE YEAR
   4:sanitize.c    ****  * All Rights Reserved
   5:sanitize.c    ****  * UNPUBLISHED, LICENSED SOFTWARE.
   6:sanitize.c    ****  *
   7:sanitize.c    ****  * CONFIDENTIAL AND PROPRIETARY INFORMATION
   8:sanitize.c    ****  * WHICH IS THE PROPERTY OF your company.
   9:sanitize.c    ****  *
  10:sanitize.c    ****  * ========================================
  11:sanitize.c    ****  */
  12:sanitize.c    **** 
  13:sanitize.c    **** #include "sanitize.h"
  14:sanitize.c    **** #include <string.h>
  15:sanitize.c    **** #include <stdlib.h>
  16:sanitize.c    **** 
  17:sanitize.c    **** int32_t convert_coord_dege6(const char *coord)
  18:sanitize.c    **** {
  29              		.loc 1 18 0
  30              		.cfi_startproc
  31              		@ args = 0, pretend = 0, frame = 16
  32              		@ frame_needed = 0, uses_anonymous_args = 0
  33              	.LVL0:
  34 0000 F0B5     		push	{r4, r5, r6, r7, lr}
  35              		.cfi_def_cfa_offset 20
  36              		.cfi_offset 4, -20
  37              		.cfi_offset 5, -16
  38              		.cfi_offset 6, -12
  39              		.cfi_offset 7, -8
ARM GAS  C:\Users\SAIKAR~1\AppData\Local\Temp\cc39Bwqe.s 			page 2


  40              		.cfi_offset 14, -4
  41 0002 85B0     		sub	sp, sp, #20
  42              		.cfi_def_cfa_offset 40
  43 0004 041E     		subs	r4, r0, #0
  19:sanitize.c    ****     if (coord == NULL || *coord == '\0')
  44              		.loc 1 19 0
  45 0006 38D0     		beq	.L3
  46              		.loc 1 19 0 is_stmt 0 discriminator 1
  47 0008 0378     		ldrb	r3, [r0]
  48 000a 002B     		cmp	r3, #0
  49 000c 37D0     		beq	.L4
  20:sanitize.c    ****     {
  21:sanitize.c    ****         return 0;
  22:sanitize.c    ****     }
  23:sanitize.c    ****     const char *dot = strchr(coord, '.');
  50              		.loc 1 23 0 is_stmt 1
  51 000e 2E21     		movs	r1, #46
  52 0010 FFF7FEFF 		bl	strchr
  53              	.LVL1:
  54 0014 061E     		subs	r6, r0, #0
  55              	.LVL2:
  24:sanitize.c    ****     if (dot == NULL)
  56              		.loc 1 24 0
  57 0016 34D0     		beq	.L5
  25:sanitize.c    ****     {
  26:sanitize.c    ****         return 0;
  27:sanitize.c    ****     }
  28:sanitize.c    **** 
  29:sanitize.c    ****     int min_start = (int)(dot - coord) - 2;
  58              		.loc 1 29 0
  59 0018 051B     		subs	r5, r0, r4
  60 001a 023D     		subs	r5, r5, #2
  61              	.LVL3:
  30:sanitize.c    ****     char deg_str[5] = {0};
  62              		.loc 1 30 0
  63 001c 0522     		movs	r2, #5
  64 001e 0021     		movs	r1, #0
  65 0020 02A8     		add	r0, sp, #8
  66              	.LVL4:
  67 0022 FFF7FEFF 		bl	memset
  68              	.LVL5:
  31:sanitize.c    ****     strncpy(deg_str, coord, min_start);
  69              		.loc 1 31 0
  70 0026 2A00     		movs	r2, r5
  71 0028 2100     		movs	r1, r4
  72 002a 02A8     		add	r0, sp, #8
  73 002c FFF7FEFF 		bl	strncpy
  74              	.LVL6:
  32:sanitize.c    ****     int32_t degrees = (int32_t)strtol(deg_str, NULL, 10);
  75              		.loc 1 32 0
  76 0030 0A22     		movs	r2, #10
  77 0032 0021     		movs	r1, #0
  78 0034 02A8     		add	r0, sp, #8
  79 0036 FFF7FEFF 		bl	strtol
  80              	.LVL7:
  81 003a 0700     		movs	r7, r0
  82              	.LVL8:
ARM GAS  C:\Users\SAIKAR~1\AppData\Local\Temp\cc39Bwqe.s 			page 3


  33:sanitize.c    **** 
  34:sanitize.c    ****     char min_str[8] = {0};
  83              		.loc 1 34 0
  84 003c 0822     		movs	r2, #8
  85 003e 0021     		movs	r1, #0
  86 0040 6846     		mov	r0, sp
  87              	.LVL9:
  88 0042 FFF7FEFF 		bl	memset
  89              	.LVL10:
  35:sanitize.c    ****     strncpy(min_str, coord + min_start, 2);
  90              		.loc 1 35 0
  91 0046 6119     		adds	r1, r4, r5
  92 0048 0222     		movs	r2, #2
  93 004a 6846     		mov	r0, sp
  94 004c FFF7FEFF 		bl	strncpy
  95              	.LVL11:
  36:sanitize.c    ****     strncpy(min_str + 2, dot + 1, 4);
  96              		.loc 1 36 0
  97 0050 711C     		adds	r1, r6, #1
  98 0052 0422     		movs	r2, #4
  99 0054 6B46     		mov	r3, sp
 100 0056 981C     		adds	r0, r3, #2
 101 0058 FFF7FEFF 		bl	strncpy
 102              	.LVL12:
  37:sanitize.c    ****     int32_t decimal_mins_scaled = (int32_t)strtol(min_str, NULL, 10);
 103              		.loc 1 37 0
 104 005c 0A22     		movs	r2, #10
 105 005e 0021     		movs	r1, #0
 106 0060 6846     		mov	r0, sp
 107 0062 FFF7FEFF 		bl	strtol
 108              	.LVL13:
  38:sanitize.c    ****     int32_t minutes_as_dege6 = (decimal_mins_scaled * 10L) / 6;
 109              		.loc 1 38 0
 110 0066 8300     		lsls	r3, r0, #2
 111 0068 1B18     		adds	r3, r3, r0
 112 006a 5800     		lsls	r0, r3, #1
 113              	.LVL14:
 114 006c 0621     		movs	r1, #6
 115 006e FFF7FEFF 		bl	__aeabi_idiv
 116              	.LVL15:
  39:sanitize.c    **** 
  40:sanitize.c    ****     return (degrees * 1000000L) + minutes_as_dege6;
 117              		.loc 1 40 0
 118 0072 054B     		ldr	r3, .L6
 119 0074 7B43     		muls	r3, r7
 120 0076 C018     		adds	r0, r0, r3
 121              	.LVL16:
 122 0078 04E0     		b	.L2
 123              	.LVL17:
 124              	.L3:
  21:sanitize.c    ****     }
 125              		.loc 1 21 0
 126 007a 0020     		movs	r0, #0
 127              	.LVL18:
 128 007c 02E0     		b	.L2
 129              	.LVL19:
 130              	.L4:
ARM GAS  C:\Users\SAIKAR~1\AppData\Local\Temp\cc39Bwqe.s 			page 4


 131 007e 0020     		movs	r0, #0
 132              	.LVL20:
 133 0080 00E0     		b	.L2
 134              	.LVL21:
 135              	.L5:
  26:sanitize.c    ****     }
 136              		.loc 1 26 0
 137 0082 0020     		movs	r0, #0
 138              	.LVL22:
 139              	.L2:
  41:sanitize.c    **** }
 140              		.loc 1 41 0
 141 0084 05B0     		add	sp, sp, #20
 142              		@ sp needed
 143              	.LVL23:
 144 0086 F0BD     		pop	{r4, r5, r6, r7, pc}
 145              	.L7:
 146              		.align	2
 147              	.L6:
 148 0088 40420F00 		.word	1000000
 149              		.cfi_endproc
 150              	.LFE0:
 151              		.size	convert_coord_dege6, .-convert_coord_dege6
 152              		.section	.text.parse_gps,"ax",%progbits
 153              		.align	2
 154              		.global	parse_gps
 155              		.code	16
 156              		.thumb_func
 157              		.type	parse_gps, %function
 158              	parse_gps:
 159              	.LFB1:
  42:sanitize.c    **** 
  43:sanitize.c    **** int parse_gps(char *gps_string, GpsData_t *gps_data)
  44:sanitize.c    **** {
 160              		.loc 1 44 0
 161              		.cfi_startproc
 162              		@ args = 0, pretend = 0, frame = 120
 163              		@ frame_needed = 0, uses_anonymous_args = 0
 164              	.LVL24:
 165 0000 F0B5     		push	{r4, r5, r6, r7, lr}
 166              		.cfi_def_cfa_offset 20
 167              		.cfi_offset 4, -20
 168              		.cfi_offset 5, -16
 169              		.cfi_offset 6, -12
 170              		.cfi_offset 7, -8
 171              		.cfi_offset 14, -4
 172 0002 9FB0     		sub	sp, sp, #124
 173              		.cfi_def_cfa_offset 144
 174 0004 0F00     		movs	r7, r1
  45:sanitize.c    ****     if (gps_string == NULL || gps_data == NULL)
 175              		.loc 1 45 0
 176 0006 0028     		cmp	r0, #0
 177 0008 75D0     		beq	.L16
 178              		.loc 1 45 0 is_stmt 0 discriminator 1
 179 000a 0029     		cmp	r1, #0
 180 000c 75D0     		beq	.L17
  46:sanitize.c    ****     {
ARM GAS  C:\Users\SAIKAR~1\AppData\Local\Temp\cc39Bwqe.s 			page 5


  47:sanitize.c    ****         return 0;
  48:sanitize.c    ****     }
  49:sanitize.c    **** 
  50:sanitize.c    ****     char buffer[100];
  51:sanitize.c    ****     strncpy(buffer, gps_string, sizeof(buffer) - 1);
 181              		.loc 1 51 0 is_stmt 1
 182 000e 05AC     		add	r4, sp, #20
 183 0010 6322     		movs	r2, #99
 184 0012 0100     		movs	r1, r0
 185              	.LVL25:
 186 0014 2000     		movs	r0, r4
 187              	.LVL26:
 188 0016 FFF7FEFF 		bl	strncpy
 189              	.LVL27:
  52:sanitize.c    ****     buffer[sizeof(buffer) - 1] = '\0';
 190              		.loc 1 52 0
 191 001a 0022     		movs	r2, #0
 192 001c 6323     		movs	r3, #99
 193 001e E254     		strb	r2, [r4, r3]
  53:sanitize.c    **** 
  54:sanitize.c    ****     char *saveptr;
  55:sanitize.c    ****     char *token;
  56:sanitize.c    **** 
  57:sanitize.c    ****     token = strtok_r(buffer, ",", &saveptr);
 194              		.loc 1 57 0
 195 0020 04AA     		add	r2, sp, #16
 196 0022 3A49     		ldr	r1, .L20
 197 0024 2000     		movs	r0, r4
 198 0026 FFF7FEFF 		bl	strtok_r
 199              	.LVL28:
  58:sanitize.c    ****     if (token == NULL || strcmp(token, "$GNGLL") != 0)
 200              		.loc 1 58 0
 201 002a 0028     		cmp	r0, #0
 202 002c 67D0     		beq	.L18
 203              		.loc 1 58 0 is_stmt 0 discriminator 1
 204 002e 3849     		ldr	r1, .L20+4
 205 0030 FFF7FEFF 		bl	strcmp
 206              	.LVL29:
 207 0034 061E     		subs	r6, r0, #0
 208 0036 64D1     		bne	.L19
  59:sanitize.c    ****     {
  60:sanitize.c    ****         return 0;
  61:sanitize.c    ****     }
  62:sanitize.c    **** 
  63:sanitize.c    ****     char *lat_str = strtok_r(NULL, ",", &saveptr);
 209              		.loc 1 63 0 is_stmt 1
 210 0038 344D     		ldr	r5, .L20
 211 003a 04AA     		add	r2, sp, #16
 212 003c 2900     		movs	r1, r5
 213 003e 0020     		movs	r0, #0
 214 0040 FFF7FEFF 		bl	strtok_r
 215              	.LVL30:
 216 0044 0400     		movs	r4, r0
 217              	.LVL31:
  64:sanitize.c    ****     char *ns_str = strtok_r(NULL, ",", &saveptr);
 218              		.loc 1 64 0
 219 0046 04AA     		add	r2, sp, #16
ARM GAS  C:\Users\SAIKAR~1\AppData\Local\Temp\cc39Bwqe.s 			page 6


 220 0048 2900     		movs	r1, r5
 221 004a 0020     		movs	r0, #0
 222              	.LVL32:
 223 004c FFF7FEFF 		bl	strtok_r
 224              	.LVL33:
 225 0050 0290     		str	r0, [sp, #8]
 226              	.LVL34:
  65:sanitize.c    ****     char *lon_str = strtok_r(NULL, ",", &saveptr);
 227              		.loc 1 65 0
 228 0052 04AA     		add	r2, sp, #16
 229 0054 2900     		movs	r1, r5
 230 0056 0020     		movs	r0, #0
 231              	.LVL35:
 232 0058 FFF7FEFF 		bl	strtok_r
 233              	.LVL36:
 234 005c 0190     		str	r0, [sp, #4]
 235              	.LVL37:
  66:sanitize.c    ****     char *ew_str = strtok_r(NULL, ",", &saveptr);
 236              		.loc 1 66 0
 237 005e 04AA     		add	r2, sp, #16
 238 0060 2900     		movs	r1, r5
 239 0062 0020     		movs	r0, #0
 240              	.LVL38:
 241 0064 FFF7FEFF 		bl	strtok_r
 242              	.LVL39:
 243 0068 0390     		str	r0, [sp, #12]
 244              	.LVL40:
  67:sanitize.c    ****     strtok_r(NULL, ",", &saveptr);
 245              		.loc 1 67 0
 246 006a 04AA     		add	r2, sp, #16
 247 006c 2900     		movs	r1, r5
 248 006e 0020     		movs	r0, #0
 249              	.LVL41:
 250 0070 FFF7FEFF 		bl	strtok_r
 251              	.LVL42:
  68:sanitize.c    **** 
  69:sanitize.c    ****     char *status = strtok_r(NULL, ",", &saveptr);
 252              		.loc 1 69 0
 253 0074 04AA     		add	r2, sp, #16
 254 0076 2900     		movs	r1, r5
 255 0078 0020     		movs	r0, #0
 256 007a FFF7FEFF 		bl	strtok_r
 257              	.LVL43:
  70:sanitize.c    ****     if (status == NULL || *status != 'A' || lat_str == NULL || lon_str == NULL || lat_str[0] == '\0
 258              		.loc 1 70 0
 259 007e 0028     		cmp	r0, #0
 260 0080 0DD0     		beq	.L10
 261              		.loc 1 70 0 is_stmt 0 discriminator 1
 262 0082 0378     		ldrb	r3, [r0]
 263 0084 412B     		cmp	r3, #65
 264 0086 0AD1     		bne	.L10
 265              		.loc 1 70 0 discriminator 2
 266 0088 002C     		cmp	r4, #0
 267 008a 08D0     		beq	.L10
 268              		.loc 1 70 0 discriminator 3
 269 008c 019A     		ldr	r2, [sp, #4]
 270 008e 002A     		cmp	r2, #0
ARM GAS  C:\Users\SAIKAR~1\AppData\Local\Temp\cc39Bwqe.s 			page 7


 271 0090 05D0     		beq	.L10
 272              		.loc 1 70 0 discriminator 4
 273 0092 2378     		ldrb	r3, [r4]
 274 0094 002B     		cmp	r3, #0
 275 0096 02D0     		beq	.L10
 276              		.loc 1 70 0 discriminator 5
 277 0098 1378     		ldrb	r3, [r2]
 278 009a 002B     		cmp	r3, #0
 279 009c 04D1     		bne	.L11
 280              	.L10:
  71:sanitize.c    ****     {
  72:sanitize.c    ****         gps_data->is_valid = 0;
 281              		.loc 1 72 0 is_stmt 1
 282 009e 0023     		movs	r3, #0
 283 00a0 BB60     		str	r3, [r7, #8]
  73:sanitize.c    ****         gps_data->lat_dege6 = 0;
 284              		.loc 1 73 0
 285 00a2 3B60     		str	r3, [r7]
  74:sanitize.c    ****         gps_data->lon_dege6 = 0;
 286              		.loc 1 74 0
 287 00a4 7B60     		str	r3, [r7, #4]
  75:sanitize.c    ****         return 0;
 288              		.loc 1 75 0
 289 00a6 2DE0     		b	.L9
 290              	.L11:
  76:sanitize.c    ****     }
  77:sanitize.c    **** 
  78:sanitize.c    ****     gps_data->lat_dege6 = convert_coord_dege6(lat_str);
 291              		.loc 1 78 0
 292 00a8 2000     		movs	r0, r4
 293              	.LVL44:
 294 00aa FFF7FEFF 		bl	convert_coord_dege6
 295              	.LVL45:
 296 00ae 3860     		str	r0, [r7]
  79:sanitize.c    ****     if (ns_str != NULL && *ns_str == 'S')
 297              		.loc 1 79 0
 298 00b0 029B     		ldr	r3, [sp, #8]
 299 00b2 002B     		cmp	r3, #0
 300 00b4 04D0     		beq	.L12
 301              		.loc 1 79 0 is_stmt 0 discriminator 1
 302 00b6 1B78     		ldrb	r3, [r3]
 303 00b8 532B     		cmp	r3, #83
 304 00ba 01D1     		bne	.L12
  80:sanitize.c    ****         gps_data->lat_dege6 *= -1;
 305              		.loc 1 80 0 is_stmt 1
 306 00bc 4042     		rsbs	r0, r0, #0
 307 00be 3860     		str	r0, [r7]
 308              	.L12:
  81:sanitize.c    **** 
  82:sanitize.c    ****     gps_data->lon_dege6 = convert_coord_dege6(lon_str);
 309              		.loc 1 82 0
 310 00c0 0198     		ldr	r0, [sp, #4]
 311 00c2 FFF7FEFF 		bl	convert_coord_dege6
 312              	.LVL46:
 313 00c6 7860     		str	r0, [r7, #4]
  83:sanitize.c    ****     if (ew_str != NULL && *ew_str == 'W')
 314              		.loc 1 83 0
ARM GAS  C:\Users\SAIKAR~1\AppData\Local\Temp\cc39Bwqe.s 			page 8


 315 00c8 039B     		ldr	r3, [sp, #12]
 316 00ca 002B     		cmp	r3, #0
 317 00cc 04D0     		beq	.L13
 318              		.loc 1 83 0 is_stmt 0 discriminator 1
 319 00ce 1B78     		ldrb	r3, [r3]
 320 00d0 572B     		cmp	r3, #87
 321 00d2 01D1     		bne	.L13
  84:sanitize.c    ****         gps_data->lon_dege6 *= -1;
 322              		.loc 1 84 0 is_stmt 1
 323 00d4 4042     		rsbs	r0, r0, #0
 324 00d6 7860     		str	r0, [r7, #4]
 325              	.L13:
  85:sanitize.c    **** 
  86:sanitize.c    ****     if (gps_data->lat_dege6 == 0 || gps_data->lon_dege6 == 0)
 326              		.loc 1 86 0
 327 00d8 3B68     		ldr	r3, [r7]
 328 00da 002B     		cmp	r3, #0
 329 00dc 02D0     		beq	.L14
 330              		.loc 1 86 0 is_stmt 0 discriminator 1
 331 00de 7B68     		ldr	r3, [r7, #4]
 332 00e0 002B     		cmp	r3, #0
 333 00e2 04D1     		bne	.L15
 334              	.L14:
  87:sanitize.c    ****     {
  88:sanitize.c    ****         gps_data->is_valid = 0;
 335              		.loc 1 88 0 is_stmt 1
 336 00e4 0023     		movs	r3, #0
 337 00e6 BB60     		str	r3, [r7, #8]
  89:sanitize.c    ****         gps_data->lat_dege6 = 0;
 338              		.loc 1 89 0
 339 00e8 3B60     		str	r3, [r7]
  90:sanitize.c    ****         gps_data->lon_dege6 = 0;
 340              		.loc 1 90 0
 341 00ea 7B60     		str	r3, [r7, #4]
  91:sanitize.c    ****         return 0;
 342              		.loc 1 91 0
 343 00ec 0AE0     		b	.L9
 344              	.L15:
  92:sanitize.c    ****     }
  93:sanitize.c    **** 
  94:sanitize.c    ****     gps_data->is_valid = 1;
 345              		.loc 1 94 0
 346 00ee 0123     		movs	r3, #1
 347 00f0 BB60     		str	r3, [r7, #8]
  95:sanitize.c    ****     return 1;
 348              		.loc 1 95 0
 349 00f2 0126     		movs	r6, #1
 350 00f4 06E0     		b	.L9
 351              	.LVL47:
 352              	.L16:
  47:sanitize.c    ****     }
 353              		.loc 1 47 0
 354 00f6 0026     		movs	r6, #0
 355 00f8 04E0     		b	.L9
 356              	.L17:
 357 00fa 0026     		movs	r6, #0
 358 00fc 02E0     		b	.L9
ARM GAS  C:\Users\SAIKAR~1\AppData\Local\Temp\cc39Bwqe.s 			page 9


 359              	.LVL48:
 360              	.L18:
  60:sanitize.c    ****     }
 361              		.loc 1 60 0
 362 00fe 0026     		movs	r6, #0
 363 0100 00E0     		b	.L9
 364              	.LVL49:
 365              	.L19:
 366 0102 0026     		movs	r6, #0
 367              	.L9:
  96:sanitize.c    **** }
 368              		.loc 1 96 0
 369 0104 3000     		movs	r0, r6
 370 0106 1FB0     		add	sp, sp, #124
 371              		@ sp needed
 372              	.LVL50:
 373 0108 F0BD     		pop	{r4, r5, r6, r7, pc}
 374              	.L21:
 375 010a C046     		.align	2
 376              	.L20:
 377 010c 00000000 		.word	.LC0
 378 0110 04000000 		.word	.LC2
 379              		.cfi_endproc
 380              	.LFE1:
 381              		.size	parse_gps, .-parse_gps
 382              		.section	.rodata.str1.4,"aMS",%progbits,1
 383              		.align	2
 384              	.LC0:
 385 0000 2C00     		.ascii	",\000"
 386 0002 0000     		.space	2
 387              	.LC2:
 388 0004 24474E47 		.ascii	"$GNGLL\000"
 388      4C4C00
 389              		.text
 390              	.Letext0:
 391              		.file 2 "e:\\acads\\uwm\\psoc creator\\4.4\\psoc creator\\import\\gnu\\arm\\5.4.1\\arm-none-eabi\\
 392              		.file 3 "e:\\acads\\uwm\\psoc creator\\4.4\\psoc creator\\import\\gnu\\arm\\5.4.1\\arm-none-eabi\\
 393              		.file 4 "sanitize.h"
 394              		.file 5 "e:\\acads\\uwm\\psoc creator\\4.4\\psoc creator\\import\\gnu\\arm\\5.4.1\\arm-none-eabi\\
 395              		.file 6 "e:\\acads\\uwm\\psoc creator\\4.4\\psoc creator\\import\\gnu\\arm\\5.4.1\\arm-none-eabi\\
 396              		.section	.debug_info,"",%progbits
 397              	.Ldebug_info0:
 398 0000 C3040000 		.4byte	0x4c3
 399 0004 0400     		.2byte	0x4
 400 0006 00000000 		.4byte	.Ldebug_abbrev0
 401 000a 04       		.byte	0x4
 402 000b 01       		.uleb128 0x1
 403 000c 5F000000 		.4byte	.LASF42
 404 0010 0C       		.byte	0xc
 405 0011 39020000 		.4byte	.LASF43
 406 0015 3F010000 		.4byte	.LASF44
 407 0019 00000000 		.4byte	.Ldebug_ranges0+0
 408 001d 00000000 		.4byte	0
 409 0021 00000000 		.4byte	.Ldebug_line0
 410 0025 02       		.uleb128 0x2
 411 0026 01       		.byte	0x1
 412 0027 06       		.byte	0x6
ARM GAS  C:\Users\SAIKAR~1\AppData\Local\Temp\cc39Bwqe.s 			page 10


 413 0028 6A020000 		.4byte	.LASF0
 414 002c 02       		.uleb128 0x2
 415 002d 01       		.byte	0x1
 416 002e 08       		.byte	0x8
 417 002f F8000000 		.4byte	.LASF1
 418 0033 02       		.uleb128 0x2
 419 0034 02       		.byte	0x2
 420 0035 05       		.byte	0x5
 421 0036 91010000 		.4byte	.LASF2
 422 003a 02       		.uleb128 0x2
 423 003b 02       		.byte	0x2
 424 003c 07       		.byte	0x7
 425 003d 2C010000 		.4byte	.LASF3
 426 0041 03       		.uleb128 0x3
 427 0042 24000000 		.4byte	.LASF9
 428 0046 02       		.byte	0x2
 429 0047 3F       		.byte	0x3f
 430 0048 4C000000 		.4byte	0x4c
 431 004c 02       		.uleb128 0x2
 432 004d 04       		.byte	0x4
 433 004e 05       		.byte	0x5
 434 004f 4D020000 		.4byte	.LASF4
 435 0053 02       		.uleb128 0x2
 436 0054 04       		.byte	0x4
 437 0055 07       		.byte	0x7
 438 0056 1A010000 		.4byte	.LASF5
 439 005a 02       		.uleb128 0x2
 440 005b 08       		.byte	0x8
 441 005c 05       		.byte	0x5
 442 005d 02020000 		.4byte	.LASF6
 443 0061 02       		.uleb128 0x2
 444 0062 08       		.byte	0x8
 445 0063 07       		.byte	0x7
 446 0064 B9010000 		.4byte	.LASF7
 447 0068 04       		.uleb128 0x4
 448 0069 04       		.byte	0x4
 449 006a 05       		.byte	0x5
 450 006b 696E7400 		.ascii	"int\000"
 451 006f 02       		.uleb128 0x2
 452 0070 04       		.byte	0x4
 453 0071 07       		.byte	0x7
 454 0072 9B010000 		.4byte	.LASF8
 455 0076 03       		.uleb128 0x3
 456 0077 57000000 		.4byte	.LASF10
 457 007b 03       		.byte	0x3
 458 007c 2C       		.byte	0x2c
 459 007d 41000000 		.4byte	0x41
 460 0081 05       		.uleb128 0x5
 461 0082 0C       		.byte	0xc
 462 0083 04       		.byte	0x4
 463 0084 12       		.byte	0x12
 464 0085 AE000000 		.4byte	0xae
 465 0089 06       		.uleb128 0x6
 466 008a 1D020000 		.4byte	.LASF11
 467 008e 04       		.byte	0x4
 468 008f 14       		.byte	0x14
 469 0090 76000000 		.4byte	0x76
ARM GAS  C:\Users\SAIKAR~1\AppData\Local\Temp\cc39Bwqe.s 			page 11


 470 0094 00       		.byte	0
 471 0095 06       		.uleb128 0x6
 472 0096 D6010000 		.4byte	.LASF12
 473 009a 04       		.byte	0x4
 474 009b 15       		.byte	0x15
 475 009c 76000000 		.4byte	0x76
 476 00a0 04       		.byte	0x4
 477 00a1 06       		.uleb128 0x6
 478 00a2 44020000 		.4byte	.LASF13
 479 00a6 04       		.byte	0x4
 480 00a7 16       		.byte	0x16
 481 00a8 76000000 		.4byte	0x76
 482 00ac 08       		.byte	0x8
 483 00ad 00       		.byte	0
 484 00ae 03       		.uleb128 0x3
 485 00af 2F020000 		.4byte	.LASF14
 486 00b3 04       		.byte	0x4
 487 00b4 17       		.byte	0x17
 488 00b5 81000000 		.4byte	0x81
 489 00b9 02       		.uleb128 0x2
 490 00ba 08       		.byte	0x8
 491 00bb 04       		.byte	0x4
 492 00bc 5E020000 		.4byte	.LASF15
 493 00c0 02       		.uleb128 0x2
 494 00c1 04       		.byte	0x4
 495 00c2 07       		.byte	0x7
 496 00c3 EF010000 		.4byte	.LASF16
 497 00c7 07       		.uleb128 0x7
 498 00c8 04       		.byte	0x4
 499 00c9 CD000000 		.4byte	0xcd
 500 00cd 02       		.uleb128 0x2
 501 00ce 01       		.byte	0x1
 502 00cf 08       		.byte	0x8
 503 00d0 10020000 		.4byte	.LASF17
 504 00d4 07       		.uleb128 0x7
 505 00d5 04       		.byte	0x4
 506 00d6 DA000000 		.4byte	0xda
 507 00da 08       		.uleb128 0x8
 508 00db CD000000 		.4byte	0xcd
 509 00df 09       		.uleb128 0x9
 510 00e0 CD000000 		.4byte	0xcd
 511 00e4 EF000000 		.4byte	0xef
 512 00e8 0A       		.uleb128 0xa
 513 00e9 C0000000 		.4byte	0xc0
 514 00ed 07       		.byte	0x7
 515 00ee 00       		.byte	0
 516 00ef 0B       		.uleb128 0xb
 517 00f0 7D020000 		.4byte	.LASF24
 518 00f4 01       		.byte	0x1
 519 00f5 11       		.byte	0x11
 520 00f6 76000000 		.4byte	0x76
 521 00fa 00000000 		.4byte	.LFB0
 522 00fe 8C000000 		.4byte	.LFE0-.LFB0
 523 0102 01       		.uleb128 0x1
 524 0103 9C       		.byte	0x9c
 525 0104 6E020000 		.4byte	0x26e
 526 0108 0C       		.uleb128 0xc
ARM GAS  C:\Users\SAIKAR~1\AppData\Local\Temp\cc39Bwqe.s 			page 12


 527 0109 07000000 		.4byte	.LASF26
 528 010d 01       		.byte	0x1
 529 010e 11       		.byte	0x11
 530 010f D4000000 		.4byte	0xd4
 531 0113 00000000 		.4byte	.LLST0
 532 0117 0D       		.uleb128 0xd
 533 0118 646F7400 		.ascii	"dot\000"
 534 011c 01       		.byte	0x1
 535 011d 17       		.byte	0x17
 536 011e D4000000 		.4byte	0xd4
 537 0122 58000000 		.4byte	.LLST1
 538 0126 0E       		.uleb128 0xe
 539 0127 3D000000 		.4byte	.LASF18
 540 012b 01       		.byte	0x1
 541 012c 1D       		.byte	0x1d
 542 012d 68000000 		.4byte	0x68
 543 0131 81000000 		.4byte	.LLST2
 544 0135 0F       		.uleb128 0xf
 545 0136 2E000000 		.4byte	.LASF19
 546 013a 01       		.byte	0x1
 547 013b 1E       		.byte	0x1e
 548 013c 6E020000 		.4byte	0x26e
 549 0140 02       		.uleb128 0x2
 550 0141 91       		.byte	0x91
 551 0142 60       		.sleb128 -32
 552 0143 0E       		.uleb128 0xe
 553 0144 89010000 		.4byte	.LASF20
 554 0148 01       		.byte	0x1
 555 0149 20       		.byte	0x20
 556 014a 76000000 		.4byte	0x76
 557 014e 94000000 		.4byte	.LLST3
 558 0152 0F       		.uleb128 0xf
 559 0153 56020000 		.4byte	.LASF21
 560 0157 01       		.byte	0x1
 561 0158 22       		.byte	0x22
 562 0159 DF000000 		.4byte	0xdf
 563 015d 02       		.uleb128 0x2
 564 015e 91       		.byte	0x91
 565 015f 58       		.sleb128 -40
 566 0160 0E       		.uleb128 0xe
 567 0161 06010000 		.4byte	.LASF22
 568 0165 01       		.byte	0x1
 569 0166 25       		.byte	0x25
 570 0167 76000000 		.4byte	0x76
 571 016b B2000000 		.4byte	.LLST4
 572 016f 0E       		.uleb128 0xe
 573 0170 A8010000 		.4byte	.LASF23
 574 0174 01       		.byte	0x1
 575 0175 26       		.byte	0x26
 576 0176 76000000 		.4byte	0x76
 577 017a C5000000 		.4byte	.LLST5
 578 017e 10       		.uleb128 0x10
 579 017f 14000000 		.4byte	.LVL1
 580 0183 86040000 		.4byte	0x486
 581 0187 98010000 		.4byte	0x198
 582 018b 11       		.uleb128 0x11
 583 018c 01       		.uleb128 0x1
ARM GAS  C:\Users\SAIKAR~1\AppData\Local\Temp\cc39Bwqe.s 			page 13


 584 018d 50       		.byte	0x50
 585 018e 02       		.uleb128 0x2
 586 018f 74       		.byte	0x74
 587 0190 00       		.sleb128 0
 588 0191 11       		.uleb128 0x11
 589 0192 01       		.uleb128 0x1
 590 0193 51       		.byte	0x51
 591 0194 02       		.uleb128 0x2
 592 0195 08       		.byte	0x8
 593 0196 2E       		.byte	0x2e
 594 0197 00       		.byte	0
 595 0198 10       		.uleb128 0x10
 596 0199 26000000 		.4byte	.LVL5
 597 019d 91040000 		.4byte	0x491
 598 01a1 B6010000 		.4byte	0x1b6
 599 01a5 11       		.uleb128 0x11
 600 01a6 01       		.uleb128 0x1
 601 01a7 50       		.byte	0x50
 602 01a8 02       		.uleb128 0x2
 603 01a9 91       		.byte	0x91
 604 01aa 60       		.sleb128 -32
 605 01ab 11       		.uleb128 0x11
 606 01ac 01       		.uleb128 0x1
 607 01ad 51       		.byte	0x51
 608 01ae 01       		.uleb128 0x1
 609 01af 30       		.byte	0x30
 610 01b0 11       		.uleb128 0x11
 611 01b1 01       		.uleb128 0x1
 612 01b2 52       		.byte	0x52
 613 01b3 01       		.uleb128 0x1
 614 01b4 35       		.byte	0x35
 615 01b5 00       		.byte	0
 616 01b6 10       		.uleb128 0x10
 617 01b7 30000000 		.4byte	.LVL6
 618 01bb 9A040000 		.4byte	0x49a
 619 01bf D6010000 		.4byte	0x1d6
 620 01c3 11       		.uleb128 0x11
 621 01c4 01       		.uleb128 0x1
 622 01c5 50       		.byte	0x50
 623 01c6 02       		.uleb128 0x2
 624 01c7 91       		.byte	0x91
 625 01c8 60       		.sleb128 -32
 626 01c9 11       		.uleb128 0x11
 627 01ca 01       		.uleb128 0x1
 628 01cb 51       		.byte	0x51
 629 01cc 02       		.uleb128 0x2
 630 01cd 74       		.byte	0x74
 631 01ce 00       		.sleb128 0
 632 01cf 11       		.uleb128 0x11
 633 01d0 01       		.uleb128 0x1
 634 01d1 52       		.byte	0x52
 635 01d2 02       		.uleb128 0x2
 636 01d3 75       		.byte	0x75
 637 01d4 00       		.sleb128 0
 638 01d5 00       		.byte	0
 639 01d6 10       		.uleb128 0x10
 640 01d7 3A000000 		.4byte	.LVL7
ARM GAS  C:\Users\SAIKAR~1\AppData\Local\Temp\cc39Bwqe.s 			page 14


 641 01db A5040000 		.4byte	0x4a5
 642 01df F4010000 		.4byte	0x1f4
 643 01e3 11       		.uleb128 0x11
 644 01e4 01       		.uleb128 0x1
 645 01e5 50       		.byte	0x50
 646 01e6 02       		.uleb128 0x2
 647 01e7 91       		.byte	0x91
 648 01e8 60       		.sleb128 -32
 649 01e9 11       		.uleb128 0x11
 650 01ea 01       		.uleb128 0x1
 651 01eb 51       		.byte	0x51
 652 01ec 01       		.uleb128 0x1
 653 01ed 30       		.byte	0x30
 654 01ee 11       		.uleb128 0x11
 655 01ef 01       		.uleb128 0x1
 656 01f0 52       		.byte	0x52
 657 01f1 01       		.uleb128 0x1
 658 01f2 3A       		.byte	0x3a
 659 01f3 00       		.byte	0
 660 01f4 10       		.uleb128 0x10
 661 01f5 46000000 		.4byte	.LVL10
 662 01f9 91040000 		.4byte	0x491
 663 01fd 12020000 		.4byte	0x212
 664 0201 11       		.uleb128 0x11
 665 0202 01       		.uleb128 0x1
 666 0203 50       		.byte	0x50
 667 0204 02       		.uleb128 0x2
 668 0205 7D       		.byte	0x7d
 669 0206 00       		.sleb128 0
 670 0207 11       		.uleb128 0x11
 671 0208 01       		.uleb128 0x1
 672 0209 51       		.byte	0x51
 673 020a 01       		.uleb128 0x1
 674 020b 30       		.byte	0x30
 675 020c 11       		.uleb128 0x11
 676 020d 01       		.uleb128 0x1
 677 020e 52       		.byte	0x52
 678 020f 01       		.uleb128 0x1
 679 0210 38       		.byte	0x38
 680 0211 00       		.byte	0
 681 0212 10       		.uleb128 0x10
 682 0213 50000000 		.4byte	.LVL11
 683 0217 9A040000 		.4byte	0x49a
 684 021b 34020000 		.4byte	0x234
 685 021f 11       		.uleb128 0x11
 686 0220 01       		.uleb128 0x1
 687 0221 50       		.byte	0x50
 688 0222 02       		.uleb128 0x2
 689 0223 7D       		.byte	0x7d
 690 0224 00       		.sleb128 0
 691 0225 11       		.uleb128 0x11
 692 0226 01       		.uleb128 0x1
 693 0227 51       		.byte	0x51
 694 0228 05       		.uleb128 0x5
 695 0229 74       		.byte	0x74
 696 022a 00       		.sleb128 0
 697 022b 75       		.byte	0x75
ARM GAS  C:\Users\SAIKAR~1\AppData\Local\Temp\cc39Bwqe.s 			page 15


 698 022c 00       		.sleb128 0
 699 022d 22       		.byte	0x22
 700 022e 11       		.uleb128 0x11
 701 022f 01       		.uleb128 0x1
 702 0230 52       		.byte	0x52
 703 0231 01       		.uleb128 0x1
 704 0232 32       		.byte	0x32
 705 0233 00       		.byte	0
 706 0234 10       		.uleb128 0x10
 707 0235 5C000000 		.4byte	.LVL12
 708 0239 9A040000 		.4byte	0x49a
 709 023d 53020000 		.4byte	0x253
 710 0241 11       		.uleb128 0x11
 711 0242 01       		.uleb128 0x1
 712 0243 50       		.byte	0x50
 713 0244 02       		.uleb128 0x2
 714 0245 7D       		.byte	0x7d
 715 0246 02       		.sleb128 2
 716 0247 11       		.uleb128 0x11
 717 0248 01       		.uleb128 0x1
 718 0249 51       		.byte	0x51
 719 024a 02       		.uleb128 0x2
 720 024b 76       		.byte	0x76
 721 024c 01       		.sleb128 1
 722 024d 11       		.uleb128 0x11
 723 024e 01       		.uleb128 0x1
 724 024f 52       		.byte	0x52
 725 0250 01       		.uleb128 0x1
 726 0251 34       		.byte	0x34
 727 0252 00       		.byte	0
 728 0253 12       		.uleb128 0x12
 729 0254 66000000 		.4byte	.LVL13
 730 0258 A5040000 		.4byte	0x4a5
 731 025c 11       		.uleb128 0x11
 732 025d 01       		.uleb128 0x1
 733 025e 50       		.byte	0x50
 734 025f 02       		.uleb128 0x2
 735 0260 7D       		.byte	0x7d
 736 0261 00       		.sleb128 0
 737 0262 11       		.uleb128 0x11
 738 0263 01       		.uleb128 0x1
 739 0264 51       		.byte	0x51
 740 0265 01       		.uleb128 0x1
 741 0266 30       		.byte	0x30
 742 0267 11       		.uleb128 0x11
 743 0268 01       		.uleb128 0x1
 744 0269 52       		.byte	0x52
 745 026a 01       		.uleb128 0x1
 746 026b 3A       		.byte	0x3a
 747 026c 00       		.byte	0
 748 026d 00       		.byte	0
 749 026e 09       		.uleb128 0x9
 750 026f CD000000 		.4byte	0xcd
 751 0273 7E020000 		.4byte	0x27e
 752 0277 0A       		.uleb128 0xa
 753 0278 C0000000 		.4byte	0xc0
 754 027c 04       		.byte	0x4
ARM GAS  C:\Users\SAIKAR~1\AppData\Local\Temp\cc39Bwqe.s 			page 16


 755 027d 00       		.byte	0
 756 027e 13       		.uleb128 0x13
 757 027f F8010000 		.4byte	.LASF25
 758 0283 01       		.byte	0x1
 759 0284 2B       		.byte	0x2b
 760 0285 68000000 		.4byte	0x68
 761 0289 00000000 		.4byte	.LFB1
 762 028d 14010000 		.4byte	.LFE1-.LFB1
 763 0291 01       		.uleb128 0x1
 764 0292 9C       		.byte	0x9c
 765 0293 70040000 		.4byte	0x470
 766 0297 0C       		.uleb128 0xc
 767 0298 ED000000 		.4byte	.LASF27
 768 029c 01       		.byte	0x1
 769 029d 2B       		.byte	0x2b
 770 029e C7000000 		.4byte	0xc7
 771 02a2 D8000000 		.4byte	.LLST6
 772 02a6 0C       		.uleb128 0xc
 773 02a7 4E000000 		.4byte	.LASF28
 774 02ab 01       		.byte	0x1
 775 02ac 2B       		.byte	0x2b
 776 02ad 70040000 		.4byte	0x470
 777 02b1 1D010000 		.4byte	.LLST7
 778 02b5 0F       		.uleb128 0xf
 779 02b6 1D000000 		.4byte	.LASF29
 780 02ba 01       		.byte	0x1
 781 02bb 32       		.byte	0x32
 782 02bc 76040000 		.4byte	0x476
 783 02c0 03       		.uleb128 0x3
 784 02c1 91       		.byte	0x91
 785 02c2 847F     		.sleb128 -124
 786 02c4 0F       		.uleb128 0xf
 787 02c5 15020000 		.4byte	.LASF30
 788 02c9 01       		.byte	0x1
 789 02ca 36       		.byte	0x36
 790 02cb C7000000 		.4byte	0xc7
 791 02cf 03       		.uleb128 0x3
 792 02d0 91       		.byte	0x91
 793 02d1 807F     		.sleb128 -128
 794 02d3 0E       		.uleb128 0xe
 795 02d4 D0010000 		.4byte	.LASF31
 796 02d8 01       		.byte	0x1
 797 02d9 37       		.byte	0x37
 798 02da C7000000 		.4byte	0xc7
 799 02de 5F010000 		.4byte	.LLST8
 800 02e2 0E       		.uleb128 0xe
 801 02e3 27020000 		.4byte	.LASF32
 802 02e7 01       		.byte	0x1
 803 02e8 3F       		.byte	0x3f
 804 02e9 C7000000 		.4byte	0xc7
 805 02ed 7D010000 		.4byte	.LLST9
 806 02f1 0E       		.uleb128 0xe
 807 02f2 00000000 		.4byte	.LASF33
 808 02f6 01       		.byte	0x1
 809 02f7 40       		.byte	0x40
 810 02f8 C7000000 		.4byte	0xc7
 811 02fc 9B010000 		.4byte	.LLST10
ARM GAS  C:\Users\SAIKAR~1\AppData\Local\Temp\cc39Bwqe.s 			page 17


 812 0300 0E       		.uleb128 0xe
 813 0301 E0010000 		.4byte	.LASF34
 814 0305 01       		.byte	0x1
 815 0306 41       		.byte	0x41
 816 0307 C7000000 		.4byte	0xc7
 817 030b BB010000 		.4byte	.LLST11
 818 030f 0E       		.uleb128 0xe
 819 0310 36000000 		.4byte	.LASF35
 820 0314 01       		.byte	0x1
 821 0315 42       		.byte	0x42
 822 0316 C7000000 		.4byte	0xc7
 823 031a DB010000 		.4byte	.LLST12
 824 031e 0E       		.uleb128 0xe
 825 031f 47000000 		.4byte	.LASF36
 826 0323 01       		.byte	0x1
 827 0324 45       		.byte	0x45
 828 0325 C7000000 		.4byte	0xc7
 829 0329 FB010000 		.4byte	.LLST13
 830 032d 10       		.uleb128 0x10
 831 032e 1A000000 		.4byte	.LVL27
 832 0332 9A040000 		.4byte	0x49a
 833 0336 4E030000 		.4byte	0x34e
 834 033a 11       		.uleb128 0x11
 835 033b 01       		.uleb128 0x1
 836 033c 50       		.byte	0x50
 837 033d 02       		.uleb128 0x2
 838 033e 74       		.byte	0x74
 839 033f 00       		.sleb128 0
 840 0340 11       		.uleb128 0x11
 841 0341 01       		.uleb128 0x1
 842 0342 51       		.byte	0x51
 843 0343 03       		.uleb128 0x3
 844 0344 F3       		.byte	0xf3
 845 0345 01       		.uleb128 0x1
 846 0346 50       		.byte	0x50
 847 0347 11       		.uleb128 0x11
 848 0348 01       		.uleb128 0x1
 849 0349 52       		.byte	0x52
 850 034a 02       		.uleb128 0x2
 851 034b 08       		.byte	0x8
 852 034c 63       		.byte	0x63
 853 034d 00       		.byte	0
 854 034e 10       		.uleb128 0x10
 855 034f 2A000000 		.4byte	.LVL28
 856 0353 B0040000 		.4byte	0x4b0
 857 0357 72030000 		.4byte	0x372
 858 035b 11       		.uleb128 0x11
 859 035c 01       		.uleb128 0x1
 860 035d 50       		.byte	0x50
 861 035e 02       		.uleb128 0x2
 862 035f 74       		.byte	0x74
 863 0360 00       		.sleb128 0
 864 0361 11       		.uleb128 0x11
 865 0362 01       		.uleb128 0x1
 866 0363 51       		.byte	0x51
 867 0364 05       		.uleb128 0x5
 868 0365 03       		.byte	0x3
ARM GAS  C:\Users\SAIKAR~1\AppData\Local\Temp\cc39Bwqe.s 			page 18


 869 0366 00000000 		.4byte	.LC0
 870 036a 11       		.uleb128 0x11
 871 036b 01       		.uleb128 0x1
 872 036c 52       		.byte	0x52
 873 036d 03       		.uleb128 0x3
 874 036e 91       		.byte	0x91
 875 036f 807F     		.sleb128 -128
 876 0371 00       		.byte	0
 877 0372 10       		.uleb128 0x10
 878 0373 34000000 		.4byte	.LVL29
 879 0377 BB040000 		.4byte	0x4bb
 880 037b 89030000 		.4byte	0x389
 881 037f 11       		.uleb128 0x11
 882 0380 01       		.uleb128 0x1
 883 0381 51       		.byte	0x51
 884 0382 05       		.uleb128 0x5
 885 0383 03       		.byte	0x3
 886 0384 04000000 		.4byte	.LC2
 887 0388 00       		.byte	0
 888 0389 10       		.uleb128 0x10
 889 038a 44000000 		.4byte	.LVL30
 890 038e B0040000 		.4byte	0x4b0
 891 0392 A9030000 		.4byte	0x3a9
 892 0396 11       		.uleb128 0x11
 893 0397 01       		.uleb128 0x1
 894 0398 50       		.byte	0x50
 895 0399 01       		.uleb128 0x1
 896 039a 30       		.byte	0x30
 897 039b 11       		.uleb128 0x11
 898 039c 01       		.uleb128 0x1
 899 039d 51       		.byte	0x51
 900 039e 02       		.uleb128 0x2
 901 039f 75       		.byte	0x75
 902 03a0 00       		.sleb128 0
 903 03a1 11       		.uleb128 0x11
 904 03a2 01       		.uleb128 0x1
 905 03a3 52       		.byte	0x52
 906 03a4 03       		.uleb128 0x3
 907 03a5 91       		.byte	0x91
 908 03a6 807F     		.sleb128 -128
 909 03a8 00       		.byte	0
 910 03a9 10       		.uleb128 0x10
 911 03aa 50000000 		.4byte	.LVL33
 912 03ae B0040000 		.4byte	0x4b0
 913 03b2 C9030000 		.4byte	0x3c9
 914 03b6 11       		.uleb128 0x11
 915 03b7 01       		.uleb128 0x1
 916 03b8 50       		.byte	0x50
 917 03b9 01       		.uleb128 0x1
 918 03ba 30       		.byte	0x30
 919 03bb 11       		.uleb128 0x11
 920 03bc 01       		.uleb128 0x1
 921 03bd 51       		.byte	0x51
 922 03be 02       		.uleb128 0x2
 923 03bf 75       		.byte	0x75
 924 03c0 00       		.sleb128 0
 925 03c1 11       		.uleb128 0x11
ARM GAS  C:\Users\SAIKAR~1\AppData\Local\Temp\cc39Bwqe.s 			page 19


 926 03c2 01       		.uleb128 0x1
 927 03c3 52       		.byte	0x52
 928 03c4 03       		.uleb128 0x3
 929 03c5 91       		.byte	0x91
 930 03c6 807F     		.sleb128 -128
 931 03c8 00       		.byte	0
 932 03c9 10       		.uleb128 0x10
 933 03ca 5C000000 		.4byte	.LVL36
 934 03ce B0040000 		.4byte	0x4b0
 935 03d2 E9030000 		.4byte	0x3e9
 936 03d6 11       		.uleb128 0x11
 937 03d7 01       		.uleb128 0x1
 938 03d8 50       		.byte	0x50
 939 03d9 01       		.uleb128 0x1
 940 03da 30       		.byte	0x30
 941 03db 11       		.uleb128 0x11
 942 03dc 01       		.uleb128 0x1
 943 03dd 51       		.byte	0x51
 944 03de 02       		.uleb128 0x2
 945 03df 75       		.byte	0x75
 946 03e0 00       		.sleb128 0
 947 03e1 11       		.uleb128 0x11
 948 03e2 01       		.uleb128 0x1
 949 03e3 52       		.byte	0x52
 950 03e4 03       		.uleb128 0x3
 951 03e5 91       		.byte	0x91
 952 03e6 807F     		.sleb128 -128
 953 03e8 00       		.byte	0
 954 03e9 10       		.uleb128 0x10
 955 03ea 68000000 		.4byte	.LVL39
 956 03ee B0040000 		.4byte	0x4b0
 957 03f2 09040000 		.4byte	0x409
 958 03f6 11       		.uleb128 0x11
 959 03f7 01       		.uleb128 0x1
 960 03f8 50       		.byte	0x50
 961 03f9 01       		.uleb128 0x1
 962 03fa 30       		.byte	0x30
 963 03fb 11       		.uleb128 0x11
 964 03fc 01       		.uleb128 0x1
 965 03fd 51       		.byte	0x51
 966 03fe 02       		.uleb128 0x2
 967 03ff 75       		.byte	0x75
 968 0400 00       		.sleb128 0
 969 0401 11       		.uleb128 0x11
 970 0402 01       		.uleb128 0x1
 971 0403 52       		.byte	0x52
 972 0404 03       		.uleb128 0x3
 973 0405 91       		.byte	0x91
 974 0406 807F     		.sleb128 -128
 975 0408 00       		.byte	0
 976 0409 10       		.uleb128 0x10
 977 040a 74000000 		.4byte	.LVL42
 978 040e B0040000 		.4byte	0x4b0
 979 0412 29040000 		.4byte	0x429
 980 0416 11       		.uleb128 0x11
 981 0417 01       		.uleb128 0x1
 982 0418 50       		.byte	0x50
ARM GAS  C:\Users\SAIKAR~1\AppData\Local\Temp\cc39Bwqe.s 			page 20


 983 0419 01       		.uleb128 0x1
 984 041a 30       		.byte	0x30
 985 041b 11       		.uleb128 0x11
 986 041c 01       		.uleb128 0x1
 987 041d 51       		.byte	0x51
 988 041e 02       		.uleb128 0x2
 989 041f 75       		.byte	0x75
 990 0420 00       		.sleb128 0
 991 0421 11       		.uleb128 0x11
 992 0422 01       		.uleb128 0x1
 993 0423 52       		.byte	0x52
 994 0424 03       		.uleb128 0x3
 995 0425 91       		.byte	0x91
 996 0426 807F     		.sleb128 -128
 997 0428 00       		.byte	0
 998 0429 10       		.uleb128 0x10
 999 042a 7E000000 		.4byte	.LVL43
 1000 042e B0040000 		.4byte	0x4b0
 1001 0432 49040000 		.4byte	0x449
 1002 0436 11       		.uleb128 0x11
 1003 0437 01       		.uleb128 0x1
 1004 0438 50       		.byte	0x50
 1005 0439 01       		.uleb128 0x1
 1006 043a 30       		.byte	0x30
 1007 043b 11       		.uleb128 0x11
 1008 043c 01       		.uleb128 0x1
 1009 043d 51       		.byte	0x51
 1010 043e 02       		.uleb128 0x2
 1011 043f 75       		.byte	0x75
 1012 0440 00       		.sleb128 0
 1013 0441 11       		.uleb128 0x11
 1014 0442 01       		.uleb128 0x1
 1015 0443 52       		.byte	0x52
 1016 0444 03       		.uleb128 0x3
 1017 0445 91       		.byte	0x91
 1018 0446 807F     		.sleb128 -128
 1019 0448 00       		.byte	0
 1020 0449 10       		.uleb128 0x10
 1021 044a AE000000 		.4byte	.LVL45
 1022 044e EF000000 		.4byte	0xef
 1023 0452 5D040000 		.4byte	0x45d
 1024 0456 11       		.uleb128 0x11
 1025 0457 01       		.uleb128 0x1
 1026 0458 50       		.byte	0x50
 1027 0459 02       		.uleb128 0x2
 1028 045a 74       		.byte	0x74
 1029 045b 00       		.sleb128 0
 1030 045c 00       		.byte	0
 1031 045d 12       		.uleb128 0x12
 1032 045e C6000000 		.4byte	.LVL46
 1033 0462 EF000000 		.4byte	0xef
 1034 0466 11       		.uleb128 0x11
 1035 0467 01       		.uleb128 0x1
 1036 0468 50       		.byte	0x50
 1037 0469 04       		.uleb128 0x4
 1038 046a 91       		.byte	0x91
 1039 046b F47E     		.sleb128 -140
ARM GAS  C:\Users\SAIKAR~1\AppData\Local\Temp\cc39Bwqe.s 			page 21


 1040 046d 06       		.byte	0x6
 1041 046e 00       		.byte	0
 1042 046f 00       		.byte	0
 1043 0470 07       		.uleb128 0x7
 1044 0471 04       		.byte	0x4
 1045 0472 AE000000 		.4byte	0xae
 1046 0476 09       		.uleb128 0x9
 1047 0477 CD000000 		.4byte	0xcd
 1048 047b 86040000 		.4byte	0x486
 1049 047f 0A       		.uleb128 0xa
 1050 0480 C0000000 		.4byte	0xc0
 1051 0484 63       		.byte	0x63
 1052 0485 00       		.byte	0
 1053 0486 14       		.uleb128 0x14
 1054 0487 16000000 		.4byte	.LASF37
 1055 048b 16000000 		.4byte	.LASF37
 1056 048f 05       		.byte	0x5
 1057 0490 1B       		.byte	0x1b
 1058 0491 15       		.uleb128 0x15
 1059 0492 82010000 		.4byte	.LASF45
 1060 0496 82010000 		.4byte	.LASF45
 1061 049a 14       		.uleb128 0x14
 1062 049b 7A010000 		.4byte	.LASF38
 1063 049f 7A010000 		.4byte	.LASF38
 1064 04a3 05       		.byte	0x5
 1065 04a4 24       		.byte	0x24
 1066 04a5 14       		.uleb128 0x14
 1067 04a6 76020000 		.4byte	.LASF39
 1068 04aa 76020000 		.4byte	.LASF39
 1069 04ae 06       		.byte	0x6
 1070 04af A2       		.byte	0xa2
 1071 04b0 14       		.uleb128 0x14
 1072 04b1 0D000000 		.4byte	.LASF40
 1073 04b5 0D000000 		.4byte	.LASF40
 1074 04b9 05       		.byte	0x5
 1075 04ba 2F       		.byte	0x2f
 1076 04bb 14       		.uleb128 0x14
 1077 04bc E8010000 		.4byte	.LASF41
 1078 04c0 E8010000 		.4byte	.LASF41
 1079 04c4 05       		.byte	0x5
 1080 04c5 1C       		.byte	0x1c
 1081 04c6 00       		.byte	0
 1082              		.section	.debug_abbrev,"",%progbits
 1083              	.Ldebug_abbrev0:
 1084 0000 01       		.uleb128 0x1
 1085 0001 11       		.uleb128 0x11
 1086 0002 01       		.byte	0x1
 1087 0003 25       		.uleb128 0x25
 1088 0004 0E       		.uleb128 0xe
 1089 0005 13       		.uleb128 0x13
 1090 0006 0B       		.uleb128 0xb
 1091 0007 03       		.uleb128 0x3
 1092 0008 0E       		.uleb128 0xe
 1093 0009 1B       		.uleb128 0x1b
 1094 000a 0E       		.uleb128 0xe
 1095 000b 55       		.uleb128 0x55
 1096 000c 17       		.uleb128 0x17
ARM GAS  C:\Users\SAIKAR~1\AppData\Local\Temp\cc39Bwqe.s 			page 22


 1097 000d 11       		.uleb128 0x11
 1098 000e 01       		.uleb128 0x1
 1099 000f 10       		.uleb128 0x10
 1100 0010 17       		.uleb128 0x17
 1101 0011 00       		.byte	0
 1102 0012 00       		.byte	0
 1103 0013 02       		.uleb128 0x2
 1104 0014 24       		.uleb128 0x24
 1105 0015 00       		.byte	0
 1106 0016 0B       		.uleb128 0xb
 1107 0017 0B       		.uleb128 0xb
 1108 0018 3E       		.uleb128 0x3e
 1109 0019 0B       		.uleb128 0xb
 1110 001a 03       		.uleb128 0x3
 1111 001b 0E       		.uleb128 0xe
 1112 001c 00       		.byte	0
 1113 001d 00       		.byte	0
 1114 001e 03       		.uleb128 0x3
 1115 001f 16       		.uleb128 0x16
 1116 0020 00       		.byte	0
 1117 0021 03       		.uleb128 0x3
 1118 0022 0E       		.uleb128 0xe
 1119 0023 3A       		.uleb128 0x3a
 1120 0024 0B       		.uleb128 0xb
 1121 0025 3B       		.uleb128 0x3b
 1122 0026 0B       		.uleb128 0xb
 1123 0027 49       		.uleb128 0x49
 1124 0028 13       		.uleb128 0x13
 1125 0029 00       		.byte	0
 1126 002a 00       		.byte	0
 1127 002b 04       		.uleb128 0x4
 1128 002c 24       		.uleb128 0x24
 1129 002d 00       		.byte	0
 1130 002e 0B       		.uleb128 0xb
 1131 002f 0B       		.uleb128 0xb
 1132 0030 3E       		.uleb128 0x3e
 1133 0031 0B       		.uleb128 0xb
 1134 0032 03       		.uleb128 0x3
 1135 0033 08       		.uleb128 0x8
 1136 0034 00       		.byte	0
 1137 0035 00       		.byte	0
 1138 0036 05       		.uleb128 0x5
 1139 0037 13       		.uleb128 0x13
 1140 0038 01       		.byte	0x1
 1141 0039 0B       		.uleb128 0xb
 1142 003a 0B       		.uleb128 0xb
 1143 003b 3A       		.uleb128 0x3a
 1144 003c 0B       		.uleb128 0xb
 1145 003d 3B       		.uleb128 0x3b
 1146 003e 0B       		.uleb128 0xb
 1147 003f 01       		.uleb128 0x1
 1148 0040 13       		.uleb128 0x13
 1149 0041 00       		.byte	0
 1150 0042 00       		.byte	0
 1151 0043 06       		.uleb128 0x6
 1152 0044 0D       		.uleb128 0xd
 1153 0045 00       		.byte	0
ARM GAS  C:\Users\SAIKAR~1\AppData\Local\Temp\cc39Bwqe.s 			page 23


 1154 0046 03       		.uleb128 0x3
 1155 0047 0E       		.uleb128 0xe
 1156 0048 3A       		.uleb128 0x3a
 1157 0049 0B       		.uleb128 0xb
 1158 004a 3B       		.uleb128 0x3b
 1159 004b 0B       		.uleb128 0xb
 1160 004c 49       		.uleb128 0x49
 1161 004d 13       		.uleb128 0x13
 1162 004e 38       		.uleb128 0x38
 1163 004f 0B       		.uleb128 0xb
 1164 0050 00       		.byte	0
 1165 0051 00       		.byte	0
 1166 0052 07       		.uleb128 0x7
 1167 0053 0F       		.uleb128 0xf
 1168 0054 00       		.byte	0
 1169 0055 0B       		.uleb128 0xb
 1170 0056 0B       		.uleb128 0xb
 1171 0057 49       		.uleb128 0x49
 1172 0058 13       		.uleb128 0x13
 1173 0059 00       		.byte	0
 1174 005a 00       		.byte	0
 1175 005b 08       		.uleb128 0x8
 1176 005c 26       		.uleb128 0x26
 1177 005d 00       		.byte	0
 1178 005e 49       		.uleb128 0x49
 1179 005f 13       		.uleb128 0x13
 1180 0060 00       		.byte	0
 1181 0061 00       		.byte	0
 1182 0062 09       		.uleb128 0x9
 1183 0063 01       		.uleb128 0x1
 1184 0064 01       		.byte	0x1
 1185 0065 49       		.uleb128 0x49
 1186 0066 13       		.uleb128 0x13
 1187 0067 01       		.uleb128 0x1
 1188 0068 13       		.uleb128 0x13
 1189 0069 00       		.byte	0
 1190 006a 00       		.byte	0
 1191 006b 0A       		.uleb128 0xa
 1192 006c 21       		.uleb128 0x21
 1193 006d 00       		.byte	0
 1194 006e 49       		.uleb128 0x49
 1195 006f 13       		.uleb128 0x13
 1196 0070 2F       		.uleb128 0x2f
 1197 0071 0B       		.uleb128 0xb
 1198 0072 00       		.byte	0
 1199 0073 00       		.byte	0
 1200 0074 0B       		.uleb128 0xb
 1201 0075 2E       		.uleb128 0x2e
 1202 0076 01       		.byte	0x1
 1203 0077 3F       		.uleb128 0x3f
 1204 0078 19       		.uleb128 0x19
 1205 0079 03       		.uleb128 0x3
 1206 007a 0E       		.uleb128 0xe
 1207 007b 3A       		.uleb128 0x3a
 1208 007c 0B       		.uleb128 0xb
 1209 007d 3B       		.uleb128 0x3b
 1210 007e 0B       		.uleb128 0xb
ARM GAS  C:\Users\SAIKAR~1\AppData\Local\Temp\cc39Bwqe.s 			page 24


 1211 007f 27       		.uleb128 0x27
 1212 0080 19       		.uleb128 0x19
 1213 0081 49       		.uleb128 0x49
 1214 0082 13       		.uleb128 0x13
 1215 0083 11       		.uleb128 0x11
 1216 0084 01       		.uleb128 0x1
 1217 0085 12       		.uleb128 0x12
 1218 0086 06       		.uleb128 0x6
 1219 0087 40       		.uleb128 0x40
 1220 0088 18       		.uleb128 0x18
 1221 0089 9642     		.uleb128 0x2116
 1222 008b 19       		.uleb128 0x19
 1223 008c 01       		.uleb128 0x1
 1224 008d 13       		.uleb128 0x13
 1225 008e 00       		.byte	0
 1226 008f 00       		.byte	0
 1227 0090 0C       		.uleb128 0xc
 1228 0091 05       		.uleb128 0x5
 1229 0092 00       		.byte	0
 1230 0093 03       		.uleb128 0x3
 1231 0094 0E       		.uleb128 0xe
 1232 0095 3A       		.uleb128 0x3a
 1233 0096 0B       		.uleb128 0xb
 1234 0097 3B       		.uleb128 0x3b
 1235 0098 0B       		.uleb128 0xb
 1236 0099 49       		.uleb128 0x49
 1237 009a 13       		.uleb128 0x13
 1238 009b 02       		.uleb128 0x2
 1239 009c 17       		.uleb128 0x17
 1240 009d 00       		.byte	0
 1241 009e 00       		.byte	0
 1242 009f 0D       		.uleb128 0xd
 1243 00a0 34       		.uleb128 0x34
 1244 00a1 00       		.byte	0
 1245 00a2 03       		.uleb128 0x3
 1246 00a3 08       		.uleb128 0x8
 1247 00a4 3A       		.uleb128 0x3a
 1248 00a5 0B       		.uleb128 0xb
 1249 00a6 3B       		.uleb128 0x3b
 1250 00a7 0B       		.uleb128 0xb
 1251 00a8 49       		.uleb128 0x49
 1252 00a9 13       		.uleb128 0x13
 1253 00aa 02       		.uleb128 0x2
 1254 00ab 17       		.uleb128 0x17
 1255 00ac 00       		.byte	0
 1256 00ad 00       		.byte	0
 1257 00ae 0E       		.uleb128 0xe
 1258 00af 34       		.uleb128 0x34
 1259 00b0 00       		.byte	0
 1260 00b1 03       		.uleb128 0x3
 1261 00b2 0E       		.uleb128 0xe
 1262 00b3 3A       		.uleb128 0x3a
 1263 00b4 0B       		.uleb128 0xb
 1264 00b5 3B       		.uleb128 0x3b
 1265 00b6 0B       		.uleb128 0xb
 1266 00b7 49       		.uleb128 0x49
 1267 00b8 13       		.uleb128 0x13
ARM GAS  C:\Users\SAIKAR~1\AppData\Local\Temp\cc39Bwqe.s 			page 25


 1268 00b9 02       		.uleb128 0x2
 1269 00ba 17       		.uleb128 0x17
 1270 00bb 00       		.byte	0
 1271 00bc 00       		.byte	0
 1272 00bd 0F       		.uleb128 0xf
 1273 00be 34       		.uleb128 0x34
 1274 00bf 00       		.byte	0
 1275 00c0 03       		.uleb128 0x3
 1276 00c1 0E       		.uleb128 0xe
 1277 00c2 3A       		.uleb128 0x3a
 1278 00c3 0B       		.uleb128 0xb
 1279 00c4 3B       		.uleb128 0x3b
 1280 00c5 0B       		.uleb128 0xb
 1281 00c6 49       		.uleb128 0x49
 1282 00c7 13       		.uleb128 0x13
 1283 00c8 02       		.uleb128 0x2
 1284 00c9 18       		.uleb128 0x18
 1285 00ca 00       		.byte	0
 1286 00cb 00       		.byte	0
 1287 00cc 10       		.uleb128 0x10
 1288 00cd 898201   		.uleb128 0x4109
 1289 00d0 01       		.byte	0x1
 1290 00d1 11       		.uleb128 0x11
 1291 00d2 01       		.uleb128 0x1
 1292 00d3 31       		.uleb128 0x31
 1293 00d4 13       		.uleb128 0x13
 1294 00d5 01       		.uleb128 0x1
 1295 00d6 13       		.uleb128 0x13
 1296 00d7 00       		.byte	0
 1297 00d8 00       		.byte	0
 1298 00d9 11       		.uleb128 0x11
 1299 00da 8A8201   		.uleb128 0x410a
 1300 00dd 00       		.byte	0
 1301 00de 02       		.uleb128 0x2
 1302 00df 18       		.uleb128 0x18
 1303 00e0 9142     		.uleb128 0x2111
 1304 00e2 18       		.uleb128 0x18
 1305 00e3 00       		.byte	0
 1306 00e4 00       		.byte	0
 1307 00e5 12       		.uleb128 0x12
 1308 00e6 898201   		.uleb128 0x4109
 1309 00e9 01       		.byte	0x1
 1310 00ea 11       		.uleb128 0x11
 1311 00eb 01       		.uleb128 0x1
 1312 00ec 31       		.uleb128 0x31
 1313 00ed 13       		.uleb128 0x13
 1314 00ee 00       		.byte	0
 1315 00ef 00       		.byte	0
 1316 00f0 13       		.uleb128 0x13
 1317 00f1 2E       		.uleb128 0x2e
 1318 00f2 01       		.byte	0x1
 1319 00f3 3F       		.uleb128 0x3f
 1320 00f4 19       		.uleb128 0x19
 1321 00f5 03       		.uleb128 0x3
 1322 00f6 0E       		.uleb128 0xe
 1323 00f7 3A       		.uleb128 0x3a
 1324 00f8 0B       		.uleb128 0xb
ARM GAS  C:\Users\SAIKAR~1\AppData\Local\Temp\cc39Bwqe.s 			page 26


 1325 00f9 3B       		.uleb128 0x3b
 1326 00fa 0B       		.uleb128 0xb
 1327 00fb 27       		.uleb128 0x27
 1328 00fc 19       		.uleb128 0x19
 1329 00fd 49       		.uleb128 0x49
 1330 00fe 13       		.uleb128 0x13
 1331 00ff 11       		.uleb128 0x11
 1332 0100 01       		.uleb128 0x1
 1333 0101 12       		.uleb128 0x12
 1334 0102 06       		.uleb128 0x6
 1335 0103 40       		.uleb128 0x40
 1336 0104 18       		.uleb128 0x18
 1337 0105 9742     		.uleb128 0x2117
 1338 0107 19       		.uleb128 0x19
 1339 0108 01       		.uleb128 0x1
 1340 0109 13       		.uleb128 0x13
 1341 010a 00       		.byte	0
 1342 010b 00       		.byte	0
 1343 010c 14       		.uleb128 0x14
 1344 010d 2E       		.uleb128 0x2e
 1345 010e 00       		.byte	0
 1346 010f 3F       		.uleb128 0x3f
 1347 0110 19       		.uleb128 0x19
 1348 0111 3C       		.uleb128 0x3c
 1349 0112 19       		.uleb128 0x19
 1350 0113 6E       		.uleb128 0x6e
 1351 0114 0E       		.uleb128 0xe
 1352 0115 03       		.uleb128 0x3
 1353 0116 0E       		.uleb128 0xe
 1354 0117 3A       		.uleb128 0x3a
 1355 0118 0B       		.uleb128 0xb
 1356 0119 3B       		.uleb128 0x3b
 1357 011a 0B       		.uleb128 0xb
 1358 011b 00       		.byte	0
 1359 011c 00       		.byte	0
 1360 011d 15       		.uleb128 0x15
 1361 011e 2E       		.uleb128 0x2e
 1362 011f 00       		.byte	0
 1363 0120 3F       		.uleb128 0x3f
 1364 0121 19       		.uleb128 0x19
 1365 0122 3C       		.uleb128 0x3c
 1366 0123 19       		.uleb128 0x19
 1367 0124 6E       		.uleb128 0x6e
 1368 0125 0E       		.uleb128 0xe
 1369 0126 03       		.uleb128 0x3
 1370 0127 0E       		.uleb128 0xe
 1371 0128 00       		.byte	0
 1372 0129 00       		.byte	0
 1373 012a 00       		.byte	0
 1374              		.section	.debug_loc,"",%progbits
 1375              	.Ldebug_loc0:
 1376              	.LLST0:
 1377 0000 00000000 		.4byte	.LVL0
 1378 0004 13000000 		.4byte	.LVL1-1
 1379 0008 0100     		.2byte	0x1
 1380 000a 50       		.byte	0x50
 1381 000b 13000000 		.4byte	.LVL1-1
ARM GAS  C:\Users\SAIKAR~1\AppData\Local\Temp\cc39Bwqe.s 			page 27


 1382 000f 7A000000 		.4byte	.LVL17
 1383 0013 0100     		.2byte	0x1
 1384 0015 54       		.byte	0x54
 1385 0016 7A000000 		.4byte	.LVL17
 1386 001a 7C000000 		.4byte	.LVL18
 1387 001e 0100     		.2byte	0x1
 1388 0020 50       		.byte	0x50
 1389 0021 7C000000 		.4byte	.LVL18
 1390 0025 7E000000 		.4byte	.LVL19
 1391 0029 0100     		.2byte	0x1
 1392 002b 54       		.byte	0x54
 1393 002c 7E000000 		.4byte	.LVL19
 1394 0030 80000000 		.4byte	.LVL20
 1395 0034 0100     		.2byte	0x1
 1396 0036 50       		.byte	0x50
 1397 0037 80000000 		.4byte	.LVL20
 1398 003b 86000000 		.4byte	.LVL23
 1399 003f 0100     		.2byte	0x1
 1400 0041 54       		.byte	0x54
 1401 0042 86000000 		.4byte	.LVL23
 1402 0046 8C000000 		.4byte	.LFE0
 1403 004a 0400     		.2byte	0x4
 1404 004c F3       		.byte	0xf3
 1405 004d 01       		.uleb128 0x1
 1406 004e 50       		.byte	0x50
 1407 004f 9F       		.byte	0x9f
 1408 0050 00000000 		.4byte	0
 1409 0054 00000000 		.4byte	0
 1410              	.LLST1:
 1411 0058 16000000 		.4byte	.LVL2
 1412 005c 22000000 		.4byte	.LVL4
 1413 0060 0100     		.2byte	0x1
 1414 0062 50       		.byte	0x50
 1415 0063 22000000 		.4byte	.LVL4
 1416 0067 7A000000 		.4byte	.LVL17
 1417 006b 0100     		.2byte	0x1
 1418 006d 56       		.byte	0x56
 1419 006e 82000000 		.4byte	.LVL21
 1420 0072 84000000 		.4byte	.LVL22
 1421 0076 0100     		.2byte	0x1
 1422 0078 50       		.byte	0x50
 1423 0079 00000000 		.4byte	0
 1424 007d 00000000 		.4byte	0
 1425              	.LLST2:
 1426 0081 1C000000 		.4byte	.LVL3
 1427 0085 7A000000 		.4byte	.LVL17
 1428 0089 0100     		.2byte	0x1
 1429 008b 55       		.byte	0x55
 1430 008c 00000000 		.4byte	0
 1431 0090 00000000 		.4byte	0
 1432              	.LLST3:
 1433 0094 3C000000 		.4byte	.LVL8
 1434 0098 42000000 		.4byte	.LVL9
 1435 009c 0100     		.2byte	0x1
 1436 009e 50       		.byte	0x50
 1437 009f 42000000 		.4byte	.LVL9
 1438 00a3 7A000000 		.4byte	.LVL17
ARM GAS  C:\Users\SAIKAR~1\AppData\Local\Temp\cc39Bwqe.s 			page 28


 1439 00a7 0100     		.2byte	0x1
 1440 00a9 57       		.byte	0x57
 1441 00aa 00000000 		.4byte	0
 1442 00ae 00000000 		.4byte	0
 1443              	.LLST4:
 1444 00b2 66000000 		.4byte	.LVL13
 1445 00b6 6C000000 		.4byte	.LVL14
 1446 00ba 0100     		.2byte	0x1
 1447 00bc 50       		.byte	0x50
 1448 00bd 00000000 		.4byte	0
 1449 00c1 00000000 		.4byte	0
 1450              	.LLST5:
 1451 00c5 72000000 		.4byte	.LVL15
 1452 00c9 78000000 		.4byte	.LVL16
 1453 00cd 0100     		.2byte	0x1
 1454 00cf 50       		.byte	0x50
 1455 00d0 00000000 		.4byte	0
 1456 00d4 00000000 		.4byte	0
 1457              	.LLST6:
 1458 00d8 00000000 		.4byte	.LVL24
 1459 00dc 16000000 		.4byte	.LVL26
 1460 00e0 0100     		.2byte	0x1
 1461 00e2 50       		.byte	0x50
 1462 00e3 16000000 		.4byte	.LVL26
 1463 00e7 19000000 		.4byte	.LVL27-1
 1464 00eb 0100     		.2byte	0x1
 1465 00ed 51       		.byte	0x51
 1466 00ee 19000000 		.4byte	.LVL27-1
 1467 00f2 F6000000 		.4byte	.LVL47
 1468 00f6 0400     		.2byte	0x4
 1469 00f8 F3       		.byte	0xf3
 1470 00f9 01       		.uleb128 0x1
 1471 00fa 50       		.byte	0x50
 1472 00fb 9F       		.byte	0x9f
 1473 00fc F6000000 		.4byte	.LVL47
 1474 0100 FE000000 		.4byte	.LVL48
 1475 0104 0100     		.2byte	0x1
 1476 0106 50       		.byte	0x50
 1477 0107 FE000000 		.4byte	.LVL48
 1478 010b 14010000 		.4byte	.LFE1
 1479 010f 0400     		.2byte	0x4
 1480 0111 F3       		.byte	0xf3
 1481 0112 01       		.uleb128 0x1
 1482 0113 50       		.byte	0x50
 1483 0114 9F       		.byte	0x9f
 1484 0115 00000000 		.4byte	0
 1485 0119 00000000 		.4byte	0
 1486              	.LLST7:
 1487 011d 00000000 		.4byte	.LVL24
 1488 0121 14000000 		.4byte	.LVL25
 1489 0125 0100     		.2byte	0x1
 1490 0127 51       		.byte	0x51
 1491 0128 14000000 		.4byte	.LVL25
 1492 012c F6000000 		.4byte	.LVL47
 1493 0130 0100     		.2byte	0x1
 1494 0132 57       		.byte	0x57
 1495 0133 F6000000 		.4byte	.LVL47
ARM GAS  C:\Users\SAIKAR~1\AppData\Local\Temp\cc39Bwqe.s 			page 29


 1496 0137 FE000000 		.4byte	.LVL48
 1497 013b 0100     		.2byte	0x1
 1498 013d 51       		.byte	0x51
 1499 013e FE000000 		.4byte	.LVL48
 1500 0142 08010000 		.4byte	.LVL50
 1501 0146 0100     		.2byte	0x1
 1502 0148 57       		.byte	0x57
 1503 0149 08010000 		.4byte	.LVL50
 1504 014d 14010000 		.4byte	.LFE1
 1505 0151 0400     		.2byte	0x4
 1506 0153 F3       		.byte	0xf3
 1507 0154 01       		.uleb128 0x1
 1508 0155 51       		.byte	0x51
 1509 0156 9F       		.byte	0x9f
 1510 0157 00000000 		.4byte	0
 1511 015b 00000000 		.4byte	0
 1512              	.LLST8:
 1513 015f 2A000000 		.4byte	.LVL28
 1514 0163 33000000 		.4byte	.LVL29-1
 1515 0167 0100     		.2byte	0x1
 1516 0169 50       		.byte	0x50
 1517 016a FE000000 		.4byte	.LVL48
 1518 016e 02010000 		.4byte	.LVL49
 1519 0172 0100     		.2byte	0x1
 1520 0174 50       		.byte	0x50
 1521 0175 00000000 		.4byte	0
 1522 0179 00000000 		.4byte	0
 1523              	.LLST9:
 1524 017d 46000000 		.4byte	.LVL31
 1525 0181 4C000000 		.4byte	.LVL32
 1526 0185 0100     		.2byte	0x1
 1527 0187 50       		.byte	0x50
 1528 0188 4C000000 		.4byte	.LVL32
 1529 018c F6000000 		.4byte	.LVL47
 1530 0190 0100     		.2byte	0x1
 1531 0192 54       		.byte	0x54
 1532 0193 00000000 		.4byte	0
 1533 0197 00000000 		.4byte	0
 1534              	.LLST10:
 1535 019b 52000000 		.4byte	.LVL34
 1536 019f 58000000 		.4byte	.LVL35
 1537 01a3 0100     		.2byte	0x1
 1538 01a5 50       		.byte	0x50
 1539 01a6 58000000 		.4byte	.LVL35
 1540 01aa F6000000 		.4byte	.LVL47
 1541 01ae 0300     		.2byte	0x3
 1542 01b0 91       		.byte	0x91
 1543 01b1 F87E     		.sleb128 -136
 1544 01b3 00000000 		.4byte	0
 1545 01b7 00000000 		.4byte	0
 1546              	.LLST11:
 1547 01bb 5E000000 		.4byte	.LVL37
 1548 01bf 64000000 		.4byte	.LVL38
 1549 01c3 0100     		.2byte	0x1
 1550 01c5 50       		.byte	0x50
 1551 01c6 64000000 		.4byte	.LVL38
 1552 01ca F6000000 		.4byte	.LVL47
ARM GAS  C:\Users\SAIKAR~1\AppData\Local\Temp\cc39Bwqe.s 			page 30


 1553 01ce 0300     		.2byte	0x3
 1554 01d0 91       		.byte	0x91
 1555 01d1 F47E     		.sleb128 -140
 1556 01d3 00000000 		.4byte	0
 1557 01d7 00000000 		.4byte	0
 1558              	.LLST12:
 1559 01db 6A000000 		.4byte	.LVL40
 1560 01df 70000000 		.4byte	.LVL41
 1561 01e3 0100     		.2byte	0x1
 1562 01e5 50       		.byte	0x50
 1563 01e6 70000000 		.4byte	.LVL41
 1564 01ea F6000000 		.4byte	.LVL47
 1565 01ee 0300     		.2byte	0x3
 1566 01f0 91       		.byte	0x91
 1567 01f1 FC7E     		.sleb128 -132
 1568 01f3 00000000 		.4byte	0
 1569 01f7 00000000 		.4byte	0
 1570              	.LLST13:
 1571 01fb 7E000000 		.4byte	.LVL43
 1572 01ff AA000000 		.4byte	.LVL44
 1573 0203 0100     		.2byte	0x1
 1574 0205 50       		.byte	0x50
 1575 0206 00000000 		.4byte	0
 1576 020a 00000000 		.4byte	0
 1577              		.section	.debug_aranges,"",%progbits
 1578 0000 24000000 		.4byte	0x24
 1579 0004 0200     		.2byte	0x2
 1580 0006 00000000 		.4byte	.Ldebug_info0
 1581 000a 04       		.byte	0x4
 1582 000b 00       		.byte	0
 1583 000c 0000     		.2byte	0
 1584 000e 0000     		.2byte	0
 1585 0010 00000000 		.4byte	.LFB0
 1586 0014 8C000000 		.4byte	.LFE0-.LFB0
 1587 0018 00000000 		.4byte	.LFB1
 1588 001c 14010000 		.4byte	.LFE1-.LFB1
 1589 0020 00000000 		.4byte	0
 1590 0024 00000000 		.4byte	0
 1591              		.section	.debug_ranges,"",%progbits
 1592              	.Ldebug_ranges0:
 1593 0000 00000000 		.4byte	.LFB0
 1594 0004 8C000000 		.4byte	.LFE0
 1595 0008 00000000 		.4byte	.LFB1
 1596 000c 14010000 		.4byte	.LFE1
 1597 0010 00000000 		.4byte	0
 1598 0014 00000000 		.4byte	0
 1599              		.section	.debug_line,"",%progbits
 1600              	.Ldebug_line0:
 1601 0000 19020000 		.section	.debug_str,"MS",%progbits,1
 1601      02007601 
 1601      00000201 
 1601      FB0E0D00 
 1601      01010101 
 1602              	.LASF33:
 1603 0000 6E735F73 		.ascii	"ns_str\000"
 1603      747200
 1604              	.LASF26:
ARM GAS  C:\Users\SAIKAR~1\AppData\Local\Temp\cc39Bwqe.s 			page 31


 1605 0007 636F6F72 		.ascii	"coord\000"
 1605      6400
 1606              	.LASF40:
 1607 000d 73747274 		.ascii	"strtok_r\000"
 1607      6F6B5F72 
 1607      00
 1608              	.LASF37:
 1609 0016 73747263 		.ascii	"strchr\000"
 1609      687200
 1610              	.LASF29:
 1611 001d 62756666 		.ascii	"buffer\000"
 1611      657200
 1612              	.LASF9:
 1613 0024 5F5F696E 		.ascii	"__int32_t\000"
 1613      7433325F 
 1613      7400
 1614              	.LASF19:
 1615 002e 6465675F 		.ascii	"deg_str\000"
 1615      73747200 
 1616              	.LASF35:
 1617 0036 65775F73 		.ascii	"ew_str\000"
 1617      747200
 1618              	.LASF18:
 1619 003d 6D696E5F 		.ascii	"min_start\000"
 1619      73746172 
 1619      7400
 1620              	.LASF36:
 1621 0047 73746174 		.ascii	"status\000"
 1621      757300
 1622              	.LASF28:
 1623 004e 6770735F 		.ascii	"gps_data\000"
 1623      64617461 
 1623      00
 1624              	.LASF10:
 1625 0057 696E7433 		.ascii	"int32_t\000"
 1625      325F7400 
 1626              	.LASF42:
 1627 005f 474E5520 		.ascii	"GNU C11 5.4.1 20160609 (release) [ARM/embedded-5-br"
 1627      43313120 
 1627      352E342E 
 1627      31203230 
 1627      31363036 
 1628 0092 616E6368 		.ascii	"anch revision 237715] -mcpu=cortex-m0 -mthumb -g -O"
 1628      20726576 
 1628      6973696F 
 1628      6E203233 
 1628      37373135 
 1629 00c5 67202D66 		.ascii	"g -ffunction-sections -ffat-lto-objects\000"
 1629      66756E63 
 1629      74696F6E 
 1629      2D736563 
 1629      74696F6E 
 1630              	.LASF27:
 1631 00ed 6770735F 		.ascii	"gps_string\000"
 1631      73747269 
 1631      6E6700
 1632              	.LASF1:
ARM GAS  C:\Users\SAIKAR~1\AppData\Local\Temp\cc39Bwqe.s 			page 32


 1633 00f8 756E7369 		.ascii	"unsigned char\000"
 1633      676E6564 
 1633      20636861 
 1633      7200
 1634              	.LASF22:
 1635 0106 64656369 		.ascii	"decimal_mins_scaled\000"
 1635      6D616C5F 
 1635      6D696E73 
 1635      5F736361 
 1635      6C656400 
 1636              	.LASF5:
 1637 011a 6C6F6E67 		.ascii	"long unsigned int\000"
 1637      20756E73 
 1637      69676E65 
 1637      6420696E 
 1637      7400
 1638              	.LASF3:
 1639 012c 73686F72 		.ascii	"short unsigned int\000"
 1639      7420756E 
 1639      7369676E 
 1639      65642069 
 1639      6E7400
 1640              	.LASF44:
 1641 013f 453A5C41 		.ascii	"E:\\Acads\\UWM\\Summer 25\\PathController\\PathCont"
 1641      63616473 
 1641      5C55574D 
 1641      5C53756D 
 1641      6D657220 
 1642 016d 726F6C6C 		.ascii	"roller.cydsn\000"
 1642      65722E63 
 1642      7964736E 
 1642      00
 1643              	.LASF38:
 1644 017a 7374726E 		.ascii	"strncpy\000"
 1644      63707900 
 1645              	.LASF45:
 1646 0182 6D656D73 		.ascii	"memset\000"
 1646      657400
 1647              	.LASF20:
 1648 0189 64656772 		.ascii	"degrees\000"
 1648      65657300 
 1649              	.LASF2:
 1650 0191 73686F72 		.ascii	"short int\000"
 1650      7420696E 
 1650      7400
 1651              	.LASF8:
 1652 019b 756E7369 		.ascii	"unsigned int\000"
 1652      676E6564 
 1652      20696E74 
 1652      00
 1653              	.LASF23:
 1654 01a8 6D696E75 		.ascii	"minutes_as_dege6\000"
 1654      7465735F 
 1654      61735F64 
 1654      65676536 
 1654      00
 1655              	.LASF7:
ARM GAS  C:\Users\SAIKAR~1\AppData\Local\Temp\cc39Bwqe.s 			page 33


 1656 01b9 6C6F6E67 		.ascii	"long long unsigned int\000"
 1656      206C6F6E 
 1656      6720756E 
 1656      7369676E 
 1656      65642069 
 1657              	.LASF31:
 1658 01d0 746F6B65 		.ascii	"token\000"
 1658      6E00
 1659              	.LASF12:
 1660 01d6 6C6F6E5F 		.ascii	"lon_dege6\000"
 1660      64656765 
 1660      3600
 1661              	.LASF34:
 1662 01e0 6C6F6E5F 		.ascii	"lon_str\000"
 1662      73747200 
 1663              	.LASF41:
 1664 01e8 73747263 		.ascii	"strcmp\000"
 1664      6D7000
 1665              	.LASF16:
 1666 01ef 73697A65 		.ascii	"sizetype\000"
 1666      74797065 
 1666      00
 1667              	.LASF25:
 1668 01f8 70617273 		.ascii	"parse_gps\000"
 1668      655F6770 
 1668      7300
 1669              	.LASF6:
 1670 0202 6C6F6E67 		.ascii	"long long int\000"
 1670      206C6F6E 
 1670      6720696E 
 1670      7400
 1671              	.LASF17:
 1672 0210 63686172 		.ascii	"char\000"
 1672      00
 1673              	.LASF30:
 1674 0215 73617665 		.ascii	"saveptr\000"
 1674      70747200 
 1675              	.LASF11:
 1676 021d 6C61745F 		.ascii	"lat_dege6\000"
 1676      64656765 
 1676      3600
 1677              	.LASF32:
 1678 0227 6C61745F 		.ascii	"lat_str\000"
 1678      73747200 
 1679              	.LASF14:
 1680 022f 47707344 		.ascii	"GpsData_t\000"
 1680      6174615F 
 1680      7400
 1681              	.LASF43:
 1682 0239 73616E69 		.ascii	"sanitize.c\000"
 1682      74697A65 
 1682      2E6300
 1683              	.LASF13:
 1684 0244 69735F76 		.ascii	"is_valid\000"
 1684      616C6964 
 1684      00
 1685              	.LASF4:
ARM GAS  C:\Users\SAIKAR~1\AppData\Local\Temp\cc39Bwqe.s 			page 34


 1686 024d 6C6F6E67 		.ascii	"long int\000"
 1686      20696E74 
 1686      00
 1687              	.LASF21:
 1688 0256 6D696E5F 		.ascii	"min_str\000"
 1688      73747200 
 1689              	.LASF15:
 1690 025e 6C6F6E67 		.ascii	"long double\000"
 1690      20646F75 
 1690      626C6500 
 1691              	.LASF0:
 1692 026a 7369676E 		.ascii	"signed char\000"
 1692      65642063 
 1692      68617200 
 1693              	.LASF39:
 1694 0276 73747274 		.ascii	"strtol\000"
 1694      6F6C00
 1695              	.LASF24:
 1696 027d 636F6E76 		.ascii	"convert_coord_dege6\000"
 1696      6572745F 
 1696      636F6F72 
 1696      645F6465 
 1696      67653600 
 1697              		.ident	"GCC: (GNU Tools for ARM Embedded Processors) 5.4.1 20160609 (release) [ARM/embedded-5-bran
