ARM GAS  C:\Users\SAIKAR~1\AppData\Local\Temp\cczN5CgR.s 			page 1


   1              		.syntax unified
   2              		.cpu cortex-m0
   3              		.fpu softvfp
   4              		.eabi_attribute 20, 1
   5              		.eabi_attribute 21, 1
   6              		.eabi_attribute 23, 3
   7              		.eabi_attribute 24, 1
   8              		.eabi_attribute 25, 1
   9              		.eabi_attribute 26, 1
  10              		.eabi_attribute 30, 1
  11              		.eabi_attribute 34, 0
  12              		.eabi_attribute 18, 4
  13              		.thumb
  14              		.syntax unified
  15              		.file	"UART_GPS.c"
  16              		.text
  17              	.Ltext0:
  18              		.cfi_sections	.debug_frame
  19              		.section	.text.UART_GPS_ScbEnableIntr,"ax",%progbits
  20              		.align	2
  21              		.code	16
  22              		.thumb_func
  23              		.type	UART_GPS_ScbEnableIntr, %function
  24              	UART_GPS_ScbEnableIntr:
  25              	.LFB8:
  26              		.file 1 "Generated_Source\\PSoC4\\UART_GPS.c"
   1:Generated_Source\PSoC4/UART_GPS.c **** /***************************************************************************//**
   2:Generated_Source\PSoC4/UART_GPS.c **** * \file UART_GPS.c
   3:Generated_Source\PSoC4/UART_GPS.c **** * \version 4.0
   4:Generated_Source\PSoC4/UART_GPS.c **** *
   5:Generated_Source\PSoC4/UART_GPS.c **** * \brief
   6:Generated_Source\PSoC4/UART_GPS.c **** *  This file provides the source code to the API for the SCB Component.
   7:Generated_Source\PSoC4/UART_GPS.c **** *
   8:Generated_Source\PSoC4/UART_GPS.c **** * Note:
   9:Generated_Source\PSoC4/UART_GPS.c **** *
  10:Generated_Source\PSoC4/UART_GPS.c **** *******************************************************************************
  11:Generated_Source\PSoC4/UART_GPS.c **** * \copyright
  12:Generated_Source\PSoC4/UART_GPS.c **** * Copyright 2013-2017, Cypress Semiconductor Corporation.  All rights reserved.
  13:Generated_Source\PSoC4/UART_GPS.c **** * You may use this file only in accordance with the license, terms, conditions,
  14:Generated_Source\PSoC4/UART_GPS.c **** * disclaimers, and limitations in the end user license agreement accompanying
  15:Generated_Source\PSoC4/UART_GPS.c **** * the software package with which this file was provided.
  16:Generated_Source\PSoC4/UART_GPS.c **** *******************************************************************************/
  17:Generated_Source\PSoC4/UART_GPS.c **** 
  18:Generated_Source\PSoC4/UART_GPS.c **** #include "UART_GPS_PVT.h"
  19:Generated_Source\PSoC4/UART_GPS.c **** 
  20:Generated_Source\PSoC4/UART_GPS.c **** #if (UART_GPS_SCB_MODE_I2C_INC)
  21:Generated_Source\PSoC4/UART_GPS.c ****     #include "UART_GPS_I2C_PVT.h"
  22:Generated_Source\PSoC4/UART_GPS.c **** #endif /* (UART_GPS_SCB_MODE_I2C_INC) */
  23:Generated_Source\PSoC4/UART_GPS.c **** 
  24:Generated_Source\PSoC4/UART_GPS.c **** #if (UART_GPS_SCB_MODE_EZI2C_INC)
  25:Generated_Source\PSoC4/UART_GPS.c ****     #include "UART_GPS_EZI2C_PVT.h"
  26:Generated_Source\PSoC4/UART_GPS.c **** #endif /* (UART_GPS_SCB_MODE_EZI2C_INC) */
  27:Generated_Source\PSoC4/UART_GPS.c **** 
  28:Generated_Source\PSoC4/UART_GPS.c **** #if (UART_GPS_SCB_MODE_SPI_INC || UART_GPS_SCB_MODE_UART_INC)
  29:Generated_Source\PSoC4/UART_GPS.c ****     #include "UART_GPS_SPI_UART_PVT.h"
  30:Generated_Source\PSoC4/UART_GPS.c **** #endif /* (UART_GPS_SCB_MODE_SPI_INC || UART_GPS_SCB_MODE_UART_INC) */
  31:Generated_Source\PSoC4/UART_GPS.c **** 
ARM GAS  C:\Users\SAIKAR~1\AppData\Local\Temp\cczN5CgR.s 			page 2


  32:Generated_Source\PSoC4/UART_GPS.c **** 
  33:Generated_Source\PSoC4/UART_GPS.c **** /***************************************
  34:Generated_Source\PSoC4/UART_GPS.c **** *    Run Time Configuration Vars
  35:Generated_Source\PSoC4/UART_GPS.c **** ***************************************/
  36:Generated_Source\PSoC4/UART_GPS.c **** 
  37:Generated_Source\PSoC4/UART_GPS.c **** /* Stores internal component configuration for Unconfigured mode */
  38:Generated_Source\PSoC4/UART_GPS.c **** #if (UART_GPS_SCB_MODE_UNCONFIG_CONST_CFG)
  39:Generated_Source\PSoC4/UART_GPS.c ****     /* Common configuration variables */
  40:Generated_Source\PSoC4/UART_GPS.c ****     uint8 UART_GPS_scbMode = UART_GPS_SCB_MODE_UNCONFIG;
  41:Generated_Source\PSoC4/UART_GPS.c ****     uint8 UART_GPS_scbEnableWake;
  42:Generated_Source\PSoC4/UART_GPS.c ****     uint8 UART_GPS_scbEnableIntr;
  43:Generated_Source\PSoC4/UART_GPS.c **** 
  44:Generated_Source\PSoC4/UART_GPS.c ****     /* I2C configuration variables */
  45:Generated_Source\PSoC4/UART_GPS.c ****     uint8 UART_GPS_mode;
  46:Generated_Source\PSoC4/UART_GPS.c ****     uint8 UART_GPS_acceptAddr;
  47:Generated_Source\PSoC4/UART_GPS.c **** 
  48:Generated_Source\PSoC4/UART_GPS.c ****     /* SPI/UART configuration variables */
  49:Generated_Source\PSoC4/UART_GPS.c ****     volatile uint8 * UART_GPS_rxBuffer;
  50:Generated_Source\PSoC4/UART_GPS.c ****     uint8  UART_GPS_rxDataBits;
  51:Generated_Source\PSoC4/UART_GPS.c ****     uint32 UART_GPS_rxBufferSize;
  52:Generated_Source\PSoC4/UART_GPS.c **** 
  53:Generated_Source\PSoC4/UART_GPS.c ****     volatile uint8 * UART_GPS_txBuffer;
  54:Generated_Source\PSoC4/UART_GPS.c ****     uint8  UART_GPS_txDataBits;
  55:Generated_Source\PSoC4/UART_GPS.c ****     uint32 UART_GPS_txBufferSize;
  56:Generated_Source\PSoC4/UART_GPS.c **** 
  57:Generated_Source\PSoC4/UART_GPS.c ****     /* EZI2C configuration variables */
  58:Generated_Source\PSoC4/UART_GPS.c ****     uint8 UART_GPS_numberOfAddr;
  59:Generated_Source\PSoC4/UART_GPS.c ****     uint8 UART_GPS_subAddrSize;
  60:Generated_Source\PSoC4/UART_GPS.c **** #endif /* (UART_GPS_SCB_MODE_UNCONFIG_CONST_CFG) */
  61:Generated_Source\PSoC4/UART_GPS.c **** 
  62:Generated_Source\PSoC4/UART_GPS.c **** 
  63:Generated_Source\PSoC4/UART_GPS.c **** /***************************************
  64:Generated_Source\PSoC4/UART_GPS.c **** *     Common SCB Vars
  65:Generated_Source\PSoC4/UART_GPS.c **** ***************************************/
  66:Generated_Source\PSoC4/UART_GPS.c **** /**
  67:Generated_Source\PSoC4/UART_GPS.c **** * \addtogroup group_general
  68:Generated_Source\PSoC4/UART_GPS.c **** * \{
  69:Generated_Source\PSoC4/UART_GPS.c **** */
  70:Generated_Source\PSoC4/UART_GPS.c **** 
  71:Generated_Source\PSoC4/UART_GPS.c **** /** UART_GPS_initVar indicates whether the UART_GPS 
  72:Generated_Source\PSoC4/UART_GPS.c **** *  component has been initialized. The variable is initialized to 0 
  73:Generated_Source\PSoC4/UART_GPS.c **** *  and set to 1 the first time SCB_Start() is called. This allows 
  74:Generated_Source\PSoC4/UART_GPS.c **** *  the component to restart without reinitialization after the first 
  75:Generated_Source\PSoC4/UART_GPS.c **** *  call to the UART_GPS_Start() routine.
  76:Generated_Source\PSoC4/UART_GPS.c **** *
  77:Generated_Source\PSoC4/UART_GPS.c **** *  If re-initialization of the component is required, then the 
  78:Generated_Source\PSoC4/UART_GPS.c **** *  UART_GPS_Init() function can be called before the 
  79:Generated_Source\PSoC4/UART_GPS.c **** *  UART_GPS_Start() or UART_GPS_Enable() function.
  80:Generated_Source\PSoC4/UART_GPS.c **** */
  81:Generated_Source\PSoC4/UART_GPS.c **** uint8 UART_GPS_initVar = 0u;
  82:Generated_Source\PSoC4/UART_GPS.c **** 
  83:Generated_Source\PSoC4/UART_GPS.c **** 
  84:Generated_Source\PSoC4/UART_GPS.c **** #if (! (UART_GPS_SCB_MODE_I2C_CONST_CFG || \
  85:Generated_Source\PSoC4/UART_GPS.c ****         UART_GPS_SCB_MODE_EZI2C_CONST_CFG))
  86:Generated_Source\PSoC4/UART_GPS.c ****     /** This global variable stores TX interrupt sources after 
  87:Generated_Source\PSoC4/UART_GPS.c ****     * UART_GPS_Stop() is called. Only these TX interrupt sources 
  88:Generated_Source\PSoC4/UART_GPS.c ****     * will be restored on a subsequent UART_GPS_Enable() call.
ARM GAS  C:\Users\SAIKAR~1\AppData\Local\Temp\cczN5CgR.s 			page 3


  89:Generated_Source\PSoC4/UART_GPS.c ****     */
  90:Generated_Source\PSoC4/UART_GPS.c ****     uint16 UART_GPS_IntrTxMask = 0u;
  91:Generated_Source\PSoC4/UART_GPS.c **** #endif /* (! (UART_GPS_SCB_MODE_I2C_CONST_CFG || \
  92:Generated_Source\PSoC4/UART_GPS.c ****               UART_GPS_SCB_MODE_EZI2C_CONST_CFG)) */
  93:Generated_Source\PSoC4/UART_GPS.c **** /** \} globals */
  94:Generated_Source\PSoC4/UART_GPS.c **** 
  95:Generated_Source\PSoC4/UART_GPS.c **** #if (UART_GPS_SCB_IRQ_INTERNAL)
  96:Generated_Source\PSoC4/UART_GPS.c **** #if !defined (CY_REMOVE_UART_GPS_CUSTOM_INTR_HANDLER)
  97:Generated_Source\PSoC4/UART_GPS.c ****     void (*UART_GPS_customIntrHandler)(void) = NULL;
  98:Generated_Source\PSoC4/UART_GPS.c **** #endif /* !defined (CY_REMOVE_UART_GPS_CUSTOM_INTR_HANDLER) */
  99:Generated_Source\PSoC4/UART_GPS.c **** #endif /* (UART_GPS_SCB_IRQ_INTERNAL) */
 100:Generated_Source\PSoC4/UART_GPS.c **** 
 101:Generated_Source\PSoC4/UART_GPS.c **** 
 102:Generated_Source\PSoC4/UART_GPS.c **** /***************************************
 103:Generated_Source\PSoC4/UART_GPS.c **** *    Private Function Prototypes
 104:Generated_Source\PSoC4/UART_GPS.c **** ***************************************/
 105:Generated_Source\PSoC4/UART_GPS.c **** 
 106:Generated_Source\PSoC4/UART_GPS.c **** static void UART_GPS_ScbEnableIntr(void);
 107:Generated_Source\PSoC4/UART_GPS.c **** static void UART_GPS_ScbModeStop(void);
 108:Generated_Source\PSoC4/UART_GPS.c **** static void UART_GPS_ScbModePostEnable(void);
 109:Generated_Source\PSoC4/UART_GPS.c **** 
 110:Generated_Source\PSoC4/UART_GPS.c **** 
 111:Generated_Source\PSoC4/UART_GPS.c **** /*******************************************************************************
 112:Generated_Source\PSoC4/UART_GPS.c **** * Function Name: UART_GPS_Init
 113:Generated_Source\PSoC4/UART_GPS.c **** ****************************************************************************//**
 114:Generated_Source\PSoC4/UART_GPS.c **** *
 115:Generated_Source\PSoC4/UART_GPS.c **** *  Initializes the UART_GPS component to operate in one of the selected
 116:Generated_Source\PSoC4/UART_GPS.c **** *  configurations: I2C, SPI, UART or EZI2C.
 117:Generated_Source\PSoC4/UART_GPS.c **** *  When the configuration is set to "Unconfigured SCB", this function does
 118:Generated_Source\PSoC4/UART_GPS.c **** *  not do any initialization. Use mode-specific initialization APIs instead:
 119:Generated_Source\PSoC4/UART_GPS.c **** *  UART_GPS_I2CInit, UART_GPS_SpiInit, 
 120:Generated_Source\PSoC4/UART_GPS.c **** *  UART_GPS_UartInit or UART_GPS_EzI2CInit.
 121:Generated_Source\PSoC4/UART_GPS.c **** *
 122:Generated_Source\PSoC4/UART_GPS.c **** *******************************************************************************/
 123:Generated_Source\PSoC4/UART_GPS.c **** void UART_GPS_Init(void)
 124:Generated_Source\PSoC4/UART_GPS.c **** {
 125:Generated_Source\PSoC4/UART_GPS.c **** #if (UART_GPS_SCB_MODE_UNCONFIG_CONST_CFG)
 126:Generated_Source\PSoC4/UART_GPS.c ****     if (UART_GPS_SCB_MODE_UNCONFIG_RUNTM_CFG)
 127:Generated_Source\PSoC4/UART_GPS.c ****     {
 128:Generated_Source\PSoC4/UART_GPS.c ****         UART_GPS_initVar = 0u;
 129:Generated_Source\PSoC4/UART_GPS.c ****     }
 130:Generated_Source\PSoC4/UART_GPS.c ****     else
 131:Generated_Source\PSoC4/UART_GPS.c ****     {
 132:Generated_Source\PSoC4/UART_GPS.c ****         /* Initialization was done before this function call */
 133:Generated_Source\PSoC4/UART_GPS.c ****     }
 134:Generated_Source\PSoC4/UART_GPS.c **** 
 135:Generated_Source\PSoC4/UART_GPS.c **** #elif (UART_GPS_SCB_MODE_I2C_CONST_CFG)
 136:Generated_Source\PSoC4/UART_GPS.c ****     UART_GPS_I2CInit();
 137:Generated_Source\PSoC4/UART_GPS.c **** 
 138:Generated_Source\PSoC4/UART_GPS.c **** #elif (UART_GPS_SCB_MODE_SPI_CONST_CFG)
 139:Generated_Source\PSoC4/UART_GPS.c ****     UART_GPS_SpiInit();
 140:Generated_Source\PSoC4/UART_GPS.c **** 
 141:Generated_Source\PSoC4/UART_GPS.c **** #elif (UART_GPS_SCB_MODE_UART_CONST_CFG)
 142:Generated_Source\PSoC4/UART_GPS.c ****     UART_GPS_UartInit();
 143:Generated_Source\PSoC4/UART_GPS.c **** 
 144:Generated_Source\PSoC4/UART_GPS.c **** #elif (UART_GPS_SCB_MODE_EZI2C_CONST_CFG)
 145:Generated_Source\PSoC4/UART_GPS.c ****     UART_GPS_EzI2CInit();
ARM GAS  C:\Users\SAIKAR~1\AppData\Local\Temp\cczN5CgR.s 			page 4


 146:Generated_Source\PSoC4/UART_GPS.c **** 
 147:Generated_Source\PSoC4/UART_GPS.c **** #endif /* (UART_GPS_SCB_MODE_UNCONFIG_CONST_CFG) */
 148:Generated_Source\PSoC4/UART_GPS.c **** }
 149:Generated_Source\PSoC4/UART_GPS.c **** 
 150:Generated_Source\PSoC4/UART_GPS.c **** 
 151:Generated_Source\PSoC4/UART_GPS.c **** /*******************************************************************************
 152:Generated_Source\PSoC4/UART_GPS.c **** * Function Name: UART_GPS_Enable
 153:Generated_Source\PSoC4/UART_GPS.c **** ****************************************************************************//**
 154:Generated_Source\PSoC4/UART_GPS.c **** *
 155:Generated_Source\PSoC4/UART_GPS.c **** *  Enables UART_GPS component operation: activates the hardware and 
 156:Generated_Source\PSoC4/UART_GPS.c **** *  internal interrupt. It also restores TX interrupt sources disabled after the 
 157:Generated_Source\PSoC4/UART_GPS.c **** *  UART_GPS_Stop() function was called (note that level-triggered TX 
 158:Generated_Source\PSoC4/UART_GPS.c **** *  interrupt sources remain disabled to not cause code lock-up).
 159:Generated_Source\PSoC4/UART_GPS.c **** *  For I2C and EZI2C modes the interrupt is internal and mandatory for 
 160:Generated_Source\PSoC4/UART_GPS.c **** *  operation. For SPI and UART modes the interrupt can be configured as none, 
 161:Generated_Source\PSoC4/UART_GPS.c **** *  internal or external.
 162:Generated_Source\PSoC4/UART_GPS.c **** *  The UART_GPS configuration should be not changed when the component
 163:Generated_Source\PSoC4/UART_GPS.c **** *  is enabled. Any configuration changes should be made after disabling the 
 164:Generated_Source\PSoC4/UART_GPS.c **** *  component.
 165:Generated_Source\PSoC4/UART_GPS.c **** *  When configuration is set to “Unconfigured UART_GPS”, the component 
 166:Generated_Source\PSoC4/UART_GPS.c **** *  must first be initialized to operate in one of the following configurations: 
 167:Generated_Source\PSoC4/UART_GPS.c **** *  I2C, SPI, UART or EZ I2C, using the mode-specific initialization API. 
 168:Generated_Source\PSoC4/UART_GPS.c **** *  Otherwise this function does not enable the component.
 169:Generated_Source\PSoC4/UART_GPS.c **** *
 170:Generated_Source\PSoC4/UART_GPS.c **** *******************************************************************************/
 171:Generated_Source\PSoC4/UART_GPS.c **** void UART_GPS_Enable(void)
 172:Generated_Source\PSoC4/UART_GPS.c **** {
 173:Generated_Source\PSoC4/UART_GPS.c **** #if (UART_GPS_SCB_MODE_UNCONFIG_CONST_CFG)
 174:Generated_Source\PSoC4/UART_GPS.c ****     /* Enable SCB block, only if it is already configured */
 175:Generated_Source\PSoC4/UART_GPS.c ****     if (!UART_GPS_SCB_MODE_UNCONFIG_RUNTM_CFG)
 176:Generated_Source\PSoC4/UART_GPS.c ****     {
 177:Generated_Source\PSoC4/UART_GPS.c ****         UART_GPS_CTRL_REG |= UART_GPS_CTRL_ENABLED;
 178:Generated_Source\PSoC4/UART_GPS.c **** 
 179:Generated_Source\PSoC4/UART_GPS.c ****         UART_GPS_ScbEnableIntr();
 180:Generated_Source\PSoC4/UART_GPS.c **** 
 181:Generated_Source\PSoC4/UART_GPS.c ****         /* Call PostEnable function specific to current operation mode */
 182:Generated_Source\PSoC4/UART_GPS.c ****         UART_GPS_ScbModePostEnable();
 183:Generated_Source\PSoC4/UART_GPS.c ****     }
 184:Generated_Source\PSoC4/UART_GPS.c **** #else
 185:Generated_Source\PSoC4/UART_GPS.c ****     UART_GPS_CTRL_REG |= UART_GPS_CTRL_ENABLED;
 186:Generated_Source\PSoC4/UART_GPS.c **** 
 187:Generated_Source\PSoC4/UART_GPS.c ****     UART_GPS_ScbEnableIntr();
 188:Generated_Source\PSoC4/UART_GPS.c **** 
 189:Generated_Source\PSoC4/UART_GPS.c ****     /* Call PostEnable function specific to current operation mode */
 190:Generated_Source\PSoC4/UART_GPS.c ****     UART_GPS_ScbModePostEnable();
 191:Generated_Source\PSoC4/UART_GPS.c **** #endif /* (UART_GPS_SCB_MODE_UNCONFIG_CONST_CFG) */
 192:Generated_Source\PSoC4/UART_GPS.c **** }
 193:Generated_Source\PSoC4/UART_GPS.c **** 
 194:Generated_Source\PSoC4/UART_GPS.c **** 
 195:Generated_Source\PSoC4/UART_GPS.c **** /*******************************************************************************
 196:Generated_Source\PSoC4/UART_GPS.c **** * Function Name: UART_GPS_Start
 197:Generated_Source\PSoC4/UART_GPS.c **** ****************************************************************************//**
 198:Generated_Source\PSoC4/UART_GPS.c **** *
 199:Generated_Source\PSoC4/UART_GPS.c **** *  Invokes UART_GPS_Init() and UART_GPS_Enable().
 200:Generated_Source\PSoC4/UART_GPS.c **** *  After this function call, the component is enabled and ready for operation.
 201:Generated_Source\PSoC4/UART_GPS.c **** *  When configuration is set to "Unconfigured SCB", the component must first be
 202:Generated_Source\PSoC4/UART_GPS.c **** *  initialized to operate in one of the following configurations: I2C, SPI, UART
ARM GAS  C:\Users\SAIKAR~1\AppData\Local\Temp\cczN5CgR.s 			page 5


 203:Generated_Source\PSoC4/UART_GPS.c **** *  or EZI2C. Otherwise this function does not enable the component.
 204:Generated_Source\PSoC4/UART_GPS.c **** *
 205:Generated_Source\PSoC4/UART_GPS.c **** * \globalvars
 206:Generated_Source\PSoC4/UART_GPS.c **** *  UART_GPS_initVar - used to check initial configuration, modified
 207:Generated_Source\PSoC4/UART_GPS.c **** *  on first function call.
 208:Generated_Source\PSoC4/UART_GPS.c **** *
 209:Generated_Source\PSoC4/UART_GPS.c **** *******************************************************************************/
 210:Generated_Source\PSoC4/UART_GPS.c **** void UART_GPS_Start(void)
 211:Generated_Source\PSoC4/UART_GPS.c **** {
 212:Generated_Source\PSoC4/UART_GPS.c ****     if (0u == UART_GPS_initVar)
 213:Generated_Source\PSoC4/UART_GPS.c ****     {
 214:Generated_Source\PSoC4/UART_GPS.c ****         UART_GPS_Init();
 215:Generated_Source\PSoC4/UART_GPS.c ****         UART_GPS_initVar = 1u; /* Component was initialized */
 216:Generated_Source\PSoC4/UART_GPS.c ****     }
 217:Generated_Source\PSoC4/UART_GPS.c **** 
 218:Generated_Source\PSoC4/UART_GPS.c ****     UART_GPS_Enable();
 219:Generated_Source\PSoC4/UART_GPS.c **** }
 220:Generated_Source\PSoC4/UART_GPS.c **** 
 221:Generated_Source\PSoC4/UART_GPS.c **** 
 222:Generated_Source\PSoC4/UART_GPS.c **** /*******************************************************************************
 223:Generated_Source\PSoC4/UART_GPS.c **** * Function Name: UART_GPS_Stop
 224:Generated_Source\PSoC4/UART_GPS.c **** ****************************************************************************//**
 225:Generated_Source\PSoC4/UART_GPS.c **** *
 226:Generated_Source\PSoC4/UART_GPS.c **** *  Disables the UART_GPS component: disable the hardware and internal 
 227:Generated_Source\PSoC4/UART_GPS.c **** *  interrupt. It also disables all TX interrupt sources so as not to cause an 
 228:Generated_Source\PSoC4/UART_GPS.c **** *  unexpected interrupt trigger because after the component is enabled, the 
 229:Generated_Source\PSoC4/UART_GPS.c **** *  TX FIFO is empty.
 230:Generated_Source\PSoC4/UART_GPS.c **** *  Refer to the function UART_GPS_Enable() for the interrupt 
 231:Generated_Source\PSoC4/UART_GPS.c **** *  configuration details.
 232:Generated_Source\PSoC4/UART_GPS.c **** *  This function disables the SCB component without checking to see if 
 233:Generated_Source\PSoC4/UART_GPS.c **** *  communication is in progress. Before calling this function it may be 
 234:Generated_Source\PSoC4/UART_GPS.c **** *  necessary to check the status of communication to make sure communication 
 235:Generated_Source\PSoC4/UART_GPS.c **** *  is complete. If this is not done then communication could be stopped mid 
 236:Generated_Source\PSoC4/UART_GPS.c **** *  byte and corrupted data could result.
 237:Generated_Source\PSoC4/UART_GPS.c **** *
 238:Generated_Source\PSoC4/UART_GPS.c **** *******************************************************************************/
 239:Generated_Source\PSoC4/UART_GPS.c **** void UART_GPS_Stop(void)
 240:Generated_Source\PSoC4/UART_GPS.c **** {
 241:Generated_Source\PSoC4/UART_GPS.c **** #if (UART_GPS_SCB_IRQ_INTERNAL)
 242:Generated_Source\PSoC4/UART_GPS.c ****     UART_GPS_DisableInt();
 243:Generated_Source\PSoC4/UART_GPS.c **** #endif /* (UART_GPS_SCB_IRQ_INTERNAL) */
 244:Generated_Source\PSoC4/UART_GPS.c **** 
 245:Generated_Source\PSoC4/UART_GPS.c ****     /* Call Stop function specific to current operation mode */
 246:Generated_Source\PSoC4/UART_GPS.c ****     UART_GPS_ScbModeStop();
 247:Generated_Source\PSoC4/UART_GPS.c **** 
 248:Generated_Source\PSoC4/UART_GPS.c ****     /* Disable SCB IP */
 249:Generated_Source\PSoC4/UART_GPS.c ****     UART_GPS_CTRL_REG &= (uint32) ~UART_GPS_CTRL_ENABLED;
 250:Generated_Source\PSoC4/UART_GPS.c **** 
 251:Generated_Source\PSoC4/UART_GPS.c ****     /* Disable all TX interrupt sources so as not to cause an unexpected
 252:Generated_Source\PSoC4/UART_GPS.c ****     * interrupt trigger after the component will be enabled because the 
 253:Generated_Source\PSoC4/UART_GPS.c ****     * TX FIFO is empty.
 254:Generated_Source\PSoC4/UART_GPS.c ****     * For SCB IP v0, it is critical as it does not mask-out interrupt
 255:Generated_Source\PSoC4/UART_GPS.c ****     * sources when it is disabled. This can cause a code lock-up in the
 256:Generated_Source\PSoC4/UART_GPS.c ****     * interrupt handler because TX FIFO cannot be loaded after the block
 257:Generated_Source\PSoC4/UART_GPS.c ****     * is disabled.
 258:Generated_Source\PSoC4/UART_GPS.c ****     */
 259:Generated_Source\PSoC4/UART_GPS.c ****     UART_GPS_SetTxInterruptMode(UART_GPS_NO_INTR_SOURCES);
ARM GAS  C:\Users\SAIKAR~1\AppData\Local\Temp\cczN5CgR.s 			page 6


 260:Generated_Source\PSoC4/UART_GPS.c **** 
 261:Generated_Source\PSoC4/UART_GPS.c **** #if (UART_GPS_SCB_IRQ_INTERNAL)
 262:Generated_Source\PSoC4/UART_GPS.c ****     UART_GPS_ClearPendingInt();
 263:Generated_Source\PSoC4/UART_GPS.c **** #endif /* (UART_GPS_SCB_IRQ_INTERNAL) */
 264:Generated_Source\PSoC4/UART_GPS.c **** }
 265:Generated_Source\PSoC4/UART_GPS.c **** 
 266:Generated_Source\PSoC4/UART_GPS.c **** 
 267:Generated_Source\PSoC4/UART_GPS.c **** /*******************************************************************************
 268:Generated_Source\PSoC4/UART_GPS.c **** * Function Name: UART_GPS_SetRxFifoLevel
 269:Generated_Source\PSoC4/UART_GPS.c **** ****************************************************************************//**
 270:Generated_Source\PSoC4/UART_GPS.c **** *
 271:Generated_Source\PSoC4/UART_GPS.c **** *  Sets level in the RX FIFO to generate a RX level interrupt.
 272:Generated_Source\PSoC4/UART_GPS.c **** *  When the RX FIFO has more entries than the RX FIFO level an RX level
 273:Generated_Source\PSoC4/UART_GPS.c **** *  interrupt request is generated.
 274:Generated_Source\PSoC4/UART_GPS.c **** *
 275:Generated_Source\PSoC4/UART_GPS.c **** *  \param level: Level in the RX FIFO to generate RX level interrupt.
 276:Generated_Source\PSoC4/UART_GPS.c **** *   The range of valid level values is between 0 and RX FIFO depth - 1.
 277:Generated_Source\PSoC4/UART_GPS.c **** *
 278:Generated_Source\PSoC4/UART_GPS.c **** *******************************************************************************/
 279:Generated_Source\PSoC4/UART_GPS.c **** void UART_GPS_SetRxFifoLevel(uint32 level)
 280:Generated_Source\PSoC4/UART_GPS.c **** {
 281:Generated_Source\PSoC4/UART_GPS.c ****     uint32 rxFifoCtrl;
 282:Generated_Source\PSoC4/UART_GPS.c **** 
 283:Generated_Source\PSoC4/UART_GPS.c ****     rxFifoCtrl = UART_GPS_RX_FIFO_CTRL_REG;
 284:Generated_Source\PSoC4/UART_GPS.c **** 
 285:Generated_Source\PSoC4/UART_GPS.c ****     rxFifoCtrl &= ((uint32) ~UART_GPS_RX_FIFO_CTRL_TRIGGER_LEVEL_MASK); /* Clear level mask bits */
 286:Generated_Source\PSoC4/UART_GPS.c ****     rxFifoCtrl |= ((uint32) (UART_GPS_RX_FIFO_CTRL_TRIGGER_LEVEL_MASK & level));
 287:Generated_Source\PSoC4/UART_GPS.c **** 
 288:Generated_Source\PSoC4/UART_GPS.c ****     UART_GPS_RX_FIFO_CTRL_REG = rxFifoCtrl;
 289:Generated_Source\PSoC4/UART_GPS.c **** }
 290:Generated_Source\PSoC4/UART_GPS.c **** 
 291:Generated_Source\PSoC4/UART_GPS.c **** 
 292:Generated_Source\PSoC4/UART_GPS.c **** /*******************************************************************************
 293:Generated_Source\PSoC4/UART_GPS.c **** * Function Name: UART_GPS_SetTxFifoLevel
 294:Generated_Source\PSoC4/UART_GPS.c **** ****************************************************************************//**
 295:Generated_Source\PSoC4/UART_GPS.c **** *
 296:Generated_Source\PSoC4/UART_GPS.c **** *  Sets level in the TX FIFO to generate a TX level interrupt.
 297:Generated_Source\PSoC4/UART_GPS.c **** *  When the TX FIFO has less entries than the TX FIFO level an TX level
 298:Generated_Source\PSoC4/UART_GPS.c **** *  interrupt request is generated.
 299:Generated_Source\PSoC4/UART_GPS.c **** *
 300:Generated_Source\PSoC4/UART_GPS.c **** *  \param level: Level in the TX FIFO to generate TX level interrupt.
 301:Generated_Source\PSoC4/UART_GPS.c **** *   The range of valid level values is between 0 and TX FIFO depth - 1.
 302:Generated_Source\PSoC4/UART_GPS.c **** *
 303:Generated_Source\PSoC4/UART_GPS.c **** *******************************************************************************/
 304:Generated_Source\PSoC4/UART_GPS.c **** void UART_GPS_SetTxFifoLevel(uint32 level)
 305:Generated_Source\PSoC4/UART_GPS.c **** {
 306:Generated_Source\PSoC4/UART_GPS.c ****     uint32 txFifoCtrl;
 307:Generated_Source\PSoC4/UART_GPS.c **** 
 308:Generated_Source\PSoC4/UART_GPS.c ****     txFifoCtrl = UART_GPS_TX_FIFO_CTRL_REG;
 309:Generated_Source\PSoC4/UART_GPS.c **** 
 310:Generated_Source\PSoC4/UART_GPS.c ****     txFifoCtrl &= ((uint32) ~UART_GPS_TX_FIFO_CTRL_TRIGGER_LEVEL_MASK); /* Clear level mask bits */
 311:Generated_Source\PSoC4/UART_GPS.c ****     txFifoCtrl |= ((uint32) (UART_GPS_TX_FIFO_CTRL_TRIGGER_LEVEL_MASK & level));
 312:Generated_Source\PSoC4/UART_GPS.c **** 
 313:Generated_Source\PSoC4/UART_GPS.c ****     UART_GPS_TX_FIFO_CTRL_REG = txFifoCtrl;
 314:Generated_Source\PSoC4/UART_GPS.c **** }
 315:Generated_Source\PSoC4/UART_GPS.c **** 
 316:Generated_Source\PSoC4/UART_GPS.c **** 
ARM GAS  C:\Users\SAIKAR~1\AppData\Local\Temp\cczN5CgR.s 			page 7


 317:Generated_Source\PSoC4/UART_GPS.c **** #if (UART_GPS_SCB_IRQ_INTERNAL)
 318:Generated_Source\PSoC4/UART_GPS.c ****     /*******************************************************************************
 319:Generated_Source\PSoC4/UART_GPS.c ****     * Function Name: UART_GPS_SetCustomInterruptHandler
 320:Generated_Source\PSoC4/UART_GPS.c ****     ****************************************************************************//**
 321:Generated_Source\PSoC4/UART_GPS.c ****     *
 322:Generated_Source\PSoC4/UART_GPS.c ****     *  Registers a function to be called by the internal interrupt handler.
 323:Generated_Source\PSoC4/UART_GPS.c ****     *  First the function that is registered is called, then the internal interrupt
 324:Generated_Source\PSoC4/UART_GPS.c ****     *  handler performs any operation such as software buffer management functions
 325:Generated_Source\PSoC4/UART_GPS.c ****     *  before the interrupt returns.  It is the user's responsibility not to break
 326:Generated_Source\PSoC4/UART_GPS.c ****     *  the software buffer operations. Only one custom handler is supported, which
 327:Generated_Source\PSoC4/UART_GPS.c ****     *  is the function provided by the most recent call.
 328:Generated_Source\PSoC4/UART_GPS.c ****     *  At the initialization time no custom handler is registered.
 329:Generated_Source\PSoC4/UART_GPS.c ****     *
 330:Generated_Source\PSoC4/UART_GPS.c ****     *  \param func: Pointer to the function to register.
 331:Generated_Source\PSoC4/UART_GPS.c ****     *        The value NULL indicates to remove the current custom interrupt
 332:Generated_Source\PSoC4/UART_GPS.c ****     *        handler.
 333:Generated_Source\PSoC4/UART_GPS.c ****     *
 334:Generated_Source\PSoC4/UART_GPS.c ****     *******************************************************************************/
 335:Generated_Source\PSoC4/UART_GPS.c ****     void UART_GPS_SetCustomInterruptHandler(void (*func)(void))
 336:Generated_Source\PSoC4/UART_GPS.c ****     {
 337:Generated_Source\PSoC4/UART_GPS.c ****     #if !defined (CY_REMOVE_UART_GPS_CUSTOM_INTR_HANDLER)
 338:Generated_Source\PSoC4/UART_GPS.c ****         UART_GPS_customIntrHandler = func; /* Register interrupt handler */
 339:Generated_Source\PSoC4/UART_GPS.c ****     #else
 340:Generated_Source\PSoC4/UART_GPS.c ****         if (NULL != func)
 341:Generated_Source\PSoC4/UART_GPS.c ****         {
 342:Generated_Source\PSoC4/UART_GPS.c ****             /* Suppress compiler warning */
 343:Generated_Source\PSoC4/UART_GPS.c ****         }
 344:Generated_Source\PSoC4/UART_GPS.c ****     #endif /* !defined (CY_REMOVE_UART_GPS_CUSTOM_INTR_HANDLER) */
 345:Generated_Source\PSoC4/UART_GPS.c ****     }
 346:Generated_Source\PSoC4/UART_GPS.c **** #endif /* (UART_GPS_SCB_IRQ_INTERNAL) */
 347:Generated_Source\PSoC4/UART_GPS.c **** 
 348:Generated_Source\PSoC4/UART_GPS.c **** 
 349:Generated_Source\PSoC4/UART_GPS.c **** /*******************************************************************************
 350:Generated_Source\PSoC4/UART_GPS.c **** * Function Name: UART_GPS_ScbModeEnableIntr
 351:Generated_Source\PSoC4/UART_GPS.c **** ****************************************************************************//**
 352:Generated_Source\PSoC4/UART_GPS.c **** *
 353:Generated_Source\PSoC4/UART_GPS.c **** *  Enables an interrupt for a specific mode.
 354:Generated_Source\PSoC4/UART_GPS.c **** *
 355:Generated_Source\PSoC4/UART_GPS.c **** *******************************************************************************/
 356:Generated_Source\PSoC4/UART_GPS.c **** static void UART_GPS_ScbEnableIntr(void)
 357:Generated_Source\PSoC4/UART_GPS.c **** {
  27              		.loc 1 357 0
  28              		.cfi_startproc
  29              		@ args = 0, pretend = 0, frame = 0
  30              		@ frame_needed = 0, uses_anonymous_args = 0
  31 0000 10B5     		push	{r4, lr}
  32              		.cfi_def_cfa_offset 8
  33              		.cfi_offset 4, -8
  34              		.cfi_offset 14, -4
 358:Generated_Source\PSoC4/UART_GPS.c **** #if (UART_GPS_SCB_IRQ_INTERNAL)
 359:Generated_Source\PSoC4/UART_GPS.c ****     /* Enable interrupt in NVIC */
 360:Generated_Source\PSoC4/UART_GPS.c ****     #if (UART_GPS_SCB_MODE_UNCONFIG_CONST_CFG)
 361:Generated_Source\PSoC4/UART_GPS.c ****         if (0u != UART_GPS_scbEnableIntr)
 362:Generated_Source\PSoC4/UART_GPS.c ****         {
 363:Generated_Source\PSoC4/UART_GPS.c ****             UART_GPS_EnableInt();
 364:Generated_Source\PSoC4/UART_GPS.c ****         }
 365:Generated_Source\PSoC4/UART_GPS.c **** 
ARM GAS  C:\Users\SAIKAR~1\AppData\Local\Temp\cczN5CgR.s 			page 8


 366:Generated_Source\PSoC4/UART_GPS.c ****     #else
 367:Generated_Source\PSoC4/UART_GPS.c ****         UART_GPS_EnableInt();
  35              		.loc 1 367 0
  36 0002 0920     		movs	r0, #9
  37 0004 FFF7FEFF 		bl	CyIntEnable
  38              	.LVL0:
 368:Generated_Source\PSoC4/UART_GPS.c **** 
 369:Generated_Source\PSoC4/UART_GPS.c ****     #endif /* (UART_GPS_SCB_MODE_UNCONFIG_CONST_CFG) */
 370:Generated_Source\PSoC4/UART_GPS.c **** #endif /* (UART_GPS_SCB_IRQ_INTERNAL) */
 371:Generated_Source\PSoC4/UART_GPS.c **** }
  39              		.loc 1 371 0
  40              		@ sp needed
  41 0008 10BD     		pop	{r4, pc}
  42              		.cfi_endproc
  43              	.LFE8:
  44              		.size	UART_GPS_ScbEnableIntr, .-UART_GPS_ScbEnableIntr
  45 000a C046     		.section	.text.UART_GPS_ScbModePostEnable,"ax",%progbits
  46              		.align	2
  47              		.code	16
  48              		.thumb_func
  49              		.type	UART_GPS_ScbModePostEnable, %function
  50              	UART_GPS_ScbModePostEnable:
  51              	.LFB9:
 372:Generated_Source\PSoC4/UART_GPS.c **** 
 373:Generated_Source\PSoC4/UART_GPS.c **** 
 374:Generated_Source\PSoC4/UART_GPS.c **** /*******************************************************************************
 375:Generated_Source\PSoC4/UART_GPS.c **** * Function Name: UART_GPS_ScbModePostEnable
 376:Generated_Source\PSoC4/UART_GPS.c **** ****************************************************************************//**
 377:Generated_Source\PSoC4/UART_GPS.c **** *
 378:Generated_Source\PSoC4/UART_GPS.c **** *  Calls the PostEnable function for a specific operation mode.
 379:Generated_Source\PSoC4/UART_GPS.c **** *
 380:Generated_Source\PSoC4/UART_GPS.c **** *******************************************************************************/
 381:Generated_Source\PSoC4/UART_GPS.c **** static void UART_GPS_ScbModePostEnable(void)
 382:Generated_Source\PSoC4/UART_GPS.c **** {
  52              		.loc 1 382 0
  53              		.cfi_startproc
  54              		@ args = 0, pretend = 0, frame = 0
  55              		@ frame_needed = 0, uses_anonymous_args = 0
  56 0000 10B5     		push	{r4, lr}
  57              		.cfi_def_cfa_offset 8
  58              		.cfi_offset 4, -8
  59              		.cfi_offset 14, -4
 383:Generated_Source\PSoC4/UART_GPS.c **** #if (UART_GPS_SCB_MODE_UNCONFIG_CONST_CFG)
 384:Generated_Source\PSoC4/UART_GPS.c **** #if (!UART_GPS_CY_SCBIP_V1)
 385:Generated_Source\PSoC4/UART_GPS.c ****     if (UART_GPS_SCB_MODE_SPI_RUNTM_CFG)
 386:Generated_Source\PSoC4/UART_GPS.c ****     {
 387:Generated_Source\PSoC4/UART_GPS.c ****         UART_GPS_SpiPostEnable();
 388:Generated_Source\PSoC4/UART_GPS.c ****     }
 389:Generated_Source\PSoC4/UART_GPS.c ****     else if (UART_GPS_SCB_MODE_UART_RUNTM_CFG)
 390:Generated_Source\PSoC4/UART_GPS.c ****     {
 391:Generated_Source\PSoC4/UART_GPS.c ****         UART_GPS_UartPostEnable();
 392:Generated_Source\PSoC4/UART_GPS.c ****     }
 393:Generated_Source\PSoC4/UART_GPS.c ****     else
 394:Generated_Source\PSoC4/UART_GPS.c ****     {
 395:Generated_Source\PSoC4/UART_GPS.c ****         /* Unknown mode: do nothing */
 396:Generated_Source\PSoC4/UART_GPS.c ****     }
 397:Generated_Source\PSoC4/UART_GPS.c **** #endif /* (!UART_GPS_CY_SCBIP_V1) */
ARM GAS  C:\Users\SAIKAR~1\AppData\Local\Temp\cczN5CgR.s 			page 9


 398:Generated_Source\PSoC4/UART_GPS.c **** 
 399:Generated_Source\PSoC4/UART_GPS.c **** #elif (UART_GPS_SCB_MODE_SPI_CONST_CFG)
 400:Generated_Source\PSoC4/UART_GPS.c ****     UART_GPS_SpiPostEnable();
 401:Generated_Source\PSoC4/UART_GPS.c **** 
 402:Generated_Source\PSoC4/UART_GPS.c **** #elif (UART_GPS_SCB_MODE_UART_CONST_CFG)
 403:Generated_Source\PSoC4/UART_GPS.c ****     UART_GPS_UartPostEnable();
  60              		.loc 1 403 0
  61 0002 FFF7FEFF 		bl	UART_GPS_UartPostEnable
  62              	.LVL1:
 404:Generated_Source\PSoC4/UART_GPS.c **** 
 405:Generated_Source\PSoC4/UART_GPS.c **** #else
 406:Generated_Source\PSoC4/UART_GPS.c ****     /* Unknown mode: do nothing */
 407:Generated_Source\PSoC4/UART_GPS.c **** #endif /* (UART_GPS_SCB_MODE_UNCONFIG_CONST_CFG) */
 408:Generated_Source\PSoC4/UART_GPS.c **** }
  63              		.loc 1 408 0
  64              		@ sp needed
  65 0006 10BD     		pop	{r4, pc}
  66              		.cfi_endproc
  67              	.LFE9:
  68              		.size	UART_GPS_ScbModePostEnable, .-UART_GPS_ScbModePostEnable
  69              		.section	.text.UART_GPS_ScbModeStop,"ax",%progbits
  70              		.align	2
  71              		.code	16
  72              		.thumb_func
  73              		.type	UART_GPS_ScbModeStop, %function
  74              	UART_GPS_ScbModeStop:
  75              	.LFB10:
 409:Generated_Source\PSoC4/UART_GPS.c **** 
 410:Generated_Source\PSoC4/UART_GPS.c **** 
 411:Generated_Source\PSoC4/UART_GPS.c **** /*******************************************************************************
 412:Generated_Source\PSoC4/UART_GPS.c **** * Function Name: UART_GPS_ScbModeStop
 413:Generated_Source\PSoC4/UART_GPS.c **** ****************************************************************************//**
 414:Generated_Source\PSoC4/UART_GPS.c **** *
 415:Generated_Source\PSoC4/UART_GPS.c **** *  Calls the Stop function for a specific operation mode.
 416:Generated_Source\PSoC4/UART_GPS.c **** *
 417:Generated_Source\PSoC4/UART_GPS.c **** *******************************************************************************/
 418:Generated_Source\PSoC4/UART_GPS.c **** static void UART_GPS_ScbModeStop(void)
 419:Generated_Source\PSoC4/UART_GPS.c **** {
  76              		.loc 1 419 0
  77              		.cfi_startproc
  78              		@ args = 0, pretend = 0, frame = 0
  79              		@ frame_needed = 0, uses_anonymous_args = 0
  80 0000 10B5     		push	{r4, lr}
  81              		.cfi_def_cfa_offset 8
  82              		.cfi_offset 4, -8
  83              		.cfi_offset 14, -4
 420:Generated_Source\PSoC4/UART_GPS.c **** #if (UART_GPS_SCB_MODE_UNCONFIG_CONST_CFG)
 421:Generated_Source\PSoC4/UART_GPS.c ****     if (UART_GPS_SCB_MODE_I2C_RUNTM_CFG)
 422:Generated_Source\PSoC4/UART_GPS.c ****     {
 423:Generated_Source\PSoC4/UART_GPS.c ****         UART_GPS_I2CStop();
 424:Generated_Source\PSoC4/UART_GPS.c ****     }
 425:Generated_Source\PSoC4/UART_GPS.c ****     else if (UART_GPS_SCB_MODE_EZI2C_RUNTM_CFG)
 426:Generated_Source\PSoC4/UART_GPS.c ****     {
 427:Generated_Source\PSoC4/UART_GPS.c ****         UART_GPS_EzI2CStop();
 428:Generated_Source\PSoC4/UART_GPS.c ****     }
 429:Generated_Source\PSoC4/UART_GPS.c **** #if (!UART_GPS_CY_SCBIP_V1)
 430:Generated_Source\PSoC4/UART_GPS.c ****     else if (UART_GPS_SCB_MODE_SPI_RUNTM_CFG)
ARM GAS  C:\Users\SAIKAR~1\AppData\Local\Temp\cczN5CgR.s 			page 10


 431:Generated_Source\PSoC4/UART_GPS.c ****     {
 432:Generated_Source\PSoC4/UART_GPS.c ****         UART_GPS_SpiStop();
 433:Generated_Source\PSoC4/UART_GPS.c ****     }
 434:Generated_Source\PSoC4/UART_GPS.c ****     else if (UART_GPS_SCB_MODE_UART_RUNTM_CFG)
 435:Generated_Source\PSoC4/UART_GPS.c ****     {
 436:Generated_Source\PSoC4/UART_GPS.c ****         UART_GPS_UartStop();
 437:Generated_Source\PSoC4/UART_GPS.c ****     }
 438:Generated_Source\PSoC4/UART_GPS.c **** #endif /* (!UART_GPS_CY_SCBIP_V1) */
 439:Generated_Source\PSoC4/UART_GPS.c ****     else
 440:Generated_Source\PSoC4/UART_GPS.c ****     {
 441:Generated_Source\PSoC4/UART_GPS.c ****         /* Unknown mode: do nothing */
 442:Generated_Source\PSoC4/UART_GPS.c ****     }
 443:Generated_Source\PSoC4/UART_GPS.c **** #elif (UART_GPS_SCB_MODE_I2C_CONST_CFG)
 444:Generated_Source\PSoC4/UART_GPS.c ****     UART_GPS_I2CStop();
 445:Generated_Source\PSoC4/UART_GPS.c **** 
 446:Generated_Source\PSoC4/UART_GPS.c **** #elif (UART_GPS_SCB_MODE_EZI2C_CONST_CFG)
 447:Generated_Source\PSoC4/UART_GPS.c ****     UART_GPS_EzI2CStop();
 448:Generated_Source\PSoC4/UART_GPS.c **** 
 449:Generated_Source\PSoC4/UART_GPS.c **** #elif (UART_GPS_SCB_MODE_SPI_CONST_CFG)
 450:Generated_Source\PSoC4/UART_GPS.c ****     UART_GPS_SpiStop();
 451:Generated_Source\PSoC4/UART_GPS.c **** 
 452:Generated_Source\PSoC4/UART_GPS.c **** #elif (UART_GPS_SCB_MODE_UART_CONST_CFG)
 453:Generated_Source\PSoC4/UART_GPS.c ****     UART_GPS_UartStop();
  84              		.loc 1 453 0
  85 0002 FFF7FEFF 		bl	UART_GPS_UartStop
  86              	.LVL2:
 454:Generated_Source\PSoC4/UART_GPS.c **** 
 455:Generated_Source\PSoC4/UART_GPS.c **** #else
 456:Generated_Source\PSoC4/UART_GPS.c ****     /* Unknown mode: do nothing */
 457:Generated_Source\PSoC4/UART_GPS.c **** #endif /* (UART_GPS_SCB_MODE_UNCONFIG_CONST_CFG) */
 458:Generated_Source\PSoC4/UART_GPS.c **** }
  87              		.loc 1 458 0
  88              		@ sp needed
  89 0006 10BD     		pop	{r4, pc}
  90              		.cfi_endproc
  91              	.LFE10:
  92              		.size	UART_GPS_ScbModeStop, .-UART_GPS_ScbModeStop
  93              		.section	.text.UART_GPS_Init,"ax",%progbits
  94              		.align	2
  95              		.global	UART_GPS_Init
  96              		.code	16
  97              		.thumb_func
  98              		.type	UART_GPS_Init, %function
  99              	UART_GPS_Init:
 100              	.LFB1:
 124:Generated_Source\PSoC4/UART_GPS.c **** #if (UART_GPS_SCB_MODE_UNCONFIG_CONST_CFG)
 101              		.loc 1 124 0
 102              		.cfi_startproc
 103              		@ args = 0, pretend = 0, frame = 0
 104              		@ frame_needed = 0, uses_anonymous_args = 0
 105 0000 10B5     		push	{r4, lr}
 106              		.cfi_def_cfa_offset 8
 107              		.cfi_offset 4, -8
 108              		.cfi_offset 14, -4
 142:Generated_Source\PSoC4/UART_GPS.c **** 
 109              		.loc 1 142 0
 110 0002 FFF7FEFF 		bl	UART_GPS_UartInit
ARM GAS  C:\Users\SAIKAR~1\AppData\Local\Temp\cczN5CgR.s 			page 11


 111              	.LVL3:
 148:Generated_Source\PSoC4/UART_GPS.c **** 
 112              		.loc 1 148 0
 113              		@ sp needed
 114 0006 10BD     		pop	{r4, pc}
 115              		.cfi_endproc
 116              	.LFE1:
 117              		.size	UART_GPS_Init, .-UART_GPS_Init
 118              		.section	.text.UART_GPS_Enable,"ax",%progbits
 119              		.align	2
 120              		.global	UART_GPS_Enable
 121              		.code	16
 122              		.thumb_func
 123              		.type	UART_GPS_Enable, %function
 124              	UART_GPS_Enable:
 125              	.LFB2:
 172:Generated_Source\PSoC4/UART_GPS.c **** #if (UART_GPS_SCB_MODE_UNCONFIG_CONST_CFG)
 126              		.loc 1 172 0
 127              		.cfi_startproc
 128              		@ args = 0, pretend = 0, frame = 0
 129              		@ frame_needed = 0, uses_anonymous_args = 0
 130 0000 10B5     		push	{r4, lr}
 131              		.cfi_def_cfa_offset 8
 132              		.cfi_offset 4, -8
 133              		.cfi_offset 14, -4
 185:Generated_Source\PSoC4/UART_GPS.c **** 
 134              		.loc 1 185 0
 135 0002 054A     		ldr	r2, .L6
 136 0004 1368     		ldr	r3, [r2]
 137 0006 8021     		movs	r1, #128
 138 0008 0906     		lsls	r1, r1, #24
 139 000a 0B43     		orrs	r3, r1
 140 000c 1360     		str	r3, [r2]
 187:Generated_Source\PSoC4/UART_GPS.c **** 
 141              		.loc 1 187 0
 142 000e FFF7FEFF 		bl	UART_GPS_ScbEnableIntr
 143              	.LVL4:
 190:Generated_Source\PSoC4/UART_GPS.c **** #endif /* (UART_GPS_SCB_MODE_UNCONFIG_CONST_CFG) */
 144              		.loc 1 190 0
 145 0012 FFF7FEFF 		bl	UART_GPS_ScbModePostEnable
 146              	.LVL5:
 192:Generated_Source\PSoC4/UART_GPS.c **** 
 147              		.loc 1 192 0
 148              		@ sp needed
 149 0016 10BD     		pop	{r4, pc}
 150              	.L7:
 151              		.align	2
 152              	.L6:
 153 0018 00002540 		.word	1076166656
 154              		.cfi_endproc
 155              	.LFE2:
 156              		.size	UART_GPS_Enable, .-UART_GPS_Enable
 157              		.section	.text.UART_GPS_Start,"ax",%progbits
 158              		.align	2
 159              		.global	UART_GPS_Start
 160              		.code	16
 161              		.thumb_func
ARM GAS  C:\Users\SAIKAR~1\AppData\Local\Temp\cczN5CgR.s 			page 12


 162              		.type	UART_GPS_Start, %function
 163              	UART_GPS_Start:
 164              	.LFB3:
 211:Generated_Source\PSoC4/UART_GPS.c ****     if (0u == UART_GPS_initVar)
 165              		.loc 1 211 0
 166              		.cfi_startproc
 167              		@ args = 0, pretend = 0, frame = 0
 168              		@ frame_needed = 0, uses_anonymous_args = 0
 169 0000 10B5     		push	{r4, lr}
 170              		.cfi_def_cfa_offset 8
 171              		.cfi_offset 4, -8
 172              		.cfi_offset 14, -4
 212:Generated_Source\PSoC4/UART_GPS.c ****     {
 173              		.loc 1 212 0
 174 0002 064B     		ldr	r3, .L10
 175 0004 1B78     		ldrb	r3, [r3]
 176 0006 002B     		cmp	r3, #0
 177 0008 04D1     		bne	.L9
 214:Generated_Source\PSoC4/UART_GPS.c ****         UART_GPS_initVar = 1u; /* Component was initialized */
 178              		.loc 1 214 0
 179 000a FFF7FEFF 		bl	UART_GPS_Init
 180              	.LVL6:
 215:Generated_Source\PSoC4/UART_GPS.c ****     }
 181              		.loc 1 215 0
 182 000e 0122     		movs	r2, #1
 183 0010 024B     		ldr	r3, .L10
 184 0012 1A70     		strb	r2, [r3]
 185              	.L9:
 218:Generated_Source\PSoC4/UART_GPS.c **** }
 186              		.loc 1 218 0
 187 0014 FFF7FEFF 		bl	UART_GPS_Enable
 188              	.LVL7:
 219:Generated_Source\PSoC4/UART_GPS.c **** 
 189              		.loc 1 219 0
 190              		@ sp needed
 191 0018 10BD     		pop	{r4, pc}
 192              	.L11:
 193 001a C046     		.align	2
 194              	.L10:
 195 001c 00000000 		.word	.LANCHOR0
 196              		.cfi_endproc
 197              	.LFE3:
 198              		.size	UART_GPS_Start, .-UART_GPS_Start
 199              		.section	.text.UART_GPS_Stop,"ax",%progbits
 200              		.align	2
 201              		.global	UART_GPS_Stop
 202              		.code	16
 203              		.thumb_func
 204              		.type	UART_GPS_Stop, %function
 205              	UART_GPS_Stop:
 206              	.LFB4:
 240:Generated_Source\PSoC4/UART_GPS.c **** #if (UART_GPS_SCB_IRQ_INTERNAL)
 207              		.loc 1 240 0
 208              		.cfi_startproc
 209              		@ args = 0, pretend = 0, frame = 0
 210              		@ frame_needed = 0, uses_anonymous_args = 0
 211 0000 10B5     		push	{r4, lr}
ARM GAS  C:\Users\SAIKAR~1\AppData\Local\Temp\cczN5CgR.s 			page 13


 212              		.cfi_def_cfa_offset 8
 213              		.cfi_offset 4, -8
 214              		.cfi_offset 14, -4
 242:Generated_Source\PSoC4/UART_GPS.c **** #endif /* (UART_GPS_SCB_IRQ_INTERNAL) */
 215              		.loc 1 242 0
 216 0002 0920     		movs	r0, #9
 217 0004 FFF7FEFF 		bl	CyIntDisable
 218              	.LVL8:
 246:Generated_Source\PSoC4/UART_GPS.c **** 
 219              		.loc 1 246 0
 220 0008 FFF7FEFF 		bl	UART_GPS_ScbModeStop
 221              	.LVL9:
 249:Generated_Source\PSoC4/UART_GPS.c **** 
 222              		.loc 1 249 0
 223 000c 054A     		ldr	r2, .L13
 224 000e 1368     		ldr	r3, [r2]
 225 0010 5B00     		lsls	r3, r3, #1
 226 0012 5B08     		lsrs	r3, r3, #1
 227 0014 1360     		str	r3, [r2]
 259:Generated_Source\PSoC4/UART_GPS.c **** 
 228              		.loc 1 259 0
 229 0016 0022     		movs	r2, #0
 230 0018 034B     		ldr	r3, .L13+4
 231 001a 1A60     		str	r2, [r3]
 262:Generated_Source\PSoC4/UART_GPS.c **** #endif /* (UART_GPS_SCB_IRQ_INTERNAL) */
 232              		.loc 1 262 0
 233 001c 0920     		movs	r0, #9
 234 001e FFF7FEFF 		bl	CyIntClearPending
 235              	.LVL10:
 264:Generated_Source\PSoC4/UART_GPS.c **** 
 236              		.loc 1 264 0
 237              		@ sp needed
 238 0022 10BD     		pop	{r4, pc}
 239              	.L14:
 240              		.align	2
 241              	.L13:
 242 0024 00002540 		.word	1076166656
 243 0028 880F2540 		.word	1076170632
 244              		.cfi_endproc
 245              	.LFE4:
 246              		.size	UART_GPS_Stop, .-UART_GPS_Stop
 247              		.section	.text.UART_GPS_SetRxFifoLevel,"ax",%progbits
 248              		.align	2
 249              		.global	UART_GPS_SetRxFifoLevel
 250              		.code	16
 251              		.thumb_func
 252              		.type	UART_GPS_SetRxFifoLevel, %function
 253              	UART_GPS_SetRxFifoLevel:
 254              	.LFB5:
 280:Generated_Source\PSoC4/UART_GPS.c ****     uint32 rxFifoCtrl;
 255              		.loc 1 280 0
 256              		.cfi_startproc
 257              		@ args = 0, pretend = 0, frame = 0
 258              		@ frame_needed = 0, uses_anonymous_args = 0
 259              		@ link register save eliminated.
 260              	.LVL11:
 283:Generated_Source\PSoC4/UART_GPS.c **** 
ARM GAS  C:\Users\SAIKAR~1\AppData\Local\Temp\cczN5CgR.s 			page 14


 261              		.loc 1 283 0
 262 0000 034A     		ldr	r2, .L16
 263 0002 1368     		ldr	r3, [r2]
 264              	.LVL12:
 285:Generated_Source\PSoC4/UART_GPS.c ****     rxFifoCtrl |= ((uint32) (UART_GPS_RX_FIFO_CTRL_TRIGGER_LEVEL_MASK & level));
 265              		.loc 1 285 0
 266 0004 0F21     		movs	r1, #15
 267 0006 8B43     		bics	r3, r1
 268              	.LVL13:
 286:Generated_Source\PSoC4/UART_GPS.c **** 
 269              		.loc 1 286 0
 270 0008 0840     		ands	r0, r1
 271              	.LVL14:
 272 000a 1843     		orrs	r0, r3
 273              	.LVL15:
 288:Generated_Source\PSoC4/UART_GPS.c **** }
 274              		.loc 1 288 0
 275 000c 1060     		str	r0, [r2]
 289:Generated_Source\PSoC4/UART_GPS.c **** 
 276              		.loc 1 289 0
 277              		@ sp needed
 278 000e 7047     		bx	lr
 279              	.L17:
 280              		.align	2
 281              	.L16:
 282 0010 04032540 		.word	1076167428
 283              		.cfi_endproc
 284              	.LFE5:
 285              		.size	UART_GPS_SetRxFifoLevel, .-UART_GPS_SetRxFifoLevel
 286              		.section	.text.UART_GPS_SetTxFifoLevel,"ax",%progbits
 287              		.align	2
 288              		.global	UART_GPS_SetTxFifoLevel
 289              		.code	16
 290              		.thumb_func
 291              		.type	UART_GPS_SetTxFifoLevel, %function
 292              	UART_GPS_SetTxFifoLevel:
 293              	.LFB6:
 305:Generated_Source\PSoC4/UART_GPS.c ****     uint32 txFifoCtrl;
 294              		.loc 1 305 0
 295              		.cfi_startproc
 296              		@ args = 0, pretend = 0, frame = 0
 297              		@ frame_needed = 0, uses_anonymous_args = 0
 298              		@ link register save eliminated.
 299              	.LVL16:
 308:Generated_Source\PSoC4/UART_GPS.c **** 
 300              		.loc 1 308 0
 301 0000 034A     		ldr	r2, .L19
 302 0002 1368     		ldr	r3, [r2]
 303              	.LVL17:
 310:Generated_Source\PSoC4/UART_GPS.c ****     txFifoCtrl |= ((uint32) (UART_GPS_TX_FIFO_CTRL_TRIGGER_LEVEL_MASK & level));
 304              		.loc 1 310 0
 305 0004 0F21     		movs	r1, #15
 306 0006 8B43     		bics	r3, r1
 307              	.LVL18:
 311:Generated_Source\PSoC4/UART_GPS.c **** 
 308              		.loc 1 311 0
 309 0008 0840     		ands	r0, r1
ARM GAS  C:\Users\SAIKAR~1\AppData\Local\Temp\cczN5CgR.s 			page 15


 310              	.LVL19:
 311 000a 1843     		orrs	r0, r3
 312              	.LVL20:
 313:Generated_Source\PSoC4/UART_GPS.c **** }
 313              		.loc 1 313 0
 314 000c 1060     		str	r0, [r2]
 314:Generated_Source\PSoC4/UART_GPS.c **** 
 315              		.loc 1 314 0
 316              		@ sp needed
 317 000e 7047     		bx	lr
 318              	.L20:
 319              		.align	2
 320              	.L19:
 321 0010 04022540 		.word	1076167172
 322              		.cfi_endproc
 323              	.LFE6:
 324              		.size	UART_GPS_SetTxFifoLevel, .-UART_GPS_SetTxFifoLevel
 325              		.section	.text.UART_GPS_SetCustomInterruptHandler,"ax",%progbits
 326              		.align	2
 327              		.global	UART_GPS_SetCustomInterruptHandler
 328              		.code	16
 329              		.thumb_func
 330              		.type	UART_GPS_SetCustomInterruptHandler, %function
 331              	UART_GPS_SetCustomInterruptHandler:
 332              	.LFB7:
 336:Generated_Source\PSoC4/UART_GPS.c ****     #if !defined (CY_REMOVE_UART_GPS_CUSTOM_INTR_HANDLER)
 333              		.loc 1 336 0
 334              		.cfi_startproc
 335              		@ args = 0, pretend = 0, frame = 0
 336              		@ frame_needed = 0, uses_anonymous_args = 0
 337              		@ link register save eliminated.
 338              	.LVL21:
 338:Generated_Source\PSoC4/UART_GPS.c ****     #else
 339              		.loc 1 338 0
 340 0000 014B     		ldr	r3, .L22
 341 0002 5860     		str	r0, [r3, #4]
 345:Generated_Source\PSoC4/UART_GPS.c **** #endif /* (UART_GPS_SCB_IRQ_INTERNAL) */
 342              		.loc 1 345 0
 343              		@ sp needed
 344 0004 7047     		bx	lr
 345              	.L23:
 346 0006 C046     		.align	2
 347              	.L22:
 348 0008 00000000 		.word	.LANCHOR0
 349              		.cfi_endproc
 350              	.LFE7:
 351              		.size	UART_GPS_SetCustomInterruptHandler, .-UART_GPS_SetCustomInterruptHandler
 352              		.global	UART_GPS_customIntrHandler
 353              		.global	UART_GPS_IntrTxMask
 354              		.global	UART_GPS_initVar
 355              		.bss
 356              		.align	2
 357              		.set	.LANCHOR0,. + 0
 358              		.type	UART_GPS_initVar, %object
 359              		.size	UART_GPS_initVar, 1
 360              	UART_GPS_initVar:
 361 0000 00       		.space	1
ARM GAS  C:\Users\SAIKAR~1\AppData\Local\Temp\cczN5CgR.s 			page 16


 362 0001 000000   		.space	3
 363              		.type	UART_GPS_customIntrHandler, %object
 364              		.size	UART_GPS_customIntrHandler, 4
 365              	UART_GPS_customIntrHandler:
 366 0004 00000000 		.space	4
 367              		.type	UART_GPS_IntrTxMask, %object
 368              		.size	UART_GPS_IntrTxMask, 2
 369              	UART_GPS_IntrTxMask:
 370 0008 0000     		.space	2
 371              		.text
 372              	.Letext0:
 373              		.file 2 "Generated_Source\\PSoC4/cytypes.h"
 374              		.file 3 "Generated_Source\\PSoC4/CyLib.h"
 375              		.file 4 "Generated_Source\\PSoC4\\UART_GPS_SPI_UART_PVT.h"
 376              		.section	.debug_info,"",%progbits
 377              	.Ldebug_info0:
 378 0000 E5020000 		.4byte	0x2e5
 379 0004 0400     		.2byte	0x4
 380 0006 00000000 		.4byte	.Ldebug_abbrev0
 381 000a 04       		.byte	0x4
 382 000b 01       		.uleb128 0x1
 383 000c E2010000 		.4byte	.LASF41
 384 0010 0C       		.byte	0xc
 385 0011 32000000 		.4byte	.LASF42
 386 0015 70020000 		.4byte	.LASF43
 387 0019 00000000 		.4byte	.Ldebug_ranges0+0
 388 001d 00000000 		.4byte	0
 389 0021 00000000 		.4byte	.Ldebug_line0
 390 0025 02       		.uleb128 0x2
 391 0026 01       		.byte	0x1
 392 0027 06       		.byte	0x6
 393 0028 26030000 		.4byte	.LASF0
 394 002c 02       		.uleb128 0x2
 395 002d 01       		.byte	0x1
 396 002e 08       		.byte	0x8
 397 002f F0000000 		.4byte	.LASF1
 398 0033 02       		.uleb128 0x2
 399 0034 02       		.byte	0x2
 400 0035 05       		.byte	0x5
 401 0036 71010000 		.4byte	.LASF2
 402 003a 02       		.uleb128 0x2
 403 003b 02       		.byte	0x2
 404 003c 07       		.byte	0x7
 405 003d 8E000000 		.4byte	.LASF3
 406 0041 02       		.uleb128 0x2
 407 0042 04       		.byte	0x4
 408 0043 05       		.byte	0x5
 409 0044 05030000 		.4byte	.LASF4
 410 0048 02       		.uleb128 0x2
 411 0049 04       		.byte	0x4
 412 004a 07       		.byte	0x7
 413 004b FE000000 		.4byte	.LASF5
 414 004f 02       		.uleb128 0x2
 415 0050 08       		.byte	0x8
 416 0051 05       		.byte	0x5
 417 0052 B4020000 		.4byte	.LASF6
 418 0056 02       		.uleb128 0x2
ARM GAS  C:\Users\SAIKAR~1\AppData\Local\Temp\cczN5CgR.s 			page 17


 419 0057 08       		.byte	0x8
 420 0058 07       		.byte	0x7
 421 0059 96010000 		.4byte	.LASF7
 422 005d 03       		.uleb128 0x3
 423 005e 04       		.byte	0x4
 424 005f 05       		.byte	0x5
 425 0060 696E7400 		.ascii	"int\000"
 426 0064 02       		.uleb128 0x2
 427 0065 04       		.byte	0x4
 428 0066 07       		.byte	0x7
 429 0067 89010000 		.4byte	.LASF8
 430 006b 04       		.uleb128 0x4
 431 006c 10010000 		.4byte	.LASF9
 432 0070 02       		.byte	0x2
 433 0071 FC01     		.2byte	0x1fc
 434 0073 2C000000 		.4byte	0x2c
 435 0077 04       		.uleb128 0x4
 436 0078 7B010000 		.4byte	.LASF10
 437 007c 02       		.byte	0x2
 438 007d FD01     		.2byte	0x1fd
 439 007f 3A000000 		.4byte	0x3a
 440 0083 04       		.uleb128 0x4
 441 0084 82010000 		.4byte	.LASF11
 442 0088 02       		.byte	0x2
 443 0089 FE01     		.2byte	0x1fe
 444 008b 48000000 		.4byte	0x48
 445 008f 02       		.uleb128 0x2
 446 0090 04       		.byte	0x4
 447 0091 04       		.byte	0x4
 448 0092 D8000000 		.4byte	.LASF12
 449 0096 02       		.uleb128 0x2
 450 0097 08       		.byte	0x8
 451 0098 04       		.byte	0x4
 452 0099 65010000 		.4byte	.LASF13
 453 009d 02       		.uleb128 0x2
 454 009e 01       		.byte	0x1
 455 009f 08       		.byte	0x8
 456 00a0 C2020000 		.4byte	.LASF14
 457 00a4 04       		.uleb128 0x4
 458 00a5 00000000 		.4byte	.LASF15
 459 00a9 02       		.byte	0x2
 460 00aa A802     		.2byte	0x2a8
 461 00ac B0000000 		.4byte	0xb0
 462 00b0 05       		.uleb128 0x5
 463 00b1 83000000 		.4byte	0x83
 464 00b5 06       		.uleb128 0x6
 465 00b6 04       		.byte	0x4
 466 00b7 BB000000 		.4byte	0xbb
 467 00bb 07       		.uleb128 0x7
 468 00bc 02       		.uleb128 0x2
 469 00bd 08       		.byte	0x8
 470 00be 04       		.byte	0x4
 471 00bf 0E030000 		.4byte	.LASF16
 472 00c3 02       		.uleb128 0x2
 473 00c4 04       		.byte	0x4
 474 00c5 07       		.byte	0x7
 475 00c6 AB020000 		.4byte	.LASF17
ARM GAS  C:\Users\SAIKAR~1\AppData\Local\Temp\cczN5CgR.s 			page 18


 476 00ca 08       		.uleb128 0x8
 477 00cb 39010000 		.4byte	.LASF18
 478 00cf 01       		.byte	0x1
 479 00d0 6401     		.2byte	0x164
 480 00d2 00000000 		.4byte	.LFB8
 481 00d6 0A000000 		.4byte	.LFE8-.LFB8
 482 00da 01       		.uleb128 0x1
 483 00db 9C       		.byte	0x9c
 484 00dc F0000000 		.4byte	0xf0
 485 00e0 09       		.uleb128 0x9
 486 00e1 08000000 		.4byte	.LVL0
 487 00e5 A6020000 		.4byte	0x2a6
 488 00e9 0A       		.uleb128 0xa
 489 00ea 01       		.uleb128 0x1
 490 00eb 50       		.byte	0x50
 491 00ec 01       		.uleb128 0x1
 492 00ed 39       		.byte	0x39
 493 00ee 00       		.byte	0
 494 00ef 00       		.byte	0
 495 00f0 08       		.uleb128 0x8
 496 00f1 11000000 		.4byte	.LASF19
 497 00f5 01       		.byte	0x1
 498 00f6 7D01     		.2byte	0x17d
 499 00f8 00000000 		.4byte	.LFB9
 500 00fc 08000000 		.4byte	.LFE9-.LFB9
 501 0100 01       		.uleb128 0x1
 502 0101 9C       		.byte	0x9c
 503 0102 10010000 		.4byte	0x110
 504 0106 0B       		.uleb128 0xb
 505 0107 06000000 		.4byte	.LVL1
 506 010b B1020000 		.4byte	0x2b1
 507 010f 00       		.byte	0
 508 0110 08       		.uleb128 0x8
 509 0111 50010000 		.4byte	.LASF20
 510 0115 01       		.byte	0x1
 511 0116 A201     		.2byte	0x1a2
 512 0118 00000000 		.4byte	.LFB10
 513 011c 08000000 		.4byte	.LFE10-.LFB10
 514 0120 01       		.uleb128 0x1
 515 0121 9C       		.byte	0x9c
 516 0122 30010000 		.4byte	0x130
 517 0126 0B       		.uleb128 0xb
 518 0127 06000000 		.4byte	.LVL2
 519 012b BC020000 		.4byte	0x2bc
 520 012f 00       		.byte	0
 521 0130 0C       		.uleb128 0xc
 522 0131 D4020000 		.4byte	.LASF21
 523 0135 01       		.byte	0x1
 524 0136 7B       		.byte	0x7b
 525 0137 00000000 		.4byte	.LFB1
 526 013b 08000000 		.4byte	.LFE1-.LFB1
 527 013f 01       		.uleb128 0x1
 528 0140 9C       		.byte	0x9c
 529 0141 4F010000 		.4byte	0x14f
 530 0145 0B       		.uleb128 0xb
 531 0146 06000000 		.4byte	.LVL3
 532 014a C7020000 		.4byte	0x2c7
ARM GAS  C:\Users\SAIKAR~1\AppData\Local\Temp\cczN5CgR.s 			page 19


 533 014e 00       		.byte	0
 534 014f 0C       		.uleb128 0xc
 535 0150 B9000000 		.4byte	.LASF22
 536 0154 01       		.byte	0x1
 537 0155 AB       		.byte	0xab
 538 0156 00000000 		.4byte	.LFB2
 539 015a 1C000000 		.4byte	.LFE2-.LFB2
 540 015e 01       		.uleb128 0x1
 541 015f 9C       		.byte	0x9c
 542 0160 77010000 		.4byte	0x177
 543 0164 0B       		.uleb128 0xb
 544 0165 12000000 		.4byte	.LVL4
 545 0169 CA000000 		.4byte	0xca
 546 016d 0B       		.uleb128 0xb
 547 016e 16000000 		.4byte	.LVL5
 548 0172 F0000000 		.4byte	0xf0
 549 0176 00       		.byte	0
 550 0177 0C       		.uleb128 0xc
 551 0178 C9000000 		.4byte	.LASF23
 552 017c 01       		.byte	0x1
 553 017d D2       		.byte	0xd2
 554 017e 00000000 		.4byte	.LFB3
 555 0182 20000000 		.4byte	.LFE3-.LFB3
 556 0186 01       		.uleb128 0x1
 557 0187 9C       		.byte	0x9c
 558 0188 9F010000 		.4byte	0x19f
 559 018c 0B       		.uleb128 0xb
 560 018d 0E000000 		.4byte	.LVL6
 561 0191 30010000 		.4byte	0x130
 562 0195 0B       		.uleb128 0xb
 563 0196 18000000 		.4byte	.LVL7
 564 019a 4F010000 		.4byte	0x14f
 565 019e 00       		.byte	0
 566 019f 0C       		.uleb128 0xc
 567 01a0 68000000 		.4byte	.LASF24
 568 01a4 01       		.byte	0x1
 569 01a5 EF       		.byte	0xef
 570 01a6 00000000 		.4byte	.LFB4
 571 01aa 2C000000 		.4byte	.LFE4-.LFB4
 572 01ae 01       		.uleb128 0x1
 573 01af 9C       		.byte	0x9c
 574 01b0 E0010000 		.4byte	0x1e0
 575 01b4 0D       		.uleb128 0xd
 576 01b5 08000000 		.4byte	.LVL8
 577 01b9 D2020000 		.4byte	0x2d2
 578 01bd C7010000 		.4byte	0x1c7
 579 01c1 0A       		.uleb128 0xa
 580 01c2 01       		.uleb128 0x1
 581 01c3 50       		.byte	0x50
 582 01c4 01       		.uleb128 0x1
 583 01c5 39       		.byte	0x39
 584 01c6 00       		.byte	0
 585 01c7 0B       		.uleb128 0xb
 586 01c8 0C000000 		.4byte	.LVL9
 587 01cc 10010000 		.4byte	0x110
 588 01d0 09       		.uleb128 0x9
 589 01d1 22000000 		.4byte	.LVL10
ARM GAS  C:\Users\SAIKAR~1\AppData\Local\Temp\cczN5CgR.s 			page 20


 590 01d5 DD020000 		.4byte	0x2dd
 591 01d9 0A       		.uleb128 0xa
 592 01da 01       		.uleb128 0x1
 593 01db 50       		.byte	0x50
 594 01dc 01       		.uleb128 0x1
 595 01dd 39       		.byte	0x39
 596 01de 00       		.byte	0
 597 01df 00       		.byte	0
 598 01e0 0E       		.uleb128 0xe
 599 01e1 E2020000 		.4byte	.LASF25
 600 01e5 01       		.byte	0x1
 601 01e6 1701     		.2byte	0x117
 602 01e8 00000000 		.4byte	.LFB5
 603 01ec 14000000 		.4byte	.LFE5-.LFB5
 604 01f0 01       		.uleb128 0x1
 605 01f1 9C       		.byte	0x9c
 606 01f2 17020000 		.4byte	0x217
 607 01f6 0F       		.uleb128 0xf
 608 01f7 2C000000 		.4byte	.LASF27
 609 01fb 01       		.byte	0x1
 610 01fc 1701     		.2byte	0x117
 611 01fe 83000000 		.4byte	0x83
 612 0202 00000000 		.4byte	.LLST0
 613 0206 10       		.uleb128 0x10
 614 0207 FA020000 		.4byte	.LASF28
 615 020b 01       		.byte	0x1
 616 020c 1901     		.2byte	0x119
 617 020e 83000000 		.4byte	0x83
 618 0212 21000000 		.4byte	.LLST1
 619 0216 00       		.byte	0
 620 0217 0E       		.uleb128 0xe
 621 0218 76000000 		.4byte	.LASF26
 622 021c 01       		.byte	0x1
 623 021d 3001     		.2byte	0x130
 624 021f 00000000 		.4byte	.LFB6
 625 0223 14000000 		.4byte	.LFE6-.LFB6
 626 0227 01       		.uleb128 0x1
 627 0228 9C       		.byte	0x9c
 628 0229 4E020000 		.4byte	0x24e
 629 022d 0F       		.uleb128 0xf
 630 022e 2C000000 		.4byte	.LASF27
 631 0232 01       		.byte	0x1
 632 0233 3001     		.2byte	0x130
 633 0235 83000000 		.4byte	0x83
 634 0239 3F000000 		.4byte	.LLST2
 635 023d 10       		.uleb128 0x10
 636 023e 06000000 		.4byte	.LASF29
 637 0242 01       		.byte	0x1
 638 0243 3201     		.2byte	0x132
 639 0245 83000000 		.4byte	0x83
 640 0249 60000000 		.4byte	.LLST3
 641 024d 00       		.byte	0
 642 024e 0E       		.uleb128 0xe
 643 024f 16010000 		.4byte	.LASF30
 644 0253 01       		.byte	0x1
 645 0254 4F01     		.2byte	0x14f
 646 0256 00000000 		.4byte	.LFB7
ARM GAS  C:\Users\SAIKAR~1\AppData\Local\Temp\cczN5CgR.s 			page 21


 647 025a 0C000000 		.4byte	.LFE7-.LFB7
 648 025e 01       		.uleb128 0x1
 649 025f 9C       		.byte	0x9c
 650 0260 73020000 		.4byte	0x273
 651 0264 11       		.uleb128 0x11
 652 0265 6C010000 		.4byte	.LASF31
 653 0269 01       		.byte	0x1
 654 026a 4F01     		.2byte	0x14f
 655 026c B5000000 		.4byte	0xb5
 656 0270 01       		.uleb128 0x1
 657 0271 50       		.byte	0x50
 658 0272 00       		.byte	0
 659 0273 12       		.uleb128 0x12
 660 0274 AD010000 		.4byte	.LASF32
 661 0278 01       		.byte	0x1
 662 0279 51       		.byte	0x51
 663 027a 6B000000 		.4byte	0x6b
 664 027e 05       		.uleb128 0x5
 665 027f 03       		.byte	0x3
 666 0280 00000000 		.4byte	UART_GPS_initVar
 667 0284 12       		.uleb128 0x12
 668 0285 32030000 		.4byte	.LASF33
 669 0289 01       		.byte	0x1
 670 028a 61       		.byte	0x61
 671 028b B5000000 		.4byte	0xb5
 672 028f 05       		.uleb128 0x5
 673 0290 03       		.byte	0x3
 674 0291 00000000 		.4byte	UART_GPS_customIntrHandler
 675 0295 12       		.uleb128 0x12
 676 0296 54000000 		.4byte	.LASF34
 677 029a 01       		.byte	0x1
 678 029b 5A       		.byte	0x5a
 679 029c 77000000 		.4byte	0x77
 680 02a0 05       		.uleb128 0x5
 681 02a1 03       		.byte	0x3
 682 02a2 00000000 		.4byte	UART_GPS_IntrTxMask
 683 02a6 13       		.uleb128 0x13
 684 02a7 1A030000 		.4byte	.LASF35
 685 02ab 1A030000 		.4byte	.LASF35
 686 02af 03       		.byte	0x3
 687 02b0 D6       		.byte	0xd6
 688 02b1 13       		.uleb128 0x13
 689 02b2 A1000000 		.4byte	.LASF36
 690 02b6 A1000000 		.4byte	.LASF36
 691 02ba 04       		.byte	0x4
 692 02bb 4C       		.byte	0x4c
 693 02bc 13       		.uleb128 0x13
 694 02bd D0010000 		.4byte	.LASF37
 695 02c1 D0010000 		.4byte	.LASF37
 696 02c5 04       		.byte	0x4
 697 02c6 4D       		.byte	0x4d
 698 02c7 13       		.uleb128 0x13
 699 02c8 DE000000 		.4byte	.LASF38
 700 02cc DE000000 		.4byte	.LASF38
 701 02d0 04       		.byte	0x4
 702 02d1 50       		.byte	0x50
 703 02d2 13       		.uleb128 0x13
ARM GAS  C:\Users\SAIKAR~1\AppData\Local\Temp\cczN5CgR.s 			page 22


 704 02d3 C7020000 		.4byte	.LASF39
 705 02d7 C7020000 		.4byte	.LASF39
 706 02db 03       		.byte	0x3
 707 02dc D8       		.byte	0xd8
 708 02dd 13       		.uleb128 0x13
 709 02de BE010000 		.4byte	.LASF40
 710 02e2 BE010000 		.4byte	.LASF40
 711 02e6 03       		.byte	0x3
 712 02e7 DB       		.byte	0xdb
 713 02e8 00       		.byte	0
 714              		.section	.debug_abbrev,"",%progbits
 715              	.Ldebug_abbrev0:
 716 0000 01       		.uleb128 0x1
 717 0001 11       		.uleb128 0x11
 718 0002 01       		.byte	0x1
 719 0003 25       		.uleb128 0x25
 720 0004 0E       		.uleb128 0xe
 721 0005 13       		.uleb128 0x13
 722 0006 0B       		.uleb128 0xb
 723 0007 03       		.uleb128 0x3
 724 0008 0E       		.uleb128 0xe
 725 0009 1B       		.uleb128 0x1b
 726 000a 0E       		.uleb128 0xe
 727 000b 55       		.uleb128 0x55
 728 000c 17       		.uleb128 0x17
 729 000d 11       		.uleb128 0x11
 730 000e 01       		.uleb128 0x1
 731 000f 10       		.uleb128 0x10
 732 0010 17       		.uleb128 0x17
 733 0011 00       		.byte	0
 734 0012 00       		.byte	0
 735 0013 02       		.uleb128 0x2
 736 0014 24       		.uleb128 0x24
 737 0015 00       		.byte	0
 738 0016 0B       		.uleb128 0xb
 739 0017 0B       		.uleb128 0xb
 740 0018 3E       		.uleb128 0x3e
 741 0019 0B       		.uleb128 0xb
 742 001a 03       		.uleb128 0x3
 743 001b 0E       		.uleb128 0xe
 744 001c 00       		.byte	0
 745 001d 00       		.byte	0
 746 001e 03       		.uleb128 0x3
 747 001f 24       		.uleb128 0x24
 748 0020 00       		.byte	0
 749 0021 0B       		.uleb128 0xb
 750 0022 0B       		.uleb128 0xb
 751 0023 3E       		.uleb128 0x3e
 752 0024 0B       		.uleb128 0xb
 753 0025 03       		.uleb128 0x3
 754 0026 08       		.uleb128 0x8
 755 0027 00       		.byte	0
 756 0028 00       		.byte	0
 757 0029 04       		.uleb128 0x4
 758 002a 16       		.uleb128 0x16
 759 002b 00       		.byte	0
 760 002c 03       		.uleb128 0x3
ARM GAS  C:\Users\SAIKAR~1\AppData\Local\Temp\cczN5CgR.s 			page 23


 761 002d 0E       		.uleb128 0xe
 762 002e 3A       		.uleb128 0x3a
 763 002f 0B       		.uleb128 0xb
 764 0030 3B       		.uleb128 0x3b
 765 0031 05       		.uleb128 0x5
 766 0032 49       		.uleb128 0x49
 767 0033 13       		.uleb128 0x13
 768 0034 00       		.byte	0
 769 0035 00       		.byte	0
 770 0036 05       		.uleb128 0x5
 771 0037 35       		.uleb128 0x35
 772 0038 00       		.byte	0
 773 0039 49       		.uleb128 0x49
 774 003a 13       		.uleb128 0x13
 775 003b 00       		.byte	0
 776 003c 00       		.byte	0
 777 003d 06       		.uleb128 0x6
 778 003e 0F       		.uleb128 0xf
 779 003f 00       		.byte	0
 780 0040 0B       		.uleb128 0xb
 781 0041 0B       		.uleb128 0xb
 782 0042 49       		.uleb128 0x49
 783 0043 13       		.uleb128 0x13
 784 0044 00       		.byte	0
 785 0045 00       		.byte	0
 786 0046 07       		.uleb128 0x7
 787 0047 15       		.uleb128 0x15
 788 0048 00       		.byte	0
 789 0049 27       		.uleb128 0x27
 790 004a 19       		.uleb128 0x19
 791 004b 00       		.byte	0
 792 004c 00       		.byte	0
 793 004d 08       		.uleb128 0x8
 794 004e 2E       		.uleb128 0x2e
 795 004f 01       		.byte	0x1
 796 0050 03       		.uleb128 0x3
 797 0051 0E       		.uleb128 0xe
 798 0052 3A       		.uleb128 0x3a
 799 0053 0B       		.uleb128 0xb
 800 0054 3B       		.uleb128 0x3b
 801 0055 05       		.uleb128 0x5
 802 0056 27       		.uleb128 0x27
 803 0057 19       		.uleb128 0x19
 804 0058 11       		.uleb128 0x11
 805 0059 01       		.uleb128 0x1
 806 005a 12       		.uleb128 0x12
 807 005b 06       		.uleb128 0x6
 808 005c 40       		.uleb128 0x40
 809 005d 18       		.uleb128 0x18
 810 005e 9742     		.uleb128 0x2117
 811 0060 19       		.uleb128 0x19
 812 0061 01       		.uleb128 0x1
 813 0062 13       		.uleb128 0x13
 814 0063 00       		.byte	0
 815 0064 00       		.byte	0
 816 0065 09       		.uleb128 0x9
 817 0066 898201   		.uleb128 0x4109
ARM GAS  C:\Users\SAIKAR~1\AppData\Local\Temp\cczN5CgR.s 			page 24


 818 0069 01       		.byte	0x1
 819 006a 11       		.uleb128 0x11
 820 006b 01       		.uleb128 0x1
 821 006c 31       		.uleb128 0x31
 822 006d 13       		.uleb128 0x13
 823 006e 00       		.byte	0
 824 006f 00       		.byte	0
 825 0070 0A       		.uleb128 0xa
 826 0071 8A8201   		.uleb128 0x410a
 827 0074 00       		.byte	0
 828 0075 02       		.uleb128 0x2
 829 0076 18       		.uleb128 0x18
 830 0077 9142     		.uleb128 0x2111
 831 0079 18       		.uleb128 0x18
 832 007a 00       		.byte	0
 833 007b 00       		.byte	0
 834 007c 0B       		.uleb128 0xb
 835 007d 898201   		.uleb128 0x4109
 836 0080 00       		.byte	0
 837 0081 11       		.uleb128 0x11
 838 0082 01       		.uleb128 0x1
 839 0083 31       		.uleb128 0x31
 840 0084 13       		.uleb128 0x13
 841 0085 00       		.byte	0
 842 0086 00       		.byte	0
 843 0087 0C       		.uleb128 0xc
 844 0088 2E       		.uleb128 0x2e
 845 0089 01       		.byte	0x1
 846 008a 3F       		.uleb128 0x3f
 847 008b 19       		.uleb128 0x19
 848 008c 03       		.uleb128 0x3
 849 008d 0E       		.uleb128 0xe
 850 008e 3A       		.uleb128 0x3a
 851 008f 0B       		.uleb128 0xb
 852 0090 3B       		.uleb128 0x3b
 853 0091 0B       		.uleb128 0xb
 854 0092 27       		.uleb128 0x27
 855 0093 19       		.uleb128 0x19
 856 0094 11       		.uleb128 0x11
 857 0095 01       		.uleb128 0x1
 858 0096 12       		.uleb128 0x12
 859 0097 06       		.uleb128 0x6
 860 0098 40       		.uleb128 0x40
 861 0099 18       		.uleb128 0x18
 862 009a 9742     		.uleb128 0x2117
 863 009c 19       		.uleb128 0x19
 864 009d 01       		.uleb128 0x1
 865 009e 13       		.uleb128 0x13
 866 009f 00       		.byte	0
 867 00a0 00       		.byte	0
 868 00a1 0D       		.uleb128 0xd
 869 00a2 898201   		.uleb128 0x4109
 870 00a5 01       		.byte	0x1
 871 00a6 11       		.uleb128 0x11
 872 00a7 01       		.uleb128 0x1
 873 00a8 31       		.uleb128 0x31
 874 00a9 13       		.uleb128 0x13
ARM GAS  C:\Users\SAIKAR~1\AppData\Local\Temp\cczN5CgR.s 			page 25


 875 00aa 01       		.uleb128 0x1
 876 00ab 13       		.uleb128 0x13
 877 00ac 00       		.byte	0
 878 00ad 00       		.byte	0
 879 00ae 0E       		.uleb128 0xe
 880 00af 2E       		.uleb128 0x2e
 881 00b0 01       		.byte	0x1
 882 00b1 3F       		.uleb128 0x3f
 883 00b2 19       		.uleb128 0x19
 884 00b3 03       		.uleb128 0x3
 885 00b4 0E       		.uleb128 0xe
 886 00b5 3A       		.uleb128 0x3a
 887 00b6 0B       		.uleb128 0xb
 888 00b7 3B       		.uleb128 0x3b
 889 00b8 05       		.uleb128 0x5
 890 00b9 27       		.uleb128 0x27
 891 00ba 19       		.uleb128 0x19
 892 00bb 11       		.uleb128 0x11
 893 00bc 01       		.uleb128 0x1
 894 00bd 12       		.uleb128 0x12
 895 00be 06       		.uleb128 0x6
 896 00bf 40       		.uleb128 0x40
 897 00c0 18       		.uleb128 0x18
 898 00c1 9742     		.uleb128 0x2117
 899 00c3 19       		.uleb128 0x19
 900 00c4 01       		.uleb128 0x1
 901 00c5 13       		.uleb128 0x13
 902 00c6 00       		.byte	0
 903 00c7 00       		.byte	0
 904 00c8 0F       		.uleb128 0xf
 905 00c9 05       		.uleb128 0x5
 906 00ca 00       		.byte	0
 907 00cb 03       		.uleb128 0x3
 908 00cc 0E       		.uleb128 0xe
 909 00cd 3A       		.uleb128 0x3a
 910 00ce 0B       		.uleb128 0xb
 911 00cf 3B       		.uleb128 0x3b
 912 00d0 05       		.uleb128 0x5
 913 00d1 49       		.uleb128 0x49
 914 00d2 13       		.uleb128 0x13
 915 00d3 02       		.uleb128 0x2
 916 00d4 17       		.uleb128 0x17
 917 00d5 00       		.byte	0
 918 00d6 00       		.byte	0
 919 00d7 10       		.uleb128 0x10
 920 00d8 34       		.uleb128 0x34
 921 00d9 00       		.byte	0
 922 00da 03       		.uleb128 0x3
 923 00db 0E       		.uleb128 0xe
 924 00dc 3A       		.uleb128 0x3a
 925 00dd 0B       		.uleb128 0xb
 926 00de 3B       		.uleb128 0x3b
 927 00df 05       		.uleb128 0x5
 928 00e0 49       		.uleb128 0x49
 929 00e1 13       		.uleb128 0x13
 930 00e2 02       		.uleb128 0x2
 931 00e3 17       		.uleb128 0x17
ARM GAS  C:\Users\SAIKAR~1\AppData\Local\Temp\cczN5CgR.s 			page 26


 932 00e4 00       		.byte	0
 933 00e5 00       		.byte	0
 934 00e6 11       		.uleb128 0x11
 935 00e7 05       		.uleb128 0x5
 936 00e8 00       		.byte	0
 937 00e9 03       		.uleb128 0x3
 938 00ea 0E       		.uleb128 0xe
 939 00eb 3A       		.uleb128 0x3a
 940 00ec 0B       		.uleb128 0xb
 941 00ed 3B       		.uleb128 0x3b
 942 00ee 05       		.uleb128 0x5
 943 00ef 49       		.uleb128 0x49
 944 00f0 13       		.uleb128 0x13
 945 00f1 02       		.uleb128 0x2
 946 00f2 18       		.uleb128 0x18
 947 00f3 00       		.byte	0
 948 00f4 00       		.byte	0
 949 00f5 12       		.uleb128 0x12
 950 00f6 34       		.uleb128 0x34
 951 00f7 00       		.byte	0
 952 00f8 03       		.uleb128 0x3
 953 00f9 0E       		.uleb128 0xe
 954 00fa 3A       		.uleb128 0x3a
 955 00fb 0B       		.uleb128 0xb
 956 00fc 3B       		.uleb128 0x3b
 957 00fd 0B       		.uleb128 0xb
 958 00fe 49       		.uleb128 0x49
 959 00ff 13       		.uleb128 0x13
 960 0100 3F       		.uleb128 0x3f
 961 0101 19       		.uleb128 0x19
 962 0102 02       		.uleb128 0x2
 963 0103 18       		.uleb128 0x18
 964 0104 00       		.byte	0
 965 0105 00       		.byte	0
 966 0106 13       		.uleb128 0x13
 967 0107 2E       		.uleb128 0x2e
 968 0108 00       		.byte	0
 969 0109 3F       		.uleb128 0x3f
 970 010a 19       		.uleb128 0x19
 971 010b 3C       		.uleb128 0x3c
 972 010c 19       		.uleb128 0x19
 973 010d 6E       		.uleb128 0x6e
 974 010e 0E       		.uleb128 0xe
 975 010f 03       		.uleb128 0x3
 976 0110 0E       		.uleb128 0xe
 977 0111 3A       		.uleb128 0x3a
 978 0112 0B       		.uleb128 0xb
 979 0113 3B       		.uleb128 0x3b
 980 0114 0B       		.uleb128 0xb
 981 0115 00       		.byte	0
 982 0116 00       		.byte	0
 983 0117 00       		.byte	0
 984              		.section	.debug_loc,"",%progbits
 985              	.Ldebug_loc0:
 986              	.LLST0:
 987 0000 00000000 		.4byte	.LVL11
 988 0004 0A000000 		.4byte	.LVL14
ARM GAS  C:\Users\SAIKAR~1\AppData\Local\Temp\cczN5CgR.s 			page 27


 989 0008 0100     		.2byte	0x1
 990 000a 50       		.byte	0x50
 991 000b 0A000000 		.4byte	.LVL14
 992 000f 14000000 		.4byte	.LFE5
 993 0013 0400     		.2byte	0x4
 994 0015 F3       		.byte	0xf3
 995 0016 01       		.uleb128 0x1
 996 0017 50       		.byte	0x50
 997 0018 9F       		.byte	0x9f
 998 0019 00000000 		.4byte	0
 999 001d 00000000 		.4byte	0
 1000              	.LLST1:
 1001 0021 04000000 		.4byte	.LVL12
 1002 0025 0C000000 		.4byte	.LVL15
 1003 0029 0100     		.2byte	0x1
 1004 002b 53       		.byte	0x53
 1005 002c 0C000000 		.4byte	.LVL15
 1006 0030 14000000 		.4byte	.LFE5
 1007 0034 0100     		.2byte	0x1
 1008 0036 50       		.byte	0x50
 1009 0037 00000000 		.4byte	0
 1010 003b 00000000 		.4byte	0
 1011              	.LLST2:
 1012 003f 00000000 		.4byte	.LVL16
 1013 0043 0A000000 		.4byte	.LVL19
 1014 0047 0100     		.2byte	0x1
 1015 0049 50       		.byte	0x50
 1016 004a 0A000000 		.4byte	.LVL19
 1017 004e 14000000 		.4byte	.LFE6
 1018 0052 0400     		.2byte	0x4
 1019 0054 F3       		.byte	0xf3
 1020 0055 01       		.uleb128 0x1
 1021 0056 50       		.byte	0x50
 1022 0057 9F       		.byte	0x9f
 1023 0058 00000000 		.4byte	0
 1024 005c 00000000 		.4byte	0
 1025              	.LLST3:
 1026 0060 04000000 		.4byte	.LVL17
 1027 0064 0C000000 		.4byte	.LVL20
 1028 0068 0100     		.2byte	0x1
 1029 006a 53       		.byte	0x53
 1030 006b 0C000000 		.4byte	.LVL20
 1031 006f 14000000 		.4byte	.LFE6
 1032 0073 0100     		.2byte	0x1
 1033 0075 50       		.byte	0x50
 1034 0076 00000000 		.4byte	0
 1035 007a 00000000 		.4byte	0
 1036              		.section	.debug_aranges,"",%progbits
 1037 0000 64000000 		.4byte	0x64
 1038 0004 0200     		.2byte	0x2
 1039 0006 00000000 		.4byte	.Ldebug_info0
 1040 000a 04       		.byte	0x4
 1041 000b 00       		.byte	0
 1042 000c 0000     		.2byte	0
 1043 000e 0000     		.2byte	0
 1044 0010 00000000 		.4byte	.LFB8
 1045 0014 0A000000 		.4byte	.LFE8-.LFB8
ARM GAS  C:\Users\SAIKAR~1\AppData\Local\Temp\cczN5CgR.s 			page 28


 1046 0018 00000000 		.4byte	.LFB9
 1047 001c 08000000 		.4byte	.LFE9-.LFB9
 1048 0020 00000000 		.4byte	.LFB10
 1049 0024 08000000 		.4byte	.LFE10-.LFB10
 1050 0028 00000000 		.4byte	.LFB1
 1051 002c 08000000 		.4byte	.LFE1-.LFB1
 1052 0030 00000000 		.4byte	.LFB2
 1053 0034 1C000000 		.4byte	.LFE2-.LFB2
 1054 0038 00000000 		.4byte	.LFB3
 1055 003c 20000000 		.4byte	.LFE3-.LFB3
 1056 0040 00000000 		.4byte	.LFB4
 1057 0044 2C000000 		.4byte	.LFE4-.LFB4
 1058 0048 00000000 		.4byte	.LFB5
 1059 004c 14000000 		.4byte	.LFE5-.LFB5
 1060 0050 00000000 		.4byte	.LFB6
 1061 0054 14000000 		.4byte	.LFE6-.LFB6
 1062 0058 00000000 		.4byte	.LFB7
 1063 005c 0C000000 		.4byte	.LFE7-.LFB7
 1064 0060 00000000 		.4byte	0
 1065 0064 00000000 		.4byte	0
 1066              		.section	.debug_ranges,"",%progbits
 1067              	.Ldebug_ranges0:
 1068 0000 00000000 		.4byte	.LFB8
 1069 0004 0A000000 		.4byte	.LFE8
 1070 0008 00000000 		.4byte	.LFB9
 1071 000c 08000000 		.4byte	.LFE9
 1072 0010 00000000 		.4byte	.LFB10
 1073 0014 08000000 		.4byte	.LFE10
 1074 0018 00000000 		.4byte	.LFB1
 1075 001c 08000000 		.4byte	.LFE1
 1076 0020 00000000 		.4byte	.LFB2
 1077 0024 1C000000 		.4byte	.LFE2
 1078 0028 00000000 		.4byte	.LFB3
 1079 002c 20000000 		.4byte	.LFE3
 1080 0030 00000000 		.4byte	.LFB4
 1081 0034 2C000000 		.4byte	.LFE4
 1082 0038 00000000 		.4byte	.LFB5
 1083 003c 14000000 		.4byte	.LFE5
 1084 0040 00000000 		.4byte	.LFB6
 1085 0044 14000000 		.4byte	.LFE6
 1086 0048 00000000 		.4byte	.LFB7
 1087 004c 0C000000 		.4byte	.LFE7
 1088 0050 00000000 		.4byte	0
 1089 0054 00000000 		.4byte	0
 1090              		.section	.debug_line,"",%progbits
 1091              	.Ldebug_line0:
 1092 0000 40010000 		.section	.debug_str,"MS",%progbits,1
 1092      02006B00 
 1092      00000201 
 1092      FB0E0D00 
 1092      01010101 
 1093              	.LASF15:
 1094 0000 72656733 		.ascii	"reg32\000"
 1094      3200
 1095              	.LASF29:
 1096 0006 74784669 		.ascii	"txFifoCtrl\000"
 1096      666F4374 
ARM GAS  C:\Users\SAIKAR~1\AppData\Local\Temp\cczN5CgR.s 			page 29


 1096      726C00
 1097              	.LASF19:
 1098 0011 55415254 		.ascii	"UART_GPS_ScbModePostEnable\000"
 1098      5F475053 
 1098      5F536362 
 1098      4D6F6465 
 1098      506F7374 
 1099              	.LASF27:
 1100 002c 6C657665 		.ascii	"level\000"
 1100      6C00
 1101              	.LASF42:
 1102 0032 47656E65 		.ascii	"Generated_Source\\PSoC4\\UART_GPS.c\000"
 1102      72617465 
 1102      645F536F 
 1102      75726365 
 1102      5C50536F 
 1103              	.LASF34:
 1104 0054 55415254 		.ascii	"UART_GPS_IntrTxMask\000"
 1104      5F475053 
 1104      5F496E74 
 1104      7254784D 
 1104      61736B00 
 1105              	.LASF24:
 1106 0068 55415254 		.ascii	"UART_GPS_Stop\000"
 1106      5F475053 
 1106      5F53746F 
 1106      7000
 1107              	.LASF26:
 1108 0076 55415254 		.ascii	"UART_GPS_SetTxFifoLevel\000"
 1108      5F475053 
 1108      5F536574 
 1108      54784669 
 1108      666F4C65 
 1109              	.LASF3:
 1110 008e 73686F72 		.ascii	"short unsigned int\000"
 1110      7420756E 
 1110      7369676E 
 1110      65642069 
 1110      6E7400
 1111              	.LASF36:
 1112 00a1 55415254 		.ascii	"UART_GPS_UartPostEnable\000"
 1112      5F475053 
 1112      5F556172 
 1112      74506F73 
 1112      74456E61 
 1113              	.LASF22:
 1114 00b9 55415254 		.ascii	"UART_GPS_Enable\000"
 1114      5F475053 
 1114      5F456E61 
 1114      626C6500 
 1115              	.LASF23:
 1116 00c9 55415254 		.ascii	"UART_GPS_Start\000"
 1116      5F475053 
 1116      5F537461 
 1116      727400
 1117              	.LASF12:
 1118 00d8 666C6F61 		.ascii	"float\000"
ARM GAS  C:\Users\SAIKAR~1\AppData\Local\Temp\cczN5CgR.s 			page 30


 1118      7400
 1119              	.LASF38:
 1120 00de 55415254 		.ascii	"UART_GPS_UartInit\000"
 1120      5F475053 
 1120      5F556172 
 1120      74496E69 
 1120      7400
 1121              	.LASF1:
 1122 00f0 756E7369 		.ascii	"unsigned char\000"
 1122      676E6564 
 1122      20636861 
 1122      7200
 1123              	.LASF5:
 1124 00fe 6C6F6E67 		.ascii	"long unsigned int\000"
 1124      20756E73 
 1124      69676E65 
 1124      6420696E 
 1124      7400
 1125              	.LASF9:
 1126 0110 75696E74 		.ascii	"uint8\000"
 1126      3800
 1127              	.LASF30:
 1128 0116 55415254 		.ascii	"UART_GPS_SetCustomInterruptHandler\000"
 1128      5F475053 
 1128      5F536574 
 1128      43757374 
 1128      6F6D496E 
 1129              	.LASF18:
 1130 0139 55415254 		.ascii	"UART_GPS_ScbEnableIntr\000"
 1130      5F475053 
 1130      5F536362 
 1130      456E6162 
 1130      6C65496E 
 1131              	.LASF20:
 1132 0150 55415254 		.ascii	"UART_GPS_ScbModeStop\000"
 1132      5F475053 
 1132      5F536362 
 1132      4D6F6465 
 1132      53746F70 
 1133              	.LASF13:
 1134 0165 646F7562 		.ascii	"double\000"
 1134      6C6500
 1135              	.LASF31:
 1136 016c 66756E63 		.ascii	"func\000"
 1136      00
 1137              	.LASF2:
 1138 0171 73686F72 		.ascii	"short int\000"
 1138      7420696E 
 1138      7400
 1139              	.LASF10:
 1140 017b 75696E74 		.ascii	"uint16\000"
 1140      313600
 1141              	.LASF11:
 1142 0182 75696E74 		.ascii	"uint32\000"
 1142      333200
 1143              	.LASF8:
 1144 0189 756E7369 		.ascii	"unsigned int\000"
ARM GAS  C:\Users\SAIKAR~1\AppData\Local\Temp\cczN5CgR.s 			page 31


 1144      676E6564 
 1144      20696E74 
 1144      00
 1145              	.LASF7:
 1146 0196 6C6F6E67 		.ascii	"long long unsigned int\000"
 1146      206C6F6E 
 1146      6720756E 
 1146      7369676E 
 1146      65642069 
 1147              	.LASF32:
 1148 01ad 55415254 		.ascii	"UART_GPS_initVar\000"
 1148      5F475053 
 1148      5F696E69 
 1148      74566172 
 1148      00
 1149              	.LASF40:
 1150 01be 4379496E 		.ascii	"CyIntClearPending\000"
 1150      74436C65 
 1150      61725065 
 1150      6E64696E 
 1150      6700
 1151              	.LASF37:
 1152 01d0 55415254 		.ascii	"UART_GPS_UartStop\000"
 1152      5F475053 
 1152      5F556172 
 1152      7453746F 
 1152      7000
 1153              	.LASF41:
 1154 01e2 474E5520 		.ascii	"GNU C11 5.4.1 20160609 (release) [ARM/embedded-5-br"
 1154      43313120 
 1154      352E342E 
 1154      31203230 
 1154      31363036 
 1155 0215 616E6368 		.ascii	"anch revision 237715] -mcpu=cortex-m0 -mthumb -g -O"
 1155      20726576 
 1155      6973696F 
 1155      6E203233 
 1155      37373135 
 1156 0248 67202D66 		.ascii	"g -ffunction-sections -ffat-lto-objects\000"
 1156      66756E63 
 1156      74696F6E 
 1156      2D736563 
 1156      74696F6E 
 1157              	.LASF43:
 1158 0270 453A5C41 		.ascii	"E:\\Acads\\UWM\\Summer 25\\PathController\\PathCont"
 1158      63616473 
 1158      5C55574D 
 1158      5C53756D 
 1158      6D657220 
 1159 029e 726F6C6C 		.ascii	"roller.cydsn\000"
 1159      65722E63 
 1159      7964736E 
 1159      00
 1160              	.LASF17:
 1161 02ab 73697A65 		.ascii	"sizetype\000"
 1161      74797065 
 1161      00
ARM GAS  C:\Users\SAIKAR~1\AppData\Local\Temp\cczN5CgR.s 			page 32


 1162              	.LASF6:
 1163 02b4 6C6F6E67 		.ascii	"long long int\000"
 1163      206C6F6E 
 1163      6720696E 
 1163      7400
 1164              	.LASF14:
 1165 02c2 63686172 		.ascii	"char\000"
 1165      00
 1166              	.LASF39:
 1167 02c7 4379496E 		.ascii	"CyIntDisable\000"
 1167      74446973 
 1167      61626C65 
 1167      00
 1168              	.LASF21:
 1169 02d4 55415254 		.ascii	"UART_GPS_Init\000"
 1169      5F475053 
 1169      5F496E69 
 1169      7400
 1170              	.LASF25:
 1171 02e2 55415254 		.ascii	"UART_GPS_SetRxFifoLevel\000"
 1171      5F475053 
 1171      5F536574 
 1171      52784669 
 1171      666F4C65 
 1172              	.LASF28:
 1173 02fa 72784669 		.ascii	"rxFifoCtrl\000"
 1173      666F4374 
 1173      726C00
 1174              	.LASF4:
 1175 0305 6C6F6E67 		.ascii	"long int\000"
 1175      20696E74 
 1175      00
 1176              	.LASF16:
 1177 030e 6C6F6E67 		.ascii	"long double\000"
 1177      20646F75 
 1177      626C6500 
 1178              	.LASF35:
 1179 031a 4379496E 		.ascii	"CyIntEnable\000"
 1179      74456E61 
 1179      626C6500 
 1180              	.LASF0:
 1181 0326 7369676E 		.ascii	"signed char\000"
 1181      65642063 
 1181      68617200 
 1182              	.LASF33:
 1183 0332 55415254 		.ascii	"UART_GPS_customIntrHandler\000"
 1183      5F475053 
 1183      5F637573 
 1183      746F6D49 
 1183      6E747248 
 1184              		.ident	"GCC: (GNU Tools for ARM Embedded Processors) 5.4.1 20160609 (release) [ARM/embedded-5-bran
